### feff starts at Mon 01 Feb 2021 10:32:05 PM EST
### Parallel version (ifort)
 
Launching FEFF version FEFF 9.9.1
Core hole lifetime is   0.903 eV.
Your calculation:
 xx
Ti K edge XANES using RPA corehole.
Using:     * Self-Consistent Field potentials
Using cards:   ATOMS CONTROL EXCHANGE TITLE RPATH POTENTIALS XANES EDGE SCF FMS S02 COREHOLE

Calculating atomic potentials ...
    overlapped atomic potential and density for unique potential    0
    overlapped atomic potential and density for unique potential    1
    overlapped atomic potential and density for unique potential    2
Done with module: atomic potentials.

Calculating SCF potentials ...
FEFF-MPI using     8 parallel threads.
Muffin tin radii and interstitial parameters [bohr]:
type, norman radius, muffin tin, overlap factor
    0  1.40053E+00  1.27147E+00  1.15000E+00
    1  1.10202E+00  9.99589E-01  1.15000E+00
    2  1.40413E+00  1.27293E+00  1.15000E+00
 xntot is:    4410.00000000000     
 xntot is:    4410.00000000000     
 xntot is:    4410.00000000000     
 xntot is:    4410.00000000000     
 xntot is:    4410.00000000000     
 xntot is:    4410.00000000000     
 xntot is:    4410.00000000000     
 xntot is:    4410.00000000000     
Core-valence separation energy:  ecv=   -48.000 eV
Initial Fermi level:              mu=    -1.592 eV
SCF ITERATION NUMBER  1
     point #   1  energy = -48.000
FMS for a cluster of   64 atoms around atom type   0
FMS for a cluster of   68 atoms around atom type   1
FMS for a cluster of   46 atoms around atom type   2
     point #  20  energy = -36.947
     point #  40  energy = -16.851
     point #  60  energy =  -6.803
     point #  80  energy =  -6.978
     point # 100  energy =  -7.228
     point # 120  energy =  -7.478
     point # 140  energy =  -7.728
     point # 160  energy =  -7.978
     point # 180  energy =  -8.228
     point # 200  energy =  -8.478
     point # 220  energy =  -8.728
     point # 240  energy =  -8.978
     point # 260  energy =  -9.228
     point # 280  energy =  -9.478
     point # 300  energy =  -9.728
New Fermi level:    mu=  -9.798 eV  Charge distance=  0.3181 (partial c.d.=  6.6299)
SCF ITERATION NUMBER  2
     point #   1  energy = -48.000
     point #  20  energy = -36.941
     point #  40  energy = -16.835
     point #  60  energy =  -9.798
     point #  80  energy = -10.010
     point # 100  energy = -10.260
     point # 120  energy = -10.510
     point # 140  energy = -10.760
New Fermi level:    mu= -10.894 eV  Charge distance=  0.2566 (partial c.d.=  0.8064)
SCF ITERATION NUMBER  3
     point #   1  energy = -48.000
     point #  20  energy = -36.969
     point #  40  energy = -16.911
     point #  60  energy = -10.894
     point #  80  energy = -11.119
     point # 100  energy = -11.369
     point # 120  energy = -11.619
     point # 140  energy = -11.869
New Fermi level:    mu= -11.899 eV  Charge distance=  0.0839 (partial c.d.=  0.4529)
SCF ITERATION NUMBER  4
     point #   1  energy = -48.000
     point #  20  energy = -36.969
     point #  40  energy = -16.913
     point #  60  energy = -11.899
     point #  80  energy = -11.662
     point # 100  energy = -11.412
New Fermi level:    mu= -11.353 eV  Charge distance=  0.0595 (partial c.d.=  0.3536)
SCF ITERATION NUMBER  5
     point #   1  energy = -48.000
     point #  20  energy = -36.802
     point #  40  energy = -16.443
     point #  60  energy = -11.353
New Fermi level:    mu= -11.491 eV  Charge distance=  0.0323 (partial c.d.=  0.4637)
SCF ITERATION NUMBER  6
     point #   1  energy = -48.000
     point #  20  energy = -36.845
     point #  40  energy = -16.562
     point #  60  energy = -11.491
New Fermi level:    mu= -11.518 eV  Charge distance=  0.0108 (partial c.d.=  0.1372)
SCF ITERATION NUMBER  7
     point #   1  energy = -48.000
     point #  20  energy = -36.853
     point #  40  energy = -16.585
     point #  60  energy = -11.518
New Fermi level:    mu= -11.518 eV  Charge distance=  0.0030 (partial c.d.=  0.0860)
SCF ITERATION NUMBER  8
     point #   1  energy = -48.000
     point #  20  energy = -36.853
     point #  40  energy = -16.585
     point #  60  energy = -11.518
New Fermi level:    mu= -11.518 eV  Charge distance=  0.0024 (partial c.d.=  0.0140)
SCF ITERATION NUMBER  9
     point #   1  energy = -48.000
     point #  20  energy = -36.853
     point #  40  energy = -16.585
     point #  60  energy = -11.518
New Fermi level:    mu= -11.518 eV  Charge distance=  0.0038 (partial c.d.=  0.0011)
SCF ITERATION NUMBER 10
     point #   1  energy = -48.000
     point #  20  energy = -36.853
     point #  40  energy = -16.585
     point #  60  energy = -11.518
New Fermi level:    mu= -11.518 eV  Charge distance=  0.0002 (partial c.d.=  0.0036)
SCF ITERATION NUMBER 11
     point #   1  energy = -48.000
     point #  20  energy = -36.853
     point #  40  energy = -16.585
     point #  60  energy = -11.518
New Fermi level:    mu= -11.518 eV  Charge distance=  0.0000 (partial c.d.=  0.0002)
Electronic configuration
  type     l     N_el
     0     0    0.404
     0     1    6.684
     0     2    2.321
     0     3    0.000
     1     0    1.849
     1     1    4.385
     1     2    0.061
     1     3    0.000
     2     0    0.410
     2     1    6.692
     2     2    2.310
     2     3    0.000
Charge transfer:  type  charge
       0   -0.590
       1    0.295
       2   -0.588
Convergence reached in   11 iterations.
total time         71.4729s          (communication time     0.3910E-01s)
Done with module: potentials.

Calculating screened core-hole potential ...
FMS for a cluster of   23 atoms around iph =   0
    0% of energy integration
   20%
   40%
   60%
   80%
  100%
Preparing response function.
Computing (1 - K Chi0)^-1 v_ch
Done with module: screened core-hole potential.

Calculating cross-section and phases ...

===================================================================================
=   BAD TERMINATION OF ONE OF YOUR APPLICATION PROCESSES
=   RANK 1 PID 61947 RUNNING AT xf28idd-ws9
=   KILLED BY SIGNAL: 9 (Killed)
===================================================================================

===================================================================================
=   BAD TERMINATION OF ONE OF YOUR APPLICATION PROCESSES
=   RANK 2 PID 61948 RUNNING AT xf28idd-ws9
=   KILLED BY SIGNAL: 9 (Killed)
===================================================================================

===================================================================================
=   BAD TERMINATION OF ONE OF YOUR APPLICATION PROCESSES
=   RANK 3 PID 61949 RUNNING AT xf28idd-ws9
=   KILLED BY SIGNAL: 9 (Killed)
===================================================================================

===================================================================================
=   BAD TERMINATION OF ONE OF YOUR APPLICATION PROCESSES
=   RANK 4 PID 61950 RUNNING AT xf28idd-ws9
=   KILLED BY SIGNAL: 9 (Killed)
===================================================================================

===================================================================================
=   BAD TERMINATION OF ONE OF YOUR APPLICATION PROCESSES
=   RANK 5 PID 61951 RUNNING AT xf28idd-ws9
=   KILLED BY SIGNAL: 9 (Killed)
===================================================================================

===================================================================================
=   BAD TERMINATION OF ONE OF YOUR APPLICATION PROCESSES
=   RANK 6 PID 61952 RUNNING AT xf28idd-ws9
=   KILLED BY SIGNAL: 9 (Killed)
===================================================================================

===================================================================================
=   BAD TERMINATION OF ONE OF YOUR APPLICATION PROCESSES
=   RANK 7 PID 61953 RUNNING AT xf28idd-ws9
=   KILLED BY SIGNAL: 9 (Killed)
===================================================================================
 CHOPEN
 Abnormal termination on processor            2
FMS calculation of full Green's function ...
FEFF-MPI using     8 parallel threads.
 CHOPEN
 Abnormal termination on processor            1
 Error opening file, phase.bin in module rdxsph
 Fatal error
CHOPEN
 CHOPEN
 Abnormal termination on processor            3
 CHOPEN
 Abnormal termination on processor            6
 CHOPEN
 Abnormal termination on processor            4
 CHOPEN
 Abnormal termination on processor            5
 CHOPEN
 Abnormal termination on processor            7
MKGTR: Tracing over Green's function ...
 Error opening file, phase.bin in module rdxsph
 Fatal error
CHOPEN
Pathfinder: finding scattering paths...
Preparing plane wave scattering amplitudes
 Error opening file, phase.bin in module rdxsph
 Fatal error
CHOPEN
Calculating EXAFS parameters ...
 Error opening file, phase.bin in module rdxsph
 Fatal error
CHOPEN
Calculating XAS spectra ...

===================================================================================
=   BAD TERMINATION OF ONE OF YOUR APPLICATION PROCESSES
=   RANK 1 PID 62044 RUNNING AT xf28idd-ws9
=   KILLED BY SIGNAL: 9 (Killed)
===================================================================================

===================================================================================
=   BAD TERMINATION OF ONE OF YOUR APPLICATION PROCESSES
=   RANK 2 PID 62045 RUNNING AT xf28idd-ws9
=   KILLED BY SIGNAL: 9 (Killed)
===================================================================================

===================================================================================
=   BAD TERMINATION OF ONE OF YOUR APPLICATION PROCESSES
=   RANK 3 PID 62046 RUNNING AT xf28idd-ws9
=   KILLED BY SIGNAL: 9 (Killed)
===================================================================================

===================================================================================
=   BAD TERMINATION OF ONE OF YOUR APPLICATION PROCESSES
=   RANK 4 PID 62047 RUNNING AT xf28idd-ws9
=   KILLED BY SIGNAL: 9 (Killed)
===================================================================================

===================================================================================
=   BAD TERMINATION OF ONE OF YOUR APPLICATION PROCESSES
=   RANK 5 PID 62048 RUNNING AT xf28idd-ws9
=   KILLED BY SIGNAL: 9 (Killed)
===================================================================================

===================================================================================
=   BAD TERMINATION OF ONE OF YOUR APPLICATION PROCESSES
=   RANK 6 PID 62049 RUNNING AT xf28idd-ws9
=   KILLED BY SIGNAL: 9 (Killed)
===================================================================================

===================================================================================
=   BAD TERMINATION OF ONE OF YOUR APPLICATION PROCESSES
=   RANK 7 PID 62050 RUNNING AT xf28idd-ws9
=   KILLED BY SIGNAL: 9 (Killed)
===================================================================================
 
### feff ends at Mon 01 Feb 2021 10:33:29 PM EST
 
