### feff starts at Thu Feb  1 11:43:35 EST 2018
### Parallel version
### FeffPath is /sdcc/u/mtopsakal/software/JFEFF/hsw/feff90/linux
### mpirun -np  6   $FeffPath/*
 
Launching FEFF version FEFF 9.9.1
Core hole lifetime is   0.903 eV.
Your calculation:
 no title
Ti K edge XANES using RPA corehole.
Using:     * Self-Consistent Field potentials
Using cards:   ATOMS CONTROL EXCHANGE TITLE RPATH POTENTIALS XANES EDGE SCF FMS S02 COREHOLE

Calculating atomic potentials ...
    overlapped atomic potential and density for unique potential    0
    overlapped atomic potential and density for unique potential    1
    overlapped atomic potential and density for unique potential    2
Done with module: atomic potentials.

Calculating SCF potentials ...
FEFF-MPI using     6 parallel threads.
Muffin tin radii and interstitial parameters [bohr]:
type, norman radius, muffin tin, overlap factor
    0  1.38542E+00  1.24048E+00  1.15000E+00
    1  1.38996E+00  1.24665E+00  1.15000E+00
    2  1.09590E+00  9.32132E-01  1.15000E+00
Core-valence separation energy:  ecv=   -48.500 eV
Initial Fermi level:              mu=    -0.975 eV
SCF ITERATION NUMBER  1
     point #   1  energy = -48.500
FMS for a cluster of   73 atoms around atom type   0
FMS for a cluster of   74 atoms around atom type   1
FMS for a cluster of   77 atoms around atom type   2
     point #  20  energy = -37.313
     point #  40  energy = -16.973
     point #  60  energy =  -6.803
     point #  80  energy =  -6.978
     point # 100  energy =  -7.228
     point # 120  energy =  -7.478
     point # 140  energy =  -7.728
     point # 160  energy =  -7.978
     point # 180  energy =  -8.228
     point # 200  energy =  -8.478
     point # 220  energy =  -8.728
     point # 240  energy =  -8.978
     point # 260  energy =  -9.228
     point # 280  energy =  -9.478
     point # 300  energy =  -9.728
     point # 320  energy =  -9.978
     point # 340  energy = -10.228
New Fermi level:    mu= -10.213 eV  Charge distance=  0.2828 (partial c.d.=  6.6096)
SCF ITERATION NUMBER  1
     point #   1  energy = -48.500
FMS for a cluster of   73 atoms around atom type   0
FMS for a cluster of   74 atoms around atom type   1
FMS for a cluster of   77 atoms around atom type   2
     point #  20  energy = -37.417
     point #  40  energy = -17.266
     point #  60  energy = -10.213
     point #  80  energy = -10.426
     point # 100  energy = -10.676
     point # 120  energy = -10.926
New Fermi level:    mu= -11.076 eV  Charge distance=  0.0674 (partial c.d.=  0.7509)
SCF ITERATION NUMBER  1
     point #   1  energy = -48.500
FMS for a cluster of   73 atoms around atom type   0
FMS for a cluster of   74 atoms around atom type   1
FMS for a cluster of   77 atoms around atom type   2
     point #  20  energy = -37.374
     point #  40  energy = -17.145
     point #  60  energy = -11.076
New Fermi level:    mu= -11.173 eV  Charge distance=  0.0402 (partial c.d.=  0.0774)
SCF ITERATION NUMBER  2
     point #   1  energy = -48.500
     point #  20  energy = -37.403
     point #  40  energy = -17.226
     point #  60  energy = -11.173
New Fermi level:    mu= -11.208 eV  Charge distance=  0.1678 (partial c.d.=  0.0165)
SCF ITERATION NUMBER  3
     point #   1  energy = -48.500
     point #  20  energy = -37.413
     point #  40  energy = -17.255
     point #  60  energy = -11.208
     point #  80  energy = -11.433
New Fermi level:    mu= -11.381 eV  Charge distance=  0.0204 (partial c.d.=  0.0986)
SCF ITERATION NUMBER  4
     point #   1  energy = -48.500
     point #  20  energy = -37.465
     point #  40  energy = -17.400
     point #  60  energy = -11.381
New Fermi level:    mu= -11.381 eV  Charge distance=  0.0067 (partial c.d.=  0.1206)
SCF ITERATION NUMBER  5
     point #   1  energy = -48.500
     point #  20  energy = -37.465
     point #  40  energy = -17.400
     point #  60  energy = -11.381
New Fermi level:    mu= -11.381 eV  Charge distance=  0.0014 (partial c.d.=  0.0493)
SCF ITERATION NUMBER  6
     point #   1  energy = -48.500
     point #  20  energy = -37.465
     point #  40  energy = -17.400
     point #  60  energy = -11.381
New Fermi level:    mu= -11.381 eV  Charge distance=  0.0069 (partial c.d.=  0.0027)
SCF ITERATION NUMBER  7
     point #   1  energy = -48.500
     point #  20  energy = -37.465
     point #  40  energy = -17.400
     point #  60  energy = -11.381
New Fermi level:    mu= -11.381 eV  Charge distance=  0.0009 (partial c.d.=  0.0095)
SCF ITERATION NUMBER  8
     point #   1  energy = -48.500
     point #  20  energy = -37.465
     point #  40  energy = -17.400
     point #  60  energy = -11.381
New Fermi level:    mu= -11.381 eV  Charge distance=  0.0001 (partial c.d.=  0.0010)
SCF ITERATION NUMBER  9
     point #   1  energy = -48.500
     point #  20  energy = -37.465
     point #  40  energy = -17.400
     point #  60  energy = -11.381
New Fermi level:    mu= -11.381 eV  Charge distance=  0.0001 (partial c.d.=  0.0003)
SCF ITERATION NUMBER 10
     point #   1  energy = -48.500
     point #  20  energy = -37.465
     point #  40  energy = -17.400
     point #  60  energy = -11.381
New Fermi level:    mu= -11.381 eV  Charge distance=  0.0000 (partial c.d.=  0.0001)
Electronic configuration
  type     l     N_el
     0     0    0.402
     0     1    6.654
     0     2    2.414
     0     3    0.000
     1     0    0.398
     1     1    6.648
     1     2    2.419
     1     3    0.000
     2     0    1.855
     2     1    4.327
     2     2    0.086
     2     3    0.000
Charge transfer:  type  charge
       0   -0.530
       1   -0.536
       2    0.268
Convergence reached in   10 iterations.
total time        170.8311s          (communication time     0.3092E+01s)
Done with module: potentials.

Calculating screened core-hole potential ...
FMS for a cluster of   22 atoms around iph =   0
    0% of energy integration
   20%
   40%
   60%
   80%
  100%
Preparing response function.
Computing (1 - K Chi0)^-1 v_ch
Done with module: screened core-hole potential.

Calculating cross-section and phases ...
    absorption cross section
 x0,dx,rnrm,inrm,jnrm   8.80000000000000       5.000000000000000E-002
   2.61807151200018              196         197
    phase shifts for unique potential    0
    phase shifts for unique potential    1
    phase shifts for unique potential    2
Done with module: cross-section and phases (XSPH).

FMS calculation of full Green's function ...
FEFF-MPI using     6 parallel threads.
Using   108 energy points.
xprep done
FMS for a cluster of  178 atoms
Energy point    1/ 108
Energy point   13/ 108
Energy point   25/ 108
Energy point   31/ 108
Energy point   43/ 108
Energy point   55/ 108
Energy point   61/ 108
Energy point   73/ 108
Energy point   85/ 108
Energy point   91/ 108
Energy point  103/ 108
total time        113.3412s          (communication time     0.4878E+00s)
Done with module: FMS.

MKGTR: Tracing over Green's function ...
Done with module: MKGTR.

Pathfinder: finding scattering paths...
Preparing plane wave scattering amplitudes
Searching for paths
Eliminating path degeneracies
0 paths retained.
Done with module: pathfinder.

Calculating EXAFS parameters ...
Done with module: EXAFS parameters (GENFMT).

Calculating XAS spectra ...
Done with module: XAS spectra (FF2X: DW + final sum over paths).

 
### feff ends at Thu Feb  1 11:48:35 EST 2018
 
