### feff starts at Tue Oct 31 10:16:46 EDT 2017
### Serial version
### FeffPath is /home/mt/software/JFEFF/feff90/linux
 
Launching FEFF version FEFF 9.9.1
Resetting lmaxsc to 2 for iph =    2.  Use  UNFREEZE to prevent this.
Core hole lifetime is   0.156 eV.
Your calculation:
 xx
O K edge XANES using RPA corehole.
Using:     * Self-Consistent Field potentials
Using cards:   ATOMS CONTROL EXCHANGE TITLE RPATH POTENTIALS XANES EDGE SCF FMS S02 COREHOLE

Calculating atomic potentials ...
    overlapped atomic potential and density for unique potential    0
    overlapped atomic potential and density for unique potential    1
    overlapped atomic potential and density for unique potential    2
    overlapped atomic potential and density for unique potential    3
Done with module: atomic potentials.

Calculating SCF potentials ...
FEFF-serial using 1 thread.
Muffin tin radii and interstitial parameters [bohr]:
type, norman radius, muffin tin, overlap factor
    0  1.03103E+00  9.90985E-01  1.10411E+00
    1  1.17098E+00  1.12134E+00  1.11519E+00
    2  1.55447E+00  1.39293E+00  1.15000E+00
    3  1.00354E+00  8.37899E-01  1.15000E+00
Core-valence separation energy:  ecv=   -49.000 eV
Initial Fermi level:              mu=    -2.051 eV
SCF ITERATION NUMBER  1
     point #   1  energy = -49.000
FMS for a cluster of   72 atoms around atom type   0
FMS for a cluster of   71 atoms around atom type   1
FMS for a cluster of   67 atoms around atom type   2
FMS for a cluster of   74 atoms around atom type   3
     point #  20  energy = -37.797
     point #  40  energy = -17.547
     point #  60  energy =  -8.482
     point #  80  energy =  -7.991
New Fermi level:    mu=  -7.874 eV  Charge distance=  1.0529 (partial c.d.=  6.1512)
SCF ITERATION NUMBER  2
     point #   1  energy = -49.000
     point #  20  energy = -37.966
     point #  40  energy = -17.904
     point #  60  energy =  -7.874
     point #  80  energy =  -8.508
     point # 100  energy = -11.499
     point # 120  energy = -10.792
New Fermi level:    mu= -10.668 eV  Charge distance=  0.2055 (partial c.d.=  5.2616)
SCF ITERATION NUMBER  3
     point #   1  energy = -49.000
     point #  20  energy = -37.904
     point #  40  energy = -17.729
     point #  60  energy = -10.668
     point #  80  energy = -10.521
New Fermi level:    mu= -10.515 eV  Charge distance=  0.6220 (partial c.d.=  0.1641)
SCF ITERATION NUMBER  4
     point #   1  energy = -49.000
     point #  20  energy = -37.860
     point #  40  energy = -17.605
     point #  60  energy = -10.515
     point #  80  energy =  -9.315
     point # 100  energy =  -6.265
New Fermi level:    mu=  -6.054 eV  Charge distance=  0.5839 (partial c.d.=  7.9567)
SCF ITERATION NUMBER  5
     point #   1  energy = -49.000
     point #  20  energy = -37.752
     point #  40  energy = -17.302
     point #  60  energy =  -6.054
     point #  80  energy =  -6.689
     point # 100  energy =  -9.920
New Fermi level:    mu=  -9.674 eV  Charge distance=  0.0276 (partial c.d.=  7.4380)
SCF ITERATION NUMBER  6
     point #   1  energy = -49.000
     point #  20  energy = -37.908
     point #  40  energy = -17.741
     point #  60  energy =  -9.674
New Fermi level:    mu=  -9.763 eV  Charge distance=  0.0481 (partial c.d.=  0.0708)
SCF ITERATION NUMBER  7
     point #   1  energy = -49.000
     point #  20  energy = -37.933
     point #  40  energy = -17.811
     point #  60  energy =  -9.763
     point #  80  energy =  -9.978
New Fermi level:    mu=  -9.953 eV  Charge distance=  0.0391 (partial c.d.=  0.1115)
SCF ITERATION NUMBER  8
     point #   1  energy = -49.000
     point #  20  energy = -37.987
     point #  40  energy = -17.962
     point #  60  energy =  -9.953
New Fermi level:    mu=  -9.974 eV  Charge distance=  0.0851 (partial c.d.=  0.0154)
SCF ITERATION NUMBER  9
     point #   1  energy = -49.000
     point #  20  energy = -37.993
     point #  40  energy = -17.980
     point #  60  energy =  -9.974
New Fermi level:    mu=  -9.932 eV  Charge distance=  0.0589 (partial c.d.=  0.1012)
SCF ITERATION NUMBER 10
     point #   1  energy = -49.000
     point #  20  energy = -37.981
     point #  40  energy = -17.946
     point #  60  energy =  -9.932
New Fermi level:    mu=  -9.863 eV  Charge distance=  0.0013 (partial c.d.=  0.1000)
SCF ITERATION NUMBER 11
     point #   1  energy = -49.000
     point #  20  energy = -37.961
     point #  40  energy = -17.891
     point #  60  energy =  -9.863
New Fermi level:    mu=  -9.868 eV  Charge distance=  0.0055 (partial c.d.=  0.0102)
SCF ITERATION NUMBER 12
     point #   1  energy = -49.000
     point #  20  energy = -37.963
     point #  40  energy = -17.895
     point #  60  energy =  -9.868
New Fermi level:    mu=  -9.860 eV  Charge distance=  0.0015 (partial c.d.=  0.0061)
SCF ITERATION NUMBER 13
     point #   1  energy = -49.000
     point #  20  energy = -37.960
     point #  40  energy = -17.889
     point #  60  energy =  -9.860
New Fermi level:    mu=  -9.857 eV  Charge distance=  0.0003 (partial c.d.=  0.0020)
SCF ITERATION NUMBER 14
     point #   1  energy = -49.000
     point #  20  energy = -37.960
     point #  40  energy = -17.886
     point #  60  energy =  -9.857
New Fermi level:    mu=  -9.856 eV  Charge distance=  0.0003 (partial c.d.=  0.0003)
SCF ITERATION NUMBER 15
     point #   1  energy = -49.000
     point #  20  energy = -37.959
     point #  40  energy = -17.886
     point #  60  energy =  -9.856
New Fermi level:    mu=  -9.857 eV  Charge distance=  0.0003 (partial c.d.=  0.0002)
Electronic configuration
  type     l     N_el
     0     0    1.827
     0     1    4.493
     0     2    0.118
     0     3    0.000
     1     0    0.405
     1     1    0.596
     1     2    9.440
     1     3    0.000
     2     0    2.225
     2     1    6.090
     2     2    2.219
     2     3    0.000
     3     0    1.829
     3     1    4.385
     3     2    0.158
     3     3    0.000
Charge transfer:  type  charge
       0    0.438
       1   -0.558
       2   -0.466
       3    0.372
Convergence reached in   15 iterations.
Done with module: potentials.

Calculating screened core-hole potential ...
FMS for a cluster of   25 atoms around iph =   0
    0% of energy integration
   20%
   40%
   60%
   80%
  100%
Preparing response function.
Computing (1 - K Chi0)^-1 v_ch
Done with module: screened core-hole potential.

Calculating cross-section and phases ...
    absorption cross section
 x0,dx,rnrm,inrm,jnrm   8.80000000000000       5.000000000000000E-002
   1.94836510899987              190         191
    phase shifts for unique potential    0
    phase shifts for unique potential    1
    phase shifts for unique potential    2
    phase shifts for unique potential    3
Done with module: cross-section and phases (XSPH).

FMS calculation of full Green's function ...
FEFF-serial using 1 thread.
Using   104 energy points.
xprep done
FMS for a cluster of  146 atoms
Energy point    1/ 104
Energy point   10/ 104
Energy point   20/ 104
Energy point   30/ 104
Energy point   40/ 104
Energy point   50/ 104
Energy point   60/ 104
Energy point   70/ 104
Energy point   80/ 104
Energy point   90/ 104
Energy point  100/ 104
Done with module: FMS.

MKGTR: Tracing over Green's function ...
Done with module: MKGTR.

Pathfinder: finding scattering paths...
Preparing plane wave scattering amplitudes
Searching for paths
    Rmax  0.1000  keep and heap limits   0.0000000   0.0000000
    Preparing neighbor table
    Paths found        0   (maxheap, maxscatt       1   0)
Eliminating path degeneracies
0 paths retained.
Done with module: pathfinder.

Calculating EXAFS parameters ...
Done with module: EXAFS parameters (GENFMT).

Calculating XAS spectra ...
Done with module: XAS spectra (FF2X: DW + final sum over paths).

 
### feff ends at Tue Oct 31 10:35:39 EDT 2017
 
