# job starts with cpj=36  npj=1
# 
# 
Welcome to OCEAN
####################################################################################################
#                 OOO   CC  EEEE  AA  N  N                 #
#                O   O C  C E    A  A NN N                 #
#      **        O   O C    E    A  A NN N         **      #
#     **         O   O C    EE   AAAA N NN          **     #
#    ***    **   O   O C    E    A  A N NN    **    ***    #
#   *****  ***   O   O C  C E    A  A N  N    ***  *****   #
# **************  OOO   CC  EEEE A  A N  N  ************** #
####################################################################################################
Version 1.2.0
Config read in
Input read in
/hpcgpfs01/scratch/mtopsakal/1.2.0-again/r/Common
GRABBED 36 as the number of cpus to run with!
36 has 9 factors
1
2
3
4
6
9
12
18
36
1.889726	1.889726	1.889726
5.9100000000	0.0000000000	0.0000000000
-2.9550000000	5.1182101364	0.0000000000
0.0000000000	0.0000000000	14.4350000000
Volume:	2946.58447885218
Key: xmesh	0.6	0.82	1.18
Key: kmesh	48	64	84
Key: ngkpt	15	20	28
Key: nkpt	4	8	12
Key: obkpt	20	28	32
NKPTS: 32, ideal pools: 4
Minimum size for interpolation pools 2
KPTS: 32, obf pool size: 2
NGKPTS: 32, ideal pools: 4
Defaults requested for obkpt
Defaults chosen for obkpt:	2	2	1
OBKPTS: 4, ideal pools: 4
Default chosen for obf_nbands:	600
Defaults requested for xmesh.ipt
Defaults chosen for xmesh.ipt:	8	8	18
PAW: 8, ideal pools: 4
Minimum size for interpolation pools 2
36	9	8
PAW: 8, obf pool size: 9
8:
  11  12  13  14  15  16  17  18  19  20  21  22  23  24  25  26  27  28  29  30  31  32  33  34
22:
  1  2  3  4  5  6  7  8  9  10
3:
  35  36  37  38  39  40  41  42  43  44  45  46  47  48
1 1 0
3 1 0
7 1 0
9 1 0
Done with parsing
####################################################################################################
Entering PAW stage
Running PAW Setup
Converting psp format
Starting HFK section
Running hfk.x
Done running hfk.x
PAW section done
####################################################################################################
Entering QESPRESSO stage
####################################################################################################
Entering PREP stage
0  0
   277.999987889182        278.000000000000     
../../DFT/002002002/Out
    1  142  137 1200
Done with PAW files
../../DFT/004004002/Out
    1  142  137  600
600	137	142	1
139
32
0.675553435930281	0.675567527519079	0.733897979035852	0.735746456310256
Running setup
conugtoux
orthog
####################################################################################################
Entering SCREENing stage
Creating clipbands
Running PAW Setup
Starting xipp section
      933120
      442536
 uc vol =    2946.58447885218     
snatched alpha=   0.500000000000000   0.000000000000000   0.000000000000000
snatched alpha=   0.170580000000000   0.336480000000000   0.665260000000000
snatched alpha=   0.661680000000000   0.338320000000000   0.662760000000000
snatched alpha=   0.833750000000000   0.166250000000000   0.841450000000000
zTi01_n01l00
           1         142         137        1200
 avecs loaded
 bvecs loaded
 celvol =   2946.58447885218     
           1         142         137         993
 calling vcbder
  -3.48365137884590       -3.48365137884590        7.44831400470589     
   7.44831400470589     
 done with vcbder
 -0.47397516E+02  0.91772399E+01  0.10316421E+02  0.10137172E+03
  0.97468303E+01  0.56959037E+00  0.91624890E+02  0.72241716E+01
  6.250000000000000E-002  0.125000000000000       0.187500000000000     
  3.516199974318376E-002  0.101503950084190       4.318824076526833E-002
  6.250000000000000E-002  0.125000000000000       0.687500000000000     
  3.516199974318376E-002  0.101503950084190       0.158356882805984     
  6.250000000000000E-002  0.625000000000000       0.187500000000000     
  3.516199974318376E-002  0.426316590353597       4.318824076526833E-002
  6.250000000000000E-002  0.625000000000000       0.687500000000000     
  3.516199974318376E-002  0.426316590353597       0.158356882805984     
  0.562500000000000       0.125000000000000       0.187500000000000     
  0.316457997688654       0.263910270218893       4.318824076526833E-002
  0.562500000000000       0.125000000000000       0.687500000000000     
  0.316457997688654       0.263910270218893       0.158356882805984     
  0.562500000000000       0.625000000000000       0.187500000000000     
  0.316457997688654       0.588722910488301       4.318824076526833E-002
  0.562500000000000       0.625000000000000       0.687500000000000     
  0.316457997688654       0.588722910488301       0.158356882805984     
  6.250000000000000E-002  0.125000000000000       0.187500000000000     
  3.516199974318376E-002  0.101503950084190       4.318824076526833E-002
  6.250000000000000E-002  0.125000000000000       0.687500000000000     
  3.516199974318376E-002  0.101503950084190       0.158356882805984     
  6.250000000000000E-002  0.625000000000000       0.187500000000000     
  3.516199974318376E-002  0.426316590353597       4.318824076526833E-002
  6.250000000000000E-002  0.625000000000000       0.687500000000000     
  3.516199974318376E-002  0.426316590353597       0.158356882805984     
  0.562500000000000       0.125000000000000       0.187500000000000     
  0.316457997688654       0.263910270218893       4.318824076526833E-002
  0.562500000000000       0.125000000000000       0.687500000000000     
  0.316457997688654       0.263910270218893       0.158356882805984     
  0.562500000000000       0.625000000000000       0.187500000000000     
  0.316457997688654       0.588722910488301       4.318824076526833E-002
  0.562500000000000       0.625000000000000       0.687500000000000     
  0.316457997688654       0.588722910488301       0.158356882805984     
 starting ximat
 starting nopt
 starting ximat
 starting nopt
           1         142         137        1200
 avecs loaded
 bvecs loaded
 celvol =   2946.58447885218     
           1         142         137         993
 calling vcbder
  -3.48365137884590       -3.48365137884590        7.44831400470589     
   7.44831400470589     
 done with vcbder
 -0.47397516E+02  0.91772399E+01  0.10316421E+02  0.10137172E+03
  0.97468303E+01  0.56959037E+00  0.91624890E+02  0.72241716E+01
  6.250000000000000E-002  0.125000000000000       0.187500000000000     
  3.516199974318376E-002  0.101503950084190       4.318824076526833E-002
  6.250000000000000E-002  0.125000000000000       0.687500000000000     
  3.516199974318376E-002  0.101503950084190       0.158356882805984     
  6.250000000000000E-002  0.625000000000000       0.187500000000000     
  3.516199974318376E-002  0.426316590353597       4.318824076526833E-002
  6.250000000000000E-002  0.625000000000000       0.687500000000000     
  3.516199974318376E-002  0.426316590353597       0.158356882805984     
  0.562500000000000       0.125000000000000       0.187500000000000     
  0.316457997688654       0.263910270218893       4.318824076526833E-002
  0.562500000000000       0.125000000000000       0.687500000000000     
  0.316457997688654       0.263910270218893       0.158356882805984     
  0.562500000000000       0.625000000000000       0.187500000000000     
  0.316457997688654       0.588722910488301       4.318824076526833E-002
  0.562500000000000       0.625000000000000       0.687500000000000     
  0.316457997688654       0.588722910488301       0.158356882805984     
  6.250000000000000E-002  0.125000000000000       0.187500000000000     
  3.516199974318376E-002  0.101503950084190       4.318824076526833E-002
  6.250000000000000E-002  0.125000000000000       0.687500000000000     
  3.516199974318376E-002  0.101503950084190       0.158356882805984     
  6.250000000000000E-002  0.625000000000000       0.187500000000000     
  3.516199974318376E-002  0.426316590353597       4.318824076526833E-002
  6.250000000000000E-002  0.625000000000000       0.687500000000000     
  3.516199974318376E-002  0.426316590353597       0.158356882805984     
  0.562500000000000       0.125000000000000       0.187500000000000     
  0.316457997688654       0.263910270218893       4.318824076526833E-002
  0.562500000000000       0.125000000000000       0.687500000000000     
  0.316457997688654       0.263910270218893       0.158356882805984     
  0.562500000000000       0.625000000000000       0.187500000000000     
  0.316457997688654       0.588722910488301       4.318824076526833E-002
  0.562500000000000       0.625000000000000       0.687500000000000     
  0.316457997688654       0.588722910488301       0.158356882805984     
 starting ximat
 starting nopt
 starting ximat
 starting nopt
zTi03_n01l00
           1         142         137        1200
 avecs loaded
 bvecs loaded
 celvol =   2946.58447885218     
           1         142         137         993
 calling vcbder
  -3.48365137884590       -3.48365137884590        7.44831400470589     
   7.44831400470589     
 done with vcbder
 -0.47397516E+02  0.91772399E+01  0.10316421E+02  0.10137172E+03
  0.97468303E+01  0.56959037E+00  0.91624890E+02  0.72241716E+01
  6.250000000000000E-002  0.125000000000000       0.187500000000000     
  3.516199974318376E-002  0.101503950084190       4.318824076526833E-002
  6.250000000000000E-002  0.125000000000000       0.687500000000000     
  3.516199974318376E-002  0.101503950084190       0.158356882805984     
  6.250000000000000E-002  0.625000000000000       0.187500000000000     
  3.516199974318376E-002  0.426316590353597       4.318824076526833E-002
  6.250000000000000E-002  0.625000000000000       0.687500000000000     
  3.516199974318376E-002  0.426316590353597       0.158356882805984     
  0.562500000000000       0.125000000000000       0.187500000000000     
  0.316457997688654       0.263910270218893       4.318824076526833E-002
  0.562500000000000       0.125000000000000       0.687500000000000     
  0.316457997688654       0.263910270218893       0.158356882805984     
  0.562500000000000       0.625000000000000       0.187500000000000     
  0.316457997688654       0.588722910488301       4.318824076526833E-002
  0.562500000000000       0.625000000000000       0.687500000000000     
  0.316457997688654       0.588722910488301       0.158356882805984     
  6.250000000000000E-002  0.125000000000000       0.187500000000000     
  3.516199974318376E-002  0.101503950084190       4.318824076526833E-002
  6.250000000000000E-002  0.125000000000000       0.687500000000000     
  3.516199974318376E-002  0.101503950084190       0.158356882805984     
  6.250000000000000E-002  0.625000000000000       0.187500000000000     
  3.516199974318376E-002  0.426316590353597       4.318824076526833E-002
  6.250000000000000E-002  0.625000000000000       0.687500000000000     
  3.516199974318376E-002  0.426316590353597       0.158356882805984     
  0.562500000000000       0.125000000000000       0.187500000000000     
  0.316457997688654       0.263910270218893       4.318824076526833E-002
  0.562500000000000       0.125000000000000       0.687500000000000     
  0.316457997688654       0.263910270218893       0.158356882805984     
  0.562500000000000       0.625000000000000       0.187500000000000     
  0.316457997688654       0.588722910488301       4.318824076526833E-002
  0.562500000000000       0.625000000000000       0.687500000000000     
  0.316457997688654       0.588722910488301       0.158356882805984     
 starting ximat
 starting nopt
 starting ximat
 starting nopt
           1         142         137        1200
 avecs loaded
 bvecs loaded
 celvol =   2946.58447885218     
           1         142         137         993
 calling vcbder
  -3.48365137884590       -3.48365137884590        7.44831400470589     
   7.44831400470589     
 done with vcbder
 -0.47397516E+02  0.91772399E+01  0.10316421E+02  0.10137172E+03
  0.97468303E+01  0.56959037E+00  0.91624890E+02  0.72241716E+01
  6.250000000000000E-002  0.125000000000000       0.187500000000000     
  3.516199974318376E-002  0.101503950084190       4.318824076526833E-002
  6.250000000000000E-002  0.125000000000000       0.687500000000000     
  3.516199974318376E-002  0.101503950084190       0.158356882805984     
  6.250000000000000E-002  0.625000000000000       0.187500000000000     
  3.516199974318376E-002  0.426316590353597       4.318824076526833E-002
  6.250000000000000E-002  0.625000000000000       0.687500000000000     
  3.516199974318376E-002  0.426316590353597       0.158356882805984     
  0.562500000000000       0.125000000000000       0.187500000000000     
  0.316457997688654       0.263910270218893       4.318824076526833E-002
  0.562500000000000       0.125000000000000       0.687500000000000     
  0.316457997688654       0.263910270218893       0.158356882805984     
  0.562500000000000       0.625000000000000       0.187500000000000     
  0.316457997688654       0.588722910488301       4.318824076526833E-002
  0.562500000000000       0.625000000000000       0.687500000000000     
  0.316457997688654       0.588722910488301       0.158356882805984     
  6.250000000000000E-002  0.125000000000000       0.187500000000000     
  3.516199974318376E-002  0.101503950084190       4.318824076526833E-002
  6.250000000000000E-002  0.125000000000000       0.687500000000000     
  3.516199974318376E-002  0.101503950084190       0.158356882805984     
  6.250000000000000E-002  0.625000000000000       0.187500000000000     
  3.516199974318376E-002  0.426316590353597       4.318824076526833E-002
  6.250000000000000E-002  0.625000000000000       0.687500000000000     
  3.516199974318376E-002  0.426316590353597       0.158356882805984     
  0.562500000000000       0.125000000000000       0.187500000000000     
  0.316457997688654       0.263910270218893       4.318824076526833E-002
  0.562500000000000       0.125000000000000       0.687500000000000     
  0.316457997688654       0.263910270218893       0.158356882805984     
  0.562500000000000       0.625000000000000       0.187500000000000     
  0.316457997688654       0.588722910488301       4.318824076526833E-002
  0.562500000000000       0.625000000000000       0.687500000000000     
  0.316457997688654       0.588722910488301       0.158356882805984     
 starting ximat
 starting nopt
 starting ximat
 starting nopt
zTi07_n01l00
           1         142         137        1200
 avecs loaded
 bvecs loaded
 celvol =   2946.58447885218     
           1         142         137         993
 calling vcbder
  -3.48365137884590       -3.48365137884590        7.44831400470589     
   7.44831400470589     
 done with vcbder
 -0.47397516E+02  0.91772399E+01  0.10316421E+02  0.10137172E+03
  0.97468303E+01  0.56959037E+00  0.91624890E+02  0.72241716E+01
  6.250000000000000E-002  0.125000000000000       0.187500000000000     
  3.516199974318376E-002  0.101503950084190       4.318824076526833E-002
  6.250000000000000E-002  0.125000000000000       0.687500000000000     
  3.516199974318376E-002  0.101503950084190       0.158356882805984     
  6.250000000000000E-002  0.625000000000000       0.187500000000000     
  3.516199974318376E-002  0.426316590353597       4.318824076526833E-002
  6.250000000000000E-002  0.625000000000000       0.687500000000000     
  3.516199974318376E-002  0.426316590353597       0.158356882805984     
  0.562500000000000       0.125000000000000       0.187500000000000     
  0.316457997688654       0.263910270218893       4.318824076526833E-002
  0.562500000000000       0.125000000000000       0.687500000000000     
  0.316457997688654       0.263910270218893       0.158356882805984     
  0.562500000000000       0.625000000000000       0.187500000000000     
  0.316457997688654       0.588722910488301       4.318824076526833E-002
  0.562500000000000       0.625000000000000       0.687500000000000     
  0.316457997688654       0.588722910488301       0.158356882805984     
  6.250000000000000E-002  0.125000000000000       0.187500000000000     
  3.516199974318376E-002  0.101503950084190       4.318824076526833E-002
  6.250000000000000E-002  0.125000000000000       0.687500000000000     
  3.516199974318376E-002  0.101503950084190       0.158356882805984     
  6.250000000000000E-002  0.625000000000000       0.187500000000000     
  3.516199974318376E-002  0.426316590353597       4.318824076526833E-002
  6.250000000000000E-002  0.625000000000000       0.687500000000000     
  3.516199974318376E-002  0.426316590353597       0.158356882805984     
  0.562500000000000       0.125000000000000       0.187500000000000     
  0.316457997688654       0.263910270218893       4.318824076526833E-002
  0.562500000000000       0.125000000000000       0.687500000000000     
  0.316457997688654       0.263910270218893       0.158356882805984     
  0.562500000000000       0.625000000000000       0.187500000000000     
  0.316457997688654       0.588722910488301       4.318824076526833E-002
  0.562500000000000       0.625000000000000       0.687500000000000     
  0.316457997688654       0.588722910488301       0.158356882805984     
 starting ximat
 starting nopt
 starting ximat
 starting nopt
           1         142         137        1200
 avecs loaded
 bvecs loaded
 celvol =   2946.58447885218     
           1         142         137         993
 calling vcbder
  -3.48365137884590       -3.48365137884590        7.44831400470589     
   7.44831400470589     
 done with vcbder
 -0.47397516E+02  0.91772399E+01  0.10316421E+02  0.10137172E+03
  0.97468303E+01  0.56959037E+00  0.91624890E+02  0.72241716E+01
  6.250000000000000E-002  0.125000000000000       0.187500000000000     
  3.516199974318376E-002  0.101503950084190       4.318824076526833E-002
  6.250000000000000E-002  0.125000000000000       0.687500000000000     
  3.516199974318376E-002  0.101503950084190       0.158356882805984     
  6.250000000000000E-002  0.625000000000000       0.187500000000000     
  3.516199974318376E-002  0.426316590353597       4.318824076526833E-002
  6.250000000000000E-002  0.625000000000000       0.687500000000000     
  3.516199974318376E-002  0.426316590353597       0.158356882805984     
  0.562500000000000       0.125000000000000       0.187500000000000     
  0.316457997688654       0.263910270218893       4.318824076526833E-002
  0.562500000000000       0.125000000000000       0.687500000000000     
  0.316457997688654       0.263910270218893       0.158356882805984     
  0.562500000000000       0.625000000000000       0.187500000000000     
  0.316457997688654       0.588722910488301       4.318824076526833E-002
  0.562500000000000       0.625000000000000       0.687500000000000     
  0.316457997688654       0.588722910488301       0.158356882805984     
  6.250000000000000E-002  0.125000000000000       0.187500000000000     
  3.516199974318376E-002  0.101503950084190       4.318824076526833E-002
  6.250000000000000E-002  0.125000000000000       0.687500000000000     
  3.516199974318376E-002  0.101503950084190       0.158356882805984     
  6.250000000000000E-002  0.625000000000000       0.187500000000000     
  3.516199974318376E-002  0.426316590353597       4.318824076526833E-002
  6.250000000000000E-002  0.625000000000000       0.687500000000000     
  3.516199974318376E-002  0.426316590353597       0.158356882805984     
  0.562500000000000       0.125000000000000       0.187500000000000     
  0.316457997688654       0.263910270218893       4.318824076526833E-002
  0.562500000000000       0.125000000000000       0.687500000000000     
  0.316457997688654       0.263910270218893       0.158356882805984     
  0.562500000000000       0.625000000000000       0.187500000000000     
  0.316457997688654       0.588722910488301       4.318824076526833E-002
  0.562500000000000       0.625000000000000       0.687500000000000     
  0.316457997688654       0.588722910488301       0.158356882805984     
 starting ximat
 starting nopt
 starting ximat
 starting nopt
zTi09_n01l00
           1         142         137        1200
 avecs loaded
 bvecs loaded
 celvol =   2946.58447885218     
           1         142         137         993
 calling vcbder
  -3.48365137884590       -3.48365137884590        7.44831400470589     
   7.44831400470589     
 done with vcbder
 -0.47397516E+02  0.91772399E+01  0.10316421E+02  0.10137172E+03
  0.97468303E+01  0.56959037E+00  0.91624890E+02  0.72241716E+01
  6.250000000000000E-002  0.125000000000000       0.187500000000000     
  3.516199974318376E-002  0.101503950084190       4.318824076526833E-002
  6.250000000000000E-002  0.125000000000000       0.687500000000000     
  3.516199974318376E-002  0.101503950084190       0.158356882805984     
  6.250000000000000E-002  0.625000000000000       0.187500000000000     
  3.516199974318376E-002  0.426316590353597       4.318824076526833E-002
  6.250000000000000E-002  0.625000000000000       0.687500000000000     
  3.516199974318376E-002  0.426316590353597       0.158356882805984     
  0.562500000000000       0.125000000000000       0.187500000000000     
  0.316457997688654       0.263910270218893       4.318824076526833E-002
  0.562500000000000       0.125000000000000       0.687500000000000     
  0.316457997688654       0.263910270218893       0.158356882805984     
  0.562500000000000       0.625000000000000       0.187500000000000     
  0.316457997688654       0.588722910488301       4.318824076526833E-002
  0.562500000000000       0.625000000000000       0.687500000000000     
  0.316457997688654       0.588722910488301       0.158356882805984     
  6.250000000000000E-002  0.125000000000000       0.187500000000000     
  3.516199974318376E-002  0.101503950084190       4.318824076526833E-002
  6.250000000000000E-002  0.125000000000000       0.687500000000000     
  3.516199974318376E-002  0.101503950084190       0.158356882805984     
  6.250000000000000E-002  0.625000000000000       0.187500000000000     
  3.516199974318376E-002  0.426316590353597       4.318824076526833E-002
  6.250000000000000E-002  0.625000000000000       0.687500000000000     
  3.516199974318376E-002  0.426316590353597       0.158356882805984     
  0.562500000000000       0.125000000000000       0.187500000000000     
  0.316457997688654       0.263910270218893       4.318824076526833E-002
  0.562500000000000       0.125000000000000       0.687500000000000     
  0.316457997688654       0.263910270218893       0.158356882805984     
  0.562500000000000       0.625000000000000       0.187500000000000     
  0.316457997688654       0.588722910488301       4.318824076526833E-002
  0.562500000000000       0.625000000000000       0.687500000000000     
  0.316457997688654       0.588722910488301       0.158356882805984     
 starting ximat
 starting nopt
 starting ximat
 starting nopt
           1         142         137        1200
 avecs loaded
 bvecs loaded
 celvol =   2946.58447885218     
           1         142         137         993
 calling vcbder
  -3.48365137884590       -3.48365137884590        7.44831400470589     
   7.44831400470589     
 done with vcbder
 -0.47397516E+02  0.91772399E+01  0.10316421E+02  0.10137172E+03
  0.97468303E+01  0.56959037E+00  0.91624890E+02  0.72241716E+01
  6.250000000000000E-002  0.125000000000000       0.187500000000000     
  3.516199974318376E-002  0.101503950084190       4.318824076526833E-002
  6.250000000000000E-002  0.125000000000000       0.687500000000000     
  3.516199974318376E-002  0.101503950084190       0.158356882805984     
  6.250000000000000E-002  0.625000000000000       0.187500000000000     
  3.516199974318376E-002  0.426316590353597       4.318824076526833E-002
  6.250000000000000E-002  0.625000000000000       0.687500000000000     
  3.516199974318376E-002  0.426316590353597       0.158356882805984     
  0.562500000000000       0.125000000000000       0.187500000000000     
  0.316457997688654       0.263910270218893       4.318824076526833E-002
  0.562500000000000       0.125000000000000       0.687500000000000     
  0.316457997688654       0.263910270218893       0.158356882805984     
  0.562500000000000       0.625000000000000       0.187500000000000     
  0.316457997688654       0.588722910488301       4.318824076526833E-002
  0.562500000000000       0.625000000000000       0.687500000000000     
  0.316457997688654       0.588722910488301       0.158356882805984     
  6.250000000000000E-002  0.125000000000000       0.187500000000000     
  3.516199974318376E-002  0.101503950084190       4.318824076526833E-002
  6.250000000000000E-002  0.125000000000000       0.687500000000000     
  3.516199974318376E-002  0.101503950084190       0.158356882805984     
  6.250000000000000E-002  0.625000000000000       0.187500000000000     
  3.516199974318376E-002  0.426316590353597       4.318824076526833E-002
  6.250000000000000E-002  0.625000000000000       0.687500000000000     
  3.516199974318376E-002  0.426316590353597       0.158356882805984     
  0.562500000000000       0.125000000000000       0.187500000000000     
  0.316457997688654       0.263910270218893       4.318824076526833E-002
  0.562500000000000       0.125000000000000       0.687500000000000     
  0.316457997688654       0.263910270218893       0.158356882805984     
  0.562500000000000       0.625000000000000       0.187500000000000     
  0.316457997688654       0.588722910488301       4.318824076526833E-002
  0.562500000000000       0.625000000000000       0.687500000000000     
  0.316457997688654       0.588722910488301       0.158356882805984     
 starting ximat
 starting nopt
 starting ximat
 starting nopt
####################################################################################################
Entering CNBSE stage
Looking for available photon files:
    Running with 3 photon files
        photon1
        photon2
        photon3
Calculating XAS
Running setup
12
z022
CKS NAME = cksc.Ti0001
cks
CKS NAME = cksc.Ti0003
cks
CKS NAME = cksc.Ti0007
cks
CKS NAME = cksc.Ti0009
cks
         169  points with weights summing to four pi 
lmax =     5     caps =   0.15543122E-14  0.10646865E-14
      1.000000000000000      1.000000000000002     -0.000000000000001      0.000000000000001
max conv diff =  0.88817842E-14
   -1   -1       0.0000     0.0000          0.0000     0.0000         -0.5000     0.0000
   -1    1       0.5000     0.0000          0.0000     0.5000          0.0000     0.0000
    1   -1       0.5000     0.0000          0.0000    -0.5000          0.0000     0.0000
    1    1       0.0000     0.0000          0.0000     0.0000          0.5000     0.0000
 word = 
 cartesian                                                                      
  
 word = 
 end                                                                            
  
   1.00000   0.00000   0.00000      0.10000000E+01
 word = 
 cartesian                                                                      
  
 word = 
 end                                                                            
  
   0.00000   0.70711   0.70711      0.10000000E+01
   1.00000   0.00000   0.00000
   0.00000   0.70711   0.70711
q =    2.04676
         169  points with weights summing to four pi 
lmax =     5     caps =   0.15543122E-14  0.10646865E-14
      1.000000000000000      1.000000000000002     -0.000000000000001      0.000000000000001
max conv diff =  0.88817842E-14
   -1   -1       0.0000     0.0000          0.0000     0.0000         -0.5000     0.0000
   -1    1       0.5000     0.0000          0.0000     0.5000          0.0000     0.0000
    1   -1       0.5000     0.0000          0.0000    -0.5000          0.0000     0.0000
    1    1       0.0000     0.0000          0.0000     0.0000          0.5000     0.0000
 word = 
 cartesian                                                                      
  
 word = 
 end                                                                            
  
   0.00000   1.00000   0.00000      0.10000000E+01
 word = 
 cartesian                                                                      
  
 word = 
 end                                                                            
  
   0.70711   0.00000   0.70711      0.10000000E+01
   0.00000   1.00000   0.00000
   0.70711   0.00000   0.70711
q =    2.04676
         169  points with weights summing to four pi 
lmax =     5     caps =   0.15543122E-14  0.10646865E-14
      1.000000000000000      1.000000000000002     -0.000000000000001      0.000000000000001
max conv diff =  0.88817842E-14
   -1   -1       0.0000     0.0000          0.0000     0.0000         -0.5000     0.0000
   -1    1       0.5000     0.0000          0.0000     0.5000          0.0000     0.0000
    1   -1       0.5000     0.0000          0.0000    -0.5000          0.0000     0.0000
    1    1       0.0000     0.0000          0.0000     0.0000          0.5000     0.0000
 word = 
 cartesian                                                                      
  
 word = 
 end                                                                            
  
   0.00000   0.00000   1.00000      0.10000000E+01
 word = 
 cartesian                                                                      
  
 word = 
 end                                                                            
  
   0.70711   0.70711   0.00000      0.10000000E+01
   0.00000   0.00000   1.00000
   0.70711   0.70711   0.00000
q =    2.04676
1s	corezetaz022
time srun -n 36  /gpfshome01/u/mtopsakal/software/ocean/ocean-1.2.0-p2/ocean.x > cm.log