### feff starts at Thu Feb  1 22:12:51 EST 2018
### Serial version
### FeffPath is /home/mt/software/JFEFF/feff90/linux
 
Launching FEFF version FEFF 9.9.1
Core hole lifetime is   0.903 eV.
Your calculation:
 no title
Ti K edge XANES using RPA corehole.
Using:     * Self-Consistent Field potentials
Using cards:   ATOMS CONTROL EXCHANGE TITLE RPATH POTENTIALS XANES EDGE SCF FMS S02 COREHOLE

Calculating atomic potentials ...
    overlapped atomic potential and density for unique potential    0
    overlapped atomic potential and density for unique potential    1
    overlapped atomic potential and density for unique potential    2
Done with module: atomic potentials.

Calculating SCF potentials ...
FEFF-serial using 1 thread.
Muffin tin radii and interstitial parameters [bohr]:
type, norman radius, muffin tin, overlap factor
    0  1.38887E+00  1.24670E+00  1.15000E+00
    1  1.38887E+00  1.24670E+00  1.15000E+00
    2  1.09563E+00  9.32305E-01  1.15000E+00
Core-valence separation energy:  ecv=   -48.500 eV
Initial Fermi level:              mu=    -1.030 eV
SCF ITERATION NUMBER  1
     point #   1  energy = -48.500
FMS for a cluster of   73 atoms around atom type   0
FMS for a cluster of   73 atoms around atom type   1
FMS for a cluster of   78 atoms around atom type   2
     point #  20  energy = -37.383
     point #  40  energy = -17.133
     point #  60  energy = -12.961
     point #  80  energy = -11.467
     point # 100  energy = -10.642
     point # 120  energy = -10.326
New Fermi level:    mu= -10.198 eV  Charge distance=  0.2795 (partial c.d.=  6.6069)
SCF ITERATION NUMBER  1
     point #   1  energy = -48.500
FMS for a cluster of   73 atoms around atom type   0
FMS for a cluster of   73 atoms around atom type   1
FMS for a cluster of   78 atoms around atom type   2
     point #  20  energy = -37.413
     point #  40  energy = -17.254
     point #  60  energy = -10.198
     point #  80  energy = -11.379
     point # 100  energy = -11.526
     point # 120  energy = -11.179
New Fermi level:    mu= -11.087 eV  Charge distance=  0.0675 (partial c.d.=  0.7221)
SCF ITERATION NUMBER  1
     point #   1  energy = -48.500
FMS for a cluster of   73 atoms around atom type   0
FMS for a cluster of   73 atoms around atom type   1
FMS for a cluster of   78 atoms around atom type   2
     point #  20  energy = -37.377
     point #  40  energy = -17.154
     point #  60  energy = -11.087
New Fermi level:    mu= -11.216 eV  Charge distance=  0.0399 (partial c.d.=  0.0654)
SCF ITERATION NUMBER  2
     point #   1  energy = -48.500
     point #  20  energy = -37.416
     point #  40  energy = -17.262
     point #  60  energy = -11.216
New Fermi level:    mu= -11.251 eV  Charge distance=  0.1593 (partial c.d.=  0.0018)
SCF ITERATION NUMBER  3
     point #   1  energy = -48.500
     point #  20  energy = -37.426
     point #  40  energy = -17.292
     point #  60  energy = -11.251
New Fermi level:    mu= -11.418 eV  Charge distance=  0.0029 (partial c.d.=  0.0149)
SCF ITERATION NUMBER  4
     point #   1  energy = -48.500
     point #  20  energy = -37.476
     point #  40  energy = -17.431
     point #  60  energy = -11.418
New Fermi level:    mu= -11.412 eV  Charge distance=  0.0062 (partial c.d.=  0.0027)
SCF ITERATION NUMBER  5
     point #   1  energy = -48.500
     point #  20  energy = -37.474
     point #  40  energy = -17.426
     point #  60  energy = -11.412
New Fermi level:    mu= -11.402 eV  Charge distance=  0.0019 (partial c.d.=  0.0012)
SCF ITERATION NUMBER  6
     point #   1  energy = -48.500
     point #  20  energy = -37.471
     point #  40  energy = -17.418
     point #  60  energy = -11.402
New Fermi level:    mu= -11.399 eV  Charge distance=  0.0001 (partial c.d.=  0.0003)
SCF ITERATION NUMBER  7
     point #   1  energy = -48.500
     point #  20  energy = -37.470
     point #  40  energy = -17.415
     point #  60  energy = -11.399
New Fermi level:    mu= -11.398 eV  Charge distance=  0.0001 (partial c.d.=  0.0002)
SCF ITERATION NUMBER  8
     point #   1  energy = -48.500
     point #  20  energy = -37.470
     point #  40  energy = -17.415
     point #  60  energy = -11.398
New Fermi level:    mu= -11.398 eV  Charge distance=  0.0001 (partial c.d.=  0.0004)
SCF ITERATION NUMBER  9
     point #   1  energy = -48.500
     point #  20  energy = -37.470
     point #  40  energy = -17.414
     point #  60  energy = -11.398
New Fermi level:    mu= -11.397 eV  Charge distance=  0.0000 (partial c.d.=  0.0005)
SCF ITERATION NUMBER 10
     point #   1  energy = -48.500
     point #  20  energy = -37.470
     point #  40  energy = -17.414
     point #  60  energy = -11.397
New Fermi level:    mu= -11.397 eV  Charge distance=  0.0000 (partial c.d.=  0.0001)
Electronic configuration
  type     l     N_el
     0     0    0.398
     0     1    6.648
     0     2    2.419
     0     3    0.000
     1     0    0.398
     1     1    6.648
     1     2    2.419
     1     3    0.000
     2     0    1.854
     2     1    4.332
     2     2    0.083
     2     3    0.000
Charge transfer:  type  charge
       0   -0.536
       1   -0.536
       2    0.268
Convergence reached in   10 iterations.
Done with module: potentials.

Calculating screened core-hole potential ...
FMS for a cluster of   22 atoms around iph =   0
    0% of energy integration
   20%
   40%
   60%
   80%
  100%
Preparing response function.
Computing (1 - K Chi0)^-1 v_ch
Done with module: screened core-hole potential.

Calculating cross-section and phases ...
    absorption cross section
 x0,dx,rnrm,inrm,jnrm   8.80000000000000       5.000000000000000E-002
   2.62458776200013              196         197
    phase shifts for unique potential    0
    phase shifts for unique potential    1
    phase shifts for unique potential    2
Done with module: cross-section and phases (XSPH).

FMS calculation of full Green's function ...
FEFF-serial using 1 thread.
Using   108 energy points.
xprep done
FMS for a cluster of  176 atoms
Energy point    1/ 108
Energy point   10/ 108
Energy point   20/ 108
Energy point   30/ 108
Energy point   40/ 108
Energy point   50/ 108
Energy point   60/ 108
Energy point   70/ 108
Energy point   80/ 108
Energy point   90/ 108
Energy point  100/ 108
Done with module: FMS.

MKGTR: Tracing over Green's function ...
Done with module: MKGTR.

Pathfinder: finding scattering paths...
Preparing plane wave scattering amplitudes
Searching for paths
Eliminating path degeneracies
0 paths retained.
Done with module: pathfinder.

Calculating EXAFS parameters ...
Done with module: EXAFS parameters (GENFMT).

Calculating XAS spectra ...
Done with module: XAS spectra (FF2X: DW + final sum over paths).

 
### feff ends at Thu Feb  1 22:37:52 EST 2018
 
