  -1.102479265       0.000000000    
  -1.098804334       0.000000000    
  -1.095129403       0.000000000    
  -1.091454472       0.000000000    
  -1.087779541       0.000000000    
  -1.084104610       0.000000000    
  -1.080429679       0.000000000    
  -1.076754749       0.000000000    
  -1.073079818       0.000000000    
  -1.069404887       0.000000000    
  -1.065729956       0.000000000    
  -1.062055025       0.000000000    
  -1.058380094       0.000000000    
  -1.054705163       0.000000000    
  -1.051030232       0.000000000    
  -1.047355301       0.000000000    
  -1.043680371       0.000000000    
  -1.040005440       0.000000000    
  -1.036330509       0.000000000    
  -1.032655578       0.000000000    
  -1.028980647       0.000000000    
  -1.025305716       0.000000000    
  -1.021630785       0.000000000    
  -1.017955854       0.000000000    
  -1.014280924       0.000000000    
  -1.010605993       0.000000000    
  -1.006931062       0.000000000    
  -1.003256131       0.000000000    
 -0.9995812000       0.000000000    
 -0.9959062691       0.000000000    
 -0.9922313383       0.000000000    
 -0.9885564074       0.000000000    
 -0.9848814765       0.000000000    
 -0.9812065456       0.000000000    
 -0.9775316147       0.000000000    
 -0.9738566838       0.000000000    
 -0.9701817530       0.000000000    
 -0.9665068221       0.000000000    
 -0.9628318912       0.000000000    
 -0.9591569603       0.000000000    
 -0.9554820294       0.000000000    
 -0.9518070986       0.000000000    
 -0.9481321677       0.000000000    
 -0.9444572368       0.000000000    
 -0.9407823059       0.000000000    
 -0.9371073750       0.000000000    
 -0.9334324441       0.000000000    
 -0.9297575133       0.000000000    
 -0.9260825824       0.000000000    
 -0.9224076515       0.000000000    
 -0.9187327206       0.000000000    
 -0.9150577897       0.000000000    
 -0.9113828588       0.000000000    
 -0.9077079280       0.000000000    
 -0.9040329971       0.000000000    
 -0.9003580662       0.000000000    
 -0.8966831353       0.000000000    
 -0.8930082044       0.000000000    
 -0.8893332736       0.000000000    
 -0.8856583427       0.000000000    
 -0.8819834118       0.000000000    
 -0.8783084809       0.000000000    
 -0.8746335500       0.000000000    
 -0.8709586191       0.000000000    
 -0.8672836883       0.000000000    
 -0.8636087574       0.000000000    
 -0.8599338265       0.000000000    
 -0.8562588956       0.000000000    
 -0.8525839647       0.000000000    
 -0.8489090338       0.000000000    
 -0.8452341030       0.000000000    
 -0.8415591721       0.000000000    
 -0.8378842412       0.000000000    
 -0.8342093103       0.000000000    
 -0.8305343794       0.000000000    
 -0.8268594486       0.000000000    
 -0.8231845177       0.000000000    
 -0.8195095868       0.000000000    
 -0.8158346559       0.000000000    
 -0.8121597250       0.000000000    
 -0.8084847941       0.000000000    
 -0.8048098633       0.000000000    
 -0.8011349324       0.000000000    
 -0.7974600015       0.000000000    
 -0.7937850706       0.000000000    
 -0.7901101397       0.000000000    
 -0.7864352088       0.000000000    
 -0.7827602780       0.000000000    
 -0.7790853471       0.000000000    
 -0.7754104162       0.000000000    
 -0.7717354853       0.000000000    
 -0.7680605544       0.000000000    
 -0.7643856235       0.000000000    
 -0.7607106927       0.000000000    
 -0.7570357618       0.000000000    
 -0.7533608309       0.000000000    
 -0.7496859000       0.000000000    
 -0.7460109691       0.000000000    
 -0.7423360383       0.000000000    
 -0.7386611074       0.000000000    
 -0.7349861765       0.000000000    
 -0.7313112456       0.000000000    
 -0.7276363147       0.000000000    
 -0.7239613838       0.000000000    
 -0.7202864530       0.000000000    
 -0.7166115221       0.000000000    
 -0.7129365912       0.000000000    
 -0.7092616603       0.000000000    
 -0.7055867294       0.000000000    
 -0.7019117985       0.000000000    
 -0.6982368677       0.000000000    
 -0.6945619368       0.000000000    
 -0.6908870059       0.000000000    
 -0.6872120750       0.000000000    
 -0.6835371441       0.000000000    
 -0.6798622133       0.000000000    
 -0.6761872824       0.000000000    
 -0.6725123515       0.000000000    
 -0.6688374206       0.000000000    
 -0.6651624897       0.000000000    
 -0.6614875588       0.000000000    
 -0.6578126280       0.000000000    
 -0.6541376971       0.000000000    
 -0.6504627662       0.000000000    
 -0.6467878353       0.000000000    
 -0.6431129044       0.000000000    
 -0.6394379735       0.000000000    
 -0.6357630427       0.000000000    
 -0.6320881118       0.000000000    
 -0.6284131809       0.000000000    
 -0.6247382500       0.000000000    
 -0.6210633191       0.000000000    
 -0.6173883883       1.115948889    
 -0.6137134574       8.457734084    
 -0.6100385265       21.36501321    
 -0.6063635956       42.05522847    
 -0.6026886647       62.25713280    
 -0.5990137338       78.45515399    
 -0.5953388030       85.72835215    
 -0.5916638721       113.7420012    
 -0.5879889412       168.4424633    
 -0.5843140103       224.1143187    
 -0.5806390794       178.3617470    
 -0.5769641485       94.55598459    
 -0.5732892177       9.804766923    
 -0.5696142868       0.000000000    
 -0.5659393559       0.000000000    
 -0.5622644250       0.000000000    
 -0.5585894941       0.000000000    
 -0.5549145632       0.000000000    
 -0.5512396324       0.000000000    
 -0.5475647015       0.000000000    
 -0.5438897706       0.000000000    
 -0.5402148397       0.000000000    
 -0.5365399088       0.000000000    
 -0.5328649780       0.000000000    
 -0.5291900471       0.000000000    
 -0.5255151162       0.000000000    
 -0.5218401853       0.000000000    
 -0.5181652544       0.000000000    
 -0.5144903235       0.000000000    
 -0.5108153927       0.000000000    
 -0.5071404618       0.000000000    
 -0.5034655309       0.000000000    
 -0.4997906000       0.000000000    
 -0.4961156691       0.000000000    
 -0.4924407382       0.000000000    
 -0.4887658074       0.000000000    
 -0.4850908765       0.000000000    
 -0.4814159456       0.000000000    
 -0.4777410147       0.000000000    
 -0.4740660838       0.000000000    
 -0.4703911530       0.000000000    
 -0.4667162221       0.000000000    
 -0.4630412912       0.000000000    
 -0.4593663603       0.000000000    
 -0.4556914294       0.000000000    
 -0.4520164985       0.000000000    
 -0.4483415677       0.000000000    
 -0.4446666368       0.000000000    
 -0.4409917059       0.000000000    
 -0.4373167750       0.000000000    
 -0.4336418441       0.000000000    
 -0.4299669132       0.000000000    
 -0.4262919824       0.000000000    
 -0.4226170515       0.000000000    
 -0.4189421206       0.000000000    
 -0.4152671897       0.000000000    
 -0.4115922588       0.000000000    
 -0.4079173280       0.000000000    
 -0.4042423971       0.000000000    
 -0.4005674662       0.000000000    
 -0.3968925353       0.000000000    
 -0.3932176044       0.000000000    
 -0.3895426735       0.000000000    
 -0.3858677427       0.000000000    
 -0.3821928118       0.000000000    
 -0.3785178809       0.000000000    
 -0.3748429500       0.000000000    
 -0.3711680191       0.000000000    
 -0.3674930882       0.000000000    
 -0.3638181574       0.000000000    
 -0.3601432265       0.000000000    
 -0.3564682956       0.000000000    
 -0.3527933647       0.000000000    
 -0.3491184338       0.000000000    
 -0.3454435030       0.000000000    
 -0.3417685721       0.000000000    
 -0.3380936412       0.000000000    
 -0.3344187103       0.000000000    
 -0.3307437794       0.000000000    
 -0.3270688485       0.000000000    
 -0.3233939177       0.000000000    
 -0.3197189868       0.000000000    
 -0.3160440559       0.000000000    
 -0.3123691250       0.000000000    
 -0.3086941941       0.000000000    
 -0.3050192632       0.000000000    
 -0.3013443324       0.000000000    
 -0.2976694015       0.000000000    
 -0.2939944706       0.000000000    
 -0.2903195397       0.000000000    
 -0.2866446088       0.000000000    
 -0.2829696779       0.000000000    
 -0.2792947471       0.000000000    
 -0.2756198162       0.000000000    
 -0.2719448853       0.000000000    
 -0.2682699544       0.000000000    
 -0.2645950235       0.000000000    
 -0.2609200927       0.000000000    
 -0.2572451618      0.3208929741E-01
 -0.2535702309       1.886297070    
 -0.2498953000       5.601274006    
 -0.2462203691       11.05020074    
 -0.2425454382       23.15678525    
 -0.2388705074       45.10155877    
 -0.2351955765       73.37561300    
 -0.2315206456       89.45696448    
 -0.2278457147       90.56583937    
 -0.2241707838       73.04262246    
 -0.2204958529       54.17780637    
 -0.2168209221       34.79884386    
 -0.2131459912       32.49415567    
 -0.2094710603       61.47232905    
 -0.2057961294       83.67022869    
 -0.2021211985       89.00463866    
 -0.1984462677       79.20222974    
 -0.1947713368       97.04295640    
 -0.1910964059       138.9915623    
 -0.1874214750       133.5327935    
 -0.1837465441       106.4647022    
 -0.1800716132       66.79987007    
 -0.1763966824       94.21345954    
 -0.1727217515       134.3422024    
 -0.1690468206       154.0441083    
 -0.1653718897       143.5753083    
 -0.1616969588       131.2896183    
 -0.1580220279       138.9827454    
 -0.1543470971       141.0073443    
 -0.1506721662       119.9612761    
 -0.1469972353       93.12754951    
 -0.1433223044       76.25616568    
 -0.1396473735       96.64568475    
 -0.1359724427       124.4243540    
 -0.1322975118       141.0094972    
 -0.1286225809       127.2871705    
 -0.1249476500       88.70373742    
 -0.1212727191       48.67433808    
 -0.1175977882       15.68448991    
 -0.1139228574       4.382598356    
 -0.1102479265      0.8345267760    
 -0.1065729956       0.000000000    
 -0.1028980647       0.000000000    
 -0.9922313383E-01   0.000000000    
 -0.9554820294E-01   0.000000000    
 -0.9187327206E-01   0.000000000    
 -0.8819834118E-01   0.000000000    
 -0.8452341030E-01   0.000000000    
 -0.8084847941E-01  0.2494353374    
 -0.7717354853E-01   10.69383525    
 -0.7349861765E-01   30.16927069    
 -0.6982368677E-01   46.66880825    
 -0.6614875588E-01   58.96567307    
 -0.6247382500E-01   125.5050355    
 -0.5879889412E-01   205.6454414    
 -0.5512396324E-01   279.2805369    
 -0.5144903235E-01   206.5589099    
 -0.4777410147E-01   169.5624105    
 -0.4409917059E-01   127.7939353    
 -0.4042423971E-01   152.7187076    
 -0.3674930882E-01   120.3405040    
 -0.3307437794E-01   67.49394210    
 -0.2939944706E-01   120.7808347    
 -0.2572451618E-01   148.0588905    
 -0.2204958529E-01   162.7715771    
 -0.1837465441E-01   79.54988088    
 -0.1469972353E-01   30.58960973    
 -0.1102479265E-01   18.35077220    
 -0.7349861765E-02   10.35459089    
 -0.3674930882E-02   4.522130413    
   0.000000000      0.2869582858    
  0.3674930882E-02  0.1025217170E-02
  0.7349861765E-02   28.30870657    
  0.1102479265E-01   81.29131477    
  0.1469972353E-01   131.2802888    
  0.1837465441E-01   136.7598696    
  0.2204958529E-01   97.11820734    
  0.2572451618E-01   50.12799351    
  0.2939944706E-01   16.34073142    
  0.3307437794E-01   2.999785438    
  0.3674930882E-01   0.000000000    
  0.4042423971E-01   0.000000000    
  0.4409917059E-01   0.000000000    
  0.4777410147E-01   0.000000000    
  0.5144903235E-01   0.000000000    
  0.5512396324E-01   0.000000000    
  0.5879889412E-01   0.000000000    
  0.6247382500E-01   0.000000000    
  0.6614875588E-01   0.000000000    
  0.6982368677E-01   0.000000000    
  0.7349861765E-01   0.000000000    
  0.7717354853E-01   0.000000000    
  0.8084847941E-01   0.000000000    
  0.8452341030E-01   0.000000000    
  0.8819834118E-01   0.000000000    
  0.9187327206E-01   0.000000000    
  0.9554820294E-01  0.3126912367E-01
  0.9922313383E-01  0.3876346118    
  0.1028980647       1.056281250    
  0.1065729956       1.849901861    
  0.1102479265       2.552380665    
  0.1139228574       3.163615142    
  0.1175977882       3.818933957    
  0.1212727191       4.482249465    
  0.1249476500       5.206257830    
  0.1286225809       6.033813130    
  0.1322975118       6.967991015    
  0.1359724427       8.004280530    
  0.1396473735       9.624533744    
  0.1433223044       14.22283779    
  0.1469972353       19.91381830    
  0.1506721662       26.84069811    
  0.1543470971       33.31822523    
  0.1580220279       42.90564611    
  0.1616969588       58.40170111    
  0.1653718897       65.98933338    
  0.1690468206       65.41726220    
  0.1727217515       53.83743427    
  0.1763966824       44.82844091    
  0.1800716132       40.55656601    
  0.1837465441       44.09171985    
  0.1874214750       47.96765589    
  0.1910964059       49.30679455    
  0.1947713368       46.14584498    
  0.1984462677       45.89948529    
  0.2021211985       48.66910947    
  0.2057961294       51.26393413    
  0.2094710603       54.98783045    
  0.2131459912       56.79334041    
  0.2168209221       52.44641961    
  0.2204958529       43.27154612    
  0.2241707838       29.87031737    
  0.2278457147       28.53835522    
  0.2315206456       37.68359994    
  0.2351955765       54.93205864    
  0.2388705074       66.22154507    
  0.2425454382       62.08387109    
  0.2462203691       54.21153601    
  0.2498953000       47.50702581    
  0.2535702309       51.19780762    
  0.2572451618       60.26862157    
  0.2609200927       53.10870990    
  0.2645950235       44.08146768    
  0.2682699544       34.89900758    
  0.2719448853       52.09723065    
  0.2756198162       82.74804584    
  0.2792947471       95.05844353    
  0.2829696779       91.75293833    
  0.2866446088       70.84619720    
  0.2903195397       69.45764306    
  0.2939944706       72.86105650    
  0.2976694015       76.77041461    
  0.3013443324       75.98755878    
  0.3050192632       86.98178267    
  0.3086941941       95.34232616    
  0.3123691250       92.22382058    
  0.3160440559       77.55532088    
  0.3197189868       79.29788250    
  0.3233939177       89.69625017    
  0.3270688485       97.19345828    
  0.3307437794       92.63534275    
  0.3344187103       82.38962992    
  0.3380936412       80.89916920    
  0.3417685721       77.56516296    
  0.3454435030       77.57920844    
  0.3491184338       72.33112175    
  0.3527933647       71.95261157    
  0.3564682956       77.15671644    
  0.3601432265       73.93712444    
  0.3638181574       56.07107492    
  0.3674930882       36.22440834    
  0.3711680191       25.34008774    
  0.3748429500       27.48361179    
  0.3785178809       32.60180347    
  0.3821928118       36.71805041    
  0.3858677427       40.97649496    
  0.3895426735       43.82506087    
  0.3932176044       46.52599550    
  0.3968925353       48.37938310    
  0.4005674662       47.80874722    
  0.4042423971       44.11242924    
  0.4079173280       40.04959612    
  0.4115922588       40.39345396    
  0.4152671897       43.92686493    
  0.4189421206       48.75502267    
  0.4226170515       50.19996375    
  0.4262919824       53.33671820    
  0.4299669132       56.85464840    
  0.4336418441       63.06356862    
  0.4373167750       67.03710533    
  0.4409917059       69.37870134    
  0.4446666368       61.76256803    
  0.4483415677       53.05755157    
  0.4520164985       50.16889967    
  0.4556914294       54.98485733    
  0.4593663603       62.47499144    
  0.4630412912       67.11286888    
  0.4667162221       69.59092130    
  0.4703911530       66.71682748    
  0.4740660838       61.26451753    
  0.4777410147       59.50360452    
  0.4814159456       64.71170774    
  0.4850908765       70.08763902    
  0.4887658074       74.34249531    
  0.4924407382       71.86003446    
  0.4961156691       69.33953805    
  0.4997906000       61.95735930    
  0.5034655309       59.78102829    
  0.5071404618       58.81732415    
  0.5108153927       62.30480539    
  0.5144903235       61.76349073    
  0.5181652544       61.06839349    
  0.5218401853       64.39327529    
  0.5255151162       71.52027749    
  0.5291900471       75.97136035    
  0.5328649780       71.40463299    
  0.5365399088       62.02000006    
  0.5402148397       52.63844279    
  0.5438897706       48.32914746    
  0.5475647015       50.49081786    
  0.5512396324       57.14478486    
  0.5549145632       62.32889800    
  0.5585894941       63.29711309    
  0.5622644250       63.72473117    
  0.5659393559       64.51250805    
  0.5696142868       66.70934340    
  0.5732892177       69.83256498    
  0.5769641485       69.71661292    
  0.5806390794       68.21384959    
  0.5843140103       63.72001517    
  0.5879889412       63.44771749    
  0.5916638721       64.36303138    
  0.5953388030       65.08714227    
  0.5990137338       66.22615855    
  0.6026886647       68.29853253    
  0.6063635956       69.84702055    
  0.6100385265       70.57236169    
  0.6137134574       69.86024585    
  0.6173883883       68.37368095    
  0.6210633191       67.26193545    
  0.6247382500       65.20678511    
  0.6284131809       65.40834281    
  0.6320881118       66.49773857    
  0.6357630427       69.21066825    
  0.6394379735       70.13315866    
  0.6431129044       69.26100641    
  0.6467878353       70.97455439    
  0.6504627662       77.26918277    
  0.6541376971       81.12922793    
  0.6578126280       79.93238941    
  0.6614875588       72.95906726    
  0.6651624897       68.21405464    
  0.6688374206       68.75516426    
  0.6725123515       73.88104506    
  0.6761872824       74.88575789    
  0.6798622133       75.95475183    
  0.6835371441       77.31849571    
  0.6872120750       80.89773389    
  0.6908870059       83.39567553    
  0.6945619368       86.42888305    
  0.6982368677       86.59455814    
  0.7019117985       81.39547683    
  0.7055867294       76.00919086    
  0.7092616603       77.29542833    
  0.7129365912       79.45187012    
  0.7166115221       77.21105295    
  0.7202864530       72.15919283    
  0.7239613838       69.71056414    
  0.7276363147       66.93540378    
  0.7313112456       67.33257292    
  0.7349861765       67.76008848    
  0.7386611074       70.06293128    
  0.7423360383       71.83635194    
  0.7460109691       71.72327049    
  0.7496859000       68.44278059    
  0.7533608309       61.46710044    
  0.7570357618       55.51069121    
  0.7607106927       54.19861828    
  0.7643856235       57.11505356    
  0.7680605544       60.56080847    
  0.7717354853       63.30880057    
  0.7754104162       65.95365582    
  0.7790853471       66.19345412    
  0.7827602780       63.54716356    
  0.7864352088       58.31732573    
  0.7901101397       53.98055459    
  0.7937850706       50.81816970    
  0.7974600015       50.85979352    
  0.8011349324       56.40314276    
  0.8048098633       65.93110104    
  0.8084847941       72.71721853    
  0.8121597250       76.69577880    
  0.8158346559       75.57173070    
  0.8195095868       70.65253368    
  0.8231845177       62.37123947    
  0.8268594486       56.87689561    
  0.8305343794       56.90498656    
  0.8342093103       61.94802982    
  0.8378842412       67.78397604    
  0.8415591721       74.61868882    
  0.8452341030       78.60514326    
  0.8489090338       79.32904910    
  0.8525839647       76.19721569    
  0.8562588956       70.99844195    
  0.8599338265       66.81709372    
  0.8636087574       67.27926162    
  0.8672836883       74.46418859    
  0.8709586191       82.84923478    
  0.8746335500       85.43288457    
  0.8783084809       81.42274761    
  0.8819834118       74.18071604    
  0.8856583427       72.13058927    
  0.8893332736       77.89774341    
  0.8930082044       83.92561028    
  0.8966831353       85.72240589    
  0.9003580662       83.48046099    
  0.9040329971       81.49820359    
  0.9077079280       80.29213811    
  0.9113828588       76.73473706    
  0.9150577897       76.70623602    
  0.9187327206       78.76661496    
  0.9224076515       79.17044801    
  0.9260825824       77.42860404    
  0.9297575133       76.07829050    
  0.9334324441       71.44861481    
  0.9371073750       67.69437205    
  0.9407823059       62.85596214    
  0.9444572368       67.27618597    
  0.9481321677       71.67877606    
  0.9518070986       78.35252975    
  0.9554820294       81.24107912    
  0.9591569603       83.28628486    
  0.9628318912       80.90675581    
  0.9665068221       74.95547266    
  0.9701817530       72.97957161    
  0.9738566838       75.98284278    
  0.9775316147       86.40386775    
  0.9812065456       90.90539130    
  0.9848814765       88.31118177    
  0.9885564074       78.70694732    
  0.9922313383       69.61962738    
  0.9959062691       65.34713734    
  0.9995812000       64.55966804    
   1.003256131       71.82897038    
   1.006931062       77.84904560    
   1.010605993       80.81961235    
   1.014280924       78.37200888    
   1.017955854       79.38410327    
   1.021630785       84.52566989    
   1.025305716       85.68672834    
   1.028980647       80.92561980    
   1.032655578       74.72459375    
   1.036330509       74.84187860    
   1.040005440       79.10678202    
   1.043680371       83.71902902    
   1.047355301       82.93145719    
   1.051030232       78.12093319    
   1.054705163       73.50663575    
   1.058380094       73.40472917    
   1.062055025       76.32188210    
   1.065729956       75.54363975    
   1.069404887       70.46778954    
   1.073079818       69.67437397    
   1.076754749       74.85848711    
   1.080429679       80.86031347    
   1.084104610       80.34288636    
   1.087779541       74.48510302    
   1.091454472       70.01454103    
   1.095129403       71.13971687    
   1.098804334       75.90902715    
   1.102479265       78.24252395    
   1.106154196       75.96131322    
   1.109829126       73.47249602    
   1.113504057       75.02744290    
   1.117178988       78.19679926    
   1.120853919       78.28845368    
   1.124528850       78.22888856    
   1.128203781       75.67240702    
   1.131878712       74.86761155    
   1.135553643       79.31469606    
   1.139228574       82.79407809    
   1.142903504       81.30074676    
   1.146578435       72.75679192    
   1.150253366       67.54212730    
   1.153928297       70.09245754    
   1.157603228       70.94502813    
   1.161278159       71.45661150    
   1.164953090       70.89889336    
   1.168628021       74.54938414    
   1.172302952       77.84412455    
   1.175977882       81.52896011    
   1.179652813       83.48558707    
   1.183327744       85.86327073    
   1.187002675       83.15751758    
   1.190677606       79.98508557    
   1.194352537       80.16378092    
   1.198027468       88.20927518    
   1.201702399       91.10264308    
   1.205377329       87.68990016    
   1.209052260       80.56197527    
   1.212727191       81.66879973    
   1.216402122       85.18590975    
   1.220077053       91.56378576    
   1.223751984       93.78153554    
   1.227426915       95.28706696    
   1.231101846       90.22813283    
   1.234776777       90.10131347    
   1.238451707       91.65092922    
   1.242126638       95.68321087    
   1.245801569       93.49765291    
   1.249476500       89.59957219    
   1.253151431       88.11997877    
   1.256826362       88.06718008    
   1.260501293       85.70487468    
   1.264176224       82.91792433    
   1.267851154       81.86010525    
   1.271526085       79.12492836    
   1.275201016       79.08658524    
   1.278875947       82.12819954    
   1.282550878       87.80615979    
   1.286225809       89.22875114    
   1.289900740       87.83927431    
   1.293575671       91.80173867    
   1.297250602       90.47797826    
   1.300925532       86.47358251    
   1.304600463       80.73954289    
   1.308275394       75.76539422    
   1.311950325       75.47812837    
   1.315625256       78.65783942    
   1.319300187       84.49265790    
   1.322975118       89.06451135    
   1.326650049       87.04780665    
   1.330324979       83.55109845    
   1.333999910       78.21104978    
   1.337674841       78.88174685    
   1.341349772       81.78157362    
   1.345024703       85.02997422    
   1.348699634       82.28587794    
   1.352374565       81.02701378    
   1.356049496       79.92234228    
   1.359724427       83.31499094    
   1.363399357       88.09147773    
   1.367074288       94.30337108    
   1.370749219       96.48944165    
   1.374424150       91.04492335    
   1.378099081       82.86984164    
   1.381774012       75.31552893    
   1.385448943       75.36904526    
   1.389123874       78.00867191    
   1.392798804       82.28792838    
   1.396473735       85.39884736    
   1.400148666       84.86481173    
   1.403823597       84.96343762    
   1.407498528       85.02546326    
   1.411173459       85.23655548    
   1.414848390       84.12624528    
   1.418523321       81.80402587    
   1.422198252       82.48825581    
   1.425873182       85.83343691    
   1.429548113       87.73634250    
   1.433223044       85.35189241    
   1.436897975       81.26650451    
   1.440572906       84.72938054    
   1.444247837       91.83608344    
   1.447922768       95.99938785    
   1.451597699       92.41943201    
   1.455272629       87.45738091    
   1.458947560       86.97696414    
   1.462622491       89.81732831    
   1.466297422       92.02995201    
   1.469972353       89.29067425    
   1.473647284       83.85784343    
   1.477322215       82.47246747    
   1.480997146       85.15710115    
   1.484672077       92.05086644    
   1.488347007       96.26953257    
   1.492021938       96.63204936    
   1.495696869       91.15082829    
   1.499371800       87.14858550    
   1.503046731       86.94856563    
   1.506721662       86.43390661    
   1.510396593       85.21287296    
   1.514071524       83.63291078    
   1.517746454       82.40295774    
   1.521421385       84.74178567    
   1.525096316       90.39944662    
   1.528771247       95.78378467    
   1.532446178       95.54880490    
   1.536121109       88.54298337    
   1.539796040       82.17925536    
   1.543470971       80.00015626    
   1.547145902       81.37661283    
   1.550820832       85.83394952    
   1.554495763       91.29323095    
   1.558170694       95.13430960    
   1.561845625       97.60600567    
   1.565520556       92.78666480    
   1.569195487       90.16149372    
   1.572870418       88.19912553    
   1.576545349       93.65943218    
   1.580220279       95.16650142    
   1.583895210       94.63902718    
   1.587570141       91.03005770    
   1.591245072       90.27939369    
   1.594920003       92.49745104    
   1.598594934       90.60520771    
   1.602269865       86.97019771    
   1.605944796       85.73491354    
   1.609619727       89.12141090    
   1.613294657       92.83505505    
   1.616969588       91.64734096    
   1.620644519       90.22351936    
   1.624319450       90.49017834    
   1.627994381       91.50381056    
   1.631669312       90.43809731    
   1.635344243       88.24884857    
   1.639019174       88.78913801    
   1.642694104       93.21910140    
   1.646369035       98.05648610    
   1.650043966       98.42074576    
   1.653718897       94.97427320    
   1.657393828       92.12068373    
   1.661068759       94.02687001    
   1.664743690       96.54357312    
   1.668418621       97.77239842    
   1.672093552       94.51384817    
   1.675768482       92.92301868    
   1.679443413       91.90015951    
   1.683118344       91.64283001    
   1.686793275       87.74269885    
   1.690468206       84.44795843    
   1.694143137       84.85015113    
   1.697818068       88.08614660    
   1.701492999       92.30255725    
   1.705167929       92.82675079    
   1.708842860       93.29958095    
   1.712517791       92.55968172    
   1.716192722       94.90168782    
   1.719867653       95.46924805    
   1.723542584       93.69264921    
   1.727217515       92.95736346    
   1.730892446       96.58991294    
   1.734567377       100.4310941    
   1.738242307       99.90126187    
   1.741917238       95.68577391    
   1.745592169       92.48412321    
   1.749267100       89.38284128    
   1.752942031       89.11628481    
   1.756616962       92.23817362    
   1.760291893       96.02696619    
   1.763966824       95.16967959    
   1.767641754       90.51304068    
   1.771316685       86.48875573    
   1.774991616       89.83157883    
   1.778666547       95.82756145    
   1.782341478       100.7796679    
   1.786016409       96.24420971    
   1.789691340       90.29805264    
   1.793366271       85.56964854    
   1.797041202       88.12172164    
   1.800716132       89.47962178    
   1.804391063       90.60028667    
   1.808065994       89.35054694    
   1.811740925       88.88438069    
   1.815415856       90.65626352    
   1.819090787       92.96484755    
   1.822765718       96.87799896    
   1.826440649       96.07033287    
   1.830115579       91.89134265    
   1.833790510       93.08633578    
   1.837465441       97.55761542    
   1.841140372       103.7776080    
   1.844815303       100.6215795    
   1.848490234       95.66403931    
   1.852165165       91.58777584    
   1.855840096       88.64663283    
   1.859515027       92.24104422    
   1.863189957       96.01558628    
   1.866864888       98.23805206    
   1.870539819       96.40096541    
   1.874214750       98.23210580    
   1.877889681       99.53823247    
   1.881564612       103.2411118    
   1.885239543       99.53505430    
   1.888914474       92.84633244    
   1.892589404       86.68221421    
   1.896264335       87.28247886    
   1.899939266       91.35197589    
   1.903614197       92.40036297    
   1.907289128       89.69194425    
   1.910964059       89.64868009    
   1.914638990       96.16967642    
   1.918313921       99.29833165    
   1.921988852       97.64752697    
   1.925663782       89.77385911    
   1.929338713       85.38439179    
   1.933013644       88.68938438    
   1.936688575       91.46167413    
   1.940363506       94.12190764    
   1.944038437       94.16701720    
   1.947713368       98.05710123    
   1.951388299       100.8858804    
   1.955063229       100.4707700    
   1.958738160       97.34252486    
   1.962413091       91.76790650    
   1.966088022       90.78861906    
   1.969762953       88.69492056    
   1.973437884       90.48464217    
   1.977112815       90.82337392    
   1.980787746       91.63452575    
   1.984462677       92.64908066    
   1.988137607       94.90179034    
   1.991812538       92.13636955    
   1.995487469       87.72004155    
   1.999162400       83.64285539    
   2.002837331       87.21061114    
   2.006512262       94.24360092    
   2.010187193       95.46237909    
   2.013862124       92.79989010    
   2.017537054       90.69593943    
   2.021211985       91.50247777    
   2.024886916       98.04336332    
   2.028561847       99.71344209    
   2.032236778       101.5378160    
   2.035911709       98.80110133    
   2.039586640       100.7843839    
   2.043261571       103.0980940    
   2.046936502       103.1508927    
   2.050611432       98.58190990    
   2.054286363       97.17469681    
   2.057961294       100.9647196    
   2.061636225       105.0018198    
   2.065311156       103.2242983    
   2.068986087       97.71570391    
   2.072661018       95.96596577    
   2.076335949       101.4270926    
   2.080010879       106.1297637    
   2.083685810       103.5528804    
   2.087360741       98.12127982    
   2.091035672       93.41389267    
   2.094710603       99.61809689    
   2.098385534       108.1775325    
   2.102060465       110.8018834    
   2.105735396       107.7678557    
   2.109410327       101.9938326    
   2.113085257       101.8169827    
   2.116760188       100.7177448    
   2.120435119       100.1812487    
   2.124110050       103.2763793    
   2.127784981       105.0744052    
   2.131459912       104.2962654    
   2.135134843       98.80489463    
   2.138809774       99.19058133    
   2.142484704       100.7947386    
   2.146159635       103.0938907    
   2.149834566       103.4630714    
   2.153509497       106.6442177    
   2.157184428       109.2115666    
   2.160859359       108.6796839    
   2.164534290       104.6626780    
   2.168209221       102.4418525    
   2.171884152       100.9336556    
   2.175559082       101.6525378    
   2.179234013       101.7057466    
   2.182908944       101.0397655    
   2.186583875       98.89962470    
   2.190258806       97.34324251    
   2.193933737       96.62630814    
   2.197608668       96.13143582    
   2.201283599       99.10046474    
   2.204958529       102.0041873    
   2.208633460       104.1971269    
   2.212308391       105.6178728    
   2.215983322       104.9881844    
   2.219658253       103.8616758    
   2.223333184       102.3535813    
   2.227008115       105.0713295    
   2.230683046       106.6520094    
   2.234357977       105.0762506    
   2.238032907       103.0164868    
   2.241707838       106.4268717    
   2.245382769       110.4775047    
   2.249057700       110.5980703    
   2.252732631       106.9436837    
   2.256407562       104.4553791    
   2.260082493       103.3392251    
   2.263757424       102.9672763    
   2.267432354       101.9376507    
   2.271107285       102.1436169    
   2.274782216       102.9772209    
   2.278457147       103.4612260    
   2.282132078       100.4644137    
   2.285807009       96.47631887    
   2.289481940       96.81310271    
   2.293156871       98.29464404    
   2.296831802       99.08190831    
   2.300506732       100.0675521    
   2.304181663       101.5243857    
   2.307856594       103.7333186    
   2.311531525       100.5700110    
   2.315206456       98.57791155    
   2.318881387       98.92105174    
   2.322556318       101.5336126    
   2.326231249       104.0577998    
   2.329906179       104.3601364    
   2.333581110       102.5867157    
   2.337256041       103.9186779    
   2.340930972       103.7642802    
   2.344605903       104.2834501    
   2.348280834       102.7415235    
   2.351955765       102.8946910    
   2.355630696       106.1802044    
   2.359305627       107.7595515    
   2.362980557       106.9141574    
   2.366655488       103.5904033    
   2.370330419       103.8062115    
   2.374005350       104.3430153    
   2.377680281       107.0813703    
   2.381355212       106.0004839    
   2.385030143       105.7255206    
   2.388705074       101.4090488    
   2.392380004       99.66033584    
   2.396054935       98.25630092    
   2.399729866       101.4544659    
   2.403404797       103.9547655    
   2.407079728       104.3461934    
   2.410754659       100.9335530    
   2.414429590       99.48102535    
   2.418104521       100.3259068    
   2.421779452       103.7580263    
   2.425454382       105.0756354    
   2.429129313       104.7143489    
   2.432804244       104.1885150    
   2.436479175       105.2338265    
   2.440154106       109.1167340    
   2.443829037       106.8194273    
   2.447503968       103.0814855    
   2.451178899       96.10385748    
   2.454853829       97.60210985    
   2.458528760       104.5955262    
   2.462203691       111.2043837    
   2.465878622       112.9344377    
   2.469553553       107.2888743    
   2.473228484       103.6246456    
   2.476903415       96.47191044    
   2.480578346       88.60972501    
   2.484253277       80.64522291    
   2.487928207       73.85285159    
   2.491603138       67.56478460    
   2.495278069       60.38611146    
   2.498953000       52.64182601    
   2.502627931       46.46437995    
   2.506302862       41.70942272    
   2.509977793       40.34649901    
   2.513652724       37.20215795    
   2.517327654       30.76594708    
   2.521002585       22.59783685    
   2.524677516       16.17546641    
   2.528352447       12.77892193    
   2.532027378       9.790003796    
   2.535702309       7.211275049    
   2.539377240       4.977941967    
   2.543052171       3.264188946    
   2.546727102       1.798743524    
   2.550402032      0.7228806263    
   2.554076963      0.2071963900    
   2.557751894      0.2050434339E-02
   2.561426825       0.000000000    
   2.565101756       0.000000000    
   2.568776687       0.000000000    
   2.572451618       0.000000000    
   2.576126549       0.000000000    
   2.579801479       0.000000000    
   2.583476410       0.000000000    
   2.587151341       0.000000000    
   2.590826272       0.000000000    
   2.594501203       0.000000000    
   2.598176134       0.000000000    
   2.601851065       0.000000000    
   2.605525996       0.000000000    
   2.609200927       0.000000000    
   2.612875857       0.000000000    
   2.616550788       0.000000000    
   2.620225719       0.000000000    
   2.623900650       0.000000000    
   2.627575581       0.000000000    
   2.631250512       0.000000000    
   2.634925443       0.000000000    
   2.638600374       0.000000000    
   2.642275304       0.000000000    
   2.645950235       0.000000000    
   2.649625166       0.000000000    
   2.653300097       0.000000000    
   2.656975028       0.000000000    
   2.660649959       0.000000000    
   2.664324890       0.000000000    
   2.667999821       0.000000000    
   2.671674752       0.000000000    
   2.675349682       0.000000000    
   2.679024613       0.000000000    
   2.682699544       0.000000000    
   2.686374475       0.000000000    
   2.690049406       0.000000000    
   2.693724337       0.000000000    
   2.697399268       0.000000000    
   2.701074199       0.000000000    
   2.704749129       0.000000000    
   2.708424060       0.000000000    
   2.712098991       0.000000000    
   2.715773922       0.000000000    
   2.719448853       0.000000000    
   2.723123784       0.000000000    
   2.726798715       0.000000000    
   2.730473646       0.000000000    
   2.734148577       0.000000000    
   2.737823507       0.000000000    
   2.741498438       0.000000000    
   2.745173369       0.000000000    
   2.748848300       0.000000000    
   2.752523231       0.000000000    
   2.756198162       0.000000000    
   2.759873093       0.000000000    
   2.763548024       0.000000000    
   2.767222954       0.000000000    
   2.770897885       0.000000000    
   2.774572816       0.000000000    
   2.778247747       0.000000000    
   2.781922678       0.000000000    
   2.785597609       0.000000000    
   2.789272540       0.000000000    
   2.792947471       0.000000000    
   2.796622402       0.000000000    
   2.800297332       0.000000000    
   2.803972263       0.000000000    
   2.807647194       0.000000000    
   2.811322125       0.000000000    
   2.814997056       0.000000000    
   2.818671987       0.000000000    
   2.822346918       0.000000000    
   2.826021849       0.000000000    
   2.829696779       0.000000000    
   2.833371710       0.000000000    
   2.837046641       0.000000000    
   2.840721572       0.000000000    
   2.844396503       0.000000000    
   2.848071434       0.000000000    
   2.851746365       0.000000000    
   2.855421296       0.000000000    
   2.859096227       0.000000000    
   2.862771157       0.000000000    
   2.866446088       0.000000000    
   2.870121019       0.000000000    
   2.873795950       0.000000000    
   2.877470881       0.000000000    
   2.881145812       0.000000000    
   2.884820743       0.000000000    
   2.888495674       0.000000000    
   2.892170604       0.000000000    
   2.895845535       0.000000000    
   2.899520466       0.000000000    
   2.903195397       0.000000000    
   2.906870328       0.000000000    
   2.910545259       0.000000000    
   2.914220190       0.000000000    
   2.917895121       0.000000000    
   2.921570052       0.000000000    
   2.925244982       0.000000000    
   2.928919913       0.000000000    
   2.932594844       0.000000000    
   2.936269775       0.000000000    
   2.939944706       0.000000000    
   2.943619637       0.000000000    
   2.947294568       0.000000000    
   2.950969499       0.000000000    
   2.954644429       0.000000000    
   2.958319360       0.000000000    
   2.961994291       0.000000000    
   2.965669222       0.000000000    
   2.969344153       0.000000000    
   2.973019084       0.000000000    
   2.976694015       0.000000000    
   2.980368946       0.000000000    
   2.984043877       0.000000000    
   2.987718807       0.000000000    
   2.991393738       0.000000000    
   2.995068669       0.000000000    
   2.998743600       0.000000000    
   3.002418531       0.000000000    
   3.006093462       0.000000000    
   3.009768393       0.000000000    
   3.013443324       0.000000000    
   3.017118254       0.000000000    
   3.020793185       0.000000000    
   3.024468116       0.000000000    
   3.028143047       0.000000000    
   3.031817978       0.000000000    
   3.035492909       0.000000000    
   3.039167840       0.000000000    
   3.042842771       0.000000000    
   3.046517702       0.000000000    
   3.050192632       0.000000000    
   3.053867563       0.000000000    
   3.057542494       0.000000000    
   3.061217425       0.000000000    
   3.064892356       0.000000000    
   3.068567287       0.000000000    
   3.072242218       0.000000000    
   3.075917149       0.000000000    
   3.079592079       0.000000000    
   3.083267010       0.000000000    
   3.086941941       0.000000000    
   3.090616872       0.000000000    
   3.094291803       0.000000000    
   3.097966734       0.000000000    
   3.101641665       0.000000000    
   3.105316596       0.000000000    
   3.108991527       0.000000000    
   3.112666457       0.000000000    
   3.116341388       0.000000000    
   3.120016319       0.000000000    
   3.123691250       0.000000000    
   3.127366181       0.000000000    
   3.131041112       0.000000000    
   3.134716043       0.000000000    
   3.138390974       0.000000000    
   3.142065904       0.000000000    
   3.145740835       0.000000000    
   3.149415766       0.000000000    
   3.153090697       0.000000000    
   3.156765628       0.000000000    
   3.160440559       0.000000000    
   3.164115490       0.000000000    
   3.167790421       0.000000000    
   3.171465352       0.000000000    
   3.175140282       0.000000000    
   3.178815213       0.000000000    
   3.182490144       0.000000000    
   3.186165075       0.000000000    
   3.189840006       0.000000000    
   3.193514937       0.000000000    
   3.197189868       0.000000000    
   3.200864799       0.000000000    
   3.204539729       0.000000000    
   3.208214660       0.000000000    
   3.211889591       0.000000000    
   3.215564522       0.000000000    
   3.219239453       0.000000000    
   3.222914384       0.000000000    
   3.226589315       0.000000000    
   3.230264246       0.000000000    
   3.233939177       0.000000000    
   3.237614107       0.000000000    
   3.241289038       0.000000000    
   3.244963969       0.000000000    
   3.248638900       0.000000000    
   3.252313831       0.000000000    
   3.255988762       0.000000000    
   3.259663693       0.000000000    
   3.263338624       0.000000000    
   3.267013554       0.000000000    
   3.270688485       0.000000000    
   3.274363416       0.000000000    
   3.278038347       0.000000000    
   3.281713278       0.000000000    
   3.285388209       0.000000000    
   3.289063140       0.000000000    
   3.292738071       0.000000000    
   3.296413002       0.000000000    
   3.300087932       0.000000000    
   3.303762863       0.000000000    
   3.307437794       0.000000000    
     
  -1.102479265       0.000000000    
  -1.098804334       0.000000000    
  -1.095129403       0.000000000    
  -1.091454472       0.000000000    
  -1.087779541       0.000000000    
  -1.084104610       0.000000000    
  -1.080429679       0.000000000    
  -1.076754749       0.000000000    
  -1.073079818       0.000000000    
  -1.069404887       0.000000000    
  -1.065729956       0.000000000    
  -1.062055025       0.000000000    
  -1.058380094       0.000000000    
  -1.054705163       0.000000000    
  -1.051030232       0.000000000    
  -1.047355301       0.000000000    
  -1.043680371       0.000000000    
  -1.040005440       0.000000000    
  -1.036330509       0.000000000    
  -1.032655578       0.000000000    
  -1.028980647       0.000000000    
  -1.025305716       0.000000000    
  -1.021630785       0.000000000    
  -1.017955854       0.000000000    
  -1.014280924       0.000000000    
  -1.010605993       0.000000000    
  -1.006931062       0.000000000    
  -1.003256131       0.000000000    
 -0.9995812000       0.000000000    
 -0.9959062691       0.000000000    
 -0.9922313383       0.000000000    
 -0.9885564074       0.000000000    
 -0.9848814765       0.000000000    
 -0.9812065456       0.000000000    
 -0.9775316147       0.000000000    
 -0.9738566838       0.000000000    
 -0.9701817530       0.000000000    
 -0.9665068221       0.000000000    
 -0.9628318912       0.000000000    
 -0.9591569603       0.000000000    
 -0.9554820294       0.000000000    
 -0.9518070986       0.000000000    
 -0.9481321677       0.000000000    
 -0.9444572368       0.000000000    
 -0.9407823059       0.000000000    
 -0.9371073750       0.000000000    
 -0.9334324441       0.000000000    
 -0.9297575133       0.000000000    
 -0.9260825824       0.000000000    
 -0.9224076515       0.000000000    
 -0.9187327206       0.000000000    
 -0.9150577897       0.000000000    
 -0.9113828588       0.000000000    
 -0.9077079280       0.000000000    
 -0.9040329971       0.000000000    
 -0.9003580662       0.000000000    
 -0.8966831353       0.000000000    
 -0.8930082044       0.000000000    
 -0.8893332736       0.000000000    
 -0.8856583427       0.000000000    
 -0.8819834118       0.000000000    
 -0.8783084809       0.000000000    
 -0.8746335500       0.000000000    
 -0.8709586191       0.000000000    
 -0.8672836883       0.000000000    
 -0.8636087574       0.000000000    
 -0.8599338265       0.000000000    
 -0.8562588956       0.000000000    
 -0.8525839647       0.000000000    
 -0.8489090338       0.000000000    
 -0.8452341030       0.000000000    
 -0.8415591721       0.000000000    
 -0.8378842412       0.000000000    
 -0.8342093103       0.000000000    
 -0.8305343794       0.000000000    
 -0.8268594486       0.000000000    
 -0.8231845177       0.000000000    
 -0.8195095868       0.000000000    
 -0.8158346559       0.000000000    
 -0.8121597250       0.000000000    
 -0.8084847941       0.000000000    
 -0.8048098633       0.000000000    
 -0.8011349324       0.000000000    
 -0.7974600015       0.000000000    
 -0.7937850706       0.000000000    
 -0.7901101397       0.000000000    
 -0.7864352088       0.000000000    
 -0.7827602780       0.000000000    
 -0.7790853471       0.000000000    
 -0.7754104162       0.000000000    
 -0.7717354853       0.000000000    
 -0.7680605544       0.000000000    
 -0.7643856235       0.000000000    
 -0.7607106927       0.000000000    
 -0.7570357618       0.000000000    
 -0.7533608309       0.000000000    
 -0.7496859000       0.000000000    
 -0.7460109691       0.000000000    
 -0.7423360383       0.000000000    
 -0.7386611074       0.000000000    
 -0.7349861765       0.000000000    
 -0.7313112456       0.000000000    
 -0.7276363147       0.000000000    
 -0.7239613838       0.000000000    
 -0.7202864530       0.000000000    
 -0.7166115221       0.000000000    
 -0.7129365912       0.000000000    
 -0.7092616603       0.000000000    
 -0.7055867294       0.000000000    
 -0.7019117985       0.000000000    
 -0.6982368677       0.000000000    
 -0.6945619368       0.000000000    
 -0.6908870059       0.000000000    
 -0.6872120750       0.000000000    
 -0.6835371441       0.000000000    
 -0.6798622133       0.000000000    
 -0.6761872824       0.000000000    
 -0.6725123515       0.000000000    
 -0.6688374206       0.000000000    
 -0.6651624897       0.000000000    
 -0.6614875588       0.000000000    
 -0.6578126280       0.000000000    
 -0.6541376971       0.000000000    
 -0.6504627662       0.000000000    
 -0.6467878353       0.000000000    
 -0.6431129044       0.000000000    
 -0.6394379735       0.000000000    
 -0.6357630427       0.000000000    
 -0.6320881118       0.000000000    
 -0.6284131809       0.000000000    
 -0.6247382500       0.000000000    
 -0.6210633191       0.000000000    
 -0.6173883883       0.000000000    
 -0.6137134574      -4.167815359    
 -0.6100385265      -15.03409214    
 -0.6063635956      -33.49435754    
 -0.6026886647      -58.31701817    
 -0.5990137338      -78.28886376    
 -0.5953388030      -90.82880757    
 -0.5916638721      -116.4949144    
 -0.5879889412      -269.4956592    
 -0.5843140103      -238.4954500    
 -0.5806390794      -183.8388672    
 -0.5769641485       0.000000000    
 -0.5732892177       0.000000000    
 -0.5696142868       0.000000000    
 -0.5659393559       0.000000000    
 -0.5622644250       0.000000000    
 -0.5585894941       0.000000000    
 -0.5549145632       0.000000000    
 -0.5512396324       0.000000000    
 -0.5475647015       0.000000000    
 -0.5438897706       0.000000000    
 -0.5402148397       0.000000000    
 -0.5365399088       0.000000000    
 -0.5328649780       0.000000000    
 -0.5291900471       0.000000000    
 -0.5255151162       0.000000000    
 -0.5218401853       0.000000000    
 -0.5181652544       0.000000000    
 -0.5144903235       0.000000000    
 -0.5108153927       0.000000000    
 -0.5071404618       0.000000000    
 -0.5034655309       0.000000000    
 -0.4997906000       0.000000000    
 -0.4961156691       0.000000000    
 -0.4924407382       0.000000000    
 -0.4887658074       0.000000000    
 -0.4850908765       0.000000000    
 -0.4814159456       0.000000000    
 -0.4777410147       0.000000000    
 -0.4740660838       0.000000000    
 -0.4703911530       0.000000000    
 -0.4667162221       0.000000000    
 -0.4630412912       0.000000000    
 -0.4593663603       0.000000000    
 -0.4556914294       0.000000000    
 -0.4520164985       0.000000000    
 -0.4483415677       0.000000000    
 -0.4446666368       0.000000000    
 -0.4409917059       0.000000000    
 -0.4373167750       0.000000000    
 -0.4336418441       0.000000000    
 -0.4299669132       0.000000000    
 -0.4262919824       0.000000000    
 -0.4226170515       0.000000000    
 -0.4189421206       0.000000000    
 -0.4152671897       0.000000000    
 -0.4115922588       0.000000000    
 -0.4079173280       0.000000000    
 -0.4042423971       0.000000000    
 -0.4005674662       0.000000000    
 -0.3968925353       0.000000000    
 -0.3932176044       0.000000000    
 -0.3895426735       0.000000000    
 -0.3858677427       0.000000000    
 -0.3821928118       0.000000000    
 -0.3785178809       0.000000000    
 -0.3748429500       0.000000000    
 -0.3711680191       0.000000000    
 -0.3674930882       0.000000000    
 -0.3638181574       0.000000000    
 -0.3601432265       0.000000000    
 -0.3564682956       0.000000000    
 -0.3527933647       0.000000000    
 -0.3491184338       0.000000000    
 -0.3454435030       0.000000000    
 -0.3417685721       0.000000000    
 -0.3380936412       0.000000000    
 -0.3344187103       0.000000000    
 -0.3307437794       0.000000000    
 -0.3270688485       0.000000000    
 -0.3233939177       0.000000000    
 -0.3197189868       0.000000000    
 -0.3160440559       0.000000000    
 -0.3123691250       0.000000000    
 -0.3086941941       0.000000000    
 -0.3050192632       0.000000000    
 -0.3013443324       0.000000000    
 -0.2976694015       0.000000000    
 -0.2939944706       0.000000000    
 -0.2903195397       0.000000000    
 -0.2866446088       0.000000000    
 -0.2829696779       0.000000000    
 -0.2792947471       0.000000000    
 -0.2756198162       0.000000000    
 -0.2719448853       0.000000000    
 -0.2682699544       0.000000000    
 -0.2645950235       0.000000000    
 -0.2609200927       0.000000000    
 -0.2572451618       0.000000000    
 -0.2535702309       0.000000000    
 -0.2498953000       0.000000000    
 -0.2462203691       0.000000000    
 -0.2425454382       0.000000000    
 -0.2388705074      -1.106106804    
 -0.2351955765      -4.787046530    
 -0.2315206456      -10.72982037    
 -0.2278457147      -29.06101093    
 -0.2241707838      -55.91103852    
 -0.2204958529      -86.06247043    
 -0.2168209221      -100.4835852    
 -0.2131459912      -91.96731124    
 -0.2094710603      -68.85112459    
 -0.2057961294      -51.56063198    
 -0.2021211985      -75.58557113    
 -0.1984462677      -99.17838124    
 -0.1947713368      -107.3676110    
 -0.1910964059      -92.89462017    
 -0.1874214750      -103.9191905    
 -0.1837465441      -127.2614375    
 -0.1800716132      -125.1529759    
 -0.1763966824      -101.7354779    
 -0.1727217515      -78.81049426    
 -0.1690468206      -98.48482183    
 -0.1653718897      -117.7455768    
 -0.1616969588      -131.2041152    
 -0.1580220279      -116.1494162    
 -0.1543470971      -109.8406398    
 -0.1506721662      -103.4729134    
 -0.1469972353      -108.7464255    
 -0.1433223044      -116.9954254    
 -0.1396473735      -128.2955741    
 -0.1359724427      -114.9019319    
 -0.1322975118      -98.37553368    
 -0.1286225809      -113.5042534    
 -0.1249476500      -145.6119022    
 -0.1212727191      -167.7398820    
 -0.1175977882      -116.0793939    
 -0.1139228574      -58.26278418    
 -0.1102479265      -7.282322599    
 -0.1065729956     -0.2487176853    
 -0.1028980647       0.000000000    
 -0.9922313383E-01   0.000000000    
 -0.9554820294E-01   0.000000000    
 -0.9187327206E-01   0.000000000    
 -0.8819834118E-01   0.000000000    
 -0.8452341030E-01   0.000000000    
 -0.8084847941E-01   0.000000000    
 -0.7717354853E-01   0.000000000    
 -0.7349861765E-01   0.000000000    
 -0.6982368677E-01   0.000000000    
 -0.6614875588E-01   0.000000000    
 -0.6247382500E-01   0.000000000    
 -0.5879889412E-01   0.000000000    
 -0.5512396324E-01   0.000000000    
 -0.5144903235E-01   0.000000000    
 -0.4777410147E-01   0.000000000    
 -0.4409917059E-01   0.000000000    
 -0.4042423971E-01   0.000000000    
 -0.3674930882E-01   0.000000000    
 -0.3307437794E-01   0.000000000    
 -0.2939944706E-01   0.000000000    
 -0.2572451618E-01   0.000000000    
 -0.2204958529E-01   0.000000000    
 -0.1837465441E-01   0.000000000    
 -0.1469972353E-01   0.000000000    
 -0.1102479265E-01   0.000000000    
 -0.7349861765E-02   0.000000000    
 -0.3674930882E-02   0.000000000    
   0.000000000       0.000000000    
  0.3674930882E-02   0.000000000    
  0.7349861765E-02   0.000000000    
  0.1102479265E-01   0.000000000    
  0.1469972353E-01   0.000000000    
  0.1837465441E-01   0.000000000    
  0.2204958529E-01   0.000000000    
  0.2572451618E-01   0.000000000    
  0.2939944706E-01   0.000000000    
  0.3307437794E-01   0.000000000    
  0.3674930882E-01   0.000000000    
  0.4042423971E-01 -0.2028904779    
  0.4409917059E-01  -4.351534276    
  0.4777410147E-01  -15.97062802    
  0.5144903235E-01  -34.28315963    
  0.5512396324E-01  -43.30014968    
  0.5879889412E-01  -43.51698311    
  0.6247382500E-01  -36.35297057    
  0.6614875588E-01  -40.17908105    
  0.6982368677E-01  -57.64775640    
  0.7349861765E-01  -94.06141983    
  0.7717354853E-01  -130.8730726    
  0.8084847941E-01  -186.9801326    
  0.8452341030E-01  -215.9632270    
  0.8819834118E-01  -246.8577363    
  0.9187327206E-01  -255.3850827    
  0.9554820294E-01  -263.3627076    
  0.9922313383E-01  -242.7323650    
  0.1028980647      -200.2217350    
  0.1065729956      -168.4049404    
  0.1102479265      -139.8924206    
  0.1139228574      -112.8806138    
  0.1175977882      -76.69905950    
  0.1212727191      -53.65084474    
  0.1249476500      -34.44053046    
  0.1286225809      -17.71616278    
  0.1322975118      -5.209333482    
  0.1359724427     -0.3075651509E-02
  0.1396473735       0.000000000    
  0.1433223044       0.000000000    
  0.1469972353       0.000000000    
  0.1506721662     -0.1277420593    
  0.1543470971      -1.870508726    
  0.1580220279      -3.751782232    
  0.1616969588      -5.841174824    
  0.1653718897      -6.388948357    
  0.1690468206      -7.019456917    
  0.1727217515      -7.679491730    
  0.1763966824      -9.379814406    
  0.1800716132      -13.08843500    
  0.1837465441      -19.21800341    
  0.1874214750      -26.17358930    
  0.1910964059      -32.45365959    
  0.1947713368      -38.99577539    
  0.1984462677      -47.57520275    
  0.2021211985      -54.27315157    
  0.2057961294      -60.62888289    
  0.2094710603      -63.38979272    
  0.2131459912      -65.27926797    
  0.2168209221      -65.96575338    
  0.2204958529      -69.01751733    
  0.2241707838      -70.53791440    
  0.2278457147      -65.85369715    
  0.2315206456      -58.31250721    
  0.2351955765      -57.13125199    
  0.2388705074      -60.09166909    
  0.2425454382      -55.98690459    
  0.2462203691      -47.60575423    
  0.2498953000      -35.21159630    
  0.2535702309      -32.86261872    
  0.2572451618      -40.70429981    
  0.2609200927      -54.11147482    
  0.2645950235      -64.44904710    
  0.2682699544      -67.74450517    
  0.2719448853      -67.66197519    
  0.2756198162      -70.04816815    
  0.2792947471      -66.81914416    
  0.2829696779      -60.61945089    
  0.2866446088      -53.51633625    
  0.2903195397      -55.82122949    
  0.2939944706      -69.17222260    
  0.2976694015      -79.04547403    
  0.3013443324      -89.72659659    
  0.3050192632      -91.18609576    
  0.3086941941      -87.44948674    
  0.3123691250      -76.09664189    
  0.3160440559      -68.30693931    
  0.3197189868      -68.77874425    
  0.3233939177      -69.38649299    
  0.3270688485      -74.63888560    
  0.3307437794      -82.20488579    
  0.3344187103      -80.16408849    
  0.3380936412      -78.83817512    
  0.3417685721      -83.36163832    
  0.3454435030      -95.14486933    
  0.3491184338      -99.43929901    
  0.3527933647      -94.07392748    
  0.3564682956      -84.14141850    
  0.3601432265      -82.52823928    
  0.3638181574      -75.61766043    
  0.3674930882      -77.02487351    
  0.3711680191      -72.19087204    
  0.3748429500      -76.91384250    
  0.3785178809      -78.91178572    
  0.3821928118      -74.12801988    
  0.3858677427      -59.35053960    
  0.3895426735      -43.17814884    
  0.3932176044      -33.50091893    
  0.3968925353      -31.50810179    
  0.4005674662      -34.80273969    
  0.4042423971      -41.26048012    
  0.4079173280      -47.09078764    
  0.4115922588      -51.22774396    
  0.4152671897      -52.18939767    
  0.4189421206      -49.96211337    
  0.4226170515      -44.89825820    
  0.4262919824      -39.40104374    
  0.4299669132      -40.84270412    
  0.4336418441      -47.65681004    
  0.4373167750      -53.27869091    
  0.4409917059      -53.53540529    
  0.4446666368      -54.47983535    
  0.4483415677      -58.80850728    
  0.4520164985      -65.22780207    
  0.4556914294      -73.00120369    
  0.4593663603      -73.94368583    
  0.4630412912      -71.30949284    
  0.4667162221      -65.83462811    
  0.4703911530      -68.33082687    
  0.4740660838      -71.17088348    
  0.4777410147      -71.86475046    
  0.4814159456      -66.39326894    
  0.4850908765      -61.95264330    
  0.4887658074      -60.47858605    
  0.4924407382      -68.26388019    
  0.4961156691      -75.88801020    
  0.4997906000      -78.97370883    
  0.5034655309      -74.21659864    
  0.5071404618      -69.64812841    
  0.5108153927      -68.00019434    
  0.5144903235      -65.84077941    
  0.5181652544      -66.30253723    
  0.5218401853      -68.06755110    
  0.5255151162      -70.61460064    
  0.5291900471      -70.59337864    
  0.5328649780      -66.92597179    
  0.5365399088      -64.77844938    
  0.5402148397      -62.37493025    
  0.5438897706      -57.63278823    
  0.5475647015      -51.32575473    
  0.5512396324      -46.53009637    
  0.5549145632      -43.14042084    
  0.5585894941      -43.14605954    
  0.5622644250      -44.85417386    
  0.5659393559      -48.72170311    
  0.5696142868      -50.00435232    
  0.5732892177      -50.08472934    
  0.5769641485      -51.23994405    
  0.5806390794      -54.75367085    
  0.5843140103      -60.28656287    
  0.5879889412      -66.85553937    
  0.5916638721      -69.79945047    
  0.5953388030      -69.01105847    
  0.5990137338      -67.49445471    
  0.6026886647      -68.56047552    
  0.6063635956      -70.19774734    
  0.6100385265      -69.06539498    
  0.6137134574      -68.75659956    
  0.6173883883      -70.27320332    
  0.6210633191      -71.38392360    
  0.6247382500      -69.64002920    
  0.6284131809      -66.36271747    
  0.6320881118      -63.67951910    
  0.6357630427      -63.67470058    
  0.6394379735      -65.94104565    
  0.6431129044      -70.54099005    
  0.6467878353      -72.41826521    
  0.6504627662      -72.84167990    
  0.6541376971      -73.03821403    
  0.6578126280      -74.57275909    
  0.6614875588      -73.94358331    
  0.6651624897      -72.78519043    
  0.6688374206      -71.35337213    
  0.6725123515      -72.00858843    
  0.6761872824      -73.44245716    
  0.6798622133      -76.83879660    
  0.6835371441      -77.51277437    
  0.6872120750      -76.32536784    
  0.6908870059      -71.34998892    
  0.6945619368      -68.08180162    
  0.6982368677      -67.86055976    
  0.7019117985      -71.70102327    
  0.7055867294      -76.60648239    
  0.7092616603      -80.52076154    
  0.7129365912      -84.62142518    
  0.7166115221      -83.70221546    
  0.7202864530      -77.89456524    
  0.7239613838      -73.69732615    
  0.7276363147      -77.13590453    
  0.7313112456      -82.77644436    
  0.7349861765      -84.01162600    
  0.7386611074      -77.76026179    
  0.7423360383      -68.67314689    
  0.7460109691      -61.33177178    
  0.7496859000      -60.72504826    
  0.7533608309      -66.77300938    
  0.7570357618      -72.76191800    
  0.7607106927      -72.72101184    
  0.7643856235      -68.02920798    
  0.7680605544      -60.93839595    
  0.7717354853      -57.97100737    
  0.7754104162      -54.47645213    
  0.7790853471      -52.00178293    
  0.7827602780      -51.32565220    
  0.7864352088      -53.17247841    
  0.7901101397      -56.81589519    
  0.7937850706      -61.17624633    
  0.7974600015      -62.40445650    
  0.8011349324      -59.90928296    
  0.8048098633      -52.44375405    
  0.8084847941      -46.84073717    
  0.8121597250      -45.18009040    
  0.8158346559      -46.96560862    
  0.8195095868      -53.42898775    
  0.8231845177      -57.93717521    
  0.8268594486      -60.33884895    
  0.8305343794      -62.20023324    
  0.8342093103      -68.43570659    
  0.8378842412      -73.65806033    
  0.8415591721      -70.17662787    
  0.8452341030      -62.29188766    
  0.8489090338      -55.06164609    
  0.8525839647      -54.15566168    
  0.8562588956      -56.85977448    
  0.8599338265      -66.61727890    
  0.8636087574      -79.77840179    
  0.8672836883      -91.50032482    
  0.8709586191      -92.79445645    
  0.8746335500      -84.78433218    
  0.8783084809      -74.42061686    
  0.8819834118      -69.53678983    
  0.8856583427      -70.40207312    
  0.8893332736      -75.22797538    
  0.8930082044      -80.36974705    
  0.8966831353      -84.02823452    
  0.9003580662      -81.83426978    
  0.9040329971      -78.62359717    
  0.9077079280      -82.50927276    
  0.9113828588      -88.59865266    
  0.9150577897      -88.91975068    
  0.9187327206      -85.05058108    
  0.9224076515      -83.36984006    
  0.9260825824      -84.13495963    
  0.9297575133      -79.23267869    
  0.9334324441      -71.50069584    
  0.9371073750      -67.35112935    
  0.9407823059      -67.78008021    
  0.9444572368      -74.30579254    
  0.9481321677      -76.99719265    
  0.9518070986      -74.99053509    
  0.9554820294      -66.43079189    
  0.9591569603      -59.86058514    
  0.9628318912      -56.12018282    
  0.9665068221      -58.90405752    
  0.9701817530      -66.45785763    
  0.9738566838      -74.02908642    
  0.9775316147      -81.85641447    
  0.9812065456      -85.47081760    
  0.9848814765      -86.03120131    
  0.9885564074      -79.73349728    
  0.9922313383      -74.36986861    
  0.9959062691      -75.14677818    
  0.9995812000      -82.37045836    
   1.003256131      -87.31487572    
   1.006931062      -91.09915734    
   1.010605993      -84.37937140    
   1.014280924      -76.31173245    
   1.017955854      -67.99947668    
   1.021630785      -71.03083881    
   1.025305716      -79.06526073    
   1.028980647      -85.25429173    
   1.032655578      -82.10769520    
   1.036330509      -76.31696106    
   1.040005440      -75.58024000    
   1.043680371      -80.54259867    
   1.047355301      -81.68561329    
   1.051030232      -77.86647429    
   1.054705163      -68.82364877    
   1.058380094      -64.95181360    
   1.062055025      -64.73128939    
   1.065729956      -72.80733512    
   1.069404887      -82.10461955    
   1.073079818      -88.30882377    
   1.076754749      -90.63586170    
   1.080429679      -87.09804229    
   1.084104610      -82.32063280    
   1.087779541      -77.19926296    
   1.091454472      -76.53574240    
   1.095129403      -77.30834606    
   1.098804334      -78.33212793    
   1.102479265      -78.12216345    
   1.106154196      -79.15312184    
   1.109829126      -76.18224752    
   1.113504057      -74.13386362    
   1.117178988      -75.11315106    
   1.120853919      -76.80906530    
   1.124528850      -75.29297415    
   1.128203781      -71.01884377    
   1.131878712      -71.67682815    
   1.135553643      -75.01144952    
   1.139228574      -76.84474286    
   1.142903504      -74.03985120    
   1.146578435      -72.67672246    
   1.150253366      -69.29904197    
   1.153928297      -69.60383903    
   1.157603228      -75.33449545    
   1.161278159      -80.61344117    
   1.164953090      -83.61507200    
   1.168628021      -83.79520266    
   1.172302952      -81.95134958    
   1.175977882      -78.81849095    
   1.179652813      -72.67456950    
   1.183327744      -71.36116378    
   1.187002675      -74.02775364    
   1.190677606      -75.03902786    
   1.194352537      -81.34749667    
   1.198027468      -85.70959068    
   1.201702399      -88.82153488    
   1.205377329      -86.46127991    
   1.209052260      -82.63475934    
   1.212727191      -81.02270787    
   1.216402122      -83.53264454    
   1.220077053      -87.21563470    
   1.223751984      -88.03047731    
   1.227426915      -83.12296776    
   1.231101846      -82.23553978    
   1.234776777      -85.70918059    
   1.238451707      -91.91215456    
   1.242126638      -96.83422219    
   1.245801569      -97.17387664    
   1.249476500      -95.34201860    
   1.253151431      -96.41398567    
   1.256826362      -98.72615795    
   1.260501293      -99.31176200    
   1.264176224      -94.57894946    
   1.267851154      -89.29867095    
   1.271526085      -87.98772575    
   1.275201016      -87.76217797    
   1.278875947      -85.42796352    
   1.282550878      -83.40613274    
   1.286225809      -80.62205300    
   1.289900740      -80.48580164    
   1.293575671      -82.09693042    
   1.297250602      -88.83865600    
   1.300925532      -91.54471672    
   1.304600463      -91.45572787    
   1.308275394      -90.71890429    
   1.311950325      -95.36559859    
   1.315625256      -92.26216370    
   1.319300187      -82.51419381    
   1.322975118      -73.62822651    
   1.326650049      -72.64053229    
   1.330324979      -72.64576090    
   1.333999910      -76.91763580    
   1.337674841      -80.97872605    
   1.341349772      -88.24915613    
   1.345024703      -86.52125511    
   1.348699634      -81.13261115    
   1.352374565      -73.62648364    
   1.356049496      -74.94286249    
   1.359724427      -80.24333778    
   1.363399357      -87.32984389    
   1.367074288      -88.65350178    
   1.370749219      -88.81548609    
   1.374424150      -86.51418111    
   1.378099081      -85.50300942    
   1.381774012      -89.66231548    
   1.385448943      -90.65308535    
   1.389123874      -93.52307829    
   1.392798804      -89.53129272    
   1.396473735      -86.45266808    
   1.400148666      -82.35795071    
   1.403823597      -83.82841970    
   1.407498528      -87.93564472    
   1.411173459      -88.28380847    
   1.414848390      -84.13598485    
   1.418523321      -79.52168741    
   1.422198252      -77.88031472    
   1.425873182      -78.82505234    
   1.429548113      -80.77747592    
   1.433223044      -82.51972998    
   1.436897975      -85.76003136    
   1.440572906      -87.78668067    
   1.444247837      -90.32634864    
   1.447922768      -89.19430384    
   1.451597699      -87.27735278    
   1.455272629      -84.75398576    
   1.458947560      -81.53634167    
   1.462622491      -79.82269117    
   1.466297422      -82.84267339    
   1.469972353      -85.49275725    
   1.473647284      -88.32389446    
   1.477322215      -88.19246162    
   1.480997146      -92.11822321    
   1.484672077      -92.53220590    
   1.488347007      -91.38642319    
   1.492021938      -87.11762394    
   1.495696869      -86.35957837    
   1.499371800      -85.31303668    
   1.503046731      -89.22957131    
   1.506721662      -94.19490311    
   1.510396593      -97.98205533    
   1.514071524      -90.97961702    
   1.517746454      -81.45729743    
   1.521421385      -76.75872714    
   1.525096316      -79.99964365    
   1.528771247      -86.74506002    
   1.532446178      -91.17697132    
   1.536121109      -90.97254302    
   1.539796040      -89.74484546    
   1.543470971      -89.72505877    
   1.547145902      -88.58788788    
   1.550820832      -88.30462038    
   1.554495763      -84.12029902    
   1.558170694      -86.20169492    
   1.561845625      -87.79590762    
   1.565520556      -90.54256694    
   1.569195487      -93.17819524    
   1.572870418      -92.02892679    
   1.576545349      -93.69623747    
   1.580220279      -90.60684806    
   1.583895210      -89.71736964    
   1.587570141      -86.54698806    
   1.591245072      -91.56809167    
   1.594920003      -93.86396300    
   1.598594934      -93.08172230    
   1.602269865      -89.12643446    
   1.605944796      -89.11064612    
   1.609619727      -93.63615975    
   1.613294657      -95.60447419    
   1.616969588      -95.85401205    
   1.620644519      -89.74761355    
   1.624319450      -85.12542194    
   1.627994381      -82.71267585    
   1.631669312      -85.73737407    
   1.635344243      -89.26473626    
   1.639019174      -92.51221416    
   1.642694104      -93.50821265    
   1.646369035      -91.21059845    
   1.650043966      -88.55754146    
   1.653718897      -89.59834193    
   1.657393828      -94.91665599    
   1.661068759      -98.17500120    
   1.664743690      -99.49814648    
   1.668418621      -96.69151196    
   1.672093552      -91.49222560    
   1.675768482      -87.48526682    
   1.679443413      -88.64827317    
   1.683118344      -94.09668730    
   1.686793275      -97.23046862    
   1.690468206      -97.44453397    
   1.694143137      -96.04675288    
   1.697818068      -97.15367986    
   1.701492999      -94.70484613    
   1.705167929      -91.35699946    
   1.708842860      -88.82491809    
   1.712517791      -86.48414225    
   1.716192722      -87.12398029    
   1.719867653      -85.91125090    
   1.723542584      -86.30975281    
   1.727217515      -84.77274723    
   1.730892446      -85.75029180    
   1.734567377      -91.86776265    
   1.738242307      -97.91808178    
   1.741917238      -97.34867616    
   1.745592169      -93.75252190    
   1.749267100      -91.71715825    
   1.752942031      -94.99477754    
   1.756616962      -97.62815036    
   1.760291893      -97.03988075    
   1.763966824      -96.94248512    
   1.767641754      -91.73458694    
   1.771316685      -89.97264871    
   1.774991616      -90.15759789    
   1.778666547      -94.71766134    
   1.782341478      -97.50379152    
   1.786016409      -94.57761667    
   1.789691340      -91.16087541    
   1.793366271      -90.95962528    
   1.797041202      -94.24565136    
   1.800716132      -97.27803870    
   1.804391063      -97.66167496    
   1.808065994      -94.46545792    
   1.811740925      -92.31260438    
   1.815415856      -91.02103579    
   1.819090787      -90.82747479    
   1.822765718      -90.50975999    
   1.826440649      -90.04041557    
   1.830115579      -88.22003996    
   1.833790510      -89.82204431    
   1.837465441      -93.77866493    
   1.841140372      -97.55156664    
   1.844815303      -93.98258063    
   1.848490234      -87.03058300    
   1.852165165      -86.62408440    
   1.855840096      -92.34602646    
   1.859515027      -98.24809919    
   1.863189957      -97.89706483    
   1.866864888      -92.60878962    
   1.870539819      -89.46619143    
   1.874214750      -91.59884819    
   1.877889681      -91.40374936    
   1.881564612      -91.21674975    
   1.885239543      -90.78390306    
   1.888914474      -96.68915396    
   1.892589404      -99.39388189    
   1.896264335      -99.66884514    
   1.899939266      -96.57258677    
   1.903614197      -93.65789435    
   1.907289128      -90.38970706    
   1.910964059      -87.36203571    
   1.914638990      -87.44456570    
   1.918313921      -90.22239162    
   1.921988852      -93.76964302    
   1.925663782      -93.97232846    
   1.929338713      -92.39574949    
   1.933013644      -95.29875443    
   1.936688575      -93.40384554    
   1.940363506      -87.37823414    
   1.944038437      -84.93011807    
   1.947713368      -89.55487272    
   1.951388299      -97.07873648    
   1.955063229      -100.9948610    
   1.958738160      -98.01291437    
   1.962413091      -94.90578869    
   1.966088022      -93.93039708    
   1.969762953      -94.61206397    
   1.973437884      -97.44125327    
   1.977112815      -94.50984982    
   1.980787746      -96.69807335    
   1.984462677      -95.57105211    
   1.988137607      -95.17408802    
   1.991812538      -94.79557785    
   1.995487469      -97.52737152    
   1.999162400      -100.7490139    
   2.002837331      -95.53219638    
   2.006512262      -91.63329549    
   2.010187193      -84.37926888    
   2.013862124      -82.82473209    
   2.017537054      -80.24897647    
   2.021211985      -83.08370194    
   2.024886916      -89.00361345    
   2.028561847      -94.29619456    
   2.032236778      -93.60376289    
   2.035911709      -93.30983312    
   2.039586640      -90.77662402    
   2.043261571      -96.37943585    
   2.046936502      -99.77218703    
   2.050611432      -100.0233652    
   2.054286363      -96.94668851    
   2.057961294      -97.27588574    
   2.061636225      -101.4442137    
   2.065311156      -101.1830909    
   2.068986087      -96.97231894    
   2.072661018      -93.66609609    
   2.076335949      -95.52112404    
   2.080010879      -101.4203262    
   2.083685810      -103.0581106    
   2.087360741      -100.7049296    
   2.091035672      -96.19592198    
   2.094710603      -97.12558891    
   2.098385534      -103.0473458    
   2.102060465      -106.1206393    
   2.105735396      -105.4794685    
   2.109410327      -98.54479703    
   2.113085257      -96.54490590    
   2.116760188      -104.0935799    
   2.120435119      -112.4250072    
   2.124110050      -112.9754463    
   2.127784981      -103.3324587    
   2.131459912      -97.79074981    
   2.135134843      -97.14024951    
   2.138809774      -104.3590086    
   2.142484704      -108.8363371    
   2.146159635      -112.1458406    
   2.149834566      -108.0712175    
   2.153509497      -102.8692656    
   2.157184428      -100.4971181    
   2.160859359      -101.3217003    
   2.164534290      -103.2501338    
   2.168209221      -104.8494725    
   2.171884152      -105.7576099    
   2.175559082      -107.5571736    
   2.179234013      -106.8318325    
   2.182908944      -103.3111342    
   2.186583875      -100.2003177    
   2.190258806      -98.57350311    
   2.193933737      -99.07893518    
   2.197608668      -98.94760486    
   2.201283599      -100.1202483    
   2.204958529      -100.0132156    
   2.208633460      -99.69960165    
   2.212308391      -96.42885132    
   2.215983322      -96.81863889    
   2.219658253      -97.07668605    
   2.223333184      -101.8282601    
   2.227008115      -104.5898876    
   2.230683046      -105.4874652    
   2.234357977      -104.3722339    
   2.238032907      -102.8289745    
   2.241707838      -104.6818495    
   2.245382769      -103.2716633    
   2.249057700      -103.6267985    
   2.252732631      -103.4414393    
   2.256407562      -102.8975616    
   2.260082493      -102.6688356    
   2.263757424      -104.9427673    
   2.267432354      -110.1469747    
   2.271107285      -109.4067679    
   2.274782216      -105.2339290    
   2.278457147      -100.3851644    
   2.282132078      -98.66187683    
   2.285807009      -99.15275082    
   2.289481940      -100.5617068    
   2.293156871      -103.2364984    
   2.296831802      -104.0417039    
   2.300506732      -106.4964839    
   2.304181663      -104.5778925    
   2.307856594      -102.7786364    
   2.311531525      -100.6768387    
   2.315206456      -99.41418119    
   2.318881387      -98.26050431    
   2.322556318      -100.0118828    
   2.326231249      -101.4758929    
   2.329906179      -103.3592169    
   2.333581110      -99.58088151    
   2.337256041      -98.53157173    
   2.340930972      -98.80028115    
   2.344605903      -98.82734689    
   2.348280834      -102.1631985    
   2.351955765      -103.5305307    
   2.355630696      -107.9727966    
   2.359305627      -107.8998012    
   2.362980557      -107.4563948    
   2.366655488      -104.5154568    
   2.370330419      -103.3209763    
   2.374005350      -105.6402225    
   2.377680281      -107.6531339    
   2.381355212      -106.1460647    
   2.385030143      -102.8319477    
   2.388705074      -101.6869851    
   2.392380004      -103.8223075    
   2.396054935      -105.2897008    
   2.399729866      -106.1886112    
   2.403404797      -104.0996287    
   2.407079728      -100.0780093    
   2.410754659      -98.39111698    
   2.414429590      -98.82211828    
   2.418104521      -103.4796799    
   2.421779452      -104.5245812    
   2.425454382      -104.6201315    
   2.429129313      -102.3703949    
   2.432804244      -99.76880381    
   2.436479175      -98.96616129    
   2.440154106      -100.6046634    
   2.443829037      -103.5348366    
   2.447503968      -106.3551065    
   2.451178899      -105.1771319    
   2.454853829      -103.8264083    
   2.458528760      -105.0531832    
   2.462203691      -105.8854545    
   2.465878622      -104.2211169    
   2.469553553      -99.57442264    
   2.473228484      -96.90619243    
   2.476903415      -101.2081062    
   2.480578346      -107.1633877    
   2.484253277      -112.8624674    
   2.487928207      -110.2937858    
   2.491603138      -107.2717531    
   2.495278069      -100.3329808    
   2.498953000      -92.61811910    
   2.502627931      -85.74188502    
   2.506302862      -80.65865325    
   2.509977793      -73.34547161    
   2.513652724      -63.85759932    
   2.517327654      -54.54370638    
   2.521002585      -50.70437060    
   2.524677516      -47.36144497    
   2.528352447      -43.87078555    
   2.532027378      -39.06508007    
   2.535702309      -33.04869563    
   2.539377240      -26.63452694    
   2.543052171      -21.26238897    
   2.546727102      -15.79654615    
   2.550402032      -11.68593791    
   2.554076963      -8.220703874    
   2.557751894      -6.002544006    
   2.561426825      -4.322930717    
   2.565101756      -2.863431555    
   2.568776687      -1.706576500    
   2.572451618      -1.021731431    
   2.576126549     -0.6356346451    
   2.579801479     -0.3408847089    
   2.583476410     -0.1296899720    
   2.587151341     -0.1117486715E-01
   2.590826272       0.000000000    
   2.594501203       0.000000000    
   2.598176134       0.000000000    
   2.601851065       0.000000000    
   2.605525996       0.000000000    
   2.609200927       0.000000000    
   2.612875857       0.000000000    
   2.616550788       0.000000000    
   2.620225719       0.000000000    
   2.623900650       0.000000000    
   2.627575581       0.000000000    
   2.631250512       0.000000000    
   2.634925443       0.000000000    
   2.638600374       0.000000000    
   2.642275304       0.000000000    
   2.645950235       0.000000000    
   2.649625166       0.000000000    
   2.653300097       0.000000000    
   2.656975028       0.000000000    
   2.660649959       0.000000000    
   2.664324890       0.000000000    
   2.667999821       0.000000000    
   2.671674752       0.000000000    
   2.675349682       0.000000000    
   2.679024613       0.000000000    
   2.682699544       0.000000000    
   2.686374475       0.000000000    
   2.690049406       0.000000000    
   2.693724337       0.000000000    
   2.697399268       0.000000000    
   2.701074199       0.000000000    
   2.704749129       0.000000000    
   2.708424060       0.000000000    
   2.712098991       0.000000000    
   2.715773922       0.000000000    
   2.719448853       0.000000000    
   2.723123784       0.000000000    
   2.726798715       0.000000000    
   2.730473646       0.000000000    
   2.734148577       0.000000000    
   2.737823507       0.000000000    
   2.741498438       0.000000000    
   2.745173369       0.000000000    
   2.748848300       0.000000000    
   2.752523231       0.000000000    
   2.756198162       0.000000000    
   2.759873093       0.000000000    
   2.763548024       0.000000000    
   2.767222954       0.000000000    
   2.770897885       0.000000000    
   2.774572816       0.000000000    
   2.778247747       0.000000000    
   2.781922678       0.000000000    
   2.785597609       0.000000000    
   2.789272540       0.000000000    
   2.792947471       0.000000000    
   2.796622402       0.000000000    
   2.800297332       0.000000000    
   2.803972263       0.000000000    
   2.807647194       0.000000000    
   2.811322125       0.000000000    
   2.814997056       0.000000000    
   2.818671987       0.000000000    
   2.822346918       0.000000000    
   2.826021849       0.000000000    
   2.829696779       0.000000000    
   2.833371710       0.000000000    
   2.837046641       0.000000000    
   2.840721572       0.000000000    
   2.844396503       0.000000000    
   2.848071434       0.000000000    
   2.851746365       0.000000000    
   2.855421296       0.000000000    
   2.859096227       0.000000000    
   2.862771157       0.000000000    
   2.866446088       0.000000000    
   2.870121019       0.000000000    
   2.873795950       0.000000000    
   2.877470881       0.000000000    
   2.881145812       0.000000000    
   2.884820743       0.000000000    
   2.888495674       0.000000000    
   2.892170604       0.000000000    
   2.895845535       0.000000000    
   2.899520466       0.000000000    
   2.903195397       0.000000000    
   2.906870328       0.000000000    
   2.910545259       0.000000000    
   2.914220190       0.000000000    
   2.917895121       0.000000000    
   2.921570052       0.000000000    
   2.925244982       0.000000000    
   2.928919913       0.000000000    
   2.932594844       0.000000000    
   2.936269775       0.000000000    
   2.939944706       0.000000000    
   2.943619637       0.000000000    
   2.947294568       0.000000000    
   2.950969499       0.000000000    
   2.954644429       0.000000000    
   2.958319360       0.000000000    
   2.961994291       0.000000000    
   2.965669222       0.000000000    
   2.969344153       0.000000000    
   2.973019084       0.000000000    
   2.976694015       0.000000000    
   2.980368946       0.000000000    
   2.984043877       0.000000000    
   2.987718807       0.000000000    
   2.991393738       0.000000000    
   2.995068669       0.000000000    
   2.998743600       0.000000000    
   3.002418531       0.000000000    
   3.006093462       0.000000000    
   3.009768393       0.000000000    
   3.013443324       0.000000000    
   3.017118254       0.000000000    
   3.020793185       0.000000000    
   3.024468116       0.000000000    
   3.028143047       0.000000000    
   3.031817978       0.000000000    
   3.035492909       0.000000000    
   3.039167840       0.000000000    
   3.042842771       0.000000000    
   3.046517702       0.000000000    
   3.050192632       0.000000000    
   3.053867563       0.000000000    
   3.057542494       0.000000000    
   3.061217425       0.000000000    
   3.064892356       0.000000000    
   3.068567287       0.000000000    
   3.072242218       0.000000000    
   3.075917149       0.000000000    
   3.079592079       0.000000000    
   3.083267010       0.000000000    
   3.086941941       0.000000000    
   3.090616872       0.000000000    
   3.094291803       0.000000000    
   3.097966734       0.000000000    
   3.101641665       0.000000000    
   3.105316596       0.000000000    
   3.108991527       0.000000000    
   3.112666457       0.000000000    
   3.116341388       0.000000000    
   3.120016319       0.000000000    
   3.123691250       0.000000000    
   3.127366181       0.000000000    
   3.131041112       0.000000000    
   3.134716043       0.000000000    
   3.138390974       0.000000000    
   3.142065904       0.000000000    
   3.145740835       0.000000000    
   3.149415766       0.000000000    
   3.153090697       0.000000000    
   3.156765628       0.000000000    
   3.160440559       0.000000000    
   3.164115490       0.000000000    
   3.167790421       0.000000000    
   3.171465352       0.000000000    
   3.175140282       0.000000000    
   3.178815213       0.000000000    
   3.182490144       0.000000000    
   3.186165075       0.000000000    
   3.189840006       0.000000000    
   3.193514937       0.000000000    
   3.197189868       0.000000000    
   3.200864799       0.000000000    
   3.204539729       0.000000000    
   3.208214660       0.000000000    
   3.211889591       0.000000000    
   3.215564522       0.000000000    
   3.219239453       0.000000000    
   3.222914384       0.000000000    
   3.226589315       0.000000000    
   3.230264246       0.000000000    
   3.233939177       0.000000000    
   3.237614107       0.000000000    
   3.241289038       0.000000000    
   3.244963969       0.000000000    
   3.248638900       0.000000000    
   3.252313831       0.000000000    
   3.255988762       0.000000000    
   3.259663693       0.000000000    
   3.263338624       0.000000000    
   3.267013554       0.000000000    
   3.270688485       0.000000000    
   3.274363416       0.000000000    
   3.278038347       0.000000000    
   3.281713278       0.000000000    
   3.285388209       0.000000000    
   3.289063140       0.000000000    
   3.292738071       0.000000000    
   3.296413002       0.000000000    
   3.300087932       0.000000000    
   3.303762863       0.000000000    
   3.307437794       0.000000000    
     
