### feff starts at Thu Feb  1 22:12:51 EST 2018
### Serial version
### FeffPath is /home/mt/software/JFEFF/feff90/linux
 
Launching FEFF version FEFF 9.9.1
Core hole lifetime is   0.903 eV.
Your calculation:
 no title
Ti K edge XANES using RPA corehole.
Using:     * Self-Consistent Field potentials
Using cards:   ATOMS CONTROL EXCHANGE TITLE RPATH POTENTIALS XANES EDGE SCF FMS S02 COREHOLE

Calculating atomic potentials ...
    overlapped atomic potential and density for unique potential    0
    overlapped atomic potential and density for unique potential    1
    overlapped atomic potential and density for unique potential    2
Done with module: atomic potentials.

Calculating SCF potentials ...
FEFF-serial using 1 thread.
Muffin tin radii and interstitial parameters [bohr]:
type, norman radius, muffin tin, overlap factor
    0  1.38231E+00  1.18338E+00  1.15000E+00
    1  1.38887E+00  1.24329E+00  1.15000E+00
    2  1.10375E+00  9.90243E-01  1.15000E+00
Core-valence separation energy:  ecv=   -48.500 eV
Initial Fermi level:              mu=    -1.800 eV
SCF ITERATION NUMBER  1
     point #   1  energy = -48.500
FMS for a cluster of   78 atoms around atom type   0
FMS for a cluster of   73 atoms around atom type   1
FMS for a cluster of   73 atoms around atom type   2
     point #  20  energy = -37.341
     point #  40  energy = -17.091
     point #  60  energy = -13.647
     point #  80  energy = -11.559
     point # 100  energy = -10.706
     point # 120  energy = -10.391
New Fermi level:    mu= -10.273 eV  Charge distance=  0.2747 (partial c.d.=  6.6115)
SCF ITERATION NUMBER  1
     point #   1  energy = -48.500
FMS for a cluster of   78 atoms around atom type   0
FMS for a cluster of   73 atoms around atom type   1
FMS for a cluster of   73 atoms around atom type   2
     point #  20  energy = -37.434
     point #  40  energy = -17.315
     point #  60  energy = -10.273
     point #  80  energy = -11.454
     point # 100  energy = -11.686
     point # 120  energy = -11.276
New Fermi level:    mu= -11.157 eV  Charge distance=  0.1040 (partial c.d.=  0.6700)
SCF ITERATION NUMBER  1
     point #   1  energy = -48.500
FMS for a cluster of   78 atoms around atom type   0
FMS for a cluster of   73 atoms around atom type   1
FMS for a cluster of   73 atoms around atom type   2
     point #  20  energy = -37.398
     point #  40  energy = -17.212
     point #  60  energy = -11.157
     point #  80  energy = -11.550
New Fermi level:    mu= -11.325 eV  Charge distance=  0.0369 (partial c.d.=  0.2298)
SCF ITERATION NUMBER  2
     point #   1  energy = -48.500
     point #  20  energy = -37.448
     point #  40  energy = -17.353
     point #  60  energy = -11.325
New Fermi level:    mu= -11.352 eV  Charge distance=  0.1554 (partial c.d.=  0.0079)
SCF ITERATION NUMBER  3
     point #   1  energy = -48.500
     point #  20  energy = -37.456
     point #  40  energy = -17.376
     point #  60  energy = -11.352
     point #  80  energy = -11.815
     point # 100  energy = -11.577
New Fermi level:    mu= -11.543 eV  Charge distance=  0.0008 (partial c.d.=  0.0139)
SCF ITERATION NUMBER  4
     point #   1  energy = -48.500
     point #  20  energy = -37.513
     point #  40  energy = -17.536
     point #  60  energy = -11.543
New Fermi level:    mu= -11.540 eV  Charge distance=  0.0030 (partial c.d.=  0.0024)
SCF ITERATION NUMBER  5
     point #   1  energy = -48.500
     point #  20  energy = -37.512
     point #  40  energy = -17.533
     point #  60  energy = -11.540
New Fermi level:    mu= -11.534 eV  Charge distance=  0.0047 (partial c.d.=  0.0026)
SCF ITERATION NUMBER  6
     point #   1  energy = -48.500
     point #  20  energy = -37.510
     point #  40  energy = -17.528
     point #  60  energy = -11.534
New Fermi level:    mu= -11.524 eV  Charge distance=  0.0010 (partial c.d.=  0.0004)
SCF ITERATION NUMBER  7
     point #   1  energy = -48.500
     point #  20  energy = -37.507
     point #  40  energy = -17.520
     point #  60  energy = -11.524
New Fermi level:    mu= -11.521 eV  Charge distance=  0.0003 (partial c.d.=  0.0011)
SCF ITERATION NUMBER  8
     point #   1  energy = -48.500
     point #  20  energy = -37.506
     point #  40  energy = -17.518
     point #  60  energy = -11.521
New Fermi level:    mu= -11.522 eV  Charge distance=  0.0001 (partial c.d.=  0.0002)
SCF ITERATION NUMBER  9
     point #   1  energy = -48.500
     point #  20  energy = -37.506
     point #  40  energy = -17.518
     point #  60  energy = -11.522
New Fermi level:    mu= -11.522 eV  Charge distance=  0.0002 (partial c.d.=  0.0000)
Electronic configuration
  type     l     N_el
     0     0    0.441
     0     1    6.607
     0     2    2.402
     0     3    0.000
     1     0    0.399
     1     1    6.655
     1     2    2.413
     1     3    0.000
     2     0    1.850
     2     1    4.355
     2     2    0.062
     2     3    0.000
Charge transfer:  type  charge
       0   -0.550
       1   -0.533
       2    0.267
Convergence reached in    9 iterations.
Done with module: potentials.

Calculating screened core-hole potential ...
FMS for a cluster of   26 atoms around iph =   0
    0% of energy integration
   20%
   40%
   60%
   80%
  100%
Preparing response function.
Computing (1 - K Chi0)^-1 v_ch
Done with module: screened core-hole potential.

Calculating cross-section and phases ...
    absorption cross section
 x0,dx,rnrm,inrm,jnrm   8.80000000000000       5.000000000000000E-002
   2.61219133100005              196         197
    phase shifts for unique potential    0
    phase shifts for unique potential    1
    phase shifts for unique potential    2
Done with module: cross-section and phases (XSPH).

FMS calculation of full Green's function ...
FEFF-serial using 1 thread.
Using   108 energy points.
xprep done
FMS for a cluster of  174 atoms
Energy point    1/ 108
Energy point   10/ 108
Energy point   20/ 108
Energy point   30/ 108
Energy point   40/ 108
Energy point   50/ 108
Energy point   60/ 108
Energy point   70/ 108
Energy point   80/ 108
Energy point   90/ 108
Energy point  100/ 108
Done with module: FMS.

MKGTR: Tracing over Green's function ...
Done with module: MKGTR.

Pathfinder: finding scattering paths...
Preparing plane wave scattering amplitudes
Searching for paths
Eliminating path degeneracies
0 paths retained.
Done with module: pathfinder.

Calculating EXAFS parameters ...
Done with module: EXAFS parameters (GENFMT).

Calculating XAS spectra ...
Done with module: XAS spectra (FF2X: DW + final sum over paths).

 
### feff ends at Thu Feb  1 22:37:23 EST 2018
 
