# Macroscopic dielectric function epsm
#
# Momentum transfer Q=G+q in lattice cooridnates
# G:   0   0   0
# q:   0.0000000   0.0000000   0.0000000
# Momentum transfer Q=G+q in Cartesian cooridnates
# G:   0.0000000   0.0000000   0.0000000
# q:   0.0000000   0.0000000   0.0000000
# Norm2(G+q)   0.0000000
#
# Energy scale=   27.211384
# Used broadening in scaled energy units:    0.489805
#
# Number of k-points=      96
# Unit cell volume [au]=  430.848645
# Coulomb potential v(Q) [au]=          0.000000
#
#             Frequency                Re(epsm)                Im(epsm)       Re(epsm) form KKT
+0.4830020635150000E+04 +0.1000000840654760E+01 +0.6878322351738802E-08 +0.1000000857183013E+01
+0.4830145744960852E+04 +0.1000000842415275E+01 +0.6908695992213138E-08 +0.1000000857717529E+01
+0.4830270854771701E+04 +0.1000000844183572E+01 +0.6939281440645305E-08 +0.1000000857482458E+01
+0.4830395964582552E+04 +0.1000000845959706E+01 +0.6970080766202865E-08 +0.1000000858641952E+01
+0.4830521074393403E+04 +0.1000000847743732E+01 +0.7001096064562957E-08 +0.1000000859780667E+01
+0.4830646184204253E+04 +0.1000000849535705E+01 +0.7032329458339968E-08 +0.1000000861120880E+01
+0.4830771294015104E+04 +0.1000000851335682E+01 +0.7063783097521694E-08 +0.1000000862545929E+01
+0.4830896403825954E+04 +0.1000000853143717E+01 +0.7095459159912131E-08 +0.1000000864042880E+01
+0.4831021513636805E+04 +0.1000000854959870E+01 +0.7127359851585989E-08 +0.1000000865591107E+01
+0.4831146623447656E+04 +0.1000000856784197E+01 +0.7159487407349290E-08 +0.1000000867181216E+01
+0.4831271733258506E+04 +0.1000000858616756E+01 +0.7191844091211170E-08 +0.1000000868805787E+01
+0.4831396843069357E+04 +0.1000000860457607E+01 +0.7224432196865102E-08 +0.1000000870459858E+01
+0.4831521952880207E+04 +0.1000000862306808E+01 +0.7257254048178030E-08 +0.1000000872139709E+01
+0.4831647062691058E+04 +0.1000000864164420E+01 +0.7290311999691198E-08 +0.1000000873842561E+01
+0.4831772172501908E+04 +0.1000000866030503E+01 +0.7323608437131114E-08 +0.1000000875566265E+01
+0.4831897282312759E+04 +0.1000000867905119E+01 +0.7357145777928910E-08 +0.1000000877309138E+01
+0.4832022392123609E+04 +0.1000000869788328E+01 +0.7390926471753382E-08 +0.1000000879069835E+01
+0.4832147501934461E+04 +0.1000000871680195E+01 +0.7424953001051851E-08 +0.1000000880847272E+01
+0.4832272611745310E+04 +0.1000000873580781E+01 +0.7459227881604283E-08 +0.1000000882640566E+01
+0.4832397721556161E+04 +0.1000000875490150E+01 +0.7493753663088842E-08 +0.1000000884448987E+01
+0.4832522831367012E+04 +0.1000000877408367E+01 +0.7528532929657313E-08 +0.1000000886271930E+01
+0.4832647941177862E+04 +0.1000000879335497E+01 +0.7563568300524405E-08 +0.1000000888108890E+01
+0.4832773050988713E+04 +0.1000000881271606E+01 +0.7598862430569429E-08 +0.1000000889959444E+01
+0.4832898160799563E+04 +0.1000000883216759E+01 +0.7634418010948420E-08 +0.1000000891823234E+01
+0.4833023270610414E+04 +0.1000000885171024E+01 +0.7670237769722491E-08 +0.1000000893699960E+01
+0.4833148380421265E+04 +0.1000000887134469E+01 +0.7706324472496184E-08 +0.1000000895589365E+01
+0.4833273490232115E+04 +0.1000000889107163E+01 +0.7742680923071579E-08 +0.1000000897491234E+01
+0.4833398600042966E+04 +0.1000000891089174E+01 +0.7779309964116487E-08 +0.1000000899405384E+01
+0.4833523709853816E+04 +0.1000000893080572E+01 +0.7816214477844838E-08 +0.1000000901331662E+01
+0.4833648819664667E+04 +0.1000000895081428E+01 +0.7853397386713838E-08 +0.1000000903269939E+01
+0.4833773929475517E+04 +0.1000000897091814E+01 +0.7890861654136205E-08 +0.1000000905220106E+01
+0.4833899039286369E+04 +0.1000000899111802E+01 +0.7928610285205771E-08 +0.1000000907182074E+01
+0.4834024149097218E+04 +0.1000000901141464E+01 +0.7966646327441053E-08 +0.1000000909155772E+01
+0.4834149258908069E+04 +0.1000000903180875E+01 +0.8004972871545087E-08 +0.1000000911141140E+01
+0.4834274368718920E+04 +0.1000000905230108E+01 +0.8043593052179648E-08 +0.1000000913138133E+01
+0.4834399478529770E+04 +0.1000000907289240E+01 +0.8082510048760128E-08 +0.1000000915146717E+01
+0.4834524588340621E+04 +0.1000000909358347E+01 +0.8121727086264494E-08 +0.1000000917166869E+01
+0.4834649698151471E+04 +0.1000000911437505E+01 +0.8161247436062657E-08 +0.1000000919198573E+01
+0.4834774807962322E+04 +0.1000000913526792E+01 +0.8201074416764472E-08 +0.1000000921241824E+01
+0.4834899917773173E+04 +0.1000000915626287E+01 +0.8241211395084559E-08 +0.1000000923296623E+01
+0.4835025027584024E+04 +0.1000000917736070E+01 +0.8281661786728909E-08 +0.1000000925362978E+01
+0.4835150137394874E+04 +0.1000000919856221E+01 +0.8322429057301610E-08 +0.1000000927440903E+01
+0.4835275247205724E+04 +0.1000000921986821E+01 +0.8363516723229749E-08 +0.1000000929530419E+01
+0.4835400357016575E+04 +0.1000000924127953E+01 +0.8404928352713253E-08 +0.1000000931631551E+01
+0.4835525466827426E+04 +0.1000000926279699E+01 +0.8446667566692813E-08 +0.1000000933744330E+01
+0.4835650576638276E+04 +0.1000000928442145E+01 +0.8488738039842691E-08 +0.1000000935868790E+01
+0.4835775686449127E+04 +0.1000000930615374E+01 +0.8531143501586622E-08 +0.1000000938004971E+01
+0.4835900796259977E+04 +0.1000000932799472E+01 +0.8573887737135056E-08 +0.1000000940152916E+01
+0.4836025906070828E+04 +0.1000000934994528E+01 +0.8616974588549033E-08 +0.1000000942312671E+01
+0.4836151015881678E+04 +0.1000000937200628E+01 +0.8660407955829188E-08 +0.1000000944484289E+01
+0.4836276125692529E+04 +0.1000000939417861E+01 +0.8704191798027755E-08 +0.1000000946667821E+01
+0.4836401235503379E+04 +0.1000000941646318E+01 +0.8748330134391117E-08 +0.1000000948863326E+01
+0.4836526345314231E+04 +0.1000000943886090E+01 +0.8792827045525534E-08 +0.1000000951070863E+01
+0.4836651455125080E+04 +0.1000000946137268E+01 +0.8837686674593568E-08 +0.1000000953290494E+01
+0.4836776564935932E+04 +0.1000000948399946E+01 +0.8882913228539400E-08 +0.1000000955522286E+01
+0.4836901674746782E+04 +0.1000000950674217E+01 +0.8928510979341293E-08 +0.1000000957766307E+01
+0.4837026784557632E+04 +0.1000000952960178E+01 +0.8974484265297085E-08 +0.1000000960022628E+01
+0.4837151894368483E+04 +0.1000000955257924E+01 +0.9020837492341172E-08 +0.1000000962291321E+01
+0.4837277004179334E+04 +0.1000000957567553E+01 +0.9067575135391257E-08 +0.1000000964572462E+01
+0.4837402113990184E+04 +0.1000000959889164E+01 +0.9114701739730982E-08 +0.1000000966866130E+01
+0.4837527223801035E+04 +0.1000000962222857E+01 +0.9162221922426929E-08 +0.1000000969172404E+01
+0.4837652333611885E+04 +0.1000000964568731E+01 +0.9210140373778048E-08 +0.1000000971491366E+01
+0.4837777443422736E+04 +0.1000000966926891E+01 +0.9258461858805857E-08 +0.1000000973823102E+01
+0.4837902553233586E+04 +0.1000000969297439E+01 +0.9307191218777792E-08 +0.1000000976167697E+01
+0.4838027663044437E+04 +0.1000000971680480E+01 +0.9356333372772126E-08 +0.1000000978525240E+01
+0.4838152772855287E+04 +0.1000000974076120E+01 +0.9405893319282812E-08 +0.1000000980895823E+01
+0.4838277882666139E+04 +0.1000000976484466E+01 +0.9455876137862640E-08 +0.1000000983279537E+01
+0.4838402992476988E+04 +0.1000000978905627E+01 +0.9506286990811456E-08 +0.1000000985676477E+01
+0.4838528102287840E+04 +0.1000000981339713E+01 +0.9557131124908153E-08 +0.1000000988086740E+01
+0.4838653212098689E+04 +0.1000000983786834E+01 +0.9608413873184466E-08 +0.1000000990510424E+01
+0.4838778321909541E+04 +0.1000000986247104E+01 +0.9660140656750032E-08 +0.1000000992947630E+01
+0.4838903431720391E+04 +0.1000000988720637E+01 +0.9712316986660577E-08 +0.1000000995398461E+01
+0.4839028541531241E+04 +0.1000000991207547E+01 +0.9764948465838736E-08 +0.1000000997863020E+01
+0.4839153651342092E+04 +0.1000000993707952E+01 +0.9818040791045965E-08 +0.1000001000341414E+01
+0.4839278761152943E+04 +0.1000000996221971E+01 +0.9871599754904180E-08 +0.1000001002833751E+01
+0.4839403870963793E+04 +0.1000000998749722E+01 +0.9925631247974722E-08 +0.1000001005340142E+01
+0.4839528980774644E+04 +0.1000001001291327E+01 +0.9980141260893506E-08 +0.1000001007860697E+01
+0.4839654090585494E+04 +0.1000001003846910E+01 +0.1003513588656085E-07 +0.1000001010395531E+01
+0.4839779200396345E+04 +0.1000001006416594E+01 +0.1009062132239621E-07 +0.1000001012944761E+01
+0.4839904310207196E+04 +0.1000001009000506E+01 +0.1014660387264983E-07 +0.1000001015508502E+01
+0.4840029420018046E+04 +0.1000001011598773E+01 +0.1020308995078160E-07 +0.1000001018086877E+01
+0.4840154529828897E+04 +0.1000001014211524E+01 +0.1026008608190626E-07 +0.1000001020680005E+01
+0.4840279639639748E+04 +0.1000001016838891E+01 +0.1031759890530362E-07 +0.1000001023288010E+01
+0.4840404749450598E+04 +0.1000001019481006E+01 +0.1037563517700266E-07 +0.1000001025911019E+01
+0.4840529859261449E+04 +0.1000001022138004E+01 +0.1043420177243882E-07 +0.1000001028549158E+01
+0.4840654969072300E+04 +0.1000001024810020E+01 +0.1049330568918343E-07 +0.1000001031202558E+01
+0.4840780078883149E+04 +0.1000001027497194E+01 +0.1055295404975481E-07 +0.1000001033871350E+01
+0.4840905188694001E+04 +0.1000001030199664E+01 +0.1061315410451018E-07 +0.1000001036555667E+01
+0.4841030298504850E+04 +0.1000001032917572E+01 +0.1067391323461766E-07 +0.1000001039255646E+01
+0.4841155408315702E+04 +0.1000001035651062E+01 +0.1073523895512055E-07 +0.1000001041971424E+01
+0.4841280518126552E+04 +0.1000001038400279E+01 +0.1079713891808576E-07 +0.1000001044703142E+01
+0.4841405627937403E+04 +0.1000001041165371E+01 +0.1085962091584900E-07 +0.1000001047450942E+01
+0.4841530737748253E+04 +0.1000001043946488E+01 +0.1092269288435629E-07 +0.1000001050214967E+01
+0.4841655847559104E+04 +0.1000001046743781E+01 +0.1098636290660180E-07 +0.1000001052995365E+01
+0.4841780957369954E+04 +0.1000001049557403E+01 +0.1105063921617255E-07 +0.1000001055792284E+01
+0.4841906067180805E+04 +0.1000001052387510E+01 +0.1111553020090043E-07 +0.1000001058605876E+01
+0.4842031176991655E+04 +0.1000001055234261E+01 +0.1118104440662126E-07 +0.1000001061436293E+01
+0.4842156286802506E+04 +0.1000001058097814E+01 +0.1124719054105525E-07 +0.1000001064283692E+01
+0.4842281396613357E+04 +0.1000001060978334E+01 +0.1131397747780093E-07 +0.1000001067148231E+01
+0.4842406506424207E+04 +0.1000001063875983E+01 +0.1138141426045710E-07 +0.1000001070030069E+01
+0.4842531616235057E+04 +0.1000001066790929E+01 +0.1144951010687372E-07 +0.1000001072929371E+01
+0.4842656726045909E+04 +0.1000001069723342E+01 +0.1151827441353261E-07 +0.1000001075846301E+01
+0.4842781835856758E+04 +0.1000001072673393E+01 +0.1158771676007063E-07 +0.1000001078781029E+01
+0.4842906945667610E+04 +0.1000001075641256E+01 +0.1165784691394713E-07 +0.1000001081733723E+01
+0.4843032055478460E+04 +0.1000001078627108E+01 +0.1172867483525713E-07 +0.1000001084704557E+01
+0.4843157165289311E+04 +0.1000001081631128E+01 +0.1180021068170401E-07 +0.1000001087693708E+01
+0.4843282275100161E+04 +0.1000001084653498E+01 +0.1187246481373395E-07 +0.1000001090701353E+01
+0.4843407384911012E+04 +0.1000001087694403E+01 +0.1194544779983397E-07 +0.1000001093727674E+01
+0.4843532494721862E+04 +0.1000001090754030E+01 +0.1201917042201154E-07 +0.1000001096772856E+01
+0.4843657604532713E+04 +0.1000001093832569E+01 +0.1209364368144926E-07 +0.1000001099837085E+01
+0.4843782714343563E+04 +0.1000001096930212E+01 +0.1216887880435333E-07 +0.1000001102920551E+01
+0.4843907824154414E+04 +0.1000001100047156E+01 +0.1224488724799886E-07 +0.1000001106023447E+01
+0.4844032933965265E+04 +0.1000001103183600E+01 +0.1232168070697620E-07 +0.1000001109145968E+01
+0.4844158043776115E+04 +0.1000001106339744E+01 +0.1239927111965474E-07 +0.1000001112288315E+01
+0.4844283153586966E+04 +0.1000001109515794E+01 +0.1247767067486935E-07 +0.1000001115450688E+01
+0.4844408263397816E+04 +0.1000001112711958E+01 +0.1255689181883363E-07 +0.1000001118633294E+01
+0.4844533373208666E+04 +0.1000001115928446E+01 +0.1263694726230198E-07 +0.1000001121836341E+01
+0.4844658483019518E+04 +0.1000001119165474E+01 +0.1271784998797620E-07 +0.1000001125060040E+01
+0.4844783592830368E+04 +0.1000001122423259E+01 +0.1279961325817957E-07 +0.1000001128304608E+01
+0.4844908702641219E+04 +0.1000001125702021E+01 +0.1288225062280508E-07 +0.1000001131570262E+01
+0.4845033812452069E+04 +0.1000001129001987E+01 +0.1296577592754492E-07 +0.1000001134857226E+01
+0.4845158922262920E+04 +0.1000001132323383E+01 +0.1305020332242310E-07 +0.1000001138165726E+01
+0.4845284032073771E+04 +0.1000001135666442E+01 +0.1313554727063980E-07 +0.1000001141495990E+01
+0.4845409141884621E+04 +0.1000001139031400E+01 +0.1322182255773602E-07 +0.1000001144848252E+01
+0.4845534251695472E+04 +0.1000001142418495E+01 +0.1330904430110653E-07 +0.1000001148222750E+01
+0.4845659361506322E+04 +0.1000001145827971E+01 +0.1339722795986024E-07 +0.1000001151619725E+01
+0.4845784471317173E+04 +0.1000001149260075E+01 +0.1348638934505799E-07 +0.1000001155039423E+01
+0.4845909581128023E+04 +0.1000001152715059E+01 +0.1357654463033927E-07 +0.1000001158482091E+01
+0.4846034690938875E+04 +0.1000001156193178E+01 +0.1366771036295107E-07 +0.1000001161947985E+01
+0.4846159800749724E+04 +0.1000001159694691E+01 +0.1375990347520761E-07 +0.1000001165437362E+01
+0.4846284910560575E+04 +0.1000001163219864E+01 +0.1385314129639643E-07 +0.1000001168950484E+01
+0.4846410020371426E+04 +0.1000001166768964E+01 +0.1394744156514656E-07 +0.1000001172487618E+01
+0.4846535130182276E+04 +0.1000001170342264E+01 +0.1404282244229153E-07 +0.1000001176049035E+01
+0.4846660239993127E+04 +0.1000001173940043E+01 +0.1413930252424586E-07 +0.1000001179635012E+01
+0.4846785349803977E+04 +0.1000001177562582E+01 +0.1423690085691403E-07 +0.1000001183245829E+01
+0.4846910459614828E+04 +0.1000001181210170E+01 +0.1433563695017306E-07 +0.1000001186881772E+01
+0.4847035569425679E+04 +0.1000001184883099E+01 +0.1443553079293901E-07 +0.1000001190543132E+01
+0.4847160679236529E+04 +0.1000001188581667E+01 +0.1453660286886178E-07 +0.1000001194230206E+01
+0.4847285789047380E+04 +0.1000001192306176E+01 +0.1463887417267380E-07 +0.1000001197943293E+01
+0.4847410898858230E+04 +0.1000001196056935E+01 +0.1474236622722002E-07 +0.1000001201682703E+01
+0.4847536008669081E+04 +0.1000001199834258E+01 +0.1484710110121559E-07 +0.1000001205448745E+01
+0.4847661118479931E+04 +0.1000001203638464E+01 +0.1495310142776329E-07 +0.1000001209241740E+01
+0.4847786228290782E+04 +0.1000001207469879E+01 +0.1506039042366337E-07 +0.1000001213062010E+01
+0.4847911338101632E+04 +0.1000001211328835E+01 +0.1516899190957444E-07 +0.1000001216909886E+01
+0.4848036447912484E+04 +0.1000001215215668E+01 +0.1527893033105020E-07 +0.1000001220785704E+01
+0.4848161557723333E+04 +0.1000001219130722E+01 +0.1539023078051596E-07 +0.1000001224689805E+01
+0.4848286667534184E+04 +0.1000001223074349E+01 +0.1550291902022905E-07 +0.1000001228622540E+01
+0.4848411777345035E+04 +0.1000001227046904E+01 +0.1561702150627012E-07 +0.1000001232584263E+01
+0.4848536887155885E+04 +0.1000001231048751E+01 +0.1573256541363515E-07 +0.1000001236575337E+01
+0.4848661996966736E+04 +0.1000001235080262E+01 +0.1584957866248257E-07 +0.1000001240596132E+01
+0.4848787106777586E+04 +0.1000001239141814E+01 +0.1596808994559324E-07 +0.1000001244647023E+01
+0.4848912216588437E+04 +0.1000001243233792E+01 +0.1608812875713002E-07 +0.1000001248728395E+01
+0.4849037326399288E+04 +0.1000001247356590E+01 +0.1620972542274907E-07 +0.1000001252840639E+01
+0.4849162436210138E+04 +0.1000001251510608E+01 +0.1633291113115942E-07 +0.1000001256984156E+01
+0.4849287546020989E+04 +0.1000001255696255E+01 +0.1645771796720771E-07 +0.1000001261159352E+01
+0.4849412655831839E+04 +0.1000001259913948E+01 +0.1658417894657059E-07 +0.1000001265366643E+01
+0.4849537765642690E+04 +0.1000001264164112E+01 +0.1671232805216430E-07 +0.1000001269606453E+01
+0.4849662875453540E+04 +0.1000001268447182E+01 +0.1684220027236733E-07 +0.1000001273879216E+01
+0.4849787985264392E+04 +0.1000001272763601E+01 +0.1697383164115827E-07 +0.1000001278185374E+01
+0.4849913095075241E+04 +0.1000001277113821E+01 +0.1710725928030103E-07 +0.1000001282525377E+01
+0.4850038204886092E+04 +0.1000001281498306E+01 +0.1724252144369590E-07 +0.1000001286899687E+01
+0.4850163314696943E+04 +0.1000001285917526E+01 +0.1737965756402332E-07 +0.1000001291308775E+01
+0.4850288424507793E+04 +0.1000001290371965E+01 +0.1751870830184597E-07 +0.1000001295753121E+01
+0.4850413534318644E+04 +0.1000001294862114E+01 +0.1765971559729960E-07 +0.1000001300233217E+01
+0.4850538644129494E+04 +0.1000001299388478E+01 +0.1780272272456080E-07 +0.1000001304749565E+01
+0.4850663753940345E+04 +0.1000001303951570E+01 +0.1794777434926336E-07 +0.1000001309302679E+01
+0.4850788863751196E+04 +0.1000001308551917E+01 +0.1809491658904839E-07 +0.1000001313893083E+01
+0.4850913973562047E+04 +0.1000001313190058E+01 +0.1824419707747235E-07 +0.1000001318521314E+01
+0.4851039083372897E+04 +0.1000001317866541E+01 +0.1839566503148991E-07 +0.1000001323187921E+01
+0.4851164193183747E+04 +0.1000001322581931E+01 +0.1854937132274413E-07 +0.1000001327893466E+01
+0.4851289302994598E+04 +0.1000001327336804E+01 +0.1870536855294843E-07 +0.1000001332638524E+01
+0.4851414412805449E+04 +0.1000001332131748E+01 +0.1886371113361456E-07 +0.1000001337423682E+01
+0.4851539522616299E+04 +0.1000001336967368E+01 +0.1902445537045503E-07 +0.1000001342249544E+01
+0.4851664632427150E+04 +0.1000001341844282E+01 +0.1918765955278074E-07 +0.1000001347116727E+01
+0.4851789742238000E+04 +0.1000001346763123E+01 +0.1935338404824189E-07 +0.1000001352025861E+01
+0.4851914852048851E+04 +0.1000001351724540E+01 +0.1952169140331709E-07 +0.1000001356977595E+01
+0.4852039961859701E+04 +0.1000001356729198E+01 +0.1969264644996159E-07 +0.1000001361972591E+01
+0.4852165071670552E+04 +0.1000001361777779E+01 +0.1986631641885995E-07 +0.1000001367011531E+01
+0.4852290181481402E+04 +0.1000001366870980E+01 +0.2004277105980374E-07 +0.1000001372095112E+01
+0.4852415291292254E+04 +0.1000001372009520E+01 +0.2022208276970133E-07 +0.1000001377224048E+01
+0.4852540401103103E+04 +0.1000001377194134E+01 +0.2040432672883150E-07 +0.1000001382399075E+01
+0.4852665510913955E+04 +0.1000001382425577E+01 +0.2058958104596888E-07 +0.1000001387620945E+01
+0.4852790620724805E+04 +0.1000001387704623E+01 +0.2077792691306613E-07 +0.1000001392890432E+01
+0.4852915730535655E+04 +0.1000001393032070E+01 +0.2096944877027239E-07 +0.1000001398208330E+01
+0.4853040840346506E+04 +0.1000001398408734E+01 +0.2116423448210763E-07 +0.1000001403575456E+01
+0.4853165950157357E+04 +0.1000001403835457E+01 +0.2136237552568887E-07 +0.1000001408992648E+01
+0.4853291059968207E+04 +0.1000001409313101E+01 +0.2156396719202243E-07 +0.1000001414460768E+01
+0.4853416169779058E+04 +0.1000001414842556E+01 +0.2176910880144002E-07 +0.1000001419980703E+01
+0.4853541279589908E+04 +0.1000001420424736E+01 +0.2197790393435927E-07 +0.1000001425553365E+01
+0.4853666389400759E+04 +0.1000001426060582E+01 +0.2219046067871096E-07 +0.1000001431179694E+01
+0.4853791499211609E+04 +0.1000001431751062E+01 +0.2240689189543616E-07 +0.1000001436860654E+01
+0.4853916609022460E+04 +0.1000001437497174E+01 +0.2262731550367106E-07 +0.1000001442597244E+01
+0.4854041718833310E+04 +0.1000001443299947E+01 +0.2285185478735546E-07 +0.1000001448390487E+01
+0.4854166828644162E+04 +0.1000001449160440E+01 +0.2308063872518024E-07 +0.1000001454241442E+01
+0.4854291938455011E+04 +0.1000001455079746E+01 +0.2331380234602867E-07 +0.1000001460151199E+01
+0.4854417048265863E+04 +0.1000001461058993E+01 +0.2355148711225604E-07 +0.1000001466120884E+01
+0.4854542158076712E+04 +0.1000001467099346E+01 +0.2379384133340121E-07 +0.1000001472151658E+01
+0.4854667267887564E+04 +0.1000001473202007E+01 +0.2404102061326011E-07 +0.1000001478244721E+01
+0.4854792377698414E+04 +0.1000001479368219E+01 +0.2429318833348917E-07 +0.1000001484401313E+01
+0.4854917487509264E+04 +0.1000001485599266E+01 +0.2455051617734715E-07 +0.1000001490622715E+01
+0.4855042597320115E+04 +0.1000001491896477E+01 +0.2481318469753819E-07 +0.1000001496910252E+01
+0.4855167707130966E+04 +0.1000001498261228E+01 +0.2508138393257499E-07 +0.1000001503265296E+01
+0.4855292816941816E+04 +0.1000001504694943E+01 +0.2535531407664225E-07 +0.1000001509689269E+01
+0.4855417926752667E+04 +0.1000001511199098E+01 +0.2563518620848430E-07 +0.1000001516183640E+01
+0.4855543036563517E+04 +0.1000001517775222E+01 +0.2592122308550175E-07 +0.1000001522749937E+01
+0.4855668146374368E+04 +0.1000001524424904E+01 +0.2621366001005839E-07 +0.1000001529389742E+01
+0.4855793256185219E+04 +0.1000001531149790E+01 +0.2651274577576580E-07 +0.1000001536104699E+01
+0.4855918365996069E+04 +0.1000001537951593E+01 +0.2681874370259029E-07 +0.1000001542896512E+01
+0.4856043475806920E+04 +0.1000001544832092E+01 +0.2713193277068956E-07 +0.1000001549766958E+01
+0.4856168585617771E+04 +0.1000001551793138E+01 +0.2745260886417006E-07 +0.1000001556717879E+01
+0.4856293695428621E+04 +0.1000001558836658E+01 +0.2778108613748344E-07 +0.1000001563751199E+01
+0.4856418805239472E+04 +0.1000001565964661E+01 +0.2811769851882633E-07 +0.1000001570868916E+01
+0.4856543915050323E+04 +0.1000001573179239E+01 +0.2846280136685885E-07 +0.1000001578073118E+01
+0.4856669024861172E+04 +0.1000001580482578E+01 +0.2881677329936925E-07 +0.1000001585365980E+01
+0.4856794134672024E+04 +0.1000001587876958E+01 +0.2918001821507073E-07 +0.1000001592749776E+01
+0.4856919244482873E+04 +0.1000001595364766E+01 +0.2955296753273975E-07 +0.1000001600226881E+01
+0.4857044354293725E+04 +0.1000001602948496E+01 +0.2993608267550624E-07 +0.1000001607799782E+01
+0.4857169464104575E+04 +0.1000001610630764E+01 +0.3032985783208951E-07 +0.1000001615471079E+01
+0.4857294573915426E+04 +0.1000001618414309E+01 +0.3073482303169437E-07 +0.1000001623243502E+01
+0.4857419683726276E+04 +0.1000001626302006E+01 +0.3115154757482597E-07 +0.1000001631119913E+01
+0.4857544793537127E+04 +0.1000001634296878E+01 +0.3158064386888038E-07 +0.1000001639103319E+01
+0.4857669903347977E+04 +0.1000001642402101E+01 +0.3202277172521630E-07 +0.1000001647196880E+01
+0.4857795013158828E+04 +0.1000001650621023E+01 +0.3247864318353425E-07 +0.1000001655403925E+01
+0.4857920122969678E+04 +0.1000001658957169E+01 +0.3294902794026815E-07 +0.1000001663727963E+01
+0.4858045232780529E+04 +0.1000001667414265E+01 +0.3343475947073162E-07 +0.1000001672172693E+01
+0.4858170342591380E+04 +0.1000001675996244E+01 +0.3393674195003253E-07 +0.1000001680742029E+01
+0.4858295452402230E+04 +0.1000001684707272E+01 +0.3445595809637714E-07 +0.1000001689440108E+01
+0.4858420562213080E+04 +0.1000001693551764E+01 +0.3499347808243523E-07 +0.1000001698271314E+01
+0.4858545672023932E+04 +0.1000001702534404E+01 +0.3555046968710937E-07 +0.1000001707240301E+01
+0.4858670781834781E+04 +0.1000001711660174E+01 +0.3612820989239179E-07 +0.1000001716352013E+01
+0.4858795891645633E+04 +0.1000001720934377E+01 +0.3672809816904642E-07 +0.1000001725611709E+01
+0.4858921001456483E+04 +0.1000001730362670E+01 +0.3735167174252928E-07 +0.1000001735025002E+01
+0.4859046111267334E+04 +0.1000001739951095E+01 +0.3800062318899739E-07 +0.1000001744597879E+01
+0.4859171221078184E+04 +0.1000001749706121E+01 +0.3867682078283859E-07 +0.1000001754336750E+01
+0.4859296330889035E+04 +0.1000001759634682E+01 +0.3938233210559818E-07 +0.1000001764248483E+01
+0.4859421440699885E+04 +0.1000001769744232E+01 +0.4011945153600395E-07 +0.1000001774340453E+01
+0.4859546550510736E+04 +0.1000001780042795E+01 +0.4089073237721391E-07 +0.1000001784620595E+01
+0.4859671660321586E+04 +0.1000001790539029E+01 +0.4169902454876410E-07 +0.1000001795097465E+01
+0.4859796770132437E+04 +0.1000001801242296E+01 +0.4254751898597370E-07 +0.1000001805780312E+01
+0.4859921879943288E+04 +0.1000001812162749E+01 +0.4343980016225493E-07 +0.1000001816679150E+01
+0.4860046989754138E+04 +0.1000001823311415E+01 +0.4437990849712520E-07 +0.1000001827804851E+01
+0.4860172099564989E+04 +0.1000001834700312E+01 +0.4537241485736267E-07 +0.1000001839169252E+01
+0.4860297209375839E+04 +0.1000001846342570E+01 +0.4642250993209857E-07 +0.1000001850785267E+01
+0.4860422319186689E+04 +0.1000001858252569E+01 +0.4753611200697991E-07 +0.1000001862667026E+01
+0.4860547428997541E+04 +0.1000001870446113E+01 +0.4871999763470898E-07 +0.1000001874830036E+01
+0.4860672538808391E+04 +0.1000001882940621E+01 +0.4998196097999064E-07 +0.1000001887291361E+01
+0.4860797648619242E+04 +0.1000001895755350E+01 +0.5133100931552674E-07 +0.1000001900069839E+01
+0.4860922758430092E+04 +0.1000001908911667E+01 +0.5277760441808106E-07 +0.1000001913186327E+01
+0.4861047868240943E+04 +0.1000001922433363E+01 +0.5433396267952776E-07 +0.1000001926664003E+01
+0.4861172978051794E+04 +0.1000001936347019E+01 +0.5601443092040718E-07 +0.1000001940528699E+01
+0.4861298087862644E+04 +0.1000001950682449E+01 +0.5783596062559966E-07 +0.1000001954809312E+01
+0.4861423197673495E+04 +0.1000001965473226E+01 +0.5981871126955896E-07 +0.1000001969538281E+01
+0.4861548307484345E+04 +0.1000001980757300E+01 +0.6198682451503663E-07 +0.1000001984752143E+01
+0.4861673417295196E+04 +0.1000001996577749E+01 +0.6436942673681405E-07 +0.1000002000492198E+01
+0.4861798527106046E+04 +0.1000002012983661E+01 +0.6700193949014652E-07 +0.1000002016805280E+01
+0.4861923636916898E+04 +0.1000002030031190E+01 +0.6992780883736159E-07 +0.1000002033744660E+01
+0.4862048746727747E+04 +0.1000002047784807E+01 +0.7320080824225500E-07 +0.1000002051371075E+01
+0.4862173856538598E+04 +0.1000002066318762E+01 +0.7688813187217424E-07 +0.1000002069753905E+01
+0.4862298966349449E+04 +0.1000002085718808E+01 +0.8107459734247399E-07 +0.1000002088972467E+01
+0.4862424076160299E+04 +0.1000002106084216E+01 +0.8586849691066775E-07 +0.1000002109117388E+01
+0.4862549185971150E+04 +0.1000002127529959E+01 +0.9141004181487351E-07 +0.1000002130291761E+01
+0.4862674295782000E+04 +0.1000002150188343E+01 +0.9788358056927313E-07 +0.1000002152611416E+01
+0.4862799405592851E+04 +0.1000002174209239E+01 +0.1055347772207949E-06 +0.1000002176203281E+01
+0.4862924515403702E+04 +0.1000002199757846E+01 +0.1146952198804724E-06 +0.1000002201200170E+01
+0.4863049625214552E+04 +0.1000002227006549E+01 +0.1258188360995846E-06 +0.1000002227728064E+01
+0.4863174735025403E+04 +0.1000002256112973E+01 +0.1395354220872933E-06 +0.1000002255877808E+01
+0.4863299844836253E+04 +0.1000002287168551E+01 +0.1567268274855746E-06 +0.1000002285645783E+01
+0.4863424954647104E+04 +0.1000002320086241E+01 +0.1786270374823406E-06 +0.1000002316815320E+01
+0.4863550064457954E+04 +0.1000002354369178E+01 +0.2069252677682253E-06 +0.1000002348733221E+01
+0.4863675174268805E+04 +0.1000002388675295E+01 +0.2437799415077655E-06 +0.1000002379931938E+01
+0.4863800284079655E+04 +0.1000002420140675E+01 +0.2914894166965286E-06 +0.1000002407625892E+01
+0.4863925393890506E+04 +0.1000002443749536E+01 +0.3513878954733365E-06 +0.1000002427390269E+01
+0.4864050503701356E+04 +0.1000002452748054E+01 +0.4218608459086322E-06 +0.1000002433739366E+01
+0.4864175613512207E+04 +0.1000002441204531E+01 +0.4969295637259924E-06 +0.1000002422058083E+01
+0.4864300723323058E+04 +0.1000002407088404E+01 +0.5680029357515494E-06 +0.1000002390553888E+01
+0.4864425833133908E+04 +0.1000002351707111E+01 +0.6268781642187845E-06 +0.1000002340342881E+01
+0.4864550942944759E+04 +0.1000002278536420E+01 +0.6649151524884189E-06 +0.1000002275307887E+01
+0.4864676052755609E+04 +0.1000002196441443E+01 +0.6732930093465108E-06 +0.1000002203615342E+01
+0.4864801162566460E+04 +0.1000002120734348E+01 +0.6493957832709793E-06 +0.1000002137369428E+01
+0.4864926272377311E+04 +0.1000002065218820E+01 +0.6016089550728962E-06 +0.1000002087345975E+01
+0.4865051382188160E+04 +0.1000002034203370E+01 +0.5427848837465205E-06 +0.1000002058105997E+01
+0.4865176491999012E+04 +0.1000002025555248E+01 +0.4821720040011773E-06 +0.1000002049001201E+01
+0.4865301601809862E+04 +0.1000002035981121E+01 +0.4254459551903387E-06 +0.1000002057467468E+01
+0.4865426711620713E+04 +0.1000002061878972E+01 +0.3766821975633125E-06 +0.1000002080321551E+01
+0.4865551821431563E+04 +0.1000002099102555E+01 +0.3384628917074383E-06 +0.1000002113963292E+01
+0.4865676931242415E+04 +0.1000002143599547E+01 +0.3115810442735633E-06 +0.1000002154885947E+01
+0.4865802041053264E+04 +0.1000002192363481E+01 +0.2955064925797552E-06 +0.1000002200341667E+01
+0.4865927150864115E+04 +0.1000002243726511E+01 +0.2894766910198156E-06 +0.1000002248568591E+01
+0.4866052260674966E+04 +0.1000002296817603E+01 +0.2933428940158724E-06 +0.1000002298437755E+01
+0.4866177370485816E+04 +0.1000002350804808E+01 +0.3077766269152785E-06 +0.1000002348868694E+01
+0.4866302480296667E+04 +0.1000002404315468E+01 +0.3341583686637734E-06 +0.1000002398287495E+01
+0.4866427590107517E+04 +0.1000002454838107E+01 +0.3743740215532338E-06 +0.1000002444080407E+01
+0.4866552699918368E+04 +0.1000002497910159E+01 +0.4302482306696226E-06 +0.1000002481973637E+01
+0.4866677809729219E+04 +0.1000002526280069E+01 +0.5020391290770868E-06 +0.1000002505619300E+01
+0.4866802919540070E+04 +0.1000002530259081E+01 +0.5852986688801756E-06 +0.1000002507467473E+01
+0.4866928029350920E+04 +0.1000002502094286E+01 +0.6674803856839232E-06 +0.1000002482479959E+01
+0.4867053139161770E+04 +0.1000002444439540E+01 +0.7302494299586415E-06 +0.1000002433657151E+01
+0.4867178248972621E+04 +0.1000002373684411E+01 +0.7616129463026544E-06 +0.1000002373049271E+01
+0.4867303358783472E+04 +0.1000002307830637E+01 +0.7659217244018875E-06 +0.1000002313798390E+01
+0.4867428468594322E+04 +0.1000002252210267E+01 +0.7555140925267075E-06 +0.1000002261375252E+01
+0.4867553578405173E+04 +0.1000002202266592E+01 +0.7359835941290125E-06 +0.1000002214582612E+01
+0.4867678688216023E+04 +0.1000002156094733E+01 +0.7038581042199963E-06 +0.1000002173226349E+01
+0.4867803798026874E+04 +0.1000002120389379E+01 +0.6562856843371162E-06 +0.1000002141969156E+01
+0.4867928907837724E+04 +0.1000002103417919E+01 +0.5992418093359271E-06 +0.1000002126298296E+01
+0.4868054017648575E+04 +0.1000002105910685E+01 +0.5433657618475220E-06 +0.1000002126970815E+01
+0.4868179127459425E+04 +0.1000002121894441E+01 +0.4957478164576022E-06 +0.1000002139820761E+01
+0.4868304237270277E+04 +0.1000002144086338E+01 +0.4578316317583032E-06 +0.1000002159175045E+01
+0.4868429347081126E+04 +0.1000002167220662E+01 +0.4270239646165693E-06 +0.1000002180692908E+01
+0.4868554456891978E+04 +0.1000002189443204E+01 +0.3991493423794666E-06 +0.1000002202606250E+01
+0.4868679566702828E+04 +0.1000002211933902E+01 +0.3707738720762259E-06 +0.1000002225593341E+01
+0.4868804676513678E+04 +0.1000002237622154E+01 +0.3406625174073807E-06 +0.1000002251720893E+01
+0.4868929786324529E+04 +0.1000002269135583E+01 +0.3102874925054345E-06 +0.1000002282875194E+01
+0.4869054896135380E+04 +0.1000002306993013E+01 +0.2824591194019877E-06 +0.1000002319505099E+01
+0.4869180005946230E+04 +0.1000002349743328E+01 +0.2592604013257537E-06 +0.1000002360612823E+01
+0.4869305115757081E+04 +0.1000002395430826E+01 +0.2412419952096087E-06 +0.1000002404683556E+01
+0.4869430225567931E+04 +0.1000002442655398E+01 +0.2279936992824277E-06 +0.1000002450483511E+01
+0.4869555335378782E+04 +0.1000002490655214E+01 +0.2188917325820336E-06 +0.1000002497250670E+01
+0.4869680445189632E+04 +0.1000002539040167E+01 +0.2133845282102452E-06 +0.1000002544561170E+01
+0.4869805555000483E+04 +0.1000002587622950E+01 +0.2110302880399543E-06 +0.1000002592192507E+01
+0.4869930664811333E+04 +0.1000002636338129E+01 +0.2115001438556270E-06 +0.1000002640041848E+01
+0.4870055774622185E+04 +0.1000002685174789E+01 +0.2145874995118517E-06 +0.1000002688059711E+01
+0.4870180884433034E+04 +0.1000002734081424E+01 +0.2201718783839089E-06 +0.1000002736186688E+01
+0.4870305994243886E+04 +0.1000002782957152E+01 +0.2280616393563170E-06 +0.1000002784371446E+01
+0.4870431104054735E+04 +0.1000002831909780E+01 +0.2379449502142471E-06 +0.1000002832717147E+01
+0.4870556213865587E+04 +0.1000002881398232E+01 +0.2498136012240209E-06 +0.1000002881494847E+01
+0.4870681323676437E+04 +0.1000002931651888E+01 +0.2643017701349679E-06 +0.1000002930774333E+01
+0.4870806433487287E+04 +0.1000002982052269E+01 +0.2820933490850305E-06 +0.1000002980082554E+01
+0.4870931543298138E+04 +0.1000003031489739E+01 +0.3030319835437427E-06 +0.1000003028652748E+01
+0.4871056653108989E+04 +0.1000003079372273E+01 +0.3259829226974147E-06 +0.1000003076121682E+01
+0.4871181762919839E+04 +0.1000003126446289E+01 +0.3496651513714187E-06 +0.1000003123050507E+01
+0.4871306872730690E+04 +0.1000003174453453E+01 +0.3742062427927692E-06 +0.1000003170532097E+01
+0.4871431982541540E+04 +0.1000003224001877E+01 +0.4014184970849577E-06 +0.1000003218938160E+01
+0.4871557092352391E+04 +0.1000003273809369E+01 +0.4324662122535449E-06 +0.1000003267536798E+01
+0.4871682202163242E+04 +0.1000003322837384E+01 +0.4669556787760419E-06 +0.1000003315547480E+01
+0.4871807311974092E+04 +0.1000003370985779E+01 +0.5046422458930427E-06 +0.1000003362635116E+01
+0.4871932421784943E+04 +0.1000003417806784E+01 +0.5456615359762779E-06 +0.1000003408431948E+01
+0.4872057531595794E+04 +0.1000003462781604E+01 +0.5894802082994852E-06 +0.1000003452637854E+01
+0.4872182641406644E+04 +0.1000003506324233E+01 +0.6355904342008271E-06 +0.1000003495409600E+01
+0.4872307751217495E+04 +0.1000003548814835E+01 +0.6843575678102712E-06 +0.1000003536998551E+01
+0.4872432861028346E+04 +0.1000003590510089E+01 +0.7359851829646461E-06 +0.1000003577696539E+01
+0.4872557970839195E+04 +0.1000003632555024E+01 +0.7919938863608381E-06 +0.1000003617741887E+01
+0.4872683080650047E+04 +0.1000003673552930E+01 +0.8566742854854165E-06 +0.1000003655307297E+01
+0.4872808190460896E+04 +0.1000003706511812E+01 +0.9322365936802076E-06 +0.1000003685234618E+01
+0.4872933300271748E+04 +0.1000003723677054E+01 +0.1012930203184378E-05 +0.1000003702475462E+01
+0.4873058410082598E+04 +0.1000003725612711E+01 +0.1088110808144784E-05 +0.1000003707432288E+01
+0.4873183519893449E+04 +0.1000003721107389E+01 +0.1153575361030875E-05 +0.1000003705479668E+01
+0.4873308629704299E+04 +0.1000003715684931E+01 +0.1214850756427928E-05 +0.1000003700121953E+01
+0.4873433739515150E+04 +0.1000003704796122E+01 +0.1278236627177785E-05 +0.1000003688338827E+01
+0.4873558849326000E+04 +0.1000003677459528E+01 +0.1340508092361556E-05 +0.1000003663424044E+01
+0.4873683959136851E+04 +0.1000003628888377E+01 +0.1384595117468925E-05 +0.1000003624189095E+01
+0.4873809068947701E+04 +0.1000003574370787E+01 +0.1391485830431387E-05 +0.1000003582783187E+01
+0.4873934178758552E+04 +0.1000003542182591E+01 +0.1362272458821626E-05 +0.1000003559216184E+01
+0.4874059288569403E+04 +0.1000003548788502E+01 +0.1318620249441712E-05 +0.1000003566463525E+01
+0.4874184398380253E+04 +0.1000003591632842E+01 +0.1282517403353049E-05 +0.1000003604408757E+01
+0.4874309508191103E+04 +0.1000003660106925E+01 +0.1266802985744579E-05 +0.1000003665109234E+01
+0.4874434618001955E+04 +0.1000003741567011E+01 +0.1277509385817115E-05 +0.1000003737922927E+01
+0.4874559727812804E+04 +0.1000003822915030E+01 +0.1312871727846462E-05 +0.1000003812686449E+01
+0.4874684837623656E+04 +0.1000003898358809E+01 +0.1363895496477980E-05 +0.1000003884455794E+01
+0.4874809947434506E+04 +0.1000003972136326E+01 +0.1425961852337453E-05 +0.1000003954231358E+01
+0.4874935057245357E+04 +0.1000004046760858E+01 +0.1504332425973883E-05 +0.1000004022437935E+01
+0.4875060167056207E+04 +0.1000004116325742E+01 +0.1605505079416438E-05 +0.1000004084190045E+01
+0.4875185276867058E+04 +0.1000004170223254E+01 +0.1730882190279489E-05 +0.1000004130793312E+01
+0.4875310386677908E+04 +0.1000004197659092E+01 +0.1876293445290293E-05 +0.1000004152908362E+01
+0.4875435496488759E+04 +0.1000004188902603E+01 +0.2034217217986443E-05 +0.1000004141729828E+01
+0.4875560606299609E+04 +0.1000004133205544E+01 +0.2191783396430600E-05 +0.1000004089366184E+01
+0.4875685716110460E+04 +0.1000004024691385E+01 +0.2324439653214190E-05 +0.1000003993810580E+01
+0.4875810825921311E+04 +0.1000003875793801E+01 +0.2400755618950854E-05 +0.1000003867228475E+01
+0.4875935935732161E+04 +0.1000003720957547E+01 +0.2399851832610666E-05 +0.1000003737776763E+01
+0.4876061045543012E+04 +0.1000003604236395E+01 +0.2326716375929388E-05 +0.1000003640089675E+01
+0.4876186155353862E+04 +0.1000003557501661E+01 +0.2213179133765894E-05 +0.1000003599559016E+01
+0.4876311265164712E+04 +0.1000003586098530E+01 +0.2099906348972031E-05 +0.1000003622402492E+01
+0.4876436374975564E+04 +0.1000003675511456E+01 +0.2017724379546325E-05 +0.1000003698525903E+01
+0.4876561484786414E+04 +0.1000003804016701E+01 +0.1983462766364510E-05 +0.1000003810409562E+01
+0.4876686594597265E+04 +0.1000003951237018E+01 +0.2003248301767921E-05 +0.1000003939949318E+01
+0.4876811704408115E+04 +0.1000004099926850E+01 +0.2080287136196842E-05 +0.1000004069830936E+01
+0.4876936814218966E+04 +0.1000004228727722E+01 +0.2216821935908999E-05 +0.1000004180087903E+01
+0.4877061924029817E+04 +0.1000004309299585E+01 +0.2405185452089854E-05 +0.1000004247205556E+01
+0.4877187033840667E+04 +0.1000004314550342E+01 +0.2619487061191350E-05 +0.1000004250456002E+01
+0.4877312143651518E+04 +0.1000004232743729E+01 +0.2814401397298322E-05 +0.1000004183577790E+01
+0.4877437253462368E+04 +0.1000004086485575E+01 +0.2936849124953274E-05 +0.1000004066969772E+01
+0.4877562363273219E+04 +0.1000003934913407E+01 +0.2961430031082209E-05 +0.1000003945129556E+01
+0.4877687473084069E+04 +0.1000003834713614E+01 +0.2910658628785302E-05 +0.1000003862112240E+01
+0.4877812582894921E+04 +0.1000003810082378E+01 +0.2827987756395225E-05 +0.1000003840974548E+01
+0.4877937692705770E+04 +0.1000003861560415E+01 +0.2752701877429458E-05 +0.1000003884561089E+01
+0.4878062802516621E+04 +0.1000003976844360E+01 +0.2717854795162224E-05 +0.1000003982304155E+01
+0.4878187912327472E+04 +0.1000004131070600E+01 +0.2749433579868829E-05 +0.1000004112563978E+01
+0.4878313022138322E+04 +0.1000004288825114E+01 +0.2858680621707956E-05 +0.1000004245960565E+01
+0.4878438131949173E+04 +0.1000004415746911E+01 +0.3037224938456904E-05 +0.1000004353716745E+01
+0.4878563241760023E+04 +0.1000004489342575E+01 +0.3265687456174418E-05 +0.1000004414596642E+01
+0.4878688351570874E+04 +0.1000004494040288E+01 +0.3523746963088943E-05 +0.1000004413589326E+01
+0.4878813461381725E+04 +0.1000004414885063E+01 +0.3782540152696084E-05 +0.1000004340758759E+01
+0.4878938571192575E+04 +0.1000004253029099E+01 +0.3995881968526226E-05 +0.1000004201524559E+01
+0.4879063681003426E+04 +0.1000004047719784E+01 +0.4120128012494180E-05 +0.1000004027838757E+01
+0.4879188790814276E+04 +0.1000003863428541E+01 +0.4153719226629281E-05 +0.1000003866811642E+01
+0.4879313900625127E+04 +0.1000003740939321E+01 +0.4141850011168093E-05 +0.1000003749846350E+01
+0.4879439010435977E+04 +0.1000003673810732E+01 +0.4134181667055256E-05 +0.1000003676257047E+01
+0.4879564120246828E+04 +0.1000003630970611E+01 +0.4151252914961969E-05 +0.1000003625778015E+01
+0.4879689230057678E+04 +0.1000003588382244E+01 +0.4184547317037376E-05 +0.1000003580838696E+01
+0.4879814339868529E+04 +0.1000003544341864E+01 +0.4218855739834296E-05 +0.1000003537632209E+01
+0.4879939449679379E+04 +0.1000003507680471E+01 +0.4251771802450825E-05 +0.1000003500497133E+01
+0.4880064559490230E+04 +0.1000003482565977E+01 +0.4290755333300758E-05 +0.1000003471855197E+01
+0.4880189669301081E+04 +0.1000003464999128E+01 +0.4345627473901106E-05 +0.1000003447903180E+01
+0.4880314779111931E+04 +0.1000003442672379E+01 +0.4422234026542354E-05 +0.1000003418644283E+01
+0.4880439888922782E+04 +0.1000003398507573E+01 +0.4516265040940107E-05 +0.1000003371163662E+01
+0.4880564998733632E+04 +0.1000003319292869E+01 +0.4608119243561449E-05 +0.1000003297357202E+01
+0.4880690108544483E+04 +0.1000003211790558E+01 +0.4666681652939607E-05 +0.1000003205100462E+01
+0.4880815218355334E+04 +0.1000003113855559E+01 +0.4672768887477867E-05 +0.1000003122692469E+01
+0.4880940328166183E+04 +0.1000003073043084E+01 +0.4651901192915459E-05 +0.1000003081122565E+01
+0.4881065437977035E+04 +0.1000003095176889E+01 +0.4668101188071187E-05 +0.1000003081375159E+01
+0.4881190547787885E+04 +0.1000003123474447E+01 +0.4767919875106051E-05 +0.1000003082271246E+01
+0.4881315657598736E+04 +0.1000003077996796E+01 +0.4928789967647845E-05 +0.1000003029288936E+01
+0.4881440767409586E+04 +0.1000002929470738E+01 +0.5062200351587202E-05 +0.1000002905205427E+01
+0.4881565877220438E+04 +0.1000002740686754E+01 +0.5090884129325272E-05 +0.1000002753250327E+01
+0.4881690987031287E+04 +0.1000002607367055E+01 +0.5024578541833068E-05 +0.1000002640183995E+01
+0.4881816096842138E+04 +0.1000002574190445E+01 +0.4933273176557524E-05 +0.1000002603182546E+01
+0.4881941206652989E+04 +0.1000002629754392E+01 +0.4883721980275515E-05 +0.1000002637306652E+01
+0.4882066316463839E+04 +0.1000002734185500E+01 +0.4918639248274538E-05 +0.1000002710790667E+01
+0.4882191426274690E+04 +0.1000002834066414E+01 +0.5054017590917492E-05 +0.1000002779288345E+01
+0.4882316536085540E+04 +0.1000002874608417E+01 +0.5275016099975971E-05 +0.1000002798436158E+01
+0.4882441645896391E+04 +0.1000002820312630E+01 +0.5537027308394780E-05 +0.1000002739721365E+01
+0.4882566755707242E+04 +0.1000002671588437E+01 +0.5790508404066109E-05 +0.1000002599428636E+01
+0.4882691865518093E+04 +0.1000002445123217E+01 +0.6005673160408360E-05 +0.1000002388793557E+01
+0.4882816975328943E+04 +0.1000002156338064E+01 +0.6157174490166842E-05 +0.1000002124898961E+01
+0.4882942085139793E+04 +0.1000001837460034E+01 +0.6220187274899586E-05 +0.1000001835922233E+01
+0.4883067194950644E+04 +0.1000001535385777E+01 +0.6195308308661359E-05 +0.1000001558092757E+01
+0.4883192304761495E+04 +0.1000001283840869E+01 +0.6114622380232866E-05 +0.1000001317137085E+01
+0.4883317414572345E+04 +0.1000001079325712E+01 +0.6019665098047848E-05 +0.1000001113063034E+01
+0.4883442524383196E+04 +0.1000000890491838E+01 +0.5919033786786233E-05 +0.1000000929884424E+01
+0.4883567634194046E+04 +0.1000000712354564E+01 +0.5783549130312375E-05 +0.1000000767000634E+01
+0.4883692744004897E+04 +0.1000000583029385E+01 +0.5602566648152825E-05 +0.1000000648709241E+01
+0.4883817853815747E+04 +0.1000000537345313E+01 +0.5409574809717985E-05 +0.1000000598635912E+01
+0.4883942963626598E+04 +0.1000000575640689E+01 +0.5257244805260381E-05 +0.1000000616046705E+01
+0.4884068073437448E+04 +0.1000000662750113E+01 +0.5186746905948255E-05 +0.1000000673849687E+01
+0.4884193183248300E+04 +0.1000000750145767E+01 +0.5207181083677957E-05 +0.1000000733879521E+01
+0.4884318293059149E+04 +0.1000000802546898E+01 +0.5306233366519011E-05 +0.1000000763288940E+01
+0.4884443402870001E+04 +0.1000000792349331E+01 +0.5472612774562021E-05 +0.1000000733543435E+01
+0.4884568512680851E+04 +0.1000000679789332E+01 +0.5686224321704603E-05 +0.1000000612612710E+01
+0.4884693622491701E+04 +0.1000000426934871E+01 +0.5890076059573219E-05 +0.1000000376333457E+01
+0.4884818732302552E+04 +0.1000000040975329E+01 +0.5995117242831376E-05 +0.1000000035736210E+01
+0.4884943842113403E+04 +0.9999995934944406E+00 +0.5929008638703237E-05 +0.9999996484150881E+00
+0.4885068951924253E+04 +0.9999991906064842E+00 +0.5680137894829454E-05 +0.9999992977695321E+00
+0.4885194061735104E+04 +0.9999989222947603E+00 +0.5306876529170178E-05 +0.9999990541853325E+00
+0.4885319171545954E+04 +0.9999988166945897E+00 +0.4905392569294402E-05 +0.9999989430816916E+00
+0.4885444281356805E+04 +0.9999988400795377E+00 +0.4552642587483228E-05 +0.9999989434812607E+00
+0.4885569391167655E+04 +0.9999989363156392E+00 +0.4281459583297893E-05 +0.9999990126089257E+00
+0.4885694500978506E+04 +0.9999990554661261E+00 +0.4089363727175513E-05 +0.9999991097359284E+00
+0.4885819610789356E+04 +0.9999991688378164E+00 +0.3952081130991751E-05 +0.9999992101782067E+00
+0.4885944720600208E+04 +0.9999992761691300E+00 +0.3846925252430068E-05 +0.9999993084440127E+00
+0.4886069830411057E+04 +0.9999993847527351E+00 +0.3774628167647394E-05 +0.9999994047047748E+00
+0.4886194940221909E+04 +0.9999994827087501E+00 +0.3743331333129526E-05 +0.9999994900413872E+00
+0.4886320050032758E+04 +0.9999995512384824E+00 +0.3744407404935392E-05 +0.9999995509215881E+00
+0.4886445159843609E+04 +0.9999995814836525E+00 +0.3761381091735857E-05 +0.9999995786750082E+00
+0.4886570269654460E+04 +0.9999995683219824E+00 +0.3775396550719850E-05 +0.9999995705652194E+00
+0.4886695379465310E+04 +0.9999995184622137E+00 +0.3758926222570158E-05 +0.9999995345044799E+00
+0.4886820489276161E+04 +0.9999994605167526E+00 +0.3693938221304820E-05 +0.9999994921630924E+00
+0.4886945599087012E+04 +0.9999994260122389E+00 +0.3586196939737637E-05 +0.9999994686805771E+00
+0.4887070708897862E+04 +0.9999994361839074E+00 +0.3454035869438189E-05 +0.9999994829727216E+00
+0.4887195818708713E+04 +0.9999995050219623E+00 +0.3324356534920389E-05 +0.9999995453306117E+00
+0.4887320928519563E+04 +0.9999996307694125E+00 +0.3236005869905055E-05 +0.9999996512715931E+00
+0.4887446038330414E+04 +0.9999997822225138E+00 +0.3225731054019931E-05 +0.9999997743625919E+00
+0.4887571148141265E+04 +0.9999999043330209E+00 +0.3302347999043033E-05 +0.9999998718821724E+00
+0.4887696257952115E+04 +0.9999999466963885E+00 +0.3433459468896092E-05 +0.9999999054921687E+00
+0.4887821367762966E+04 +0.9999998932981248E+00 +0.3563020464163231E-05 +0.9999998612182399E+00
+0.4887946477573817E+04 +0.9999997620222421E+00 +0.3642758661462178E-05 +0.9999997515601441E+00
+0.4888071587384667E+04 +0.9999995878542485E+00 +0.3642136209393115E-05 +0.9999996058436325E+00
+0.4888196697195518E+04 +0.9999994157233513E+00 +0.3551791737176849E-05 +0.9999994608930876E+00
+0.4888321807006369E+04 +0.9999992851229464E+00 +0.3386928485261782E-05 +0.9999993500189001E+00
+0.4888446916817218E+04 +0.9999992199654960E+00 +0.3174309946192172E-05 +0.9999992952891534E+00
+0.4888572026628070E+04 +0.9999992309207578E+00 +0.2944936285467180E-05 +0.9999993065243985E+00
+0.4888697136438919E+04 +0.9999993146810128E+00 +0.2728468962841672E-05 +0.9999993822223212E+00
+0.4888822246249771E+04 +0.9999994599358397E+00 +0.2547770246387798E-05 +0.9999995128792151E+00
+0.4888947356060621E+04 +0.9999996503315914E+00 +0.2422272870028330E-05 +0.9999996829920432E+00
+0.4889072465871472E+04 +0.9999998603772311E+00 +0.2365402032537487E-05 +0.9999998704325085E+00
+0.4889197575682322E+04 +0.1000000059381871E+01 +0.2376338193273874E-05 +0.1000000049700198E+01
+0.4889322685493173E+04 +0.1000000221203197E+01 +0.2438775989869083E-05 +0.1000000199107050E+01
+0.4889447795304023E+04 +0.1000000332313454E+01 +0.2524501578927557E-05 +0.1000000308008755E+01
+0.4889572905114874E+04 +0.1000000400282295E+01 +0.2602758875924143E-05 +0.1000000381993401E+01
+0.4889698014925724E+04 +0.1000000451487368E+01 +0.2659292135543780E-05 +0.1000000439445384E+01
+0.4889823124736575E+04 +0.1000000509683796E+01 +0.2706078977309020E-05 +0.1000000496909102E+01
+0.4889948234547426E+04 +0.1000000575905747E+01 +0.2766708118226687E-05 +0.1000000555784762E+01
+0.4890073344358276E+04 +0.1000000631535231E+01 +0.2852837512446624E-05 +0.1000000603606505E+01
+0.4890198454169126E+04 +0.1000000657137219E+01 +0.2957476781431252E-05 +0.1000000625676297E+01
+0.4890323563979978E+04 +0.1000000642192537E+01 +0.3063946708988829E-05 +0.1000000613323488E+01
+0.4890448673790827E+04 +0.1000000585454774E+01 +0.3150806767889077E-05 +0.1000000566582873E+01
+0.4890573783601679E+04 +0.1000000498976631E+01 +0.3195430312814478E-05 +0.1000000496477938E+01
+0.4890698893412529E+04 +0.1000000409041463E+01 +0.3184396882219458E-05 +0.1000000424557618E+01
+0.4890824003223380E+04 +0.1000000347178018E+01 +0.3122602154084568E-05 +0.1000000376001033E+01
+0.4890949113034230E+04 +0.1000000336727209E+01 +0.3032191896851278E-05 +0.1000000370045914E+01
+0.4891074222845081E+04 +0.1000000386851536E+01 +0.2943920924447820E-05 +0.1000000414052197E+01
+0.4891199332655931E+04 +0.1000000489936542E+01 +0.2892328151199694E-05 +0.1000000500177890E+01
+0.4891324442466782E+04 +0.1000000615828092E+01 +0.2905257186885969E-05 +0.1000000603369904E+01
+0.4891449552277632E+04 +0.1000000718255194E+01 +0.2984511234226628E-05 +0.1000000688306575E+01
+0.4891574662088483E+04 +0.1000000760967001E+01 +0.3096727254330072E-05 +0.1000000728405154E+01
+0.4891699771899334E+04 +0.1000000744697756E+01 +0.3194023270217051E-05 +0.1000000722864457E+01
+0.4891824881710184E+04 +0.1000000700768418E+01 +0.3250358662917205E-05 +0.1000000692525369E+01
+0.4891949991521035E+04 +0.1000000657960112E+01 +0.3268614358474142E-05 +0.1000000660138319E+01
+0.4892075101331885E+04 +0.1000000630679709E+01 +0.3258074810773175E-05 +0.1000000640944903E+01
+0.4892200211142735E+04 +0.1000000633098824E+01 +0.3227514158274085E-05 +0.1000000647161416E+01
+0.4892325320953587E+04 +0.1000000677590155E+01 +0.3198547562262972E-05 +0.1000000686339103E+01
+0.4892450430764437E+04 +0.1000000757260258E+01 +0.3200232062882127E-05 +0.1000000752529302E+01
+0.4892575540575288E+04 +0.1000000846949789E+01 +0.3249536054593799E-05 +0.1000000826499010E+01
+0.4892700650386138E+04 +0.1000000918551625E+01 +0.3343500486966055E-05 +0.1000000886104711E+01
+0.4892825760196989E+04 +0.1000000954688552E+01 +0.3466372429129279E-05 +0.1000000915723574E+01
+0.4892950870007840E+04 +0.1000000947674669E+01 +0.3602066802747819E-05 +0.1000000907072355E+01
+0.4893075979818689E+04 +0.1000000891988174E+01 +0.3733517578851892E-05 +0.1000000856149482E+01
+0.4893201089629541E+04 +0.1000000788193170E+01 +0.3836507888743324E-05 +0.1000000765902248E+01
+0.4893326199440391E+04 +0.1000000654761436E+01 +0.3885150846214389E-05 +0.1000000652410629E+01
+0.4893451309251242E+04 +0.1000000526184984E+01 +0.3872413189255359E-05 +0.1000000541465235E+01
+0.4893576419062092E+04 +0.1000000427592241E+01 +0.3814998805230475E-05 +0.1000000453781233E+01
+0.4893701528872944E+04 +0.1000000365214246E+01 +0.3729795463388735E-05 +0.1000000398828417E+01
+0.4893826638683793E+04 +0.1000000344922003E+01 +0.3624657420697043E-05 +0.1000000383335825E+01
+0.4893951748494644E+04 +0.1000000378333634E+01 +0.3514162767060077E-05 +0.1000000414610213E+01
+0.4894076858305494E+04 +0.1000000466826046E+01 +0.3423933560743141E-05 +0.1000000492600277E+01
+0.4894201968116345E+04 +0.1000000595829210E+01 +0.3375764210327634E-05 +0.1000000606009196E+01
+0.4894327077927196E+04 +0.1000000744208840E+01 +0.3379307349705885E-05 +0.1000000737611157E+01
+0.4894452187738046E+04 +0.1000000893016190E+01 +0.3434039619275235E-05 +0.1000000870762795E+01
+0.4894577297548897E+04 +0.1000001028289746E+01 +0.3536125071109091E-05 +0.1000000991384647E+01
+0.4894702407359748E+04 +0.1000001134192920E+01 +0.3682378977734819E-05 +0.1000001084363911E+01
+0.4894827517170598E+04 +0.1000001187003670E+01 +0.3858005463817384E-05 +0.1000001133037367E+01
+0.4894952626981449E+04 +0.1000001175427148E+01 +0.4021791371972320E-05 +0.1000001133512213E+01
+0.4895077736792299E+04 +0.1000001131583641E+01 +0.4128490680087999E-05 +0.1000001111440877E+01
+0.4895202846603150E+04 +0.1000001120380102E+01 +0.4175797002218993E-05 +0.1000001112896231E+01
+0.4895327956414000E+04 +0.1000001188096517E+01 +0.4218722202702998E-05 +0.1000001169599156E+01
+0.4895453066224851E+04 +0.1000001321591428E+01 +0.4331528889621698E-05 +0.1000001271618393E+01
+0.4895578176035701E+04 +0.1000001459798966E+01 +0.4555922188520167E-05 +0.1000001372822221E+01
+0.4895703285846552E+04 +0.1000001532063651E+01 +0.4887101015320045E-05 +0.1000001416126259E+01
+0.4895828395657402E+04 +0.1000001480595972E+01 +0.5280478579056815E-05 +0.1000001355906779E+01
+0.4895953505468253E+04 +0.1000001285656801E+01 +0.5660378188471518E-05 +0.1000001177805244E+01
+0.4896078615279104E+04 +0.1000000983074717E+01 +0.5960778777853966E-05 +0.1000000905903080E+01
+0.4896203725089954E+04 +0.1000000627150130E+01 +0.6164451390324374E-05 +0.1000000579541488E+01
+0.4896328834900805E+04 +0.1000000245672183E+01 +0.6277286084028001E-05 +0.1000000227528729E+01
+0.4896453944711655E+04 +0.9999998591380720E+00 +0.6291015407831290E-05 +0.9999998742881189E+00
+0.4896579054522506E+04 +0.9999995080311636E+00 +0.6202648725791873E-05 +0.9999995531529194E+00
+0.4896704164333357E+04 +0.9999992349286129E+00 +0.6037110654439634E-05 +0.9999992981470273E+00
+0.4896829274144206E+04 +0.9999990645919730E+00 +0.5839811159413344E-05 +0.9999991293370748E+00
+0.4896954383955058E+04 +0.9999989955283471E+00 +0.5666162155360554E-05 +0.9999990440113523E+00
+0.4897079493765908E+04 +0.9999989921895601E+00 +0.5563400261700813E-05 +0.9999990138121219E+00
+0.4897204603576759E+04 +0.9999989992316533E+00 +0.5544164976826613E-05 +0.9999989964997990E+00
+0.4897329713387609E+04 +0.9999989754307236E+00 +0.5587402508607811E-05 +0.9999989574625366E+00
+0.4897454823198461E+04 +0.9999989041091113E+00 +0.5665814560577088E-05 +0.9999988785218751E+00
+0.4897579933009310E+04 +0.9999987779070673E+00 +0.5758003198269328E-05 +0.9999987512716212E+00
+0.4897705042820161E+04 +0.9999985917824877E+00 +0.5841235345627341E-05 +0.9999985721740233E+00
+0.4897830152631012E+04 +0.9999983481655061E+00 +0.5887552652407389E-05 +0.9999983452412874E+00
+0.4897955262441862E+04 +0.9999980648233022E+00 +0.5865844056814783E-05 +0.9999980879861601E+00
+0.4898080372252713E+04 +0.9999977834099397E+00 +0.5756973551836351E-05 +0.9999978337698705E+00
+0.4898205482063563E+04 +0.9999975522293816E+00 +0.5578440492096917E-05 +0.9999976180671439E+00
+0.4898330591874414E+04 +0.9999973886888891E+00 +0.5374691184917025E-05 +0.9999974560112013E+00
+0.4898455701685265E+04 +0.9999972763038044E+00 +0.5176669337672668E-05 +0.9999973400696106E+00
+0.4898580811496116E+04 +0.9999971983786383E+00 +0.4990153419062223E-05 +0.9999972582973290E+00
+0.4898705921306966E+04 +0.9999971497553946E+00 +0.4819042661834779E-05 +0.9999972033317747E+00
+0.4898831031117816E+04 +0.9999971212473124E+00 +0.4671616823421839E-05 +0.9999971665963464E+00
+0.4898956140928667E+04 +0.9999970986130705E+00 +0.4548640082415312E-05 +0.9999971369708232E+00
+0.4899081250739518E+04 +0.9999970716609542E+00 +0.4444070153211462E-05 +0.9999971053527216E+00
+0.4899206360550368E+04 +0.9999970345263807E+00 +0.4349821139186246E-05 +0.9999970663529408E+00
+0.4899331470361219E+04 +0.9999969853737841E+00 +0.4256878425587551E-05 +0.9999970181693766E+00
+0.4899456580172069E+04 +0.9999969263844127E+00 +0.4157301065055102E-05 +0.9999969621949134E+00
+0.4899581689982920E+04 +0.9999968606401101E+00 +0.4046018679495475E-05 +0.9999969010804103E+00
+0.4899706799793770E+04 +0.9999967905275658E+00 +0.3914371844684298E-05 +0.9999968396098790E+00
+0.4899831909604621E+04 +0.9999967309874052E+00 +0.3751168822179819E-05 +0.9999967903740300E+00
+0.4899957019415471E+04 +0.9999967066362998E+00 +0.3562874654293587E-05 +0.9999967706580281E+00
+0.4900082129226323E+04 +0.9999967294283831E+00 +0.3373178364048688E-05 +0.9999967897857807E+00
+0.4900207239037172E+04 +0.9999967935506821E+00 +0.3205432738988766E-05 +0.9999968440921432E+00
+0.4900332348848024E+04 +0.9999968837047370E+00 +0.3074264662749114E-05 +0.9999969212034060E+00
+0.4900457458658874E+04 +0.9999969806440411E+00 +0.2985429914411003E-05 +0.9999970047756500E+00
+0.4900582568469724E+04 +0.9999970642019149E+00 +0.2934179091113070E-05 +0.9999970783880440E+00
+0.4900707678280575E+04 +0.9999971206941253E+00 +0.2904811166812348E-05 +0.9999971310771187E+00
+0.4900832788091426E+04 +0.9999971498001341E+00 +0.2878450837954821E-05 +0.9999971615182132E+00
+0.4900957897902276E+04 +0.9999971605245334E+00 +0.2844809633483481E-05 +0.9999971749991130E+00
+0.4901083007713127E+04 +0.9999971578600805E+00 +0.2801331647242433E-05 +0.9999971762671059E+00
+0.4901208117523977E+04 +0.9999971441233366E+00 +0.2739510842744443E-05 +0.9999971704765318E+00
+0.4901333227334828E+04 +0.9999971347309815E+00 +0.2649080320521693E-05 +0.9999971702143319E+00
+0.4901458337145678E+04 +0.9999971528879962E+00 +0.2537512907296341E-05 +0.9999971917433076E+00
+0.4901583446956529E+04 +0.9999972084257285E+00 +0.2428109794861696E-05 +0.9999972426654123E+00
+0.4901708556767379E+04 +0.9999972934683168E+00 +0.2342800899760092E-05 +0.9999973175009577E+00
+0.4901833666578231E+04 +0.9999973903377420E+00 +0.2293985553347216E-05 +0.9999974019237765E+00
+0.4901958776389080E+04 +0.9999974770313766E+00 +0.2282345945603841E-05 +0.9999974781793899E+00
+0.4902083886199932E+04 +0.9999975343498909E+00 +0.2294245365724136E-05 +0.9999975315422959E+00
+0.4902208996010781E+04 +0.9999975563880522E+00 +0.2305318797472114E-05 +0.9999975579915493E+00
+0.4902334105821632E+04 +0.9999975572537343E+00 +0.2293086964565761E-05 +0.9999975681082225E+00
+0.4902459215632483E+04 +0.9999975635721732E+00 +0.2255092486430184E-05 +0.9999975802019627E+00
+0.4902584325443333E+04 +0.9999975896916600E+00 +0.2210622795979519E-05 +0.9999976048592303E+00
+0.4902709435254184E+04 +0.9999976275135117E+00 +0.2176417606500642E-05 +0.9999976386853893E+00
+0.4902834545065035E+04 +0.9999976652330563E+00 +0.2152078865095206E-05 +0.9999976743330794E+00
+0.4902959654875885E+04 +0.9999977019967293E+00 +0.2132559114626072E-05 +0.9999977095272971E+00
+0.4903084764686736E+04 +0.9999977392613474E+00 +0.2120380105796066E-05 +0.9999977436592165E+00
+0.4903209874497586E+04 +0.9999977712016915E+00 +0.2118287717506314E-05 +0.9999977728088226E+00
+0.4903334984308437E+04 +0.9999977915465297E+00 +0.2121149338732436E-05 +0.9999977928815786E+00
+0.4903460094119288E+04 +0.9999978010705770E+00 +0.2121676707589284E-05 +0.9999978038342076E+00
+0.4903585203930138E+04 +0.9999978035682369E+00 +0.2116999645853462E-05 +0.9999978080963271E+00
+0.4903710313740989E+04 +0.9999978009822832E+00 +0.2106207065268044E-05 +0.9999978077098085E+00
+0.4903835423551840E+04 +0.9999977946856986E+00 +0.2086858050999599E-05 +0.9999978047720385E+00
+0.4903960533362690E+04 +0.9999977895453459E+00 +0.2054767561774774E-05 +0.9999978041201665E+00
+0.4904085643173541E+04 +0.9999977970288277E+00 +0.2010860266144523E-05 +0.9999978138040314E+00
+0.4904210752984392E+04 +0.9999978253382188E+00 +0.1968687251218694E-05 +0.9999978386333197E+00
+0.4904335862795241E+04 +0.9999978675284230E+00 +0.1944321674766962E-05 +0.9999978736424391E+00
+0.4904460972606093E+04 +0.9999979077001352E+00 +0.1942623325139090E-05 +0.9999979071562152E+00
+0.4904586082416942E+04 +0.9999979324839162E+00 +0.1957279607772225E-05 +0.9999979284270535E+00
+0.4904711192227794E+04 +0.9999979353446850E+00 +0.1976661246644356E-05 +0.9999979318386758E+00
+0.4904836302038644E+04 +0.9999979167770872E+00 +0.1987631337865932E-05 +0.9999979179870363E+00
+0.4904961411849495E+04 +0.9999978853513188E+00 +0.1978902164510817E-05 +0.9999978938826577E+00
+0.4905086521660345E+04 +0.9999978554985564E+00 +0.1947618705411161E-05 +0.9999978704384429E+00
+0.4905211631471196E+04 +0.9999978386381969E+00 +0.1901193605055250E-05 +0.9999978565973605E+00
+0.4905336741282046E+04 +0.9999978374302413E+00 +0.1850624196050616E-05 +0.9999978552031661E+00
+0.4905461851092897E+04 +0.9999978478470014E+00 +0.1803412406839826E-05 +0.9999978639449663E+00
+0.4905586960903747E+04 +0.9999978645701242E+00 +0.1761795347392683E-05 +0.9999978789247143E+00
+0.4905712070714598E+04 +0.9999978843197366E+00 +0.1724911849409789E-05 +0.9999978973600949E+00
+0.4905837180525449E+04 +0.9999979063467693E+00 +0.1692186294955065E-05 +0.9999979178886331E+00
+0.4905962290336299E+04 +0.9999979290820473E+00 +0.1664865286905484E-05 +0.9999979387733077E+00
+0.4906087400147149E+04 +0.9999979484048688E+00 +0.1642140188423652E-05 +0.9999979572946937E+00
+0.4906212509958001E+04 +0.9999979625336705E+00 +0.1618686149379177E-05 +0.9999979725847774E+00
+0.4906337619768850E+04 +0.9999979759907603E+00 +0.1590786864765081E-05 +0.9999979872155140E+00
+0.4906462729579702E+04 +0.9999979923879186E+00 +0.1561448400106976E-05 +0.9999980034239703E+00
+0.4906587839390551E+04 +0.9999980096001967E+00 +0.1532719744066520E-05 +0.9999980207045281E+00
+0.4906712949201403E+04 +0.9999980269536151E+00 +0.1502514656958994E-05 +0.9999980387505339E+00
+0.4906838059012253E+04 +0.9999980462950478E+00 +0.1470285293464052E-05 +0.9999980586280127E+00
+0.4906963168823104E+04 +0.9999980687518102E+00 +0.1436372327408739E-05 +0.9999980815915637E+00
+0.4907088278633954E+04 +0.9999980964085378E+00 +0.1401728907223137E-05 +0.9999981089669154E+00
+0.4907213388444805E+04 +0.9999981298207032E+00 +0.1370185742629439E-05 +0.9999981407420770E+00
+0.4907338498255655E+04 +0.9999981651791370E+00 +0.1344163540575120E-05 +0.9999981745156380E+00
+0.4907463608066506E+04 +0.9999981990758340E+00 +0.1321111469784699E-05 +0.9999982081225924E+00
+0.4907588717877357E+04 +0.9999982327325649E+00 +0.1297674714658922E-05 +0.9999982420456148E+00
+0.4907713827688207E+04 +0.9999982688720648E+00 +0.1274050013002239E-05 +0.9999982779457104E+00
+0.4907838937499057E+04 +0.9999983081332051E+00 +0.1251772103630451E-05 +0.9999983166338929E+00
+0.4907964047309908E+04 +0.9999983507708137E+00 +0.1231587723393736E-05 +0.9999983584203759E+00
+0.4908089157120759E+04 +0.9999983973836934E+00 +0.1215136184395167E-05 +0.9999984034110084E+00
+0.4908214266931610E+04 +0.9999984468961768E+00 +0.1205049633723559E-05 +0.9999984505406935E+00
+0.4908339376742460E+04 +0.9999984961746138E+00 +0.1202719145580957E-05 +0.9999984973677720E+00
+0.4908464486553311E+04 +0.9999985418315515E+00 +0.1207293197998341E-05 +0.9999985411251925E+00
+0.4908589596364161E+04 +0.9999985812673647E+00 +0.1216369520917169E-05 +0.9999985796426529E+00
+0.4908714706175012E+04 +0.9999986129798016E+00 +0.1226114075586514E-05 +0.9999986119026686E+00
+0.4908839815985863E+04 +0.9999986376565975E+00 +0.1231077115655663E-05 +0.9999986391125926E+00
+0.4908964925796712E+04 +0.9999986612336933E+00 +0.1225526421246728E-05 +0.9999986664224237E+00
+0.4909090035607564E+04 +0.9999986950744388E+00 +0.1210868335536866E-05 +0.9999987016494860E+00
+0.4909215145418414E+04 +0.9999987453931815E+00 +0.1198745891184527E-05 +0.9999987489597191E+00
+0.4909340255229265E+04 +0.9999988071647740E+00 +0.1201045013481255E-05 +0.9999988049581033E+00
+0.4909465365040115E+04 +0.9999988698402410E+00 +0.1222540015296482E-05 +0.9999988614972657E+00
+0.4909590474850967E+04 +0.9999989228969445E+00 +0.1261505837532294E-05 +0.9999989098055102E+00
+0.4909715584661816E+04 +0.9999989576173357E+00 +0.1310849358332646E-05 +0.9999989429643918E+00
+0.4909840694472667E+04 +0.9999989704155866E+00 +0.1357910920029632E-05 +0.9999989588265668E+00
+0.4909965804283517E+04 +0.9999989679896863E+00 +0.1389258318765354E-05 +0.9999989627977979E+00
+0.4910090914094368E+04 +0.9999989651895966E+00 +0.1400246119609730E-05 +0.9999989658391907E+00
+0.4910216023905219E+04 +0.9999989746602841E+00 +0.1398027726692738E-05 +0.9999989775957333E+00
+0.4910341133716069E+04 +0.9999989994684120E+00 +0.1394284196352089E-05 +0.9999990013252070E+00
+0.4910466243526920E+04 +0.9999990358366763E+00 +0.1396739727438008E-05 +0.9999990350468861E+00
+0.4910591353337771E+04 +0.9999990796972794E+00 +0.1408893303735394E-05 +0.9999990753224989E+00
+0.4910716463148621E+04 +0.9999991271176926E+00 +0.1433898842487281E-05 +0.9999991181845307E+00
+0.4910841572959472E+04 +0.9999991718883702E+00 +0.1473495125106852E-05 +0.9999991584054952E+00
+0.4910966682770322E+04 +0.9999992073231903E+00 +0.1525941240846165E-05 +0.9999991903018984E+00
+0.4911091792581173E+04 +0.9999992274014255E+00 +0.1586574196604190E-05 +0.9999992089403539E+00
+0.4911216902392023E+04 +0.9999992281519465E+00 +0.1646028925980465E-05 +0.9999992120892401E+00
+0.4911342012202874E+04 +0.9999992139363113E+00 +0.1691566043421582E-05 +0.9999992039310873E+00
+0.4911467122013724E+04 +0.9999991996795110E+00 +0.1717384919967529E-05 +0.9999991952314470E+00
+0.4911592231824575E+04 +0.9999991992943800E+00 +0.1732306884721002E-05 +0.9999991958934151E+00
+0.4911717341635425E+04 +0.9999992142743414E+00 +0.1750728101732890E-05 +0.9999992079287259E+00
+0.4911842451446276E+04 +0.9999992378678703E+00 +0.1781894754472749E-05 +0.9999992265497214E+00
+0.4911967561257127E+04 +0.9999992607104230E+00 +0.1830191211123670E-05 +0.9999992437252399E+00
+0.4912092671067977E+04 +0.9999992708353744E+00 +0.1893837884087201E-05 +0.9999992502780456E+00
+0.4912217780878828E+04 +0.9999992598478499E+00 +0.1961829358259709E-05 +0.9999992402372126E+00
+0.4912342890689678E+04 +0.9999992297441986E+00 +0.2019725427050153E-05 +0.9999992153412505E+00
+0.4912468000500529E+04 +0.9999991930834471E+00 +0.2057756302606563E-05 +0.9999991853635796E+00
+0.4912593110311380E+04 +0.9999991680257705E+00 +0.2079295869067788E-05 +0.9999991631481256E+00
+0.4912718220122229E+04 +0.9999991642402895E+00 +0.2103290445402790E-05 +0.9999991547677073E+00
+0.4912843329933081E+04 +0.9999991716134100E+00 +0.2151322447162924E-05 +0.9999991522131517E+00
+0.4912968439743931E+04 +0.9999991641999609E+00 +0.2230249112090842E-05 +0.9999991364321956E+00
+0.4913093549554782E+04 +0.9999991173947969E+00 +0.2322478460814950E-05 +0.9999990903830798E+00
+0.4913218659365632E+04 +0.9999990297243418E+00 +0.2395861077726217E-05 +0.9999990132060899E+00
+0.4913343769176483E+04 +0.9999989250228939E+00 +0.2430016687241484E-05 +0.9999989213996014E+00
+0.4913468878987333E+04 +0.9999988308552881E+00 +0.2430869763062135E-05 +0.9999988345919890E+00
+0.4913593988798184E+04 +0.9999987561835808E+00 +0.2419936787463554E-05 +0.9999987604934636E+00
+0.4913719098609035E+04 +0.9999986901283440E+00 +0.2411693147722301E-05 +0.9999986931411866E+00
+0.4913844208419885E+04 +0.9999986179340825E+00 +0.2402819522081297E-05 +0.9999986233334874E+00
+0.4913969318230736E+04 +0.9999985373431950E+00 +0.2377804375029755E-05 +0.9999985502916167E+00
+0.4914094428041586E+04 +0.9999984634394792E+00 +0.2326355892725989E-05 +0.9999984845357988E+00
+0.4914219537852437E+04 +0.9999984150495522E+00 +0.2256526557942499E-05 +0.9999984389246571E+00
+0.4914344647663288E+04 +0.9999983965817585E+00 +0.2188483278730113E-05 +0.9999984169759659E+00
+0.4914469757474138E+04 +0.9999983965937981E+00 +0.2135122842477401E-05 +0.9999984119378875E+00
+0.4914594867284989E+04 +0.9999984050847915E+00 +0.2096096125753303E-05 +0.9999984161837693E+00
+0.4914719977095839E+04 +0.9999984198127981E+00 +0.2072055294146411E-05 +0.9999984251473628E+00
+0.4914845086906690E+04 +0.9999984331023288E+00 +0.2069025509749088E-05 +0.9999984313528230E+00
+0.4914970196717541E+04 +0.9999984283612185E+00 +0.2083635428833547E-05 +0.9999984233750222E+00
+0.4915095306528391E+04 +0.9999983963950593E+00 +0.2097255828053825E-05 +0.9999983952768818E+00
+0.4915220416339242E+04 +0.9999983461133477E+00 +0.2090234150853092E-05 +0.9999983534241308E+00
+0.4915345526150092E+04 +0.9999982971378345E+00 +0.2056521076145376E-05 +0.9999983120955358E+00
+0.4915470635960943E+04 +0.9999982655142631E+00 +0.2005399556556576E-05 +0.9999982835243377E+00
+0.4915595745771793E+04 +0.9999982547946552E+00 +0.1952351325465348E-05 +0.9999982712480077E+00
+0.4915720855582644E+04 +0.9999982577439948E+00 +0.1907779814294941E-05 +0.9999982708845591E+00
+0.4915845965393494E+04 +0.9999982654146763E+00 +0.1872464847855880E-05 +0.9999982761943925E+00
+0.4915971075204346E+04 +0.9999982746786532E+00 +0.1842569390731716E-05 +0.9999982841317501E+00
+0.4916096185015195E+04 +0.9999982867081444E+00 +0.1816980784998933E-05 +0.9999982944917538E+00
+0.4916221294826047E+04 +0.9999983013296192E+00 +0.1798100374579069E-05 +0.9999983064958257E+00
+0.4916346404636897E+04 +0.9999983146676565E+00 +0.1787864791817044E-05 +0.9999983171337226E+00
+0.4916471514447747E+04 +0.9999983215603302E+00 +0.1784348437878805E-05 +0.9999983226080057E+00
+0.4916596624258598E+04 +0.9999983193582240E+00 +0.1782072650267690E-05 +0.9999983209966805E+00
+0.4916721734069449E+04 +0.9999983099336449E+00 +0.1775601524572016E-05 +0.9999983133785308E+00
+0.4916846843880299E+04 +0.9999982963815600E+00 +0.1762573670498813E-05 +0.9999983022249970E+00
+0.4916971953691150E+04 +0.9999982813936742E+00 +0.1739940475284247E-05 +0.9999982909293046E+00
+0.4917097063502000E+04 +0.9999982727045776E+00 +0.1705431337407283E-05 +0.9999982855129927E+00
+0.4917222173312851E+04 +0.9999982792374683E+00 +0.1665247002813217E-05 +0.9999982920583080E+00
+0.4917347283123701E+04 +0.9999983022522959E+00 +0.1630632782099702E-05 +0.9999983116314544E+00
+0.4917472392934552E+04 +0.9999983355985606E+00 +0.1610357598067835E-05 +0.9999983395554929E+00
+0.4917597502745402E+04 +0.9999983695737041E+00 +0.1607516441462075E-05 +0.9999983681373037E+00
+0.4917722612556254E+04 +0.9999983948972414E+00 +0.1619144490662251E-05 +0.9999983898596858E+00
+0.4917847722367103E+04 +0.9999984058385963E+00 +0.1637321641976080E-05 +0.9999984003123150E+00
+0.4917972832177955E+04 +0.9999984039253680E+00 +0.1652561547714910E-05 +0.9999984003317200E+00
+0.4918097941988804E+04 +0.9999983962259664E+00 +0.1661539138250556E-05 +0.9999983942064206E+00
+0.4918223051799655E+04 +0.9999983859383804E+00 +0.1667710847726631E-05 +0.9999983842313618E+00
+0.4918348161610506E+04 +0.9999983695418231E+00 +0.1672322483785954E-05 +0.9999983689124750E+00
+0.4918473271421356E+04 +0.9999983440977295E+00 +0.1669258867557715E-05 +0.9999983474095469E+00
+0.4918598381232207E+04 +0.9999983150235365E+00 +0.1649582780192195E-05 +0.9999983245170729E+00
+0.4918723491043058E+04 +0.9999982958089650E+00 +0.1611430614743453E-05 +0.9999983100986174E+00
+0.4918848600853908E+04 +0.9999982981042298E+00 +0.1565304625684824E-05 +0.9999983122902730E+00
+0.4918973710664759E+04 +0.9999983212713542E+00 +0.1527113882431093E-05 +0.9999983309154304E+00
+0.4919098820475610E+04 +0.9999983543549046E+00 +0.1505528645039819E-05 +0.9999983585004580E+00
+0.4919223930286460E+04 +0.9999983867051585E+00 +0.1499138464495365E-05 +0.9999983868496829E+00
+0.4919349040097311E+04 +0.9999984134823986E+00 +0.1502003802557579E-05 +0.9999984116300562E+00
+0.4919474149908161E+04 +0.9999984356639108E+00 +0.1509138547888149E-05 +0.9999984327441139E+00
+0.4919599259719012E+04 +0.9999984565035788E+00 +0.1520463383244386E-05 +0.9999984516761631E+00
+0.4919724369529863E+04 +0.9999984760408301E+00 +0.1540238405890141E-05 +0.9999984676913526E+00
+0.4919849479340713E+04 +0.9999984881558176E+00 +0.1572459592114782E-05 +0.9999984756944535E+00
+0.4919974589151564E+04 +0.9999984818341511E+00 +0.1614654417556186E-05 +0.9999984677027000E+00
+0.4920099698962415E+04 +0.9999984487264771E+00 +0.1653702810045764E-05 +0.9999984385444051E+00
+0.4920224808773264E+04 +0.9999983929863094E+00 +0.1671144905838300E-05 +0.9999983921323463E+00
+0.4920349918584116E+04 +0.9999983316938420E+00 +0.1655562812439543E-05 +0.9999983417050421E+00
+0.4920475028394965E+04 +0.9999982856690187E+00 +0.1609213637771990E-05 +0.9999983036550573E+00
+0.4920600138205817E+04 +0.9999982704519895E+00 +0.1547171191708424E-05 +0.9999982899336033E+00
+0.4920725248016667E+04 +0.9999982879535697E+00 +0.1491997542806664E-05 +0.9999983018222808E+00
+0.4920850357827518E+04 +0.9999983238439671E+00 +0.1460605461710339E-05 +0.9999983290602608E+00
+0.4920975467638368E+04 +0.9999983585642218E+00 +0.1454087498487748E-05 +0.9999983571991211E+00
+0.4921100577449219E+04 +0.9999983806676711E+00 +0.1461808322744276E-05 +0.9999983767375261E+00
+0.4921225687260069E+04 +0.9999983896101107E+00 +0.1472841137855550E-05 +0.9999983857077863E+00
+0.4921350797070920E+04 +0.9999983886719926E+00 +0.1481834758466822E-05 +0.9999983858923853E+00
+0.4921475906881770E+04 +0.9999983800881638E+00 +0.1485278084920511E-05 +0.9999983797430798E+00
+0.4921601016692621E+04 +0.9999983682369582E+00 +0.1478995745107787E-05 +0.9999983713579288E+00
+0.4921726126503472E+04 +0.9999983613513962E+00 +0.1462913172001857E-05 +0.9999983667202945E+00
+0.4921851236314322E+04 +0.9999983653078390E+00 +0.1444466002533657E-05 +0.9999983697348785E+00
+0.4921976346125172E+04 +0.9999983770609060E+00 +0.1433119094974005E-05 +0.9999983782803878E+00
+0.4922101455936024E+04 +0.9999983869356628E+00 +0.1430863946905199E-05 +0.9999983860968926E+00
+0.4922226565746873E+04 +0.9999983895468911E+00 +0.1430277356905524E-05 +0.9999983895594076E+00
+0.4922351675557725E+04 +0.9999983892600574E+00 +0.1424970310567997E-05 +0.9999983908101174E+00
+0.4922476785368574E+04 +0.9999983914203161E+00 +0.1416866982669615E-05 +0.9999983930872791E+00
+0.4922601895179426E+04 +0.9999983949802490E+00 +0.1408994231509691E-05 +0.9999983967046733E+00
+0.4922727004990276E+04 +0.9999983994399114E+00 +0.1399227792086855E-05 +0.9999984020438947E+00
+0.4922852114801127E+04 +0.9999984094871789E+00 +0.1388420826659050E-05 +0.9999984113524273E+00
+0.4922977224611977E+04 +0.9999984252953793E+00 +0.1383894549337603E-05 +0.9999984240641417E+00
+0.4923102334422828E+04 +0.9999984386530866E+00 +0.1389315835864180E-05 +0.9999984346930607E+00
+0.4923227444233678E+04 +0.9999984414940414E+00 +0.1398581978019080E-05 +0.9999984380277219E+00
+0.4923352554044529E+04 +0.9999984349861988E+00 +0.1400991916794967E-05 +0.9999984349280518E+00
+0.4923477663855380E+04 +0.9999984284325431E+00 +0.1391957880373105E-05 +0.9999984316732795E+00
+0.4923602773666230E+04 +0.9999984297771740E+00 +0.1375311279999155E-05 +0.9999984343771141E+00
+0.4923727883477080E+04 +0.9999984417332477E+00 +0.1357553403035440E-05 +0.9999984456409869E+00
+0.4923852993287931E+04 +0.9999984632462696E+00 +0.1344586483919655E-05 +0.9999984648102550E+00
+0.4923978103098782E+04 +0.9999984908355914E+00 +0.1340690423213208E-05 +0.9999984889809438E+00
+0.4924103212909633E+04 +0.9999985192071790E+00 +0.1348148808379407E-05 +0.9999985136640870E+00
+0.4924228322720483E+04 +0.9999985419009106E+00 +0.1365431165427843E-05 +0.9999985339916397E+00
+0.4924353432531334E+04 +0.9999985554898051E+00 +0.1386559169046951E-05 +0.9999985473782587E+00
+0.4924478542342184E+04 +0.9999985619652859E+00 +0.1405921165522024E-05 +0.9999985548754879E+00
+0.4924603652153035E+04 +0.9999985653656616E+00 +0.1421468817573537E-05 +0.9999985594779303E+00
+0.4924728761963886E+04 +0.9999985694020285E+00 +0.1433582842576001E-05 +0.9999985643045500E+00
+0.4924853871774735E+04 +0.9999985774201108E+00 +0.1444932103087271E-05 +0.9999985717238424E+00
+0.4924978981585587E+04 +0.9999985897787850E+00 +0.1461340824810335E-05 +0.9999985814263025E+00
+0.4925104091396437E+04 +0.9999986002646651E+00 +0.1487072388138433E-05 +0.9999985890859384E+00
+0.4925229201207288E+04 +0.9999986014632524E+00 +0.1517684233124572E-05 +0.9999985901847110E+00
+0.4925354311018138E+04 +0.9999985950387962E+00 +0.1544786145041811E-05 +0.9999985854784380E+00
+0.4925479420828990E+04 +0.9999985882241527E+00 +0.1567647736166649E-05 +0.9999985792279386E+00
+0.4925604530639839E+04 +0.9999985835622909E+00 +0.1591287885024361E-05 +0.9999985735048713E+00
+0.4925729640450690E+04 +0.9999985789479621E+00 +0.1619818191734413E-05 +0.9999985668579860E+00
+0.4925854750261540E+04 +0.9999985699995589E+00 +0.1654952756281025E-05 +0.9999985558280489E+00
+0.4925979860072391E+04 +0.9999985518453238E+00 +0.1695200587781376E-05 +0.9999985365199785E+00
+0.4926104969883242E+04 +0.9999985207125786E+00 +0.1736595661313281E-05 +0.9999985058592968E+00
+0.4926230079694092E+04 +0.9999984745596998E+00 +0.1772312047448330E-05 +0.9999984629070288E+00
+0.4926355189504943E+04 +0.9999984171622868E+00 +0.1793638636427762E-05 +0.9999984110400193E+00
+0.4926480299315794E+04 +0.9999983582998496E+00 +0.1797237613461242E-05 +0.9999983573714399E+00
+0.4926605409126644E+04 +0.9999983058815827E+00 +0.1787298001059780E-05 +0.9999983082032601E+00
+0.4926730518937495E+04 +0.9999982623816031E+00 +0.1769808858509495E-05 +0.9999982662628247E+00
+0.4926855628748345E+04 +0.9999982272892274E+00 +0.1748962345658324E-05 +0.9999982317447016E+00
+0.4926980738559196E+04 +0.9999981999239758E+00 +0.1727339435614707E-05 +0.9999982041174877E+00
+0.4927105848370046E+04 +0.9999981794636253E+00 +0.1708430792638575E-05 +0.9999981820431435E+00
+0.4927230958180897E+04 +0.9999981614482842E+00 +0.1695660951400358E-05 +0.9999981619513582E+00
+0.4927356067991747E+04 +0.9999981392095116E+00 +0.1686982539449758E-05 +0.9999981393922733E+00
+0.4927481177802598E+04 +0.9999981108960896E+00 +0.1675124774009342E-05 +0.9999981131824902E+00
+0.4927606287613448E+04 +0.9999980816473761E+00 +0.1654719657401756E-05 +0.9999980867754931E+00
+0.4927731397424299E+04 +0.9999980583316520E+00 +0.1626680844970704E-05 +0.9999980651212040E+00
+0.4927856507235150E+04 +0.9999980444078180E+00 +0.1596202951187944E-05 +0.9999980509720713E+00
+0.4927981617046000E+04 +0.9999980386609659E+00 +0.1568362669817399E-05 +0.9999980438589183E+00
+0.4928106726856851E+04 +0.9999980382523992E+00 +0.1544947924481486E-05 +0.9999980419414596E+00
+0.4928231836667701E+04 +0.9999980421905541E+00 +0.1526594836788249E-05 +0.9999980438861490E+00
+0.4928356946478552E+04 +0.9999980491322161E+00 +0.1515894066004930E-05 +0.9999980478597164E+00
+0.4928482056289403E+04 +0.9999980542524023E+00 +0.1514518522043008E-05 +0.9999980501687816E+00
+0.4928607166100252E+04 +0.9999980523421728E+00 +0.1519458852169525E-05 +0.9999980470620118E+00
+0.4928732275911104E+04 +0.9999980423031177E+00 +0.1525141844990102E-05 +0.9999980374687889E+00
+0.4928857385721954E+04 +0.9999980267914693E+00 +0.1528206757744140E-05 +0.9999980228225456E+00
+0.4928982495532805E+04 +0.9999980076252623E+00 +0.1528507466448399E-05 +0.9999980044977631E+00
+0.4929107605343655E+04 +0.9999979844883700E+00 +0.1524632760882613E-05 +0.9999979832031506E+00
+0.4929232715154506E+04 +0.9999979598249783E+00 +0.1512880999358043E-05 +0.9999979613688509E+00
+0.4929357824965356E+04 +0.9999979401034919E+00 +0.1492670392144789E-05 +0.9999979437193736E+00
+0.4929482934776207E+04 +0.9999979309437435E+00 +0.1469145692204904E-05 +0.9999979342610598E+00
+0.4929608044587058E+04 +0.9999979326264097E+00 +0.1450493739682187E-05 +0.9999979331300970E+00
+0.4929733154397908E+04 +0.9999979397523583E+00 +0.1442441385513077E-05 +0.9999979364732444E+00
+0.4929858264208759E+04 +0.9999979460305181E+00 +0.1445576466314134E-05 +0.9999979393528241E+00
+0.4929983374019609E+04 +0.9999979477813935E+00 +0.1458585011950715E-05 +0.9999979379174949E+00
+0.4930108483830461E+04 +0.9999979411982985E+00 +0.1481651575349581E-05 +0.9999979280584218E+00
+0.4930233593641311E+04 +0.9999979184726049E+00 +0.1512447619322929E-05 +0.9999979040408296E+00
+0.4930358703452161E+04 +0.9999978732331269E+00 +0.1540150706602416E-05 +0.9999978621385188E+00
+0.4930483813263012E+04 +0.9999978096018102E+00 +0.1549830347814748E-05 +0.9999978060841160E+00
+0.4930608923073862E+04 +0.9999977424711426E+00 +0.1533196189203443E-05 +0.9999977471713315E+00
+0.4930734032884713E+04 +0.9999976887149208E+00 +0.1495498313929785E-05 +0.9999976977940952E+00
+0.4930859142695564E+04 +0.9999976551526222E+00 +0.1452430833578286E-05 +0.9999976632333120E+00
+0.4930984252506414E+04 +0.9999976346490693E+00 +0.1417283366812541E-05 +0.9999976391703588E+00
+0.4931109362317265E+04 +0.9999976151884528E+00 +0.1392035093144741E-05 +0.9999976172237904E+00
+0.4931234472128115E+04 +0.9999975897359489E+00 +0.1370295649228251E-05 +0.9999975918776479E+00
+0.4931359581938966E+04 +0.9999975587761250E+00 +0.1344329576899893E-05 +0.9999975630615716E+00
+0.4931484691749816E+04 +0.9999975278150535E+00 +0.1310264447453031E-05 +0.9999975346107021E+00
+0.4931609801560667E+04 +0.9999975029610906E+00 +0.1269365304194414E-05 +0.9999975111652006E+00
+0.4931734911371517E+04 +0.9999974880876839E+00 +0.1226893895544309E-05 +0.9999974955331670E+00
+0.4931860021182369E+04 +0.9999974824743348E+00 +0.1190152670921824E-05 +0.9999974868963957E+00
+0.4931985130993218E+04 +0.9999974802015346E+00 +0.1164755193633131E-05 +0.9999974804481668E+00
+0.4932110240804070E+04 +0.9999974721360886E+00 +0.1151469310948340E-05 +0.9999974689776913E+00
+0.4932235350614920E+04 +0.9999974497104872E+00 +0.1144389905377723E-05 +0.9999974460486102E+00
+0.4932360460425770E+04 +0.9999974100791158E+00 +0.1132610091220613E-05 +0.9999974096148181E+00
+0.4932485570236621E+04 +0.9999973581963205E+00 +0.1105924686131064E-05 +0.9999973634196450E+00
+0.4932610680047471E+04 +0.9999973035408051E+00 +0.1060005895739289E-05 +0.9999973146990999E+00
+0.4932735789858322E+04 +0.9999972541581315E+00 +0.9964243484318175E-06 +0.9999972703193609E+00
+0.4932860899669173E+04 +0.9999972150676416E+00 +0.9179148148241365E-06 +0.9999972354495609E+00
+0.4932986009480023E+04 +0.9999971915773851E+00 +0.8276938417578834E-06 +0.9999972146629269E+00
+0.4933111119290874E+04 +0.9999971881727346E+00 +0.7327142497894492E-06 +0.9999972111486655E+00
+0.4933236229101724E+04 +0.9999972041348367E+00 +0.6420204122723128E-06 +0.9999972243618466E+00
+0.4933361338912575E+04 +0.9999972337553258E+00 +0.5616736792313643E-06 +0.9999972501147573E+00
+0.4933486448723425E+04 +0.9999972704798650E+00 +0.4926906839030841E-06 +0.9999972833087410E+00
+0.4933611558534277E+04 +0.9999973103160816E+00 +0.4330685891576543E-06 +0.9999973203566785E+00
+0.4933736668345126E+04 +0.9999973517387879E+00 +0.3807738054303504E-06 +0.9999973595140029E+00
+0.4933861778155978E+04 +0.9999973942754885E+00 +0.3344571221951997E-06 +0.9999974001033662E+00
+0.4933986887966827E+04 +0.9999974379797417E+00 +0.2935810990063215E-06 +0.9999974418633560E+00
+0.4934111997777678E+04 +0.9999974825092808E+00 +0.2583954240783023E-06 +0.9999974843409292E+00
+0.4934237107588529E+04 +0.9999975268101799E+00 +0.2289360663656252E-06 +0.9999975266837730E+00
+0.4934362217399379E+04 +0.9999975698519528E+00 +0.2045900761318423E-06 +0.9999975680205714E+00
+0.4934487327210230E+04 +0.9999976110473610E+00 +0.1844976580145237E-06 +0.9999976077729483E+00
+0.4934612437021081E+04 +0.9999976501329311E+00 +0.1678615321848096E-06 +0.9999976456437530E+00
+0.4934737546831931E+04 +0.9999976870306788E+00 +0.1539891601871531E-06 +0.9999976815208590E+00
+0.4934862656642782E+04 +0.9999977217914344E+00 +0.1422999552116889E-06 +0.9999977154166740E+00
+0.4934987766453633E+04 +0.9999977545435930E+00 +0.1323329719912978E-06 +0.9999977474217182E+00
+0.4935112876264483E+04 +0.9999977854478721E+00 +0.1237351016241945E-06 +0.9999977776649395E+00
+0.4935237986075334E+04 +0.9999978146693441E+00 +0.1162388787397171E-06 +0.9999978062868883E+00
+0.4935363095886184E+04 +0.9999978423639442E+00 +0.1096409243324009E-06 +0.9999978334250820E+00
+0.4935488205697035E+04 +0.9999978686733496E+00 +0.1037848921092870E-06 +0.9999978592073224E+00
+0.4935613315507886E+04 +0.9999978937239535E+00 +0.9854896790352511E-07 +0.9999978837493437E+00
+0.4935738425318736E+04 +0.9999979176276222E+00 +0.9383692981652899E-07 +0.9999979071545828E+00
+0.4935863535129586E+04 +0.9999979404831156E+00 +0.8957176841955341E-07 +0.9999979295148915E+00
+0.4935988644940438E+04 +0.9999979623776554E+00 +0.8569109802916603E-07 +0.9999979509115985E+00
+0.4936113754751287E+04 +0.9999979833884244E+00 +0.8214381626129342E-07 +0.9999979714166333E+00
+0.4936238864562139E+04 +0.9999980035839127E+00 +0.7888763929829947E-07 +0.9999979910935867E+00
+0.4936363974372988E+04 +0.9999980230250918E+00 +0.7588725838385785E-07 +0.9999980099986506E+00
+0.4936489084183840E+04 +0.9999980417664243E+00 +0.7311294275075830E-07 +0.9999980281814205E+00
+0.4936614193994690E+04 +0.9999980598567247E+00 +0.7053946768272542E-07 +0.9999980456855563E+00
+0.4936739303805541E+04 +0.9999980773398933E+00 +0.6814528249060450E-07 +0.9999980625493046E+00
+0.4936864413616391E+04 +0.9999980942555401E+00 +0.6591185775149066E-07 +0.9999980788058789E+00
+0.4936989523427242E+04 +0.9999981106395169E+00 +0.6382316808401021E-07 +0.9999980944836927E+00
+0.4937114633238092E+04 +0.9999981265243723E+00 +0.6186527853872552E-07 +0.9999981096064217E+00
+0.4937239743048943E+04 +0.9999981419397409E+00 +0.6002601102293302E-07 +0.9999981241928687E+00
+0.4937364852859793E+04 +0.9999981569126790E+00 +0.5829467314332632E-07 +0.9999981382565254E+00
+0.4937489962670644E+04 +0.9999981714679531E+00 +0.5666183616568526E-07 +0.9999981518048315E+00
+0.4937615072481495E+04 +0.9999981856282900E+00 +0.5511915195010127E-07 +0.9999981648374634E+00
+0.4937740182292345E+04 +0.9999981994145946E+00 +0.5365920105610225E-07 +0.9999981773448373E+00
+0.4937865292103195E+04 +0.9999982128461389E+00 +0.5227536595816903E-07 +0.9999981893001597E+00
+0.4937990401914047E+04 +0.9999982259407276E+00 +0.5096172462884448E-07 +0.9999982006644433E+00
+0.4938115511724896E+04 +0.9999982387148436E+00 +0.4971296074850605E-07 +0.9999982113229063E+00
+0.4938240621535748E+04 +0.9999982511837754E+00 +0.4852428757019152E-07 +0.9999982212208527E+00
+0.4938365731346597E+04 +0.9999982633617301E+00 +0.4739138306275656E-07 +0.9999982296094316E+00
+0.4938490841157449E+04 +0.9999982752619334E+00 +0.4631033441903601E-07 +0.9999982380243939E+00
+0.4938615950968299E+04 +0.9999982868967178E+00 +0.4527759037998515E-07 +0.9999982372870230E+00
+0.4938741060779150E+04 +0.9999982982776017E+00 +0.4428992011289497E-07 +0.9999982414662572E+00
