# Macroscopic dielectric function epsm
#
# Momentum transfer Q=G+q in lattice cooridnates
# G:   0   0   0
# q:   0.0000000   0.0000000   0.0000000
# Momentum transfer Q=G+q in Cartesian cooridnates
# G:   0.0000000   0.0000000   0.0000000
# q:   0.0000000   0.0000000   0.0000000
# Norm2(G+q)   0.0000000
#
# Energy scale=   27.211384
# Used broadening in scaled energy units:    0.489805
#
# Number of k-points=      96
# Unit cell volume [au]=  430.848645
# Coulomb potential v(Q) [au]=          0.000000
#
#             Frequency                Re(epsm)                Im(epsm)       Re(epsm) form KKT
+0.4830020635150000E+04 +0.1000000861158899E+01 +0.7102226876995440E-08 +0.1000000878151465E+01
+0.4830145744960852E+04 +0.1000000862976759E+01 +0.7133929671275369E-08 +0.1000000878703849E+01
+0.4830270854771701E+04 +0.1000000864802743E+01 +0.7165855994249245E-08 +0.1000000878461600E+01
+0.4830395964582552E+04 +0.1000000866636908E+01 +0.7198008047731020E-08 +0.1000000879659378E+01
+0.4830521074393403E+04 +0.1000000868479311E+01 +0.7230388061821311E-08 +0.1000000880835733E+01
+0.4830646184204253E+04 +0.1000000870330011E+01 +0.7262998295361582E-08 +0.1000000882220221E+01
+0.4830771294015104E+04 +0.1000000872189068E+01 +0.7295841036397125E-08 +0.1000000883692379E+01
+0.4830896403825954E+04 +0.1000000874056540E+01 +0.7328918602647053E-08 +0.1000000885238860E+01
+0.4831021513636805E+04 +0.1000000875932488E+01 +0.7362233341986541E-08 +0.1000000886838368E+01
+0.4831146623447656E+04 +0.1000000877816974E+01 +0.7395787632935417E-08 +0.1000000888481208E+01
+0.4831271733258506E+04 +0.1000000879710058E+01 +0.7429583885158476E-08 +0.1000000890159721E+01
+0.4831396843069357E+04 +0.1000000881611802E+01 +0.7463624539975663E-08 +0.1000000891868785E+01
+0.4831521952880207E+04 +0.1000000883522269E+01 +0.7497912070880492E-08 +0.1000000893604562E+01
+0.4831647062691058E+04 +0.1000000885441523E+01 +0.7532448984070672E-08 +0.1000000895364184E+01
+0.4831772172501908E+04 +0.1000000887369627E+01 +0.7567237818989333E-08 +0.1000000897145435E+01
+0.4831897282312759E+04 +0.1000000889306647E+01 +0.7602281148874975E-08 +0.1000000898946577E+01
+0.4832022392123609E+04 +0.1000000891252647E+01 +0.7637581581325697E-08 +0.1000000900766226E+01
+0.4832147501934461E+04 +0.1000000893207693E+01 +0.7673141758871578E-08 +0.1000000902603264E+01
+0.4832272611745310E+04 +0.1000000895171852E+01 +0.7708964359560819E-08 +0.1000000904456779E+01
+0.4832397721556161E+04 +0.1000000897145191E+01 +0.7745052097557835E-08 +0.1000000906326021E+01
+0.4832522831367012E+04 +0.1000000899127779E+01 +0.7781407723751559E-08 +0.1000000908210367E+01
+0.4832647941177862E+04 +0.1000000901119684E+01 +0.7818034026378209E-08 +0.1000000910109297E+01
+0.4832773050988713E+04 +0.1000000903120976E+01 +0.7854933831656872E-08 +0.1000000912022376E+01
+0.4832898160799563E+04 +0.1000000905131724E+01 +0.7892110004435949E-08 +0.1000000913949236E+01
+0.4833023270610414E+04 +0.1000000907152000E+01 +0.7929565448856428E-08 +0.1000000915889569E+01
+0.4833148380421265E+04 +0.1000000909181875E+01 +0.7967303109025492E-08 +0.1000000917843112E+01
+0.4833273490232115E+04 +0.1000000911221422E+01 +0.8005325969706518E-08 +0.1000000919809645E+01
+0.4833398600042966E+04 +0.1000000913270713E+01 +0.8043637057023571E-08 +0.1000000921788980E+01
+0.4833523709853816E+04 +0.1000000915329824E+01 +0.8082239439178546E-08 +0.1000000923780962E+01
+0.4833648819664667E+04 +0.1000000917398828E+01 +0.8121136227185666E-08 +0.1000000925785458E+01
+0.4833773929475517E+04 +0.1000000919477801E+01 +0.8160330575621523E-08 +0.1000000927802359E+01
+0.4833899039286369E+04 +0.1000000921566820E+01 +0.8199825683388929E-08 +0.1000000929831574E+01
+0.4834024149097218E+04 +0.1000000923665961E+01 +0.8239624794499268E-08 +0.1000000931873032E+01
+0.4834149258908069E+04 +0.1000000925775303E+01 +0.8279731198871685E-08 +0.1000000933926673E+01
+0.4834274368718920E+04 +0.1000000927894924E+01 +0.8320148233146997E-08 +0.1000000935992452E+01
+0.4834399478529770E+04 +0.1000000930024905E+01 +0.8360879281522938E-08 +0.1000000938070337E+01
+0.4834524588340621E+04 +0.1000000932165325E+01 +0.8401927776603823E-08 +0.1000000940160305E+01
+0.4834649698151471E+04 +0.1000000934316267E+01 +0.8443297200271246E-08 +0.1000000942262343E+01
+0.4834774807962322E+04 +0.1000000936477812E+01 +0.8484991084573846E-08 +0.1000000944376446E+01
+0.4834899917773173E+04 +0.1000000938650044E+01 +0.8527013012634358E-08 +0.1000000946502619E+01
+0.4835025027584024E+04 +0.1000000940833048E+01 +0.8569366619578998E-08 +0.1000000948640870E+01
+0.4835150137394874E+04 +0.1000000943026907E+01 +0.8612055593487457E-08 +0.1000000950791218E+01
+0.4835275247205724E+04 +0.1000000945231709E+01 +0.8655083676361442E-08 +0.1000000952953686E+01
+0.4835400357016575E+04 +0.1000000947447540E+01 +0.8698454665118823E-08 +0.1000000955128301E+01
+0.4835525466827426E+04 +0.1000000949674488E+01 +0.8742172412606109E-08 +0.1000000957315098E+01
+0.4835650576638276E+04 +0.1000000951912643E+01 +0.8786240828636448E-08 +0.1000000959514114E+01
+0.4835775686449127E+04 +0.1000000954162094E+01 +0.8830663881051140E-08 +0.1000000961725394E+01
+0.4835900796259977E+04 +0.1000000956422932E+01 +0.8875445596802809E-08 +0.1000000963948983E+01
+0.4836025906070828E+04 +0.1000000958695249E+01 +0.8920590063065831E-08 +0.1000000966184932E+01
+0.4836151015881678E+04 +0.1000000960979139E+01 +0.8966101428372194E-08 +0.1000000968433296E+01
+0.4836276125692529E+04 +0.1000000963274696E+01 +0.9011983903770774E-08 +0.1000000970694133E+01
+0.4836401235503379E+04 +0.1000000965582015E+01 +0.9058241764017655E-08 +0.1000000972967503E+01
+0.4836526345314231E+04 +0.1000000967901191E+01 +0.9104879348789830E-08 +0.1000000975253472E+01
+0.4836651455125080E+04 +0.1000000970232324E+01 +0.9151901063930129E-08 +0.1000000977552107E+01
+0.4836776564935932E+04 +0.1000000972575511E+01 +0.9199311382721354E-08 +0.1000000979863477E+01
+0.4836901674746782E+04 +0.1000000974930852E+01 +0.9247114847187786E-08 +0.1000000982187657E+01
+0.4837026784557632E+04 +0.1000000977298448E+01 +0.9295316069430116E-08 +0.1000000984524720E+01
+0.4837151894368483E+04 +0.1000000979678400E+01 +0.9343919732992185E-08 +0.1000000986874746E+01
+0.4837277004179334E+04 +0.1000000982070814E+01 +0.9392930594257594E-08 +0.1000000989237816E+01
+0.4837402113990184E+04 +0.1000000984475792E+01 +0.9442353483882562E-08 +0.1000000991614011E+01
+0.4837527223801035E+04 +0.1000000986893441E+01 +0.9492193308263334E-08 +0.1000000994003419E+01
+0.4837652333611885E+04 +0.1000000989323867E+01 +0.9542455051036039E-08 +0.1000000996406125E+01
+0.4837777443422736E+04 +0.1000000991767180E+01 +0.9593143774617686E-08 +0.1000000998822222E+01
+0.4837902553233586E+04 +0.1000000994223488E+01 +0.9644264621780131E-08 +0.1000001001251799E+01
+0.4838027663044437E+04 +0.1000000996692903E+01 +0.9695822817265858E-08 +0.1000001003694953E+01
+0.4838152772855287E+04 +0.1000000999175536E+01 +0.9747823669443651E-08 +0.1000001006151779E+01
+0.4838277882666139E+04 +0.1000001001671502E+01 +0.9800272572002391E-08 +0.1000001008622376E+01
+0.4838402992476988E+04 +0.1000001004180916E+01 +0.9853175005690008E-08 +0.1000001011106845E+01
+0.4838528102287840E+04 +0.1000001006703893E+01 +0.9906536540095962E-08 +0.1000001013605288E+01
+0.4838653212098689E+04 +0.1000001009240552E+01 +0.9960362835475258E-08 +0.1000001016117811E+01
+0.4838778321909541E+04 +0.1000001011791013E+01 +0.1001465964462358E-07 +0.1000001018644520E+01
+0.4838903431720391E+04 +0.1000001014355395E+01 +0.1006943281479508E-07 +0.1000001021185523E+01
+0.4839028541531241E+04 +0.1000001016933822E+01 +0.1012468828967241E-07 +0.1000001023740932E+01
+0.4839153651342092E+04 +0.1000001019526417E+01 +0.1018043211138750E-07 +0.1000001026310860E+01
+0.4839278761152943E+04 +0.1000001022133305E+01 +0.1023667042259117E-07 +0.1000001028895422E+01
+0.4839403870963793E+04 +0.1000001024754613E+01 +0.1029340946857969E-07 +0.1000001031494734E+01
+0.4839528980774644E+04 +0.1000001027390471E+01 +0.1035065559947664E-07 +0.1000001034108915E+01
+0.4839654090585494E+04 +0.1000001030041008E+01 +0.1040841527246849E-07 +0.1000001036738087E+01
+0.4839779200396345E+04 +0.1000001032706356E+01 +0.1046669505410433E-07 +0.1000001039382372E+01
+0.4839904310207196E+04 +0.1000001035386648E+01 +0.1052550162265115E-07 +0.1000001042041896E+01
+0.4840029420018046E+04 +0.1000001038082020E+01 +0.1058484177051530E-07 +0.1000001044716785E+01
+0.4840154529828897E+04 +0.1000001040792609E+01 +0.1064472240672888E-07 +0.1000001047407168E+01
+0.4840279639639748E+04 +0.1000001043518554E+01 +0.1070515055949964E-07 +0.1000001050113178E+01
+0.4840404749450598E+04 +0.1000001046259996E+01 +0.1076613337883305E-07 +0.1000001052834946E+01
+0.4840529859261449E+04 +0.1000001049017075E+01 +0.1082767813922590E-07 +0.1000001055572609E+01
+0.4840654969072300E+04 +0.1000001051789939E+01 +0.1088979224242993E-07 +0.1000001058326304E+01
+0.4840780078883149E+04 +0.1000001054578731E+01 +0.1095248322029494E-07 +0.1000001061096170E+01
+0.4840905188694001E+04 +0.1000001057383601E+01 +0.1101575873769052E-07 +0.1000001063882350E+01
+0.4841030298504850E+04 +0.1000001060204698E+01 +0.1107962659550501E-07 +0.1000001066684988E+01
+0.4841155408315702E+04 +0.1000001063042175E+01 +0.1114409473373430E-07 +0.1000001069504230E+01
+0.4841280518126552E+04 +0.1000001065896186E+01 +0.1120917123465140E-07 +0.1000001072340224E+01
+0.4841405627937403E+04 +0.1000001068766887E+01 +0.1127486432606968E-07 +0.1000001075193121E+01
+0.4841530737748253E+04 +0.1000001071654436E+01 +0.1134118238469893E-07 +0.1000001078063073E+01
+0.4841655847559104E+04 +0.1000001074558994E+01 +0.1140813393959367E-07 +0.1000001080950238E+01
+0.4841780957369954E+04 +0.1000001077480724E+01 +0.1147572767570438E-07 +0.1000001083854772E+01
+0.4841906067180805E+04 +0.1000001080419791E+01 +0.1154397243753157E-07 +0.1000001086776836E+01
+0.4842031176991655E+04 +0.1000001083376361E+01 +0.1161287723288189E-07 +0.1000001089716591E+01
+0.4842156286802506E+04 +0.1000001086350605E+01 +0.1168245123674073E-07 +0.1000001092674204E+01
+0.4842281396613357E+04 +0.1000001089342694E+01 +0.1175270379525240E-07 +0.1000001095649842E+01
+0.4842406506424207E+04 +0.1000001092352802E+01 +0.1182364442982262E-07 +0.1000001098643674E+01
+0.4842531616235057E+04 +0.1000001095381107E+01 +0.1189528284134339E-07 +0.1000001101655874E+01
+0.4842656726045909E+04 +0.1000001098427788E+01 +0.1196762891454062E-07 +0.1000001104686616E+01
+0.4842781835856758E+04 +0.1000001101493026E+01 +0.1204069272245705E-07 +0.1000001107736079E+01
+0.4842906945667610E+04 +0.1000001104577005E+01 +0.1211448453107145E-07 +0.1000001110804443E+01
+0.4843032055478460E+04 +0.1000001107679914E+01 +0.1218901480405480E-07 +0.1000001113891893E+01
+0.4843157165289311E+04 +0.1000001110801941E+01 +0.1226429420767713E-07 +0.1000001116998612E+01
+0.4843282275100161E+04 +0.1000001113943279E+01 +0.1234033361586615E-07 +0.1000001120124792E+01
+0.4843407384911012E+04 +0.1000001117104123E+01 +0.1241714411541905E-07 +0.1000001123270624E+01
+0.4843532494721862E+04 +0.1000001120284671E+01 +0.1249473701138473E-07 +0.1000001126436303E+01
+0.4843657604532713E+04 +0.1000001123485125E+01 +0.1257312383260896E-07 +0.1000001129622026E+01
+0.4843782714343563E+04 +0.1000001126705688E+01 +0.1265231633746059E-07 +0.1000001132827995E+01
+0.4843907824154414E+04 +0.1000001129946568E+01 +0.1273232651974099E-07 +0.1000001136054414E+01
+0.4844032933965265E+04 +0.1000001133207974E+01 +0.1281316661477958E-07 +0.1000001139301490E+01
+0.4844158043776115E+04 +0.1000001136490119E+01 +0.1289484910573140E-07 +0.1000001142569432E+01
+0.4844283153586966E+04 +0.1000001139793221E+01 +0.1297738673008054E-07 +0.1000001145858456E+01
+0.4844408263397816E+04 +0.1000001143117498E+01 +0.1306079248635221E-07 +0.1000001149168778E+01
+0.4844533373208666E+04 +0.1000001146463175E+01 +0.1314507964105503E-07 +0.1000001152500618E+01
+0.4844658483019518E+04 +0.1000001149830476E+01 +0.1323026173584688E-07 +0.1000001155854201E+01
+0.4844783592830368E+04 +0.1000001153219634E+01 +0.1331635259494674E-07 +0.1000001159229754E+01
+0.4844908702641219E+04 +0.1000001156630880E+01 +0.1340336633279741E-07 +0.1000001162627508E+01
+0.4845033812452069E+04 +0.1000001160064452E+01 +0.1349131736198440E-07 +0.1000001166047698E+01
+0.4845158922262920E+04 +0.1000001163520591E+01 +0.1358022040143149E-07 +0.1000001169490562E+01
+0.4845284032073771E+04 +0.1000001166999542E+01 +0.1367009048487985E-07 +0.1000001172956343E+01
+0.4845409141884621E+04 +0.1000001170501553E+01 +0.1376094296965686E-07 +0.1000001176445288E+01
+0.4845534251695472E+04 +0.1000001174026877E+01 +0.1385279354576108E-07 +0.1000001179957646E+01
+0.4845659361506322E+04 +0.1000001177575770E+01 +0.1394565824526014E-07 +0.1000001183493672E+01
+0.4845784471317173E+04 +0.1000001181148493E+01 +0.1403955345202907E-07 +0.1000001187053625E+01
+0.4845909581128023E+04 +0.1000001184745311E+01 +0.1413449591183846E-07 +0.1000001190637767E+01
+0.4846034690938875E+04 +0.1000001188366492E+01 +0.1423050274280232E-07 +0.1000001194246366E+01
+0.4846159800749724E+04 +0.1000001192012311E+01 +0.1432759144621237E-07 +0.1000001197879693E+01
+0.4846284910560575E+04 +0.1000001195683045E+01 +0.1442577991777060E-07 +0.1000001201538026E+01
+0.4846410020371426E+04 +0.1000001199378978E+01 +0.1452508645923265E-07 +0.1000001205221643E+01
+0.4846535130182276E+04 +0.1000001203100397E+01 +0.1462552979049149E-07 +0.1000001208930831E+01
+0.4846660239993127E+04 +0.1000001206847593E+01 +0.1472712906211639E-07 +0.1000001212665881E+01
+0.4846785349803977E+04 +0.1000001210620865E+01 +0.1482990386836149E-07 +0.1000001216427088E+01
+0.4846910459614828E+04 +0.1000001214420514E+01 +0.1493387426068204E-07 +0.1000001220214753E+01
+0.4847035569425679E+04 +0.1000001218246848E+01 +0.1503906076176274E-07 +0.1000001224029180E+01
+0.4847160679236529E+04 +0.1000001222100179E+01 +0.1514548438009871E-07 +0.1000001227870682E+01
+0.4847285789047380E+04 +0.1000001225980825E+01 +0.1525316662514909E-07 +0.1000001231739575E+01
+0.4847410898858230E+04 +0.1000001229889111E+01 +0.1536212952308459E-07 +0.1000001235636180E+01
+0.4847536008669081E+04 +0.1000001233825365E+01 +0.1547239563317031E-07 +0.1000001239560825E+01
+0.4847661118479931E+04 +0.1000001237789922E+01 +0.1558398806480872E-07 +0.1000001243513844E+01
+0.4847786228290782E+04 +0.1000001241783123E+01 +0.1569693049526866E-07 +0.1000001247495577E+01
+0.4847911338101632E+04 +0.1000001245805316E+01 +0.1581124718815205E-07 +0.1000001251506368E+01
+0.4848036447912484E+04 +0.1000001249856854E+01 +0.1592696301261442E-07 +0.1000001255546571E+01
+0.4848161557723333E+04 +0.1000001253938097E+01 +0.1604410346339536E-07 +0.1000001259616543E+01
+0.4848286667534184E+04 +0.1000001258049411E+01 +0.1616269468169343E-07 +0.1000001263716649E+01
+0.4848411777345035E+04 +0.1000001262191168E+01 +0.1628276347692263E-07 +0.1000001267847261E+01
+0.4848536887155885E+04 +0.1000001266363751E+01 +0.1640433734940998E-07 +0.1000001272008758E+01
+0.4848661996966736E+04 +0.1000001270567544E+01 +0.1652744451407718E-07 +0.1000001276201525E+01
+0.4848787106777586E+04 +0.1000001274802943E+01 +0.1665211392515126E-07 +0.1000001280425955E+01
+0.4848912216588437E+04 +0.1000001279070349E+01 +0.1677837530197900E-07 +0.1000001284682449E+01
+0.4849037326399288E+04 +0.1000001283370172E+01 +0.1690625915598160E-07 +0.1000001288971414E+01
+0.4849162436210138E+04 +0.1000001287702830E+01 +0.1703579681883220E-07 +0.1000001293293268E+01
+0.4849287546020989E+04 +0.1000001292068747E+01 +0.1716702047191609E-07 +0.1000001297648433E+01
+0.4849412655831839E+04 +0.1000001296468357E+01 +0.1729996317713813E-07 +0.1000001302037343E+01
+0.4849537765642690E+04 +0.1000001300902102E+01 +0.1743465890916852E-07 +0.1000001306460438E+01
+0.4849662875453540E+04 +0.1000001305370434E+01 +0.1757114258920174E-07 +0.1000001310918167E+01
+0.4849787985264392E+04 +0.1000001309873813E+01 +0.1770945012030855E-07 +0.1000001315410991E+01
+0.4849913095075241E+04 +0.1000001314412706E+01 +0.1784961842448935E-07 +0.1000001319939375E+01
+0.4850038204886092E+04 +0.1000001318987594E+01 +0.1799168548152177E-07 +0.1000001324503799E+01
+0.4850163314696943E+04 +0.1000001323598965E+01 +0.1813569036970043E-07 +0.1000001329104749E+01
+0.4850288424507793E+04 +0.1000001328247317E+01 +0.1828167330860539E-07 +0.1000001333742722E+01
+0.4850413534318644E+04 +0.1000001332933159E+01 +0.1842967570399585E-07 +0.1000001338418226E+01
+0.4850538644129494E+04 +0.1000001337657011E+01 +0.1857974019498272E-07 +0.1000001343131781E+01
+0.4850663753940345E+04 +0.1000001342419404E+01 +0.1873191070361285E-07 +0.1000001347883914E+01
+0.4850788863751196E+04 +0.1000001347220879E+01 +0.1888623248700823E-07 +0.1000001352675166E+01
+0.4850913973562047E+04 +0.1000001352061989E+01 +0.1904275219224001E-07 +0.1000001357506090E+01
+0.4851039083372897E+04 +0.1000001356943302E+01 +0.1920151791410475E-07 +0.1000001362377251E+01
+0.4851164193183747E+04 +0.1000001361865393E+01 +0.1936257925598197E-07 +0.1000001367289224E+01
+0.4851289302994598E+04 +0.1000001366828855E+01 +0.1952598739400095E-07 +0.1000001372242600E+01
+0.4851414412805449E+04 +0.1000001371834291E+01 +0.1969179514470692E-07 +0.1000001377237981E+01
+0.4851539522616299E+04 +0.1000001376882319E+01 +0.1986005703648789E-07 +0.1000001382275983E+01
+0.4851664632427150E+04 +0.1000001381973570E+01 +0.2003082938500874E-07 +0.1000001387357237E+01
+0.4851789742238000E+04 +0.1000001387108691E+01 +0.2020417037291888E-07 +0.1000001392482387E+01
+0.4851914852048851E+04 +0.1000001392288342E+01 +0.2038014013415177E-07 +0.1000001397652094E+01
+0.4852039961859701E+04 +0.1000001397513201E+01 +0.2055880084313073E-07 +0.1000001402867032E+01
+0.4852165071670552E+04 +0.1000001402783960E+01 +0.2074021680922102E-07 +0.1000001408127894E+01
+0.4852290181481402E+04 +0.1000001408101327E+01 +0.2092445457683624E-07 +0.1000001413435385E+01
+0.4852415291292254E+04 +0.1000001413466030E+01 +0.2111158303157937E-07 +0.1000001418790233E+01
+0.4852540401103103E+04 +0.1000001418878813E+01 +0.2130167351289523E-07 +0.1000001424193179E+01
+0.4852665510913955E+04 +0.1000001424340438E+01 +0.2149479993371232E-07 +0.1000001429644985E+01
+0.4852790620724805E+04 +0.1000001429851687E+01 +0.2169103890759526E-07 +0.1000001435146429E+01
+0.4852915730535655E+04 +0.1000001435413361E+01 +0.2189046988400871E-07 +0.1000001440698314E+01
+0.4853040840346506E+04 +0.1000001441026281E+01 +0.2209317529231558E-07 +0.1000001446301457E+01
+0.4853165950157357E+04 +0.1000001446691292E+01 +0.2229924069518910E-07 +0.1000001451956702E+01
+0.4853291059968207E+04 +0.1000001452409257E+01 +0.2250875495221675E-07 +0.1000001457664911E+01
+0.4853416169779058E+04 +0.1000001458181066E+01 +0.2272181039451251E-07 +0.1000001463426971E+01
+0.4853541279589908E+04 +0.1000001464007629E+01 +0.2293850301123065E-07 +0.1000001469243792E+01
+0.4853666389400759E+04 +0.1000001469889883E+01 +0.2315893264900815E-07 +0.1000001475116307E+01
+0.4853791499211609E+04 +0.1000001475828791E+01 +0.2338320322538869E-07 +0.1000001481045479E+01
+0.4853916609022460E+04 +0.1000001481825341E+01 +0.2361142295746250E-07 +0.1000001487032293E+01
+0.4854041718833310E+04 +0.1000001487880551E+01 +0.2384370460703168E-07 +0.1000001493077766E+01
+0.4854166828644162E+04 +0.1000001493995466E+01 +0.2408016574374585E-07 +0.1000001499182939E+01
+0.4854291938455011E+04 +0.1000001500171162E+01 +0.2432092902784257E-07 +0.1000001505348889E+01
+0.4854417048265863E+04 +0.1000001506408748E+01 +0.2456612251425903E-07 +0.1000001511576720E+01
+0.4854542158076712E+04 +0.1000001512709364E+01 +0.2481587998006767E-07 +0.1000001517867570E+01
+0.4854667267887564E+04 +0.1000001519074186E+01 +0.2507034127745459E-07 +0.1000001524222613E+01
+0.4854792377698414E+04 +0.1000001525504425E+01 +0.2532965271461582E-07 +0.1000001530643057E+01
+0.4854917487509264E+04 +0.1000001532001329E+01 +0.2559396746729942E-07 +0.1000001537130149E+01
+0.4855042597320115E+04 +0.1000001538566188E+01 +0.2586344602397255E-07 +0.1000001543685174E+01
+0.4855167707130966E+04 +0.1000001545200331E+01 +0.2613825666793478E-07 +0.1000001550309459E+01
+0.4855292816941816E+04 +0.1000001551905131E+01 +0.2641857600013210E-07 +0.1000001557004373E+01
+0.4855417926752667E+04 +0.1000001558682006E+01 +0.2670458950682223E-07 +0.1000001563771332E+01
+0.4855543036563517E+04 +0.1000001565532423E+01 +0.2699649217673706E-07 +0.1000001570611798E+01
+0.4855668146374368E+04 +0.1000001572457898E+01 +0.2729448917301750E-07 +0.1000001577527285E+01
+0.4855793256185219E+04 +0.1000001579460001E+01 +0.2759879656574627E-07 +0.1000001584519357E+01
+0.4855918365996069E+04 +0.1000001586540356E+01 +0.2790964213173932E-07 +0.1000001591589634E+01
+0.4856043475806920E+04 +0.1000001593700646E+01 +0.2822726622903953E-07 +0.1000001598739796E+01
+0.4856168585617771E+04 +0.1000001600942617E+01 +0.2855192275452269E-07 +0.1000001605971583E+01
+0.4856293695428621E+04 +0.1000001608268078E+01 +0.2888388019418888E-07 +0.1000001613286800E+01
+0.4856418805239472E+04 +0.1000001615678910E+01 +0.2922342277694029E-07 +0.1000001620687320E+01
+0.4856543915050323E+04 +0.1000001623177064E+01 +0.2957085174411654E-07 +0.1000001628175089E+01
+0.4856669024861172E+04 +0.1000001630764570E+01 +0.2992648674881882E-07 +0.1000001635752132E+01
+0.4856794134672024E+04 +0.1000001638443540E+01 +0.3029066740097318E-07 +0.1000001643420552E+01
+0.4856919244482873E+04 +0.1000001646216172E+01 +0.3066375497636825E-07 +0.1000001651182541E+01
+0.4857044354293725E+04 +0.1000001654084758E+01 +0.3104613431064864E-07 +0.1000001659040382E+01
+0.4857169464104575E+04 +0.1000001662051688E+01 +0.3143821590223388E-07 +0.1000001666996455E+01
+0.4857294573915426E+04 +0.1000001670119456E+01 +0.3184043825189702E-07 +0.1000001675053247E+01
+0.4857419683726276E+04 +0.1000001678290670E+01 +0.3225327047092948E-07 +0.1000001683213353E+01
+0.4857544793537127E+04 +0.1000001686568057E+01 +0.3267721519483918E-07 +0.1000001691479490E+01
+0.4857669903347977E+04 +0.1000001694954473E+01 +0.3311281184552281E-07 +0.1000001699854500E+01
+0.4857795013158828E+04 +0.1000001703452911E+01 +0.3356064029179749E-07 +0.1000001708341364E+01
+0.4857920122969678E+04 +0.1000001712066512E+01 +0.3402132496648809E-07 +0.1000001716943207E+01
+0.4858045232780529E+04 +0.1000001720798577E+01 +0.3449553950826617E-07 +0.1000001725663312E+01
+0.4858170342591380E+04 +0.1000001729652578E+01 +0.3498401200811273E-07 +0.1000001734505134E+01
+0.4858295452402230E+04 +0.1000001738632171E+01 +0.3548753095460289E-07 +0.1000001743472307E+01
+0.4858420562213080E+04 +0.1000001747741214E+01 +0.3600695198915918E-07 +0.1000001752568668E+01
+0.4858545672023932E+04 +0.1000001756983780E+01 +0.3654320560298883E-07 +0.1000001761798263E+01
+0.4858670781834781E+04 +0.1000001766364181E+01 +0.3709730593242907E-07 +0.1000001771165376E+01
+0.4858795891645633E+04 +0.1000001775886981E+01 +0.3767036083965725E-07 +0.1000001780674540E+01
+0.4858921001456483E+04 +0.1000001785557027E+01 +0.3826358350273389E-07 +0.1000001790330564E+01
+0.4859046111267334E+04 +0.1000001795379469E+01 +0.3887830578444419E-07 +0.1000001800138559E+01
+0.4859171221078184E+04 +0.1000001805359794E+01 +0.3951599370524149E-07 +0.1000001810103966E+01
+0.4859296330889035E+04 +0.1000001815503854E+01 +0.4017826541479453E-07 +0.1000001820232586E+01
+0.4859421440699885E+04 +0.1000001825817908E+01 +0.4086691214284064E-07 +0.1000001830530618E+01
+0.4859546550510736E+04 +0.1000001836308658E+01 +0.4158392271738148E-07 +0.1000001841004697E+01
+0.4859671660321586E+04 +0.1000001846983305E+01 +0.4233151237358278E-07 +0.1000001851661945E+01
+0.4859796770132437E+04 +0.1000001857849594E+01 +0.4311215674725790E-07 +0.1000001862510019E+01
+0.4859921879943288E+04 +0.1000001868915881E+01 +0.4392863216359190E-07 +0.1000001873557173E+01
+0.4860046989754138E+04 +0.1000001880191205E+01 +0.4478406360892832E-07 +0.1000001884812324E+01
+0.4860172099564989E+04 +0.1000001891685368E+01 +0.4568198212957901E-07 +0.1000001896285134E+01
+0.4860297209375839E+04 +0.1000001903409028E+01 +0.4662639386273651E-07 +0.1000001907986099E+01
+0.4860422319186689E+04 +0.1000001915373810E+01 +0.4762186350579194E-07 +0.1000001919926650E+01
+0.4860547428997541E+04 +0.1000001927592433E+01 +0.4867361581907960E-07 +0.1000001932119279E+01
+0.4860672538808391E+04 +0.1000001940078860E+01 +0.4978765980108762E-07 +0.1000001944577672E+01
+0.4860797648619242E+04 +0.1000001952848468E+01 +0.5097094156663780E-07 +0.1000001957316883E+01
+0.4860922758430092E+04 +0.1000001965918252E+01 +0.5223153382973486E-07 +0.1000001970353512E+01
+0.4861047868240943E+04 +0.1000001979307070E+01 +0.5357887243127578E-07 +0.1000001983705940E+01
+0.4861172978051794E+04 +0.1000001993035925E+01 +0.5502405382686808E-07 +0.1000001997394584E+01
+0.4861298087862644E+04 +0.1000002007128300E+01 +0.5658021225447004E-07 +0.1000002011442211E+01
+0.4861423197673495E+04 +0.1000002021610568E+01 +0.5826300201219944E-07 +0.1000002025874298E+01
+0.4861548307484345E+04 +0.1000002036512466E+01 +0.6009121974872835E-07 +0.1000002040719465E+01
+0.4861673417295196E+04 +0.1000002051867670E+01 +0.6208761519011766E-07 +0.1000002056009976E+01
+0.4861798527106046E+04 +0.1000002067714484E+01 +0.6427995824809656E-07 +0.1000002071782331E+01
+0.4861923636916898E+04 +0.1000002084096645E+01 +0.6670245896951892E-07 +0.1000002088077945E+01
+0.4862048746727747E+04 +0.1000002101064292E+01 +0.6939767892623530E-07 +0.1000002104943926E+01
+0.4862173856538598E+04 +0.1000002118675075E+01 +0.7241913564888480E-07 +0.1000002122433926E+01
+0.4862298966349449E+04 +0.1000002136995418E+01 +0.7583489710750623E-07 +0.1000002140609029E+01
+0.4862424076160299E+04 +0.1000002156101865E+01 +0.7973260986537817E-07 +0.1000002159538543E+01
+0.4862549185971150E+04 +0.1000002176082339E+01 +0.8422663228577550E-07 +0.1000002179300458E+01
+0.4862674295782000E+04 +0.1000002197036950E+01 +0.8946829390434536E-07 +0.1000002199981037E+01
+0.4862799405592851E+04 +0.1000002219077463E+01 +0.9566082528860564E-07 +0.1000002221672481E+01
+0.4862924515403702E+04 +0.1000002242323622E+01 +0.1030812712396353E-06 +0.1000002244466563E+01
+0.4863049625214552E+04 +0.1000002266892495E+01 +0.1121127539503106E-06 +0.1000002268440006E+01
+0.4863174735025403E+04 +0.1000002292872721E+01 +0.1232914889128268E-06 +0.1000002293623307E+01
+0.4863299844836253E+04 +0.1000002320266804E+01 +0.1373724943485020E-06 +0.1000002319936863E+01
+0.4863424954647104E+04 +0.1000002348867534E+01 +0.1554107565884706E-06 +0.1000002347065104E+01
+0.4863550064457954E+04 +0.1000002378006891E+01 +0.1788245677653204E-06 +0.1000002374223588E+01
+0.4863675174268805E+04 +0.1000002406095434E+01 +0.2093150522000108E-06 +0.1000002399782907E+01
+0.4863800284079655E+04 +0.1000002429968511E+01 +0.2483106056306325E-06 +0.1000002420846220E+01
+0.4863925393890506E+04 +0.1000002444580886E+01 +0.2954445172710555E-06 +0.1000002433293060E+01
+0.4864050503701356E+04 +0.1000002444544495E+01 +0.3464127107609890E-06 +0.1000002433204102E+01
+0.4864175613512207E+04 +0.1000002428073057E+01 +0.3930186445368777E-06 +0.1000002419526351E+01
+0.4864300723323058E+04 +0.1000002399386354E+01 +0.4274613206585188E-06 +0.1000002395501119E+01
+0.4864425833133908E+04 +0.1000002366138702E+01 +0.4465937149244629E-06 +0.1000002367048993E+01
+0.4864550942944759E+04 +0.1000002335187101E+01 +0.4522389707869874E-06 +0.1000002339730507E+01
+0.4864676052755609E+04 +0.1000002309925989E+01 +0.4487958005647720E-06 +0.1000002316659570E+01
+0.4864801162566460E+04 +0.1000002290297713E+01 +0.4399034298953430E-06 +0.1000002298441252E+01
+0.4864926272377311E+04 +0.1000002275302190E+01 +0.4268272346145209E-06 +0.1000002284749939E+01
+0.4865051382188160E+04 +0.1000002265046766E+01 +0.4096626878751442E-06 +0.1000002275741649E+01
+0.4865176491999012E+04 +0.1000002260510875E+01 +0.3890201099491642E-06 +0.1000002272114496E+01
+0.4865301601809862E+04 +0.1000002262446424E+01 +0.3662877224394485E-06 +0.1000002274450253E+01
+0.4865426711620713E+04 +0.1000002270846968E+01 +0.3429659544661717E-06 +0.1000002282854441E+01
+0.4865551821431563E+04 +0.1000002285465656E+01 +0.3199572337547010E-06 +0.1000002297259001E+01
+0.4865676931242415E+04 +0.1000002306619796E+01 +0.2981701711991989E-06 +0.1000002317778641E+01
+0.4865802041053264E+04 +0.1000002334467228E+01 +0.2793692842143966E-06 +0.1000002344336117E+01
+0.4865927150864115E+04 +0.1000002368124765E+01 +0.2655117114790064E-06 +0.1000002376164373E+01
+0.4866052260674966E+04 +0.1000002406074525E+01 +0.2579139905259492E-06 +0.1000002411972419E+01
+0.4866177370485816E+04 +0.1000002446827478E+01 +0.2574122491823329E-06 +0.1000002450330296E+01
+0.4866302480296667E+04 +0.1000002488850955E+01 +0.2648964134202582E-06 +0.1000002489641564E+01
+0.4866427590107517E+04 +0.1000002529940288E+01 +0.2813638064440958E-06 +0.1000002527739448E+01
+0.4866552699918368E+04 +0.1000002566626974E+01 +0.3071773664752390E-06 +0.1000002561569328E+01
+0.4866677809729219E+04 +0.1000002594454029E+01 +0.3405240610404983E-06 +0.1000002587639573E+01
+0.4866802919540070E+04 +0.1000002610244635E+01 +0.3762732912934766E-06 +0.1000002603731864E+01
+0.4866928029350920E+04 +0.1000002615118754E+01 +0.4079714351665606E-06 +0.1000002610696630E+01
+0.4867053139161770E+04 +0.1000002613921653E+01 +0.4319969682101715E-06 +0.1000002612045067E+01
+0.4867178248972621E+04 +0.1000002611593099E+01 +0.4488461335525552E-06 +0.1000002611591918E+01
+0.4867303358783472E+04 +0.1000002610685731E+01 +0.4615354228929618E-06 +0.1000002611427518E+01
+0.4867428468594322E+04 +0.1000002610476654E+01 +0.4733003379332853E-06 +0.1000002611188809E+01
+0.4867553578405173E+04 +0.1000002607856957E+01 +0.4849632785481089E-06 +0.1000002608843672E+01
+0.4867678688216023E+04 +0.1000002600204865E+01 +0.4940479370255959E-06 +0.1000002602631588E+01
+0.4867803798026874E+04 +0.1000002587309425E+01 +0.4962979675812206E-06 +0.1000002592665435E+01
+0.4867928907837724E+04 +0.1000002572227091E+01 +0.4870946933347316E-06 +0.1000002581793203E+01
+0.4868054017648575E+04 +0.1000002561894329E+01 +0.4646364627792966E-06 +0.1000002575305251E+01
+0.4868179127459425E+04 +0.1000002562855732E+01 +0.4330721355401655E-06 +0.1000002578076624E+01
+0.4868304237270277E+04 +0.1000002576549874E+01 +0.3989649136506652E-06 +0.1000002591711580E+01
+0.4868429347081126E+04 +0.1000002600833581E+01 +0.3667270224848220E-06 +0.1000002614990730E+01
+0.4868554456891978E+04 +0.1000002632991153E+01 +0.3382355808081739E-06 +0.1000002645829113E+01
+0.4868679566702828E+04 +0.1000002670884919E+01 +0.3139173507874728E-06 +0.1000002682404816E+01
+0.4868804676513678E+04 +0.1000002713180070E+01 +0.2935766421770987E-06 +0.1000002723471912E+01
+0.4868929786324529E+04 +0.1000002759179387E+01 +0.2769932473131541E-06 +0.1000002768281240E+01
+0.4869054896135380E+04 +0.1000002808431951E+01 +0.2641541616890417E-06 +0.1000002816322054E+01
+0.4869180005946230E+04 +0.1000002860454603E+01 +0.2551338222143700E-06 +0.1000002867119058E+01
+0.4869305115757081E+04 +0.1000002914730980E+01 +0.2499002470874239E-06 +0.1000002920205827E+01
+0.4869430225567931E+04 +0.1000002970845258E+01 +0.2482725131455019E-06 +0.1000002975204765E+01
+0.4869555335378782E+04 +0.1000003028574373E+01 +0.2500031730275584E-06 +0.1000003031895132E+01
+0.4869680445189632E+04 +0.1000003087895472E+01 +0.2548969898618163E-06 +0.1000003090220075E+01
+0.4869805555000483E+04 +0.1000003148924029E+01 +0.2629048178599865E-06 +0.1000003150238680E+01
+0.4869930664811333E+04 +0.1000003211823069E+01 +0.2741727982640059E-06 +0.1000003212047452E+01
+0.4870055774622185E+04 +0.1000003276695936E+01 +0.2890612605349841E-06 +0.1000003275681973E+01
+0.4870180884433034E+04 +0.1000003343438065E+01 +0.3081150589679309E-06 +0.1000003340995343E+01
+0.4870305994243886E+04 +0.1000003411570122E+01 +0.3318943474531539E-06 +0.1000003407553214E+01
+0.4870431104054735E+04 +0.1000003480239577E+01 +0.3606035976569224E-06 +0.1000003474684835E+01
+0.4870556213865587E+04 +0.1000003548656389E+01 +0.3937665214512122E-06 +0.1000003541816585E+01
+0.4870681323676437E+04 +0.1000003616749236E+01 +0.4304910610159984E-06 +0.1000003608891853E+01
+0.4870806433487287E+04 +0.1000003685261963E+01 +0.4702480307314174E-06 +0.1000003676431790E+01
+0.4870931543298138E+04 +0.1000003755188194E+01 +0.5133237560426735E-06 +0.1000003745164141E+01
+0.4871056653108989E+04 +0.1000003827153361E+01 +0.5607220248953314E-06 +0.1000003815550455E+01
+0.4871181762919839E+04 +0.1000003901047270E+01 +0.6135353819683476E-06 +0.1000003887603340E+01
+0.4871306872730690E+04 +0.1000003976713565E+01 +0.6723228052278109E-06 +0.1000003961275481E+01
+0.4871431982541540E+04 +0.1000004054638443E+01 +0.7379377222980268E-06 +0.1000004036777908E+01
+0.4871557092352391E+04 +0.1000004135274975E+01 +0.8121958430662585E-06 +0.1000004114267038E+01
+0.4871682202163242E+04 +0.1000004218593719E+01 +0.8980725426955170E-06 +0.1000004193226236E+01
+0.4871807311974092E+04 +0.1000004302533696E+01 +0.9999284251733161E-06 +0.1000004271392689E+01
+0.4871932421784943E+04 +0.1000004381703692E+01 +0.1121195735513908E-05 +0.1000004344136610E+01
+0.4872057531595794E+04 +0.1000004448990790E+01 +0.1262380769256122E-05 +0.1000004405301792E+01
+0.4872182641406644E+04 +0.1000004496758310E+01 +0.1420964013340879E-05 +0.1000004448338693E+01
+0.4872307751217495E+04 +0.1000004517913134E+01 +0.1589970429203195E-05 +0.1000004467873274E+01
+0.4872432861028346E+04 +0.1000004510549870E+01 +0.1757652286654995E-05 +0.1000004462896504E+01
+0.4872557970839195E+04 +0.1000004481948150E+01 +0.1913746592253300E-05 +0.1000004438711893E+01
+0.4872683080650047E+04 +0.1000004443869093E+01 +0.2057371822660397E-05 +0.1000004403632520E+01
+0.4872808190460896E+04 +0.1000004403602644E+01 +0.2196776783937692E-05 +0.1000004362814292E+01
+0.4872933300271748E+04 +0.1000004359008296E+01 +0.2344439246102984E-05 +0.1000004313623137E+01
+0.4873058410082598E+04 +0.1000004294640521E+01 +0.2509341162107375E-05 +0.1000004243843186E+01
+0.4873183519893449E+04 +0.1000004186939865E+01 +0.2683275892305172E-05 +0.1000004136982299E+01
+0.4873308629704299E+04 +0.1000004023277769E+01 +0.2837999969223899E-05 +0.1000003984911253E+01
+0.4873433739515150E+04 +0.1000003814363917E+01 +0.2941090166822482E-05 +0.1000003796515068E+01
+0.4873558849326000E+04 +0.1000003589236385E+01 +0.2972960042985026E-05 +0.1000003595111617E+01
+0.4873683959136851E+04 +0.1000003383023793E+01 +0.2933946632328255E-05 +0.1000003409165190E+01
+0.4873809068947701E+04 +0.1000003224136621E+01 +0.2844780726338418E-05 +0.1000003261227024E+01
+0.4873934178758552E+04 +0.1000003120045834E+01 +0.2737313042857078E-05 +0.1000003158483665E+01
+0.4874059288569403E+04 +0.1000003057435375E+01 +0.2632752885130962E-05 +0.1000003093830465E+01
+0.4874184398380253E+04 +0.1000003023075848E+01 +0.2533339132342948E-05 +0.1000003058409751E+01
+0.4874309508191103E+04 +0.1000003016447701E+01 +0.2437465728752674E-05 +0.1000003049938668E+01
+0.4874434618001955E+04 +0.1000003040115653E+01 +0.2352873594812058E-05 +0.1000003068099620E+01
+0.4874559727812804E+04 +0.1000003087942926E+01 +0.2289885306705197E-05 +0.1000003108141058E+01
+0.4874684837623656E+04 +0.1000003151151546E+01 +0.2252598772375150E-05 +0.1000003162654929E+01
+0.4874809947434506E+04 +0.1000003222293302E+01 +0.2245754753559304E-05 +0.1000003223019651E+01
+0.4874935057245357E+04 +0.1000003285468172E+01 +0.2273490732525410E-05 +0.1000003275872072E+01
+0.4875060167056207E+04 +0.1000003319593578E+01 +0.2324332715454886E-05 +0.1000003306614320E+01
+0.4875185276867058E+04 +0.1000003318803504E+01 +0.2370607571552930E-05 +0.1000003311745733E+01
+0.4875310386677908E+04 +0.1000003301224783E+01 +0.2390617237162259E-05 +0.1000003303601956E+01
+0.4875435496488759E+04 +0.1000003290994244E+01 +0.2384560410099350E-05 +0.1000003299865748E+01
+0.4875560606299609E+04 +0.1000003301117005E+01 +0.2365097141664807E-05 +0.1000003312062156E+01
+0.4875685716110460E+04 +0.1000003334807771E+01 +0.2345371274159170E-05 +0.1000003343922723E+01
+0.4875810825921311E+04 +0.1000003389980312E+01 +0.2336826886377202E-05 +0.1000003393888113E+01
+0.4875935935732161E+04 +0.1000003460229032E+01 +0.2349013115263774E-05 +0.1000003456305630E+01
+0.4876061045543012E+04 +0.1000003534939031E+01 +0.2388098326508830E-05 +0.1000003522011373E+01
+0.4876186155353862E+04 +0.1000003600678591E+01 +0.2454670895718061E-05 +0.1000003579638309E+01
+0.4876311265164712E+04 +0.1000003643705146E+01 +0.2541754816536806E-05 +0.1000003618199084E+01
+0.4876436374975564E+04 +0.1000003655362346E+01 +0.2633898141784859E-05 +0.1000003631305814E+01
+0.4876561484786414E+04 +0.1000003637810300E+01 +0.2711657420103213E-05 +0.1000003621270366E+01
+0.4876686594597265E+04 +0.1000003605904238E+01 +0.2759423288622867E-05 +0.1000003600147281E+01
+0.4876811704408115E+04 +0.1000003582267948E+01 +0.2775488286681532E-05 +0.1000003584960934E+01
+0.4876936814218966E+04 +0.1000003582345436E+01 +0.2773430322232064E-05 +0.1000003588118483E+01
+0.4877061924029817E+04 +0.1000003607636553E+01 +0.2767705640471172E-05 +0.1000003613131863E+01
+0.4877187033840667E+04 +0.1000003656266450E+01 +0.2765926964975422E-05 +0.1000003659421320E+01
+0.4877312143651518E+04 +0.1000003727483322E+01 +0.2776274646065960E-05 +0.1000003725113490E+01
+0.4877437253462368E+04 +0.1000003814170272E+01 +0.2807840134263664E-05 +0.1000003804379377E+01
+0.4877562363273219E+04 +0.1000003904361750E+01 +0.2860290304736825E-05 +0.1000003889278429E+01
+0.4877687473084069E+04 +0.1000003994412851E+01 +0.2923855322052915E-05 +0.1000003977296763E+01
+0.4877812582894921E+04 +0.1000004092784199E+01 +0.2992079749461036E-05 +0.1000004074139512E+01
+0.4877937692705770E+04 +0.1000004212642570E+01 +0.3068836843791946E-05 +0.1000004189475399E+01
+0.4878062802516621E+04 +0.1000004365719926E+01 +0.3169785905047285E-05 +0.1000004330918292E+01
+0.4878187912327472E+04 +0.1000004553076850E+01 +0.3323023571305766E-05 +0.1000004496478580E+01
+0.4878313022138322E+04 +0.1000004754789351E+01 +0.3558106413264090E-05 +0.1000004668772592E+01
+0.4878438131949173E+04 +0.1000004936407327E+01 +0.3890192367508050E-05 +0.1000004818708017E+01
+0.4878563241760023E+04 +0.1000005062044380E+01 +0.4322920490177812E-05 +0.1000004911930502E+01
+0.4878688351570874E+04 +0.1000005085213822E+01 +0.4855571469724386E-05 +0.1000004905341060E+01
+0.4878813461381725E+04 +0.1000004938131828E+01 +0.5458670972218466E-05 +0.1000004746692014E+01
+0.4878938571192575E+04 +0.1000004565281315E+01 +0.6041652602529842E-05 +0.1000004400885767E+01
+0.4879063681003426E+04 +0.1000003988438915E+01 +0.6472130170580922E-05 +0.1000003891571514E+01
+0.4879188790814276E+04 +0.1000003326976162E+01 +0.6662974735599980E-05 +0.1000003308468552E+01
+0.4879313900625127E+04 +0.1000002719257910E+01 +0.6638778130733187E-05 +0.1000002755134510E+01
+0.4879439010435977E+04 +0.1000002228094304E+01 +0.6496471845633825E-05 +0.1000002286171214E+01
+0.4879564120246828E+04 +0.1000001830821224E+01 +0.6311733099120914E-05 +0.1000001897878721E+01
+0.4879689230057678E+04 +0.1000001491967337E+01 +0.6094064069111155E-05 +0.1000001571835504E+01
+0.4879814339868529E+04 +0.1000001218304063E+01 +0.5836439712034404E-05 +0.1000001308618418E+01
+0.4879939449679379E+04 +0.1000001023931128E+01 +0.5561512635639359E-05 +0.1000001114814049E+01
+0.4880064559490230E+04 +0.1000000899250112E+01 +0.5294590558671887E-05 +0.1000000985532316E+01
+0.4880189669301081E+04 +0.1000000832568660E+01 +0.5045815945369022E-05 +0.1000000911570318E+01
+0.4880314779111931E+04 +0.1000000818078796E+01 +0.4828497390703374E-05 +0.1000000883879907E+01
+0.4880439888922782E+04 +0.1000000836764178E+01 +0.4660950657822768E-05 +0.1000000885140947E+01
+0.4880564998733632E+04 +0.1000000854513271E+01 +0.4543095902273025E-05 +0.1000000890360214E+01
+0.4880690108544483E+04 +0.1000000849004075E+01 +0.4447192265097433E-05 +0.1000000883592507E+01
+0.4880815218355334E+04 +0.1000000830313080E+01 +0.4342515680094992E-05 +0.1000000870087589E+01
+0.4880940328166183E+04 +0.1000000825060657E+01 +0.4224905866629303E-05 +0.1000000866532212E+01
+0.4881065437977035E+04 +0.1000000845347379E+01 +0.4112982646410689E-05 +0.1000000881674680E+01
+0.4881190547787885E+04 +0.1000000881887307E+01 +0.4024009325867387E-05 +0.1000000909511464E+01
+0.4881315657598736E+04 +0.1000000914833718E+01 +0.3960860853255542E-05 +0.1000000935829959E+01
+0.4881440767409586E+04 +0.1000000927838395E+01 +0.3906825126131788E-05 +0.1000000950270576E+01
+0.4881565877220438E+04 +0.1000000927043542E+01 +0.3836093266170246E-05 +0.1000000957607155E+01
+0.4881690987031287E+04 +0.1000000937725106E+01 +0.3739387787180833E-05 +0.1000000975441163E+01
+0.4881816096842138E+04 +0.1000000981354576E+01 +0.3628703031444855E-05 +0.1000001020443626E+01
+0.4881941206652989E+04 +0.1000001066066038E+01 +0.3523878836333267E-05 +0.1000001100091136E+01
+0.4882066316463839E+04 +0.1000001190046672E+01 +0.3444623406694544E-05 +0.1000001212870225E+01
+0.4882191426274690E+04 +0.1000001343044262E+01 +0.3409704645858910E-05 +0.1000001349063476E+01
+0.4882316536085540E+04 +0.1000001503596041E+01 +0.3432480716523932E-05 +0.1000001490564915E+01
+0.4882441645896391E+04 +0.1000001644002806E+01 +0.3510842537422746E-05 +0.1000001615543187E+01
+0.4882566755707242E+04 +0.1000001744740095E+01 +0.3626851496087563E-05 +0.1000001707904331E+01
+0.4882691865518093E+04 +0.1000001801970757E+01 +0.3759150904642317E-05 +0.1000001762572464E+01
+0.4882816975328943E+04 +0.1000001821128212E+01 +0.3895495499611909E-05 +0.1000001781139654E+01
+0.4882942085139793E+04 +0.1000001801436906E+01 +0.4031634123850895E-05 +0.1000001762827248E+01
+0.4883067194950644E+04 +0.1000001733580008E+01 +0.4151612733133613E-05 +0.1000001705197601E+01
+0.4883192304761495E+04 +0.1000001626954292E+01 +0.4220324666975934E-05 +0.1000001620090558E+01
+0.4883317414572345E+04 +0.1000001526479816E+01 +0.4218629552454832E-05 +0.1000001540199293E+01
+0.4883442524383196E+04 +0.1000001476270431E+01 +0.4170170607428774E-05 +0.1000001498413450E+01
+0.4883567634194046E+04 +0.1000001489481922E+01 +0.4114662208440416E-05 +0.1000001508200011E+01
+0.4883692744004897E+04 +0.1000001559148113E+01 +0.4084774058649477E-05 +0.1000001565342890E+01
+0.4883817853815747E+04 +0.1000001667534991E+01 +0.4105086698971229E-05 +0.1000001654897009E+01
+0.4883942963626598E+04 +0.1000001789404886E+01 +0.4188802753953255E-05 +0.1000001755930765E+01
+0.4884068073437448E+04 +0.1000001901495774E+01 +0.4337624255256447E-05 +0.1000001847347708E+01
+0.4884193183248300E+04 +0.1000001983991156E+01 +0.4552580817638659E-05 +0.1000001908359731E+01
+0.4884318293059149E+04 +0.1000002007837461E+01 +0.4833127091038017E-05 +0.1000001912937534E+01
+0.4884443402870001E+04 +0.1000001935330142E+01 +0.5161245167523499E-05 +0.1000001830775786E+01
+0.4884568512680851E+04 +0.1000001734047993E+01 +0.5492727648988248E-05 +0.1000001638597684E+01
+0.4884693622491701E+04 +0.1000001400315312E+01 +0.5757091586211035E-05 +0.1000001338323756E+01
+0.4884818732302552E+04 +0.1000000982525076E+01 +0.5888889450964451E-05 +0.1000000968619601E+01
+0.4884943842113403E+04 +0.1000000558293469E+01 +0.5869484936524673E-05 +0.1000000590066162E+01
+0.4885068951924253E+04 +0.1000000192536384E+01 +0.5725271758500191E-05 +0.1000000256983284E+01
+0.4885194061735104E+04 +0.9999999208707244E+00 +0.5504111604505055E-05 +0.1000000001496069E+01
+0.4885319171545954E+04 +0.9999997489207670E+00 +0.5256133963474579E-05 +0.9999998312236841E+00
+0.4885444281356805E+04 +0.9999996595191946E+00 +0.5017214010161802E-05 +0.9999997356576612E+00
+0.4885569391167655E+04 +0.9999996309687804E+00 +0.4801105273972255E-05 +0.9999996994006725E+00
+0.4885694500978506E+04 +0.9999996540481187E+00 +0.4610180430252516E-05 +0.9999997136375031E+00
+0.4885819610789356E+04 +0.9999997304818548E+00 +0.4454557803352187E-05 +0.9999997755646273E+00
+0.4885944720600208E+04 +0.9999998566817940E+00 +0.4359272093820538E-05 +0.9999998773815902E+00
+0.4886069830411057E+04 +0.1000000006913303E+01 +0.4356209424622389E-05 +0.9999999941746790E+00
+0.4886194940221909E+04 +0.1000000125892885E+01 +0.4459143321984300E-05 +0.1000000081805732E+01
+0.4886320050032758E+04 +0.1000000153127158E+01 +0.4635339757939795E-05 +0.1000000095912158E+01
+0.4886445159843609E+04 +0.1000000069708571E+01 +0.4817100865086548E-05 +0.1000000020841436E+01
+0.4886570269654460E+04 +0.9999999048449593E+00 +0.4954796745752001E-05 +0.9999998734138741E+00
+0.4886695379465310E+04 +0.9999996911410750E+00 +0.5034424876268704E-05 +0.9999996791617377E+00
+0.4886820489276161E+04 +0.9999994495528695E+00 +0.5048116313362819E-05 +0.9999994600466017E+00
+0.4886945599087012E+04 +0.9999992066765647E+00 +0.4990320041291834E-05 +0.9999992393504740E+00
+0.4887070708897862E+04 +0.9999989901506569E+00 +0.4868353387335004E-05 +0.9999990410894553E+00
+0.4887195818708713E+04 +0.9999988243056523E+00 +0.4699418976240521E-05 +0.9999988859243412E+00
+0.4887320928519563E+04 +0.9999987260972631E+00 +0.4517036937779494E-05 +0.9999987848160083E+00
+0.4887446038330414E+04 +0.9999986838310246E+00 +0.4364982510468695E-05 +0.9999987274700862E+00
+0.4887571148141265E+04 +0.9999986558126976E+00 +0.4264685639556061E-05 +0.9999986836391914E+00
+0.4887696257952115E+04 +0.9999986018963203E+00 +0.4202576811685690E-05 +0.9999986220617333E+00
+0.4887821367762966E+04 +0.9999985016725208E+00 +0.4147353741838022E-05 +0.9999985253782109E+00
+0.4887946477573817E+04 +0.9999983550073572E+00 +0.4062272731792177E-05 +0.9999983940199895E+00
+0.4888071587384667E+04 +0.9999981841431764E+00 +0.3914282524245269E-05 +0.9999982468652875E+00
+0.4888196697195518E+04 +0.9999980305100703E+00 +0.3689329644277344E-05 +0.9999981167508901E+00
+0.4888321807006369E+04 +0.9999979364364879E+00 +0.3403845739324049E-05 +0.9999980364947283E+00
+0.4888446916817218E+04 +0.9999979218824979E+00 +0.3094583262904130E-05 +0.9999980235764384E+00
+0.4888572026628070E+04 +0.9999979828805696E+00 +0.2794507693921153E-05 +0.9999980778032588E+00
+0.4888697136438919E+04 +0.9999981073183419E+00 +0.2524708172634327E-05 +0.9999981899291263E+00
+0.4888822246249771E+04 +0.9999982814883891E+00 +0.2301502018325102E-05 +0.9999983468434536E+00
+0.4888947356060621E+04 +0.9999984852864134E+00 +0.2137890524531132E-05 +0.9999985305695932E+00
+0.4889072465871472E+04 +0.9999986925620683E+00 +0.2035727695529818E-05 +0.9999987196237723E+00
+0.4889197575682322E+04 +0.9999988811417769E+00 +0.1982273441940097E-05 +0.9999988958236247E+00
+0.4889322685493173E+04 +0.9999990417411939E+00 +0.1957220764366865E-05 +0.9999990505114952E+00
+0.4889447795304023E+04 +0.9999991775911423E+00 +0.1943110037385189E-05 +0.9999991848670929E+00
+0.4889572905114874E+04 +0.9999992983572232E+00 +0.1930134784447049E-05 +0.9999993059237837E+00
+0.4889698014925724E+04 +0.9999994149498874E+00 +0.1917131508026903E-05 +0.9999994218262050E+00
+0.4889823124736575E+04 +0.9999995335030454E+00 +0.1909629836968275E-05 +0.9999995375987815E+00
+0.4889948234547426E+04 +0.9999996541753291E+00 +0.1913010972053283E-05 +0.9999996542484532E+00
+0.4890073344358276E+04 +0.9999997764079291E+00 +0.1930962282736294E-05 +0.9999997710031288E+00
+0.4890198454169126E+04 +0.9999998983169940E+00 +0.1970007551449320E-05 +0.9999998848860049E+00
+0.4890323563979978E+04 +0.1000000010825235E+01 +0.2037214898954745E-05 +0.9999999878610906E+00
+0.4890448673790827E+04 +0.1000000098070859E+01 +0.2132780512458626E-05 +0.1000000067222454E+01
+0.4890573783601679E+04 +0.1000000143490874E+01 +0.2244918624309608E-05 +0.1000000110657066E+01
+0.4890698893412529E+04 +0.1000000140586308E+01 +0.2350279982311634E-05 +0.1000000113995496E+01
+0.4890824003223380E+04 +0.1000000100420879E+01 +0.2426693760490736E-05 +0.1000000085070791E+01
+0.4890949113034230E+04 +0.1000000040799885E+01 +0.2466349240400110E-05 +0.1000000037273466E+01
+0.4891074222845081E+04 +0.9999999725762183E+00 +0.2466803839035402E-05 +0.9999999826929812E+00
+0.4891199332655931E+04 +0.9999999114726993E+00 +0.2420500214567305E-05 +0.9999999368575333E+00
+0.4891324442466782E+04 +0.9999998858901454E+00 +0.2334308882150694E-05 +0.9999999198658078E+00
+0.4891449552277632E+04 +0.9999999100157282E+00 +0.2238205430971832E-05 +0.9999999420645902E+00
+0.4891574662088483E+04 +0.9999999712862273E+00 +0.2157418371283000E-05 +0.9999999967943196E+00
+0.4891699771899334E+04 +0.1000000051914503E+01 +0.2096239713935482E-05 +0.1000000071912344E+01
+0.4891824881710184E+04 +0.1000000145587324E+01 +0.2050492140114467E-05 +0.1000000160838536E+01
+0.4891949991521035E+04 +0.1000000251534915E+01 +0.2021380140360721E-05 +0.1000000260831514E+01
+0.4892075101331885E+04 +0.1000000364798046E+01 +0.2011620320219299E-05 +0.1000000368073167E+01
+0.4892200211142735E+04 +0.1000000480943693E+01 +0.2019099979498602E-05 +0.1000000479168605E+01
+0.4892325320953587E+04 +0.1000000600453565E+01 +0.2042616539632992E-05 +0.1000000593211539E+01
+0.4892450430764437E+04 +0.1000000723516548E+01 +0.2085640231728601E-05 +0.1000000709207918E+01
+0.4892575540575288E+04 +0.1000000846026291E+01 +0.2153541202155824E-05 +0.1000000823036135E+01
+0.4892700650386138E+04 +0.1000000958553995E+01 +0.2249390315253971E-05 +0.1000000926854337E+01
+0.4892825760196989E+04 +0.1000001049427124E+01 +0.2368889488852556E-05 +0.1000001011826275E+01
+0.4892950870007840E+04 +0.1000001112899344E+01 +0.2500185535064624E-05 +0.1000001073571681E+01
+0.4893075979818689E+04 +0.1000001154255719E+01 +0.2633740897521764E-05 +0.1000001114385677E+01
+0.4893201089629541E+04 +0.1000001179493096E+01 +0.2772712610470909E-05 +0.1000001136442820E+01
+0.4893326199440391E+04 +0.1000001179984507E+01 +0.2923589622575265E-05 +0.1000001133528732E+01
+0.4893451309251242E+04 +0.1000001138724543E+01 +0.3076432213307151E-05 +0.1000001095388996E+01
+0.4893576419062092E+04 +0.1000001052649013E+01 +0.3205416019282790E-05 +0.1000001021019645E+01
+0.4893701528872944E+04 +0.1000000938772936E+01 +0.3289510324909449E-05 +0.1000000923109154E+01
+0.4893826638683793E+04 +0.1000000820318566E+01 +0.3322484369886266E-05 +0.1000000820707592E+01
+0.4893951748494644E+04 +0.1000000718366637E+01 +0.3308510069955394E-05 +0.1000000732148000E+01
+0.4894076858305494E+04 +0.1000000649302605E+01 +0.3259386327488224E-05 +0.1000000671835776E+01
+0.4894201968116345E+04 +0.1000000622498807E+01 +0.3191004494408466E-05 +0.1000000648527196E+01
+0.4894327077927196E+04 +0.1000000640859419E+01 +0.3119304085868483E-05 +0.1000000665620667E+01
+0.4894452187738046E+04 +0.1000000704266395E+01 +0.3058472274280792E-05 +0.1000000723243645E+01
+0.4894577297548897E+04 +0.1000000811807679E+01 +0.3025161867667676E-05 +0.1000000818576012E+01
+0.4894702407359748E+04 +0.1000000953498319E+01 +0.3042368495364154E-05 +0.1000000940579754E+01
+0.4894827517170598E+04 +0.1000001100559923E+01 +0.3126790231926982E-05 +0.1000001065975640E+01
+0.4894952626981449E+04 +0.1000001217402144E+01 +0.3270669090614625E-05 +0.1000001167789782E+01
+0.4895077736792299E+04 +0.1000001285454774E+01 +0.3446273908403133E-05 +0.1000001230437774E+01
+0.4895202846603150E+04 +0.1000001309004528E+01 +0.3628736540198008E-05 +0.1000001254001764E+01
+0.4895327956414000E+04 +0.1000001298334496E+01 +0.3808965085607801E-05 +0.1000001244489294E+01
+0.4895453066224851E+04 +0.1000001255577099E+01 +0.3981857810533946E-05 +0.1000001205887246E+01
+0.4895578176035701E+04 +0.1000001186776485E+01 +0.4134045046264765E-05 +0.1000001145655271E+01
+0.4895703285846552E+04 +0.1000001114276811E+01 +0.4260604749524797E-05 +0.1000001079263121E+01
+0.4895828395657402E+04 +0.1000001056481207E+01 +0.4382479985382920E-05 +0.1000001017753291E+01
+0.4895953505468253E+04 +0.1000001002183377E+01 +0.4529878222348438E-05 +0.1000000952202525E+01
+0.4896078615279104E+04 +0.1000000913882128E+01 +0.4710061339791139E-05 +0.1000000856586046E+01
+0.4896203725089954E+04 +0.1000000759456440E+01 +0.4890739870370218E-05 +0.1000000710307304E+01
+0.4896328834900805E+04 +0.1000000548086420E+01 +0.5021167315944344E-05 +0.1000000521082914E+01
+0.4896453944711655E+04 +0.1000000328052069E+01 +0.5078583623652801E-05 +0.1000000322607222E+01
+0.4896579054522506E+04 +0.1000000144078568E+01 +0.5086984343759602E-05 +0.1000000147047767E+01
+0.4896704164333357E+04 +0.1000000003119229E+01 +0.5092014047645843E-05 +0.1000000000802105E+01
+0.4896829274144206E+04 +0.9999998754380222E+00 +0.5122539483151741E-05 +0.9999998642900428E+00
+0.4896954383955058E+04 +0.9999997245561245E+00 +0.5171026094949599E-05 +0.9999997121280602E+00
+0.4897079493765908E+04 +0.9999995374738981E+00 +0.5206530025335709E-05 +0.9999995341447671E+00
+0.4897204603576759E+04 +0.9999993287004575E+00 +0.5204244725524864E-05 +0.9999993391076177E+00
+0.4897329713387609E+04 +0.9999991190720492E+00 +0.5158450890954809E-05 +0.9999991430860288E+00
+0.4897454823198461E+04 +0.9999989248495310E+00 +0.5071929527335930E-05 +0.9999989608237403E+00
+0.4897579933009310E+04 +0.9999987601776799E+00 +0.4953810781607437E-05 +0.9999988039368114E+00
+0.4897705042820161E+04 +0.9999986313480651E+00 +0.4818416894654490E-05 +0.9999986785610416E+00
+0.4897830152631012E+04 +0.9999985387301216E+00 +0.4677223698345949E-05 +0.9999985861106016E+00
+0.4897955262441862E+04 +0.9999984822338390E+00 +0.4542600190722254E-05 +0.9999985249518528E+00
+0.4898080372252713E+04 +0.9999984528452031E+00 +0.4429820974348424E-05 +0.9999984869504864E+00
+0.4898205482063563E+04 +0.9999984311506268E+00 +0.4343371405992385E-05 +0.9999984580219746E+00
+0.4898330591874414E+04 +0.9999984027598625E+00 +0.4272288204572946E-05 +0.9999984272134989E+00
+0.4898455701685265E+04 +0.9999983669297972E+00 +0.4202183444167132E-05 +0.9999983927893329E+00
+0.4898580811496116E+04 +0.9999983311607230E+00 +0.4124274939721445E-05 +0.9999983602944511E+00
+0.4898705921306966E+04 +0.9999983074572125E+00 +0.4035910515003006E-05 +0.9999983393285992E+00
+0.4898831031117816E+04 +0.9999983101096642E+00 +0.3946010227785725E-05 +0.9999983393608232E+00
+0.4898956140928667E+04 +0.9999983418872803E+00 +0.3876806748859382E-05 +0.9999983607263250E+00
+0.4899081250739518E+04 +0.9999983838901056E+00 +0.3846986472292160E-05 +0.9999983894347007E+00
+0.4899206360550368E+04 +0.9999984088744751E+00 +0.3852082774735291E-05 +0.9999984065673445E+00
+0.4899331470361219E+04 +0.9999984074523529E+00 +0.3869972571360215E-05 +0.9999984041593586E+00
+0.4899456580172069E+04 +0.9999983911617477E+00 +0.3888800828230402E-05 +0.9999983869369744E+00
+0.4899581689982920E+04 +0.9999983669145156E+00 +0.3917334107215212E-05 +0.9999983574328083E+00
+0.4899706799793770E+04 +0.9999983203247157E+00 +0.3963867735554628E-05 +0.9999983060532788E+00
+0.4899831909604621E+04 +0.9999982312043103E+00 +0.4013608736300039E-05 +0.9999982205847403E+00
+0.4899957019415471E+04 +0.9999981005834390E+00 +0.4036716174122591E-05 +0.9999981024594967E+00
+0.4900082129226323E+04 +0.9999979522574607E+00 +0.4016085798706071E-05 +0.9999979679971782E+00
+0.4900207239037172E+04 +0.9999978084268888E+00 +0.3958465225087473E-05 +0.9999978335528508E+00
+0.4900332348848024E+04 +0.9999976723234453E+00 +0.3875568236247145E-05 +0.9999977051213901E+00
+0.4900457458658874E+04 +0.9999975427794563E+00 +0.3765115362912755E-05 +0.9999975854953794E+00
+0.4900582568469724E+04 +0.9999974316558986E+00 +0.3623755198862647E-05 +0.9999974831489807E+00
+0.4900707678280575E+04 +0.9999973511131919E+00 +0.3462109437271208E-05 +0.9999974066427564E+00
+0.4900832788091426E+04 +0.9999973010764092E+00 +0.3293163667648872E-05 +0.9999973576783764E+00
+0.4900957897902276E+04 +0.9999972777534893E+00 +0.3122786250674335E-05 +0.9999973342753199E+00
+0.4901083007713127E+04 +0.9999972795720209E+00 +0.2954216981151783E-05 +0.9999973349895003E+00
+0.4901208117523977E+04 +0.9999973061194829E+00 +0.2790925283026902E-05 +0.9999973591781395E+00
+0.4901333227334828E+04 +0.9999973570690646E+00 +0.2637805211509492E-05 +0.9999974059163571E+00
+0.4901458337145678E+04 +0.9999974297468195E+00 +0.2500671362004871E-05 +0.9999974727360532E+00
+0.4901583446956529E+04 +0.9999975197989965E+00 +0.2383666981052157E-05 +0.9999975558101972E+00
+0.4901708556767379E+04 +0.9999976227438465E+00 +0.2290760756359028E-05 +0.9999976503255480E+00
+0.4901833666578231E+04 +0.9999977306946900E+00 +0.2225834801032828E-05 +0.9999977492118408E+00
+0.4901958776389080E+04 +0.9999978325810220E+00 +0.2186851879729482E-05 +0.9999978440981974E+00
+0.4902083886199932E+04 +0.9999979222906763E+00 +0.2164257400978202E-05 +0.9999979302749736E+00
+0.4902208996010781E+04 +0.9999980035836675E+00 +0.2149871981101519E-05 +0.9999980092655710E+00
+0.4902334105821632E+04 +0.9999980827812727E+00 +0.2145043173548599E-05 +0.9999980843060154E+00
+0.4902459215632483E+04 +0.9999981587183988E+00 +0.2157121568122183E-05 +0.9999981538419966E+00
+0.4902584325443333E+04 +0.9999982211576799E+00 +0.2189563207351013E-05 +0.9999982102968491E+00
+0.4902709435254184E+04 +0.9999982578446204E+00 +0.2235344371312437E-05 +0.9999982449941084E+00
+0.4902834545065035E+04 +0.9999982643530354E+00 +0.2278085864232266E-05 +0.9999982554004139E+00
+0.4902959654875885E+04 +0.9999982508374795E+00 +0.2302379689364323E-05 +0.9999982488095481E+00
+0.4903084764686736E+04 +0.9999982338883778E+00 +0.2307136005913481E-05 +0.9999982367741784E+00
+0.4903209874497586E+04 +0.9999982211383367E+00 +0.2301131005371994E-05 +0.9999982261775382E+00
+0.4903334984308437E+04 +0.9999982123415222E+00 +0.2290587632320777E-05 +0.9999982182447025E+00
+0.4903460094119288E+04 +0.9999982062785984E+00 +0.2278916527728909E-05 +0.9999982120119538E+00
+0.4903585203930138E+04 +0.9999982000160957E+00 +0.2268689255164515E-05 +0.9999982051941140E+00
+0.4903710313740989E+04 +0.9999981894718348E+00 +0.2259025253951524E-05 +0.9999981949826338E+00
+0.4903835423551840E+04 +0.9999981729011667E+00 +0.2246158367960535E-05 +0.9999981801011766E+00
+0.4903960533362690E+04 +0.9999981517914078E+00 +0.2226147222262387E-05 +0.9999981617065508E+00
+0.4904085643173541E+04 +0.9999981298261167E+00 +0.2197083462356245E-05 +0.9999981426310517E+00
+0.4904210752984392E+04 +0.9999981107525178E+00 +0.2159409478803941E-05 +0.9999981260442867E+00
+0.4904335862795241E+04 +0.9999980978886707E+00 +0.2115478877031183E-05 +0.9999981144732080E+00
+0.4904460972606093E+04 +0.9999980920277942E+00 +0.2070266623045271E-05 +0.9999981081822475E+00
+0.4904586082416942E+04 +0.9999980885634336E+00 +0.2027154866264090E-05 +0.9999981042091779E+00
+0.4904711192227794E+04 +0.9999980822354189E+00 +0.1982752335414703E-05 +0.9999980993961362E+00
+0.4904836302038644E+04 +0.9999980738442452E+00 +0.1930028248548343E-05 +0.9999980945814136E+00
+0.4904961411849495E+04 +0.9999980704149691E+00 +0.1864985837767013E-05 +0.9999980950079398E+00
+0.4905086521660345E+04 +0.9999980805651947E+00 +0.1790417641366701E-05 +0.9999981070057927E+00
+0.4905211631471196E+04 +0.9999981086022747E+00 +0.1714888349119882E-05 +0.9999981337687814E+00
+0.4905336741282046E+04 +0.9999981517595848E+00 +0.1647302844185567E-05 +0.9999981733854278E+00
+0.4905461851092897E+04 +0.9999982027396810E+00 +0.1592002119321928E-05 +0.9999982203747915E+00
+0.4905586960903747E+04 +0.9999982539821186E+00 +0.1547549618905927E-05 +0.9999982689364300E+00
+0.4905712070714598E+04 +0.9999983015385738E+00 +0.1507960079503650E-05 +0.9999983160756424E+00
+0.4905837180525449E+04 +0.9999983475490770E+00 +0.1466988385760050E-05 +0.9999983630722812E+00
+0.4905962290336299E+04 +0.9999983974598277E+00 +0.1422965102142640E-05 +0.9999984136998272E+00
+0.4906087400147149E+04 +0.9999984551634626E+00 +0.1377931033245861E-05 +0.9999984713115552E+00
+0.4906212509958001E+04 +0.9999985231692574E+00 +0.1334496347542565E-05 +0.9999985382668997E+00
+0.4906337619768850E+04 +0.9999986039463904E+00 +0.1297079329999239E-05 +0.9999986160503377E+00
+0.4906462729579702E+04 +0.9999986968080898E+00 +0.1272854150841974E-05 +0.9999987035594819E+00
+0.4906587839390551E+04 +0.9999987958402736E+00 +0.1267671742035385E-05 +0.9999987960747024E+00
+0.4906712949201403E+04 +0.9999988929227641E+00 +0.1282568344724142E-05 +0.9999988871081051E+00
+0.4906838059012253E+04 +0.9999989816259907E+00 +0.1314210318075928E-05 +0.9999989712468970E+00
+0.4906963168823104E+04 +0.9999990592515602E+00 +0.1358016121801314E-05 +0.9999990455134983E+00
+0.4907088278633954E+04 +0.9999991246007819E+00 +0.1411539930164429E-05 +0.9999991079868663E+00
+0.4907213388444805E+04 +0.9999991738614125E+00 +0.1472117190267445E-05 +0.9999991559798671E+00
+0.4907338498255655E+04 +0.9999992040309615E+00 +0.1531290400504512E-05 +0.9999991884261603E+00
+0.4907463608066506E+04 +0.9999992211409330E+00 +0.1578963454002638E-05 +0.9999992099719346E+00
+0.4907588717877357E+04 +0.9999992369757638E+00 +0.1614313201181631E-05 +0.9999992286684105E+00
+0.4907713827688207E+04 +0.9999992571300845E+00 +0.1645066205550377E-05 +0.9999992490149865E+00
+0.4907838937499057E+04 +0.9999992785334486E+00 +0.1676833640936771E-05 +0.9999992699995667E+00
+0.4907964047309908E+04 +0.9999992972566842E+00 +0.1707804943654609E-05 +0.9999992898103386E+00
+0.4908089157120759E+04 +0.9999993161509817E+00 +0.1733318567268561E-05 +0.9999993106483945E+00
+0.4908214266931610E+04 +0.9999993431962568E+00 +0.1755421867558842E-05 +0.9999993374100291E+00
+0.4908339376742460E+04 +0.9999993811828931E+00 +0.1783899284173549E-05 +0.9999993716833575E+00
+0.4908464486553311E+04 +0.9999994241316784E+00 +0.1827546354942242E-05 +0.9999994090153403E+00
+0.4908589596364161E+04 +0.9999994619501367E+00 +0.1888917028171144E-05 +0.9999994414914974E+00
+0.4908714706175012E+04 +0.9999994852620087E+00 +0.1964107685695716E-05 +0.9999994615472796E+00
+0.4908839815985863E+04 +0.9999994886414987E+00 +0.2044940850423500E-05 +0.9999994646428654E+00
+0.4908964925796712E+04 +0.9999994716604554E+00 +0.2121500532993995E-05 +0.9999994506215447E+00
+0.4909090035607564E+04 +0.9999994402703986E+00 +0.2184745537678158E-05 +0.9999994243422106E+00
+0.4909215145418414E+04 +0.9999994054892596E+00 +0.2232268758426024E-05 +0.9999993939070337E+00
+0.4909340255229265E+04 +0.9999993758019512E+00 +0.2270429002780129E-05 +0.9999993656436491E+00
+0.4909465365040115E+04 +0.9999993516903770E+00 +0.2308638275885065E-05 +0.9999993402523323E+00
+0.4909590474850967E+04 +0.9999993270479797E+00 +0.2352913536689853E-05 +0.9999993133038307E+00
+0.4909715584661816E+04 +0.9999992932683865E+00 +0.2403777730034351E-05 +0.9999992779031531E+00
+0.4909840694472667E+04 +0.9999992409440034E+00 +0.2455232830128308E-05 +0.9999992274192364E+00
+0.4909965804283517E+04 +0.9999991666631143E+00 +0.2491288541586658E-05 +0.9999991611338755E+00
+0.4910090914094368E+04 +0.9999990843346132E+00 +0.2496241291138378E-05 +0.9999990894280973E+00
+0.4910216023905219E+04 +0.9999990156949057E+00 +0.2472670742198567E-05 +0.9999990275159304E+00
+0.4910341133716069E+04 +0.9999989702699701E+00 +0.2436471806922026E-05 +0.9999989836463191E+00
+0.4910466243526920E+04 +0.9999989447876736E+00 +0.2400283577111822E-05 +0.9999989570002406E+00
+0.4910591353337771E+04 +0.9999989329563899E+00 +0.2369257430220234E-05 +0.9999989432421090E+00
+0.4910716463148621E+04 +0.9999989302065871E+00 +0.2343999783888037E-05 +0.9999989388199452E+00
+0.4910841572959472E+04 +0.9999989358306449E+00 +0.2323654077023519E-05 +0.9999989427096584E+00
+0.4910966682770322E+04 +0.9999989519882734E+00 +0.2311565068177331E-05 +0.9999989549622690E+00
+0.4911091792581173E+04 +0.9999989755149730E+00 +0.2316111667379617E-05 +0.9999989720313569E+00
+0.4911216902392023E+04 +0.9999989951333614E+00 +0.2341576056912901E-05 +0.9999989852684413E+00
+0.4911342012202874E+04 +0.9999989985252288E+00 +0.2383394208456741E-05 +0.9999989849551865E+00
+0.4911467122013724E+04 +0.9999989775655912E+00 +0.2430027721782622E-05 +0.9999989648638841E+00
+0.4911592231824575E+04 +0.9999989321480252E+00 +0.2465447762501969E-05 +0.9999989256248297E+00
+0.4911717341635425E+04 +0.9999988735054941E+00 +0.2475056642276856E-05 +0.9999988766408702E+00
+0.4911842451446276E+04 +0.9999988222297913E+00 +0.2454655755855927E-05 +0.9999988338087429E+00
+0.4911967561257127E+04 +0.9999987980937599E+00 +0.2417056430419659E-05 +0.9999988114148082E+00
+0.4912092671067977E+04 +0.9999988050263338E+00 +0.2387072808438660E-05 +0.9999988120691851E+00
+0.4912217780878828E+04 +0.9999988264664512E+00 +0.2383406351527517E-05 +0.9999988242042236E+00
+0.4912342890689678E+04 +0.9999988394471995E+00 +0.2404326919373151E-05 +0.9999988316955396E+00
+0.4912468000500529E+04 +0.9999988343675614E+00 +0.2433056486563445E-05 +0.9999988267932862E+00
+0.4912593110311380E+04 +0.9999988185707562E+00 +0.2457276213370733E-05 +0.9999988127861406E+00
+0.4912718220122229E+04 +0.9999988010894698E+00 +0.2478393467767313E-05 +0.9999987952894864E+00
+0.4912843329933081E+04 +0.9999987823248528E+00 +0.2501432572476259E-05 +0.9999987755854529E+00
+0.4912968439743931E+04 +0.9999987603625113E+00 +0.2527560307024136E-05 +0.9999987524578722E+00
+0.4913093549554782E+04 +0.9999987338416698E+00 +0.2558716576359877E-05 +0.9999987238357096E+00
+0.4913218659365632E+04 +0.9999986971582681E+00 +0.2596775508344697E-05 +0.9999986851700171E+00
+0.4913343769176483E+04 +0.9999986419272240E+00 +0.2637700205637993E-05 +0.9999986304800622E+00
+0.4913468878987333E+04 +0.9999985631512616E+00 +0.2669919724402523E-05 +0.9999985568997489E+00
+0.4913593988798184E+04 +0.9999984660858687E+00 +0.2678563900283131E-05 +0.9999984691451490E+00
+0.4913719098609035E+04 +0.9999983661591525E+00 +0.2656713646844684E-05 +0.9999983785390892E+00
+0.4913844208419885E+04 +0.9999982768728943E+00 +0.2609401566397488E-05 +0.9999982960075917E+00
+0.4913969318230736E+04 +0.9999982045885247E+00 +0.2544822322120772E-05 +0.9999982279173216E+00
+0.4914094428041586E+04 +0.9999981519412140E+00 +0.2471369378183076E-05 +0.9999981766772336E+00
+0.4914219537852437E+04 +0.9999981169701395E+00 +0.2396964430322296E-05 +0.9999981411355865E+00
+0.4914344647663288E+04 +0.9999980948349372E+00 +0.2325159721900612E-05 +0.9999981180969325E+00
+0.4914469757474138E+04 +0.9999980826571304E+00 +0.2255673112058510E-05 +0.9999981052996358E+00
+0.4914594867284989E+04 +0.9999980809760405E+00 +0.2188322151697974E-05 +0.9999981026097989E+00
+0.4914719977095839E+04 +0.9999980914282749E+00 +0.2126958204155280E-05 +0.9999981099604124E+00
+0.4914845086906690E+04 +0.9999981095968242E+00 +0.2078744241363627E-05 +0.9999981232484764E+00
+0.4914970196717541E+04 +0.9999981237444643E+00 +0.2043432756442336E-05 +0.9999981347748069E+00
+0.4915095306528391E+04 +0.9999981281782698E+00 +0.2009125289004319E-05 +0.9999981410141332E+00
+0.4915220416339242E+04 +0.9999981309518536E+00 +0.1965885941684233E-05 +0.9999981468670430E+00
+0.4915345526150092E+04 +0.9999981429770175E+00 +0.1915838022057723E-05 +0.9999981597970244E+00
+0.4915470635960943E+04 +0.9999981679747070E+00 +0.1867089771117429E-05 +0.9999981831362336E+00
+0.4915595745771793E+04 +0.9999982035901892E+00 +0.1826248950216583E-05 +0.9999982155320244E+00
+0.4915720855582644E+04 +0.9999982449840237E+00 +0.1796201561730968E-05 +0.9999982534602310E+00
+0.4915845965393494E+04 +0.9999982883673634E+00 +0.1776039622419605E-05 +0.9999982939810421E+00
+0.4915971075204346E+04 +0.9999983333824667E+00 +0.1764698951003205E-05 +0.9999983359940896E+00
+0.4916096185015195E+04 +0.9999983798662870E+00 +0.1764123590645296E-05 +0.9999983785557278E+00
+0.4916221294826047E+04 +0.9999984248351768E+00 +0.1776874987412170E-05 +0.9999984190288945E+00
+0.4916346404636897E+04 +0.9999984637262567E+00 +0.1803845102200204E-05 +0.9999984533589000E+00
+0.4916471514447747E+04 +0.9999984911490007E+00 +0.1844941942334797E-05 +0.9999984763901932E+00
+0.4916596624258598E+04 +0.9999984989293483E+00 +0.1897760517223033E-05 +0.9999984814910677E+00
+0.4916721734069449E+04 +0.9999984783821869E+00 +0.1952258048235693E-05 +0.9999984629796106E+00
+0.4916846843880299E+04 +0.9999984295327664E+00 +0.1990961282844999E-05 +0.9999984219061366E+00
+0.4916971953691150E+04 +0.9999983654602489E+00 +0.1999658033247061E-05 +0.9999983684502134E+00
+0.4917097063502000E+04 +0.9999983048616612E+00 +0.1975413461035176E-05 +0.9999983175962864E+00
+0.4917222173312851E+04 +0.9999982647150122E+00 +0.1926204251073221E-05 +0.9999982830146202E+00
+0.4917347283123701E+04 +0.9999982540388576E+00 +0.1869222499593347E-05 +0.9999982715863275E+00
+0.4917472392934552E+04 +0.9999982678387166E+00 +0.1822651380597174E-05 +0.9999982801067051E+00
+0.4917597502745402E+04 +0.9999982922571413E+00 +0.1794140031692405E-05 +0.9999982988612635E+00
+0.4917722612556254E+04 +0.9999983165780719E+00 +0.1780995958532769E-05 +0.9999983190716674E+00
+0.4917847722367103E+04 +0.9999983362025802E+00 +0.1778454791494533E-05 +0.9999983359438787E+00
+0.4917972832177955E+04 +0.9999983494057472E+00 +0.1782860550985507E-05 +0.9999983473204870E+00
+0.4918097941988804E+04 +0.9999983552556495E+00 +0.1792376115626637E-05 +0.9999983516479385E+00
+0.4918223051799655E+04 +0.9999983504306188E+00 +0.1805348675652443E-05 +0.9999983463972484E+00
+0.4918348161610506E+04 +0.9999983309283119E+00 +0.1815184538266416E-05 +0.9999983295439477E+00
+0.4918473271421356E+04 +0.9999982990725136E+00 +0.1810862876809459E-05 +0.9999983038299242E+00
+0.4918598381232207E+04 +0.9999982666249045E+00 +0.1784626228565892E-05 +0.9999982784916160E+00
+0.4918723491043058E+04 +0.9999982492895712E+00 +0.1740025220954305E-05 +0.9999982650283767E+00
+0.4918848600853908E+04 +0.9999982553526978E+00 +0.1691647228240190E-05 +0.9999982695595671E+00
+0.4918973710664759E+04 +0.9999982799201818E+00 +0.1654505418888420E-05 +0.9999982889827481E+00
+0.4919098820475610E+04 +0.9999983107245891E+00 +0.1634793897654667E-05 +0.9999983142862121E+00
+0.4919223930286460E+04 +0.9999983361656952E+00 +0.1629266581438504E-05 +0.9999983365231842E+00
+0.4919349040097311E+04 +0.9999983508060821E+00 +0.1627936978485741E-05 +0.9999983516704029E+00
+0.4919474149908161E+04 +0.9999983595750457E+00 +0.1620884304056598E-05 +0.9999983629244923E+00
+0.4919599259719012E+04 +0.9999983731360731E+00 +0.1608073609429264E-05 +0.9999983770389206E+00
+0.4919724369529863E+04 +0.9999983956188154E+00 +0.1598845667933077E-05 +0.9999983967562929E+00
+0.4919849479340713E+04 +0.9999984207281543E+00 +0.1600785385980761E-05 +0.9999984180046964E+00
+0.4919974589151564E+04 +0.9999984391162094E+00 +0.1612380059701717E-05 +0.9999984344294593E+00
+0.4920099698962415E+04 +0.9999984473625196E+00 +0.1625678057049844E-05 +0.9999984433541252E+00
+0.4920224808773264E+04 +0.9999984493740636E+00 +0.1634766786488359E-05 +0.9999984469484001E+00
+0.4920349918584116E+04 +0.9999984500109770E+00 +0.1639484299826315E-05 +0.9999984486416178E+00
+0.4920475028394965E+04 +0.9999984511417981E+00 +0.1641470936349089E-05 +0.9999984504812705E+00
+0.4920600138205817E+04 +0.9999984541932250E+00 +0.1641538780675973E-05 +0.9999984538550483E+00
+0.4920725248016667E+04 +0.9999984610190282E+00 +0.1642515858855052E-05 +0.9999984595788555E+00
+0.4920850357827518E+04 +0.9999984695163402E+00 +0.1648887102306223E-05 +0.9999984659566780E+00
+0.4920975467638368E+04 +0.9999984743524689E+00 +0.1661006669741401E-05 +0.9999984694037261E+00
+0.4921100577449219E+04 +0.9999984726794084E+00 +0.1675608959903811E-05 +0.9999984674116622E+00
+0.4921225687260069E+04 +0.9999984639074453E+00 +0.1689908478071827E-05 +0.9999984590725332E+00
+0.4921350797070920E+04 +0.9999984474256260E+00 +0.1701342654558116E-05 +0.9999984439950961E+00
+0.4921475906881770E+04 +0.9999984229281924E+00 +0.1705971536708037E-05 +0.9999984224763290E+00
+0.4921601016692621E+04 +0.9999983924467035E+00 +0.1697863532318989E-05 +0.9999983970896767E+00
+0.4921726126503472E+04 +0.9999983636705496E+00 +0.1671163190446218E-05 +0.9999983746034167E+00
+0.4921851236314322E+04 +0.9999983499245655E+00 +0.1627166528263907E-05 +0.9999983648094165E+00
+0.4921976346125172E+04 +0.9999983603805381E+00 +0.1578398023050147E-05 +0.9999983741915743E+00
+0.4922101455936024E+04 +0.9999983919767640E+00 +0.1539232640798077E-05 +0.9999984011658128E+00
+0.4922226565746873E+04 +0.9999984351032758E+00 +0.1516298595294655E-05 +0.9999984388775850E+00
+0.4922351675557725E+04 +0.9999984815219084E+00 +0.1509570295903687E-05 +0.9999984804216305E+00
+0.4922476785368574E+04 +0.9999985258244932E+00 +0.1516630627990899E-05 +0.9999985208254182E+00
+0.4922601895179426E+04 +0.9999985646609746E+00 +0.1533621206268585E-05 +0.9999985572235147E+00
+0.4922727004990276E+04 +0.9999985981842363E+00 +0.1556063634145914E-05 +0.9999985894590523E+00
+0.4922852114801127E+04 +0.9999986299789070E+00 +0.1582796288949992E-05 +0.9999986193835446E+00
+0.4922977224611977E+04 +0.9999986616790066E+00 +0.1618306391552951E-05 +0.9999986472522226E+00
+0.4923102334422828E+04 +0.9999986876442890E+00 +0.1667386059898892E-05 +0.9999986688041944E+00
+0.4923227444233678E+04 +0.9999986988325505E+00 +0.1727163975679919E-05 +0.9999986778949297E+00
+0.4923352554044529E+04 +0.9999986922185122E+00 +0.1788809649492054E-05 +0.9999986718686337E+00
+0.4923477663855380E+04 +0.9999986705940578E+00 +0.1846547565609333E-05 +0.9999986518993305E+00
+0.4923602773666230E+04 +0.9999986356958250E+00 +0.1897174390286406E-05 +0.9999986199566213E+00
+0.4923727883477080E+04 +0.9999985906031599E+00 +0.1935965130240228E-05 +0.9999985791711876E+00
+0.4923852993287931E+04 +0.9999985417414998E+00 +0.1961051566968074E-05 +0.9999985344019676E+00
+0.4923978103098782E+04 +0.9999984941357384E+00 +0.1974611819327205E-05 +0.9999984899433670E+00
+0.4924103212909633E+04 +0.9999984502121618E+00 +0.1979470644072450E-05 +0.9999984483704369E+00
+0.4924228322720483E+04 +0.9999984117187284E+00 +0.1978079402889209E-05 +0.9999984113214332E+00
+0.4924353432531334E+04 +0.9999983797465621E+00 +0.1974355584866684E-05 +0.9999983792709551E+00
+0.4924478542342184E+04 +0.9999983516394065E+00 +0.1972224235162338E-05 +0.9999983504323072E+00
+0.4924603652153035E+04 +0.9999983234693663E+00 +0.1971277475819366E-05 +0.9999983222520420E+00
+0.4924728761963886E+04 +0.9999982945634260E+00 +0.1969310103468201E-05 +0.9999982937694699E+00
+0.4924853871774735E+04 +0.9999982652871935E+00 +0.1965956578977717E-05 +0.9999982649092866E+00
+0.4924978981585587E+04 +0.9999982348519965E+00 +0.1960217365868196E-05 +0.9999982356044127E+00
+0.4925104091396437E+04 +0.9999982047581439E+00 +0.1949738371578077E-05 +0.9999982071018858E+00
+0.4925229201207288E+04 +0.9999981785550804E+00 +0.1935211223192987E-05 +0.9999981816194126E+00
+0.4925354311018138E+04 +0.9999981570636584E+00 +0.1920013088960172E-05 +0.9999981598778939E+00
+0.4925479420828990E+04 +0.9999981383639658E+00 +0.1905521510084154E-05 +0.9999981410294849E+00
+0.4925604530639839E+04 +0.9999981222189281E+00 +0.1891040331545689E-05 +0.9999981247774140E+00
+0.4925729640450690E+04 +0.9999981095369086E+00 +0.1877776221398160E-05 +0.9999981113024746E+00
+0.4925854750261540E+04 +0.9999980992462082E+00 +0.1867446244498173E-05 +0.9999980999403334E+00
+0.4925979860072391E+04 +0.9999980902153169E+00 +0.1860551937417055E-05 +0.9999980896060741E+00
+0.4926104969883242E+04 +0.9999980810650781E+00 +0.1858421866855583E-05 +0.9999980786991852E+00
+0.4926230079694092E+04 +0.9999980681683851E+00 +0.1860953321824551E-05 +0.9999980647147747E+00
+0.4926355189504943E+04 +0.9999980493883017E+00 +0.1864807945807519E-05 +0.9999980459913493E+00
+0.4926480299315794E+04 +0.9999980251329484E+00 +0.1867320457868203E-05 +0.9999980224220205E+00
+0.4926605409126644E+04 +0.9999979956487808E+00 +0.1865770176737564E-05 +0.9999979948482910E+00
+0.4926730518937495E+04 +0.9999979644562986E+00 +0.1856501776873749E-05 +0.9999979662264583E+00
+0.4926855628748345E+04 +0.9999979380728714E+00 +0.1840906593476134E-05 +0.9999979408644646E+00
+0.4926980738559196E+04 +0.9999979190549990E+00 +0.1825886781022391E-05 +0.9999979203502307E+00
+0.4927105848370046E+04 +0.9999979028229553E+00 +0.1818218073716981E-05 +0.9999979011711008E+00
+0.4927230958180897E+04 +0.9999978797509224E+00 +0.1818309085692184E-05 +0.9999978765391850E+00
+0.4927356067991747E+04 +0.9999978425593484E+00 +0.1817119886709954E-05 +0.9999978418727651E+00
+0.4927481177802598E+04 +0.9999977948306089E+00 +0.1801499134170134E-05 +0.9999978002165616E+00
+0.4927606287613448E+04 +0.9999977504815558E+00 +0.1766296002043164E-05 +0.9999977613494899E+00
+0.4927731397424299E+04 +0.9999977216817966E+00 +0.1719542587266689E-05 +0.9999977340294453E+00
+0.4927856507235150E+04 +0.9999977093273371E+00 +0.1674034574191344E-05 +0.9999977196683322E+00
+0.4927981617046000E+04 +0.9999977062350520E+00 +0.1636497192997025E-05 +0.9999977137895186E+00
+0.4928106726856851E+04 +0.9999977060058999E+00 +0.1606652886290271E-05 +0.9999977113889135E+00
+0.4928231836667701E+04 +0.9999977054397062E+00 +0.1582194101370033E-05 +0.9999977094721292E+00
+0.4928356946478552E+04 +0.9999977034367875E+00 +0.1560163824814835E-05 +0.9999977071140245E+00
+0.4928482056289403E+04 +0.9999977018946464E+00 +0.1538467193218683E-05 +0.9999977053263828E+00
+0.4928607166100252E+04 +0.9999977031365712E+00 +0.1518935885721651E-05 +0.9999977051887144E+00
+0.4928732275911104E+04 +0.9999977054052032E+00 +0.1505086225865279E-05 +0.9999977052903385E+00
+0.4928857385721954E+04 +0.9999977035783045E+00 +0.1496831500979114E-05 +0.9999977022504557E+00
+0.4928982495532805E+04 +0.9999976946784537E+00 +0.1488687848459153E-05 +0.9999976943924892E+00
+0.4929107605343655E+04 +0.9999976827233928E+00 +0.1474757453283265E-05 +0.9999976844899048E+00
+0.4929232715154506E+04 +0.9999976753176488E+00 +0.1456339969167256E-05 +0.9999976773395399E+00
+0.4929357824965356E+04 +0.9999976745626225E+00 +0.1441186096991378E-05 +0.9999976742416558E+00
+0.4929482934776207E+04 +0.9999976746606963E+00 +0.1434867448420489E-05 +0.9999976713242426E+00
+0.4929608044587058E+04 +0.9999976681411167E+00 +0.1435859006190021E-05 +0.9999976632466838E+00
+0.4929733154397908E+04 +0.9999976517490119E+00 +0.1438330182107651E-05 +0.9999976472376426E+00
+0.4929858264208759E+04 +0.9999976265565618E+00 +0.1437224081562421E-05 +0.9999976236388823E+00
+0.4929983374019609E+04 +0.9999975947074762E+00 +0.1429605453230655E-05 +0.9999975941728108E+00
+0.4930108483830461E+04 +0.9999975584127097E+00 +0.1412668526195931E-05 +0.9999975612929927E+00
+0.4930233593641311E+04 +0.9999975225002764E+00 +0.1383640027396729E-05 +0.9999975292047784E+00
+0.4930358703452161E+04 +0.9999974940780184E+00 +0.1344471468753814E-05 +0.9999975029167303E+00
+0.4930483813263012E+04 +0.9999974757220492E+00 +0.1301886295927839E-05 +0.9999974846072058E+00
+0.4930608923073862E+04 +0.9999974645763681E+00 +0.1259935715373115E-05 +0.9999974730983366E+00
+0.4930734032884713E+04 +0.9999974589694294E+00 +0.1218386744655896E-05 +0.9999974673141028E+00
+0.4930859142695564E+04 +0.9999974602120727E+00 +0.1178190294608992E-05 +0.9999974674793949E+00
+0.4930984252506414E+04 +0.9999974677294231E+00 +0.1143097591013428E-05 +0.9999974727540633E+00
+0.4931109362317265E+04 +0.9999974775742837E+00 +0.1114880439999354E-05 +0.9999974804892620E+00
+0.4931234472128115E+04 +0.9999974871271680E+00 +0.1091824813185551E-05 +0.9999974885799011E+00
+0.4931359581938966E+04 +0.9999974964654270E+00 +0.1073075217646438E-05 +0.9999974963029677E+00
+0.4931484691749816E+04 +0.9999975045738261E+00 +0.1059431001075735E-05 +0.9999975026752688E+00
+0.4931609801560667E+04 +0.9999975094803655E+00 +0.1050194378619893E-05 +0.9999975063073288E+00
+0.4931734911371517E+04 +0.9999975106901287E+00 +0.1044359464389731E-05 +0.9999975062798485E+00
+0.4931860021182369E+04 +0.9999975069286042E+00 +0.1042240616679139E-05 +0.9999975012784412E+00
+0.4931985130993218E+04 +0.9999974953011530E+00 +0.1042304771064507E-05 +0.9999974893963867E+00
+0.4932110240804070E+04 +0.9999974748045930E+00 +0.1040910121068371E-05 +0.9999974697497443E+00
+0.4932235350614920E+04 +0.9999974462181598E+00 +0.1035431747578892E-05 +0.9999974426202279E+00
+0.4932360460425770E+04 +0.9999974095444379E+00 +0.1023647444436351E-05 +0.9999974083946078E+00
+0.4932485570236621E+04 +0.9999973654406291E+00 +0.1001112297488895E-05 +0.9999973684511987E+00
+0.4932610680047471E+04 +0.9999973187785383E+00 +0.9631554981662231E-06 +0.9999973268948480E+00
+0.4932735789858322E+04 +0.9999972770819725E+00 +0.9096203332860365E-06 +0.9999972894723103E+00
+0.4932860899669173E+04 +0.9999972453652957E+00 +0.8445828823173247E-06 +0.9999972605518250E+00
+0.4932986009480023E+04 +0.9999972253478925E+00 +0.7719175586015726E-06 +0.9999972423720289E+00
+0.4933111119290874E+04 +0.9999972187565376E+00 +0.6945887966848237E-06 +0.9999972364676969E+00
+0.4933236229101724E+04 +0.9999972269601537E+00 +0.6174626580229595E-06 +0.9999972434906816E+00
+0.4933361338912575E+04 +0.9999972478319972E+00 +0.5460049750619664E-06 +0.9999972617905502E+00
+0.4933486448723425E+04 +0.9999972769029326E+00 +0.4827993908685685E-06 +0.9999972879947862E+00
+0.4933611558534277E+04 +0.9999973103234834E+00 +0.4276339495533375E-06 +0.9999973188818650E+00
+0.4933736668345126E+04 +0.9999973458557159E+00 +0.3790088801231586E-06 +0.9999973524180280E+00
+0.4933861778155978E+04 +0.9999973829751996E+00 +0.3355751639515082E-06 +0.9999973877768716E+00
+0.4933986887966827E+04 +0.9999974215709667E+00 +0.2971751636758102E-06 +0.9999974245350011E+00
+0.4934111997777678E+04 +0.9999974607926367E+00 +0.2638818546391726E-06 +0.9999974619896125E+00
+0.4934237107588529E+04 +0.9999974997258760E+00 +0.2351146933763612E-06 +0.9999974994060957E+00
+0.4934362217399379E+04 +0.9999975380696593E+00 +0.2101192707851975E-06 +0.9999975364092137E+00
+0.4934487327210230E+04 +0.9999975758041516E+00 +0.1885750581146171E-06 +0.9999975728310683E+00
+0.4934612437021081E+04 +0.9999976126444161E+00 +0.1703870289874846E-06 +0.9999976084015300E+00
+0.4934737546831931E+04 +0.9999976481422523E+00 +0.1552518294924336E-06 +0.9999976427583600E+00
+0.4934862656642782E+04 +0.9999976819913647E+00 +0.1426661104717690E-06 +0.9999976756274235E+00
+0.4934987766453633E+04 +0.9999977140939260E+00 +0.1321106892556919E-06 +0.9999977068935342E+00
+0.4935112876264483E+04 +0.9999977444901821E+00 +0.1231494290902569E-06 +0.9999977365643755E+00
+0.4935237986075334E+04 +0.9999977732856402E+00 +0.1154449015687665E-06 +0.9999977647149436E+00
+0.4935363095886184E+04 +0.9999978006076126E+00 +0.1087427707942405E-06 +0.9999977914484075E+00
+0.4935488205697035E+04 +0.9999978265840709E+00 +0.1028515066380798E-06 +0.9999978168745555E+00
+0.4935613315507886E+04 +0.9999978513347079E+00 +0.9762545710533291E-07 +0.9999978410994219E+00
+0.4935738425318736E+04 +0.9999978749679072E+00 +0.9295232338036854E-07 +0.9999978642209270E+00
+0.4935863535129586E+04 +0.9999978975803767E+00 +0.8874424133795159E-07 +0.9999978863274972E+00
+0.4935988644940438E+04 +0.9999979192578888E+00 +0.8493147782521835E-07 +0.9999979074980775E+00
+0.4936113754751287E+04 +0.9999979400764036E+00 +0.8145794892601740E-07 +0.9999979278027319E+00
+0.4936238864562139E+04 +0.9999979601032559E+00 +0.7827799648063513E-07 +0.9999979473034453E+00
+0.4936363974372988E+04 +0.9999979793982705E+00 +0.7535403738927344E-07 +0.9999979660549384E+00
+0.4936489084183840E+04 +0.9999979980147564E+00 +0.7265482466562691E-07 +0.9999979841054129E+00
+0.4936614193994690E+04 +0.9999980160003730E+00 +0.7015414288916641E-07 +0.9999980014971872E+00
+0.4936739303805541E+04 +0.9999980333978735E+00 +0.6782981642029048E-07 +0.9999980182672085E+00
+0.4936864413616391E+04 +0.9999980502457413E+00 +0.6566294593378199E-07 +0.9999980344474294E+00
+0.4936989523427242E+04 +0.9999980665787307E+00 +0.6363731386279689E-07 +0.9999980500650399E+00
+0.4937114633238092E+04 +0.9999980824283308E+00 +0.6173891639337254E-07 +0.9999980651425272E+00
+0.4937239743048943E+04 +0.9999980978231597E+00 +0.5995559140584854E-07 +0.9999980796975361E+00
+0.4937364852859793E+04 +0.9999981127893034E+00 +0.5827671997220255E-07 +0.9999980937424251E+00
+0.4937489962670644E+04 +0.9999981273506069E+00 +0.5669298482945602E-07 +0.9999981072835132E+00
+0.4937615072481495E+04 +0.9999981415289251E+00 +0.5519617341386419E-07 +0.9999981203193510E+00
+0.4937740182292345E+04 +0.9999981553443396E+00 +0.5377901605921909E-07 +0.9999981328391986E+00
+0.4937865292103195E+04 +0.9999981688153472E+00 +0.5243505217707931E-07 +0.9999981448150190E+00
+0.4937990401914047E+04 +0.9999981819590245E+00 +0.5115851887782291E-07 +0.9999981562064624E+00
+0.4938115511724896E+04 +0.9999981947911704E+00 +0.4994425771996598E-07 +0.9999981668969011E+00
+0.4938240621535748E+04 +0.9999982073264326E+00 +0.4878763620423229E-07 +0.9999981768298722E+00
+0.4938365731346597E+04 +0.9999982195784184E+00 +0.4768448133719634E-07 +0.9999981852500486E+00
+0.4938490841157449E+04 +0.9999982315597915E+00 +0.4663102313388068E-07 +0.9999981937016601E+00
+0.4938615950968299E+04 +0.9999982432823594E+00 +0.4562384635143253E-07 +0.9999981929318623E+00
+0.4938741060779150E+04 +0.9999982547571493E+00 +0.4465984907548477E-07 +0.9999981971217466E+00
