Launching FEFF version FEFF 9.9.1
Core hole lifetime is   1.729 eV.
Your calculation:
 xx
Cu K edge XANES using RPA corehole.
Using:     * Self-Consistent Field potentials
Using cards:   ATOMS CONTROL EXCHANGE TITLE RPATH POTENTIALS XANES EDGE SCF FMS S02 COREHOLE

Calculating atomic potentials ...
    overlapped atomic potential and density for unique potential    0
    overlapped atomic potential and density for unique potential    1
    overlapped atomic potential and density for unique potential    2
Done with module: atomic potentials.

Calculating SCF potentials ...
FEFF-serial using 1 thread.
Muffin tin radii and interstitial parameters [bohr]:
type, norman radius, muffin tin, overlap factor
    0  1.35536E+00  1.28646E+00  1.14283E+00
    1  1.43250E+00  1.33401E+00  1.15000E+00
    2  1.49267E+00  1.38034E+00  1.15000E+00
Core-valence separation energy:  ecv=   -40.000 eV
Initial Fermi level:              mu=     0.685 eV
SCF ITERATION NUMBER  1
     point #   1  energy = -40.000
FMS for a cluster of   29 atoms around atom type   0
FMS for a cluster of   18 atoms around atom type   1
FMS for a cluster of   24 atoms around atom type   2
     point #  20  energy = -28.826
     point #  40  energy =  -8.576
     point #  60  energy =  -3.347
     point #  80  energy =  -3.332
New Fermi level:    mu=  -3.349 eV  Charge distance=  0.5952 (partial c.d.=  7.0901)
SCF ITERATION NUMBER  2
     point #   1  energy = -40.000
     point #  20  energy = -28.801
     point #  40  energy =  -8.439
     point #  60  energy =  -3.349
     point #  80  energy =  -5.174
     point # 100  energy =  -6.858
New Fermi level:    mu=  -6.943 eV  Charge distance=  0.1568 (partial c.d.=  3.2906)
SCF ITERATION NUMBER  3
     point #   1  energy = -40.000
     point #  20  energy = -28.981
     point #  40  energy =  -8.947
     point #  60  energy =  -6.918
New Fermi level:    mu=  -6.826 eV  Charge distance=  0.1864 (partial c.d.=  0.2160)
SCF ITERATION NUMBER  4
     point #   1  energy = -40.000
     point #  20  energy = -28.942
     point #  40  energy =  -8.837
     point #  60  energy =  -6.814
     point #  80  energy =  -5.898
New Fermi level:    mu=  -5.948 eV  Charge distance=  0.1125 (partial c.d.=  1.1138)
SCF ITERATION NUMBER  5
     point #   1  energy = -40.000
     point #  20  energy = -28.983
     point #  40  energy =  -8.953
     point #  60  energy =  -5.961
New Fermi level:    mu=  -6.553 eV  Charge distance=  0.0381 (partial c.d.=  0.9344)
SCF ITERATION NUMBER  6
     point #   1  energy = -40.000
     point #  20  energy = -28.851
     point #  40  energy =  -8.580
New Fermi level:    mu=  -6.551 eV  Charge distance=  0.0524 (partial c.d.=  0.1648)
SCF ITERATION NUMBER  7
     point #   1  energy = -40.000
     point #  20  energy = -28.850
     point #  40  energy =  -8.578
New Fermi level:    mu=  -6.540 eV  Charge distance=  0.0282 (partial c.d.=  0.0486)
SCF ITERATION NUMBER  8
     point #   1  energy = -40.000
     point #  20  energy = -28.847
     point #  40  energy =  -8.568
     point #  60  energy =  -6.565
New Fermi level:    mu=  -6.609 eV  Charge distance=  0.0118 (partial c.d.=  0.1386)
SCF ITERATION NUMBER  9
     point #   1  energy = -40.000
     point #  20  energy = -28.870
     point #  40  energy =  -8.632
     point #  60  energy =  -6.584
New Fermi level:    mu=  -6.582 eV  Charge distance=  0.0035 (partial c.d.=  0.1024)
SCF ITERATION NUMBER 10
     point #   1  energy = -40.000
     point #  20  energy = -28.861
     point #  40  energy =  -8.607
New Fermi level:    mu=  -6.580 eV  Charge distance=  0.0039 (partial c.d.=  0.0163)
SCF ITERATION NUMBER 11
     point #   1  energy = -40.000
     point #  20  energy = -28.860
     point #  40  energy =  -8.605
New Fermi level:    mu=  -6.570 eV  Charge distance=  0.0015 (partial c.d.=  0.0168)
SCF ITERATION NUMBER 12
     point #   1  energy = -40.000
     point #  20  energy = -28.857
     point #  40  energy =  -8.596
New Fermi level:    mu=  -6.561 eV  Charge distance=  0.0013 (partial c.d.=  0.0028)
SCF ITERATION NUMBER 13
     point #   1  energy = -40.000
     point #  20  energy = -28.854
     point #  40  energy =  -8.587
New Fermi level:    mu=  -6.556 eV  Charge distance=  0.0002 (partial c.d.=  0.0042)
SCF ITERATION NUMBER 14
     point #   1  energy = -40.000
     point #  20  energy = -28.852
     point #  40  energy =  -8.583
New Fermi level:    mu=  -6.557 eV  Charge distance=  0.0000 (partial c.d.=  0.0007)
SCF ITERATION NUMBER 15
     point #   1  energy = -40.000
     point #  20  energy = -28.852
     point #  40  energy =  -8.584
New Fermi level:    mu=  -6.557 eV  Charge distance=  0.0001 (partial c.d.=  0.0001)
Electronic configuration
  type     l     N_el
     0     0    0.554
     0     1    0.678
     0     2    9.491
     0     3    0.000
     1     0    0.619
     1     1    0.690
     1     2    9.551
     1     3    0.000
     2     0    1.887
     2     1    3.886
     2     2    0.298
     2     3    0.000
Charge transfer:  type  charge
       0   -0.277
       1   -0.139
       2    0.070
Convergence reached in   15 iterations.
Done with module: potentials.

Calculating screened core-hole potential ...
FMS for a cluster of   15 atoms around iph =   0
    0% of energy integration
   20%
   40%
   60%
   80%
  100%
Preparing response function.
Computing (1 - K Chi0)^-1 v_ch
Done with module: screened core-hole potential.

Calculating cross-section and phases ...
    absorption cross section
 x0,dx,rnrm,inrm,jnrm   8.80000000000000       5.000000000000000E-002
   2.56126187800005              195         196
    phase shifts for unique potential    0
    phase shifts for unique potential    1
    phase shifts for unique potential    2
Done with module: cross-section and phases (XSPH).

FMS calculation of full Green's function ...
FEFF-serial using 1 thread.
Using   110 energy points.
xprep done
FMS for a cluster of   55 atoms
Energy point    1/ 110
Energy point   10/ 110
Energy point   20/ 110
Energy point   30/ 110
Energy point   40/ 110
Energy point   50/ 110
Energy point   60/ 110
Energy point   70/ 110
Energy point   80/ 110
