### feff starts at Tue 02 Feb 2021 12:37:29 AM EST
### Parallel version (ifort)
 
Launching FEFF version FEFF 9.9.1
 No atoms or overlap cards for unique pot        1
 Cannot calculate potentials, etc.
RDINP-
 Error opening file, .dimensions.dat in module dimsmod
 Fatal error
CHOPEN

===================================================================================
=   BAD TERMINATION OF ONE OF YOUR APPLICATION PROCESSES
=   RANK 1 PID 11062 RUNNING AT xf28idd-ws9
=   KILLED BY SIGNAL: 9 (Killed)
===================================================================================

===================================================================================
=   BAD TERMINATION OF ONE OF YOUR APPLICATION PROCESSES
=   RANK 2 PID 11063 RUNNING AT xf28idd-ws9
=   KILLED BY SIGNAL: 9 (Killed)
===================================================================================

===================================================================================
=   BAD TERMINATION OF ONE OF YOUR APPLICATION PROCESSES
=   RANK 3 PID 11064 RUNNING AT xf28idd-ws9
=   KILLED BY SIGNAL: 9 (Killed)
===================================================================================

===================================================================================
=   BAD TERMINATION OF ONE OF YOUR APPLICATION PROCESSES
=   RANK 4 PID 11065 RUNNING AT xf28idd-ws9
=   KILLED BY SIGNAL: 9 (Killed)
===================================================================================

===================================================================================
=   BAD TERMINATION OF ONE OF YOUR APPLICATION PROCESSES
=   RANK 5 PID 11066 RUNNING AT xf28idd-ws9
=   KILLED BY SIGNAL: 9 (Killed)
===================================================================================

===================================================================================
=   BAD TERMINATION OF ONE OF YOUR APPLICATION PROCESSES
=   RANK 6 PID 11067 RUNNING AT xf28idd-ws9
=   KILLED BY SIGNAL: 9 (Killed)
===================================================================================

===================================================================================
=   BAD TERMINATION OF ONE OF YOUR APPLICATION PROCESSES
=   RANK 7 PID 11068 RUNNING AT xf28idd-ws9
=   KILLED BY SIGNAL: 9 (Killed)
===================================================================================
 Error opening file, .dimensions.dat in module dimsmod
 Fatal error
CHOPEN
 Error opening file, .dimensions.dat in module dimsmod
 Fatal error
CHOPEN
 Error opening file, .dimensions.dat in module dimsmod
 Fatal error
CHOPEN
 Error opening file, .dimensions.dat in module dimsmod
 Fatal error
CHOPEN
 Error opening file, .dimensions.dat in module dimsmod
 Fatal error
CHOPEN
 Error opening file, .dimensions.dat in module dimsmod
 Error opening file, .dimensions.dat in module dimsmod
 Fatal error
CHOPEN
 Error opening file, .dimensions.dat in module dimsmod
 Fatal error
CHOPEN
 Error opening file, .dimensions.dat in module dimsmod
 Fatal error
CHOPEN
 Error opening file, .dimensions.dat in module dimsmod
 Fatal error
CHOPEN

===================================================================================
=   BAD TERMINATION OF ONE OF YOUR APPLICATION PROCESSES
=   RANK 1 PID 11240 RUNNING AT xf28idd-ws9
=   KILLED BY SIGNAL: 9 (Killed)
===================================================================================

===================================================================================
=   BAD TERMINATION OF ONE OF YOUR APPLICATION PROCESSES
=   RANK 2 PID 11241 RUNNING AT xf28idd-ws9
=   KILLED BY SIGNAL: 9 (Killed)
===================================================================================

===================================================================================
=   BAD TERMINATION OF ONE OF YOUR APPLICATION PROCESSES
=   RANK 3 PID 11242 RUNNING AT xf28idd-ws9
=   KILLED BY SIGNAL: 9 (Killed)
===================================================================================

===================================================================================
=   BAD TERMINATION OF ONE OF YOUR APPLICATION PROCESSES
=   RANK 4 PID 11243 RUNNING AT xf28idd-ws9
=   KILLED BY SIGNAL: 9 (Killed)
===================================================================================

===================================================================================
=   BAD TERMINATION OF ONE OF YOUR APPLICATION PROCESSES
=   RANK 5 PID 11244 RUNNING AT xf28idd-ws9
=   KILLED BY SIGNAL: 9 (Killed)
===================================================================================

===================================================================================
=   BAD TERMINATION OF ONE OF YOUR APPLICATION PROCESSES
=   RANK 6 PID 11245 RUNNING AT xf28idd-ws9
=   KILLED BY SIGNAL: 9 (Killed)
===================================================================================

===================================================================================
=   BAD TERMINATION OF ONE OF YOUR APPLICATION PROCESSES
=   RANK 7 PID 11246 RUNNING AT xf28idd-ws9
=   KILLED BY SIGNAL: 9 (Killed)
===================================================================================
 Error opening file, .dimensions.dat in module dimsmod
 Error opening file, .dimensions.dat in module dimsmod
 Fatal error
CHOPEN
 Fatal error
CHOPEN
 
### feff ends at Tue 02 Feb 2021 12:37:39 AM EST
 
