  -1.102479265       0.000000000    
  -1.098804334       0.000000000    
  -1.095129403       0.000000000    
  -1.091454472       0.000000000    
  -1.087779541       0.000000000    
  -1.084104610       0.000000000    
  -1.080429679       0.000000000    
  -1.076754749       0.000000000    
  -1.073079818       0.000000000    
  -1.069404887       0.000000000    
  -1.065729956       0.000000000    
  -1.062055025       0.000000000    
  -1.058380094       0.000000000    
  -1.054705163       0.000000000    
  -1.051030232       0.000000000    
  -1.047355301       0.000000000    
  -1.043680371       0.000000000    
  -1.040005440       0.000000000    
  -1.036330509       0.000000000    
  -1.032655578       0.000000000    
  -1.028980647       0.000000000    
  -1.025305716       0.000000000    
  -1.021630785       0.000000000    
  -1.017955854       0.000000000    
  -1.014280924       0.000000000    
  -1.010605993       0.000000000    
  -1.006931062       0.000000000    
  -1.003256131       0.000000000    
 -0.9995812000       0.000000000    
 -0.9959062691       0.000000000    
 -0.9922313383       0.000000000    
 -0.9885564074       0.000000000    
 -0.9848814765       0.000000000    
 -0.9812065456       0.000000000    
 -0.9775316147       0.000000000    
 -0.9738566838       0.000000000    
 -0.9701817530       0.000000000    
 -0.9665068221       0.000000000    
 -0.9628318912       0.000000000    
 -0.9591569603       0.000000000    
 -0.9554820294       0.000000000    
 -0.9518070986       0.000000000    
 -0.9481321677       0.000000000    
 -0.9444572368       0.000000000    
 -0.9407823059       0.000000000    
 -0.9371073750       0.000000000    
 -0.9334324441       0.000000000    
 -0.9297575133       0.000000000    
 -0.9260825824       0.000000000    
 -0.9224076515       0.000000000    
 -0.9187327206       0.000000000    
 -0.9150577897       0.000000000    
 -0.9113828588       0.000000000    
 -0.9077079280       0.000000000    
 -0.9040329971       0.000000000    
 -0.9003580662       0.000000000    
 -0.8966831353       0.000000000    
 -0.8930082044       0.000000000    
 -0.8893332736       0.000000000    
 -0.8856583427       0.000000000    
 -0.8819834118       0.000000000    
 -0.8783084809       0.000000000    
 -0.8746335500       0.000000000    
 -0.8709586191       0.000000000    
 -0.8672836883       0.000000000    
 -0.8636087574       0.000000000    
 -0.8599338265       0.000000000    
 -0.8562588956       0.000000000    
 -0.8525839647       0.000000000    
 -0.8489090338       0.000000000    
 -0.8452341030       0.000000000    
 -0.8415591721       0.000000000    
 -0.8378842412       0.000000000    
 -0.8342093103       0.000000000    
 -0.8305343794       0.000000000    
 -0.8268594486       0.000000000    
 -0.8231845177       0.000000000    
 -0.8195095868       0.000000000    
 -0.8158346559       0.000000000    
 -0.8121597250       0.000000000    
 -0.8084847941       0.000000000    
 -0.8048098633       0.000000000    
 -0.8011349324       0.000000000    
 -0.7974600015       0.000000000    
 -0.7937850706       0.000000000    
 -0.7901101397       0.000000000    
 -0.7864352088       0.000000000    
 -0.7827602780       0.000000000    
 -0.7790853471       0.000000000    
 -0.7754104162       0.000000000    
 -0.7717354853       0.000000000    
 -0.7680605544       0.000000000    
 -0.7643856235       0.000000000    
 -0.7607106927       0.000000000    
 -0.7570357618       0.000000000    
 -0.7533608309       0.000000000    
 -0.7496859000       0.000000000    
 -0.7460109691       0.000000000    
 -0.7423360383       0.000000000    
 -0.7386611074       0.000000000    
 -0.7349861765       0.000000000    
 -0.7313112456       0.000000000    
 -0.7276363147       0.000000000    
 -0.7239613838       0.000000000    
 -0.7202864530       0.000000000    
 -0.7166115221       0.000000000    
 -0.7129365912       0.000000000    
 -0.7092616603       0.000000000    
 -0.7055867294       0.000000000    
 -0.7019117985       0.000000000    
 -0.6982368677       0.000000000    
 -0.6945619368       0.000000000    
 -0.6908870059       0.000000000    
 -0.6872120750       0.000000000    
 -0.6835371441       0.000000000    
 -0.6798622133       0.000000000    
 -0.6761872824       0.000000000    
 -0.6725123515       0.000000000    
 -0.6688374206       0.000000000    
 -0.6651624897       0.000000000    
 -0.6614875588       0.000000000    
 -0.6578126280       0.000000000    
 -0.6541376971       0.000000000    
 -0.6504627662       0.000000000    
 -0.6467878353       0.000000000    
 -0.6431129044       0.000000000    
 -0.6394379735       0.000000000    
 -0.6357630427       0.000000000    
 -0.6320881118       0.000000000    
 -0.6284131809       0.000000000    
 -0.6247382500       0.000000000    
 -0.6210633191       0.000000000    
 -0.6173883883       0.000000000    
 -0.6137134574       0.000000000    
 -0.6100385265       0.000000000    
 -0.6063635956       0.000000000    
 -0.6026886647       3.774131966    
 -0.5990137338       14.09171252    
 -0.5953388030       31.15665735    
 -0.5916638721       53.71912421    
 -0.5879889412       72.81850999    
 -0.5843140103       86.16160893    
 -0.5806390794       101.6871902    
 -0.5769641485       208.7936783    
 -0.5732892177       213.7768489    
 -0.5696142868       203.6381687    
 -0.5659393559       67.11471427    
 -0.5622644250       31.72349992    
 -0.5585894941       0.000000000    
 -0.5549145632       0.000000000    
 -0.5512396324       0.000000000    
 -0.5475647015       0.000000000    
 -0.5438897706       0.000000000    
 -0.5402148397       0.000000000    
 -0.5365399088       0.000000000    
 -0.5328649780       0.000000000    
 -0.5291900471       0.000000000    
 -0.5255151162       0.000000000    
 -0.5218401853       0.000000000    
 -0.5181652544       0.000000000    
 -0.5144903235       0.000000000    
 -0.5108153927       0.000000000    
 -0.5071404618       0.000000000    
 -0.5034655309       0.000000000    
 -0.4997906000       0.000000000    
 -0.4961156691       0.000000000    
 -0.4924407382       0.000000000    
 -0.4887658074       0.000000000    
 -0.4850908765       0.000000000    
 -0.4814159456       0.000000000    
 -0.4777410147       0.000000000    
 -0.4740660838       0.000000000    
 -0.4703911530       0.000000000    
 -0.4667162221       0.000000000    
 -0.4630412912       0.000000000    
 -0.4593663603       0.000000000    
 -0.4556914294       0.000000000    
 -0.4520164985       0.000000000    
 -0.4483415677       0.000000000    
 -0.4446666368       0.000000000    
 -0.4409917059       0.000000000    
 -0.4373167750       0.000000000    
 -0.4336418441       0.000000000    
 -0.4299669132       0.000000000    
 -0.4262919824       0.000000000    
 -0.4226170515       0.000000000    
 -0.4189421206       0.000000000    
 -0.4152671897       0.000000000    
 -0.4115922588       0.000000000    
 -0.4079173280       0.000000000    
 -0.4042423971       0.000000000    
 -0.4005674662       0.000000000    
 -0.3968925353       0.000000000    
 -0.3932176044       0.000000000    
 -0.3895426735       0.000000000    
 -0.3858677427       0.000000000    
 -0.3821928118       0.000000000    
 -0.3785178809       0.000000000    
 -0.3748429500       0.000000000    
 -0.3711680191       0.000000000    
 -0.3674930882       0.000000000    
 -0.3638181574       0.000000000    
 -0.3601432265       0.000000000    
 -0.3564682956       0.000000000    
 -0.3527933647       0.000000000    
 -0.3491184338       0.000000000    
 -0.3454435030       0.000000000    
 -0.3417685721       0.000000000    
 -0.3380936412       0.000000000    
 -0.3344187103       0.000000000    
 -0.3307437794       0.000000000    
 -0.3270688485       0.000000000    
 -0.3233939177       0.000000000    
 -0.3197189868       0.000000000    
 -0.3160440559       0.000000000    
 -0.3123691250       0.000000000    
 -0.3086941941       0.000000000    
 -0.3050192632       0.000000000    
 -0.3013443324       0.000000000    
 -0.2976694015       0.000000000    
 -0.2939944706       0.000000000    
 -0.2903195397       0.000000000    
 -0.2866446088       0.000000000    
 -0.2829696779       0.000000000    
 -0.2792947471       0.000000000    
 -0.2756198162       0.000000000    
 -0.2719448853       0.000000000    
 -0.2682699544       0.000000000    
 -0.2645950235       0.000000000    
 -0.2609200927       0.000000000    
 -0.2572451618       0.000000000    
 -0.2535702309       0.000000000    
 -0.2498953000       0.000000000    
 -0.2462203691       0.000000000    
 -0.2425454382       0.000000000    
 -0.2388705074       0.000000000    
 -0.2351955765       1.122920366    
 -0.2315206456       4.903921287    
 -0.2278457147       17.29500356    
 -0.2241707838       35.62342603    
 -0.2204958529       49.61077144    
 -0.2168209221       59.25047840    
 -0.2131459912       68.85819859    
 -0.2094710603       76.86309425    
 -0.2057961294       75.59172243    
 -0.2021211985       61.61585946    
 -0.1984462677       53.65228005    
 -0.1947713368       73.20327399    
 -0.1910964059       92.15420833    
 -0.1874214750       96.83699027    
 -0.1837465441       85.50454725    
 -0.1800716132       90.40775088    
 -0.1763966824       126.4393159    
 -0.1727217515       127.0282006    
 -0.1690468206       110.7297081    
 -0.1653718897       80.57673840    
 -0.1616969588       96.42023949    
 -0.1580220279       118.0898447    
 -0.1543470971       133.6630986    
 -0.1506721662       123.7165441    
 -0.1469972353       124.1255032    
 -0.1433223044       128.0231739    
 -0.1396473735       121.9133922    
 -0.1359724427       112.1469684    
 -0.1322975118       100.1654603    
 -0.1286225809       97.17428672    
 -0.1249476500       101.8392299    
 -0.1212727191       112.8990677    
 -0.1175977882       142.0973552    
 -0.1139228574       148.9099233    
 -0.1102479265       121.1044958    
 -0.1065729956       68.93724283    
 -0.1028980647       22.83230402    
 -0.9922313383E-01   3.717437457    
 -0.9554820294E-01  0.3235585387    
 -0.9187327206E-01   0.000000000    
 -0.8819834118E-01   0.000000000    
 -0.8452341030E-01   0.000000000    
 -0.8084847941E-01   0.000000000    
 -0.7717354853E-01   0.000000000    
 -0.7349861765E-01   0.000000000    
 -0.6982368677E-01   0.000000000    
 -0.6614875588E-01   0.000000000    
 -0.6247382500E-01   7.512996462    
 -0.5879889412E-01   16.43115558    
 -0.5512396324E-01   22.98495885    
 -0.5144903235E-01   40.01586648    
 -0.4777410147E-01   68.11563379    
 -0.4409917059E-01   135.8763374    
 -0.4042423971E-01   133.8829051    
 -0.3674930882E-01   117.2344035    
 -0.3307437794E-01   69.00911055    
 -0.2939944706E-01   60.10315152    
 -0.2572451618E-01   60.23376419    
 -0.2204958529E-01   56.71747434    
 -0.1837465441E-01   89.81209971    
 -0.1469972353E-01   98.93202156    
 -0.1102479265E-01   78.22099439    
 -0.7349861765E-02   31.49159580    
 -0.3674930882E-02   1.871636465    
   0.000000000      0.9739563111E-02
  0.3674930882E-02   0.000000000    
  0.7349861765E-02   0.000000000    
  0.1102479265E-01  0.4715998980E-02
  0.1469972353E-01   21.59168872    
  0.1837465441E-01   45.27482047    
  0.2204958529E-01   69.45764306    
  0.2572451618E-01   62.49036970    
  0.2939944706E-01   45.42983330    
  0.3307437794E-01   21.24229471    
  0.3674930882E-01   6.622595350    
  0.4042423971E-01   0.000000000    
  0.4409917059E-01   0.000000000    
  0.4777410147E-01   0.000000000    
  0.5144903235E-01   0.000000000    
  0.5512396324E-01   0.000000000    
  0.5879889412E-01  0.7557900974    
  0.6247382500E-01   11.88513760    
  0.6614875588E-01   18.64993058    
  0.6982368677E-01   23.88079362    
  0.7349861765E-01   18.08893174    
  0.7717354853E-01   16.38399559    
  0.8084847941E-01   15.87866604    
  0.8452341030E-01   26.38570673    
  0.8819834118E-01   44.53502376    
  0.9187327206E-01   66.65418671    
  0.9554820294E-01   118.3773156    
  0.9922313383E-01   168.2350619    
  0.1028980647       202.7486903    
  0.1065729956       172.1132534    
  0.1102479265       138.0025353    
  0.1139228574       102.5735929    
  0.1175977882       85.92498881    
  0.1212727191       64.05034015    
  0.1249476500       41.03154913    
  0.1286225809       20.74793499    
  0.1322975118       3.666381642    
  0.1359724427       0.000000000    
  0.1396473735      0.4198264309    
  0.1433223044       2.604769263    
  0.1469972353       4.693341681    
  0.1506721662       6.656119952    
  0.1543470971       7.253103910    
  0.1580220279       8.249512477    
  0.1616969588       10.03287774    
  0.1653718897       11.95874820    
  0.1690468206       14.29224500    
  0.1727217515       16.36277359    
  0.1763966824       19.60635567    
  0.1800716132       26.62048146    
  0.1837465441       38.96686427    
  0.1874214750       50.30802164    
  0.1910964059       52.13711159    
  0.1947713368       45.26415821    
  0.1984462677       39.18421031    
  0.2021211985       39.69722898    
  0.2057961294       44.95331236    
  0.2094710603       50.05069213    
  0.2131459912       55.08983956    
  0.2168209221       58.83249736    
  0.2204958529       56.96127098    
  0.2241707838       53.44641644    
  0.2278457147       51.87004252    
  0.2315206456       59.07947218    
  0.2351955765       58.02934223    
  0.2388705074       50.85405231    
  0.2425454382       40.49054203    
  0.2462203691       42.38637362    
  0.2498953000       38.75310649    
  0.2535702309       34.12343079    
  0.2572451618       36.61891191    
  0.2609200927       54.15832724    
  0.2645950235       67.72461596    
  0.2682699544       68.99691047    
  0.2719448853       67.68801571    
  0.2756198162       74.41241512    
  0.2792947471       73.05656542    
  0.2829696779       60.80511772    
  0.2866446088       44.12473185    
  0.2903195397       42.63222069    
  0.2939944706       61.59309963    
  0.2976694015       77.84668760    
  0.3013443324       84.86071086    
  0.3050192632       78.60227265    
  0.3086941941       75.73986631    
  0.3123691250       72.70645375    
  0.3160440559       72.52734831    
  0.3197189868       73.14514418    
  0.3233939177       76.36483870    
  0.3270688485       86.46466313    
  0.3307437794       93.73017216    
  0.3344187103       92.32931542    
  0.3380936412       80.42449365    
  0.3417685721       79.00743848    
  0.3454435030       86.67442256    
  0.3491184338       93.03948336    
  0.3527933647       96.59944745    
  0.3564682956       84.56257771    
  0.3601432265       76.96110501    
  0.3638181574       63.87379775    
  0.3674930882       63.00349090    
  0.3711680191       64.62097602    
  0.3748429500       68.14085413    
  0.3785178809       79.61190652    
  0.3821928118       82.62809543    
  0.3858677427       74.09234232    
  0.3895426735       56.60541810    
  0.3932176044       40.69363755    
  0.3968925353       33.74635592    
  0.4005674662       33.44791520    
  0.4042423971       37.04950312    
  0.4079173280       40.21393843    
  0.4115922588       42.26232234    
  0.4152671897       44.09459046    
  0.4189421206       47.40409401    
  0.4226170515       47.14409893    
  0.4262919824       42.28528720    
  0.4299669132       36.80355352    
  0.4336418441       42.09705733    
  0.4373167750       50.52454751    
  0.4409917059       55.72055317    
  0.4446666368       52.16099915    
  0.4483415677       51.55284033    
  0.4520164985       55.54247294    
  0.4556914294       62.25446723    
  0.4593663603       68.06293763    
  0.4630412912       72.81133347    
  0.4667162221       68.61450446    
  0.4703911530       61.63380076    
  0.4740660838       58.81004511    
  0.4777410147       63.06777201    
  0.4814159456       70.03248233    
  0.4850908765       68.75895756    
  0.4887658074       66.03936398    
  0.4924407382       59.66189805    
  0.4961156691       60.13072986    
  0.4997906000       64.84867676    
  0.5034655309       71.00602856    
  0.5071404618       73.71793301    
  0.5108153927       72.26191959    
  0.5144903235       70.66739932    
  0.5181652544       67.69057875    
  0.5218401853       64.24707932    
  0.5255151162       64.81730511    
  0.5291900471       65.29659414    
  0.5328649780       66.98625456    
  0.5365399088       66.00727468    
  0.5402148397       67.84405376    
  0.5438897706       69.08835984    
  0.5475647015       68.82170085    
  0.5512396324       62.84847806    
  0.5549145632       55.72455151    
  0.5585894941       50.12686577    
  0.5622644250       46.70058999    
  0.5659393559       49.93679050    
  0.5696142868       52.16263950    
  0.5732892177       56.63514940    
  0.5769641485       57.05015731    
  0.5806390794       57.65493292    
  0.5843140103       57.57752903    
  0.5879889412       58.30153739    
  0.5916638721       62.28009766    
  0.5953388030       67.92730140    
  0.5990137338       70.77361182    
  0.6026886647       69.07451941    
  0.6063635956       66.67407593    
  0.6100385265       64.13881639    
  0.6137134574       64.27681062    
  0.6173883883       65.27578223    
  0.6210633191       68.96072030    
  0.6247382500       71.23547216    
  0.6284131809       69.92955053    
  0.6320881118       68.41561233    
  0.6357630427       64.50440883    
  0.6394379735       63.33832682    
  0.6431129044       62.50626057    
  0.6467878353       65.66321180    
  0.6504627662       69.75844178    
  0.6541376971       72.89755423    
  0.6578126280       73.49300037    
  0.6614875588       73.14442653    
  0.6651624897       72.77114496    
  0.6688374206       74.61335769    
  0.6725123515       75.13898653    
  0.6761872824       75.76877744    
  0.6798622133       73.61387347    
  0.6835371441       73.04139220    
  0.6872120750       72.39724825    
  0.6908870059       75.66102711    
  0.6945619368       76.46992346    
  0.6982368677       75.49002089    
  0.7019117985       75.96633679    
  0.7055867294       77.38318692    
  0.7092616603       81.10831350    
  0.7129365912       82.85005495    
  0.7166115221       85.83159152    
  0.7202864530       86.16499215    
  0.7239613838       79.29285894    
  0.7276363147       72.95137813    
  0.7313112456       73.35141787    
  0.7349861765       78.21484308    
  0.7386611074       81.49266742    
  0.7423360383       77.15148784    
  0.7460109691       71.04703724    
  0.7496859000       66.47200562    
  0.7533608309       68.24224811    
  0.7570357618       68.85399519    
  0.7607106927       69.22481625    
  0.7643856235       67.48358740    
  0.7680605544       67.81257959    
  0.7717354853       65.34559952    
  0.7754104162       61.37903429    
  0.7790853471       56.10500960    
  0.7827602780       56.02904101    
  0.7864352088       56.70435156    
  0.7901101397       59.17809807    
  0.7937850706       61.67952544    
  0.7974600015       65.57340277    
  0.8011349324       65.35103317    
  0.8048098633       59.10797322    
  0.8084847941       48.11385185    
  0.8121597250       43.73309889    
  0.8158346559       44.57705766    
  0.8195095868       53.34399725    
  0.8231845177       61.14097886    
  0.8268594486       63.49713296    
  0.8305343794       64.33165974    
  0.8342093103       68.36086574    
  0.8378842412       71.48757306    
  0.8415591721       68.17991491    
  0.8452341030       64.31300079    
  0.8489090338       64.75343408    
  0.8525839647       66.15910934    
  0.8562588956       64.54490491    
  0.8599338265       63.91316609    
  0.8636087574       66.26932019    
  0.8672836883       68.78274260    
  0.8709586191       73.26806772    
  0.8746335500       77.01000787    
  0.8783084809       77.37519022    
  0.8819834118       73.72131623    
  0.8856583427       70.57297682    
  0.8893332736       70.44779781    
  0.8930082044       73.02816690    
  0.8966831353       75.93199201    
  0.9003580662       79.26743355    
  0.9040329971       79.35375684    
  0.9077079280       79.58832653    
  0.9113828588       81.69986381    
  0.9150577897       85.10840333    
  0.9187327206       85.45533682    
  0.9224076515       82.56483953    
  0.9260825824       81.96918836    
  0.9297575133       82.18366379    
  0.9334324441       83.22836009    
  0.9371073750       80.91270207    
  0.9407823059       77.09397315    
  0.9444572368       74.63129899    
  0.9481321677       74.56947839    
  0.9518070986       73.77339726    
  0.9554820294       70.62218725    
  0.9591569603       64.90547379    
  0.9628318912       61.77056473    
  0.9665068221       63.60621607    
  0.9701817530       70.33317853    
  0.9738566838       77.49883141    
  0.9775316147       82.83129348    
  0.9812065456       82.79817896    
  0.9848814765       82.54413015    
  0.9885564074       76.36002018    
  0.9922313383       74.88955119    
  0.9959062691       74.76662766    
  0.9995812000       78.07449085    
   1.003256131       79.71319798    
   1.006931062       81.72805728    
   1.010605993       82.60441292    
   1.014280924       77.94131514    
   1.017955854       71.88504976    
   1.021630785       71.85019237    
   1.025305716       76.05317268    
   1.028980647       81.87773899    
   1.032655578       80.75440853    
   1.036330509       77.47955733    
   1.040005440       76.86042868    
   1.043680371       79.94776767    
   1.047355301       84.45195678    
   1.051030232       82.65762169    
   1.054705163       75.71177536    
   1.058380094       70.73291070    
   1.062055025       70.92103805    
   1.065729956       74.58116587    
   1.069404887       77.14851471    
   1.073079818       77.62934156    
   1.076754749       80.03050269    
   1.080429679       83.51060237    
   1.084104610       81.78700727    
   1.087779541       78.95381962    
   1.091454472       74.67948420    
   1.095129403       75.46223750    
   1.098804334       78.02958634    
   1.102479265       77.63682564    
   1.106154196       79.13907636    
   1.109829126       79.07100194    
   1.113504057       77.47689176    
   1.117178988       75.29297415    
   1.120853919       73.72654484    
   1.124528850       73.31533023    
   1.128203781       70.68523810    
   1.131878712       68.91745614    
   1.135553643       72.28160376    
   1.139228574       76.69680402    
   1.142903504       78.57110605    
   1.146578435       77.64461729    
   1.150253366       75.99781095    
   1.153928297       75.01247473    
   1.157603228       79.45545838    
   1.161278159       79.22847530    
   1.164953090       75.91856167    
   1.168628021       71.91713905    
   1.172302952       71.88494724    
   1.175977882       74.69332463    
   1.179652813       72.93118136    
   1.183327744       72.61059595    
   1.187002675       73.79892517    
   1.190677606       78.41271000    
   1.194352537       82.67146212    
   1.198027468       85.84563700    
   1.201702399       86.79119479    
   1.205377329       89.12827985    
   1.209052260       87.99777288    
   1.212727191       85.03438265    
   1.216402122       82.81489000    
   1.220077053       86.78063506    
   1.223751984       89.72362346    
   1.227426915       86.29437455    
   1.231101846       79.78342535    
   1.234776777       80.27593968    
   1.238451707       84.18745075    
   1.242126638       90.63083814    
   1.245801569       95.57443533    
   1.249476500       96.60395841    
   1.253151431       96.85400888    
   1.256826362       94.18967450    
   1.260501293       94.52174234    
   1.264176224       92.17173954    
   1.267851154       90.06901913    
   1.271526085       87.29939494    
   1.275201016       87.43308326    
   1.278875947       87.24854417    
   1.282550878       84.36532593    
   1.286225809       82.14962658    
   1.289900740       82.33806150    
   1.293575671       83.83159787    
   1.297250602       87.31989929    
   1.300925532       92.26493178    
   1.304600463       96.09709104    
   1.308275394       96.61841397    
   1.311950325       92.49673339    
   1.315625256       90.78728628    
   1.319300187       83.18037992    
   1.322975118       76.92337701    
   1.326650049       74.28139237    
   1.330324979       76.48550676    
   1.333999910       78.77420157    
   1.337674841       81.44817299    
   1.341349772       82.24866256    
   1.345024703       86.39166766    
   1.348699634       82.69247907    
   1.352374565       80.35149819    
   1.356049496       75.38124535    
   1.359724427       79.61672504    
   1.363399357       84.14469919    
   1.367074288       90.33547307    
   1.370749219       86.78319810    
   1.374424150       83.85281986    
   1.378099081       78.40604609    
   1.381774012       82.49010120    
   1.385448943       88.97295945    
   1.389123874       91.50555343    
   1.392798804       92.54502111    
   1.396473735       84.63967404    
   1.400148666       82.20847405    
   1.403823597       79.52999167    
   1.407498528       81.22118991    
   1.411173459       81.95442523    
   1.414848390       81.16736601    
   1.418523321       83.02957048    
   1.422198252       83.99183931    
   1.425873182       81.38378935    
   1.429548113       79.24539138    
   1.433223044       79.32915162    
   1.436897975       83.53479750    
   1.440572906       85.69687799    
   1.444247837       88.79508427    
   1.447922768       87.01212909    
   1.451597699       86.45307817    
   1.455272629       82.76865271    
   1.458947560       84.67381377    
   1.462622491       85.49542281    
   1.466297422       86.41063418    
   1.469972353       86.15443241    
   1.473647284       85.76720788    
   1.477322215       85.45502926    
   1.480997146       85.64807765    
   1.484672077       88.47378121    
   1.488347007       91.58049680    
   1.492021938       91.60776758    
   1.495696869       89.70332416    
   1.499371800       88.93420624    
   1.503046731       88.79672462    
   1.506721662       90.61730527    
   1.510396593       89.46895952    
   1.514071524       90.33906133    
   1.517746454       88.37495028    
   1.521421385       86.39628114    
   1.525096316       84.00670496    
   1.528771247       81.42244004    
   1.532446178       83.56862966    
   1.536121109       86.82359166    
   1.539796040       89.35085450    
   1.543470971       91.06983613    
   1.547145902       93.78122798    
   1.550820832       90.37104811    
   1.554495763       85.97799253    
   1.558170694       81.12851028    
   1.561845625       84.00198896    
   1.565520556       87.77622345    
   1.569195487       90.76001550    
   1.572870418       94.56070059    
   1.576545349       95.65050644    
   1.580220279       95.30839147    
   1.583895210       92.59607693    
   1.587570141       88.74238811    
   1.591245072       88.50771590    
   1.594920003       90.75263394    
   1.598594934       94.59658319    
   1.602269865       93.74821598    
   1.605944796       93.07885169    
   1.609619727       92.88098478    
   1.613294657       94.31382830    
   1.616969588       92.30183960    
   1.620644519       89.98310593    
   1.624319450       87.63863931    
   1.627994381       87.54944541    
   1.631669312       88.88776391    
   1.635344243       91.14016603    
   1.639019174       92.05660765    
   1.642694104       92.73940229    
   1.646369035       91.17615115    
   1.650043966       91.42937979    
   1.653718897       88.93420624    
   1.657393828       90.61422962    
   1.661068759       92.40610419    
   1.664743690       93.77333381    
   1.668418621       95.84755318    
   1.672093552       94.34766046    
   1.675768482       91.42866214    
   1.679443413       88.66857247    
   1.683118344       91.52082916    
   1.686793275       96.35226760    
   1.690468206       96.77619489    
   1.694143137       94.71192012    
   1.697818068       95.96750359    
   1.701492999       97.38015033    
   1.705167929       94.88671965    
   1.708842860       89.58398889    
   1.712517791       86.72271029    
   1.716192722       86.19010997    
   1.719867653       86.91032503    
   1.723542584       86.26126004    
   1.727217515       86.31887724    
   1.730892446       87.33968598    
   1.734567377       93.32715929    
   1.738242307       99.35225808    
   1.741917238       101.1058920    
   1.745592169       96.92823460    
   1.749267100       92.94311294    
   1.752942031       92.60356101    
   1.756616962       94.52543312    
   1.760291893       96.09883391    
   1.763966824       95.86252135    
   1.767641754       94.14179686    
   1.771316685       92.00473167    
   1.774991616       93.17470950    
   1.778666547       94.67275683    
   1.782341478       94.78225002    
   1.786016409       92.98463424    
   1.789691340       90.78092993    
   1.793366271       90.35454211    
   1.797041202       92.98340398    
   1.800716132       96.63102414    
   1.804391063       99.02336841    
   1.808065994       97.84980231    
   1.811740925       92.90077147    
   1.815415856       89.64129853    
   1.819090787       87.11495838    
   1.822765718       87.77919658    
   1.826440649       88.30984899    
   1.830115579       89.16990367    
   1.833790510       87.53037637    
   1.837465441       88.78462706    
   1.841140372       89.37627989    
   1.844815303       95.30787886    
   1.848490234       96.65655205    
   1.852165165       93.09935604    
   1.855840096       95.55536629    
   1.859515027       95.20535715    
   1.863189957       99.13901291    
   1.866864888       95.43131501    
   1.870539819       94.29691221    
   1.874214750       95.11329265    
   1.877889681       89.06276848    
   1.881564612       88.18138928    
   1.885239543       88.85331661    
   1.888914474       93.22494514    
   1.892589404       97.06376831    
   1.896264335       97.67356748    
   1.899939266       100.9089478    
   1.903614197       98.22328893    
   1.907289128       95.37667094    
   1.910964059       90.25899187    
   1.914638990       89.69214930    
   1.918313921       90.85720609    
   1.921988852       92.01272836    
   1.925663782       90.78349297    
   1.929338713       90.93963355    
   1.933013644       93.54194229    
   1.936688575       97.49733265    
   1.940363506       95.01907519    
   1.944038437       91.92476473    
   1.947713368       89.33352833    
   1.951388299       90.05384591    
   1.955063229       93.39318328    
   1.958738160       93.50893030    
   1.962413091       93.74534538    
   1.966088022       92.42876149    
   1.969762953       97.56345916    
   1.973437884       99.72841026    
   1.977112815       99.35594886    
   1.980787746       98.44166019    
   1.984462677       96.30449248    
   1.988137607       93.95172159    
   1.991812538       91.75068285    
   1.995487469       90.70547395    
   1.999162400       95.91347465    
   2.002837331       94.72658073    
   2.006512262       94.39307758    
   2.010187193       89.81896866    
   2.013862124       86.90858216    
   2.017537054       86.71860942    
   2.021211985       84.86655460    
   2.024886916       86.49859781    
   2.028561847       89.45993761    
   2.032236778       91.54522933    
   2.035911709       91.72966590    
   2.039586640       91.79548484    
   2.043261571       91.57578080    
   2.046936502       96.14076529    
   2.050611432       98.46452253    
   2.054286363       100.8496903    
   2.057961294       100.5529924    
   2.061636225       101.3691678    
   2.065311156       103.3688539    
   2.068986087       100.8442566    
   2.072661018       99.14947012    
   2.076335949       95.45797066    
   2.080010879       99.24020184    
   2.083685810       101.9691249    
   2.087360741       101.8537880    
   2.091035672       97.37492172    
   2.094710603       95.45192188    
   2.098385534       99.97148925    
   2.102060465       104.7908301    
   2.105735396       105.0444688    
   2.109410327       103.1551986    
   2.113085257       97.59093498    
   2.116760188       96.94914903    
   2.120435119       104.0251979    
   2.124110050       108.8612498    
   2.127784981       109.1169390    
   2.131459912       102.5015202    
   2.135134843       99.30397035    
   2.138809774       99.78418207    
   2.142484704       103.4873690    
   2.146159635       108.4975028    
   2.149834566       110.1617378    
   2.153509497       105.7106550    
   2.157184428       98.87604470    
   2.160859359       96.97313911    
   2.164534290       99.30479052    
   2.168209221       101.8776755    
   2.171884152       103.9817287    
   2.175559082       104.2150682    
   2.179234013       108.5244660    
   2.182908944       106.4614215    
   2.186583875       105.3082572    
   2.190258806       102.5806669    
   2.193933737       101.5187470    
   2.197608668       102.3059087    
   2.201283599       101.5286916    
   2.204958529       99.81996215    
   2.208633460       97.26809409    
   2.212308391       96.41634367    
   2.215983322       96.19540937    
   2.219658253       95.63215506    
   2.223333184       96.55864381    
   2.227008115       102.3842353    
   2.230683046       104.3899702    
   2.234357977       106.8728411    
   2.238032907       106.1256629    
   2.241707838       106.9882806    
   2.245382769       107.1140747    
   2.249057700       104.8060033    
   2.252732631       104.4225721    
   2.256407562       102.4915756    
   2.260082493       104.2201942    
   2.263757424       106.5740929    
   2.267432354       106.5603550    
   2.271107285       106.4879746    
   2.274782216       105.3843283    
   2.278457147       104.7939058    
   2.282132078       103.4702479    
   2.285807009       102.2505470    
   2.289481940       102.1050687    
   2.293156871       101.4068958    
   2.296831802       101.9041261    
   2.300506732       103.5926588    
   2.304181663       104.2439793    
   2.307856594       100.5728816    
   2.311531525       100.8081690    
   2.315206456       99.84138919    
   2.318881387       99.42812415    
   2.322556318       100.0693975    
   2.326231249       101.1013811    
   2.329906179       104.1921033    
   2.333581110       104.0622083    
   2.337256041       99.82129493    
   2.340930972       97.97067542    
   2.344605903       96.21324815    
   2.348280834       100.4558018    
   2.351955765       103.2459304    
   2.355630696       104.0343224    
   2.359305627       106.5450792    
   2.362980557       106.1167435    
   2.366655488       105.6791808    
   2.370330419       103.8036485    
   2.374005350       105.0465193    
   2.377680281       107.8750935    
   2.381355212       108.0362576    
   2.385030143       106.1016728    
   2.388705074       103.8212822    
   2.392380004       103.7853996    
   2.396054935       103.5534955    
   2.399729866       103.7547456    
   2.403404797       103.4168341    
   2.407079728       102.0772853    
   2.410754659       98.28787761    
   2.414429590       98.45170732    
   2.418104521       99.83698075    
   2.421779452       105.3250708    
   2.425454382       105.7189592    
   2.429129313       106.5185261    
   2.432804244       101.7611083    
   2.436479175       98.72995125    
   2.440154106       99.26378184    
   2.443829037       102.2833540    
   2.447503968       105.1171567    
   2.451178899       104.7907276    
   2.454853829       105.0655883    
   2.458528760       105.0056131    
   2.462203691       106.8428023    
   2.465878622       104.1571434    
   2.469553553       101.2235870    
   2.473228484       96.35975168    
   2.476903415       98.14516738    
   2.480578346       103.3870002    
   2.484253277       107.6145858    
   2.487928207       110.7510327    
   2.491603138       108.2254102    
   2.495278069       106.5130924    
   2.498953000       99.85276910    
   2.502627931       92.60151058    
   2.506302862       84.77418253    
   2.509977793       74.92891953    
   2.513652724       66.62312263    
   2.517327654       59.16979381    
   2.521002585       53.93554755    
   2.524677516       49.12932946    
   2.528352447       44.52436150    
   2.532027378       41.06753425    
   2.535702309       37.17222161    
   2.539377240       31.17849447    
   2.543052171       24.95880947    
   2.546727102       18.80412324    
   2.550402032       13.86883030    
   2.554076963       10.04712826    
   2.557751894       7.294112596    
   2.561426825       5.405867613    
   2.565101756       3.820061696    
   2.568776687       2.548689884    
   2.572451618       1.436636820    
   2.576126549      0.6731575935    
   2.579801479      0.2337495147    
   2.583476410      0.5484911857E-01
   2.587151341      0.9124432809E-02
   2.590826272      0.3075651509E-03
   2.594501203       0.000000000    
   2.598176134       0.000000000    
   2.601851065       0.000000000    
   2.605525996       0.000000000    
   2.609200927       0.000000000    
   2.612875857       0.000000000    
   2.616550788       0.000000000    
   2.620225719       0.000000000    
   2.623900650       0.000000000    
   2.627575581       0.000000000    
   2.631250512       0.000000000    
   2.634925443       0.000000000    
   2.638600374       0.000000000    
   2.642275304       0.000000000    
   2.645950235       0.000000000    
   2.649625166       0.000000000    
   2.653300097       0.000000000    
   2.656975028       0.000000000    
   2.660649959       0.000000000    
   2.664324890       0.000000000    
   2.667999821       0.000000000    
   2.671674752       0.000000000    
   2.675349682       0.000000000    
   2.679024613       0.000000000    
   2.682699544       0.000000000    
   2.686374475       0.000000000    
   2.690049406       0.000000000    
   2.693724337       0.000000000    
   2.697399268       0.000000000    
   2.701074199       0.000000000    
   2.704749129       0.000000000    
   2.708424060       0.000000000    
   2.712098991       0.000000000    
   2.715773922       0.000000000    
   2.719448853       0.000000000    
   2.723123784       0.000000000    
   2.726798715       0.000000000    
   2.730473646       0.000000000    
   2.734148577       0.000000000    
   2.737823507       0.000000000    
   2.741498438       0.000000000    
   2.745173369       0.000000000    
   2.748848300       0.000000000    
   2.752523231       0.000000000    
   2.756198162       0.000000000    
   2.759873093       0.000000000    
   2.763548024       0.000000000    
   2.767222954       0.000000000    
   2.770897885       0.000000000    
   2.774572816       0.000000000    
   2.778247747       0.000000000    
   2.781922678       0.000000000    
   2.785597609       0.000000000    
   2.789272540       0.000000000    
   2.792947471       0.000000000    
   2.796622402       0.000000000    
   2.800297332       0.000000000    
   2.803972263       0.000000000    
   2.807647194       0.000000000    
   2.811322125       0.000000000    
   2.814997056       0.000000000    
   2.818671987       0.000000000    
   2.822346918       0.000000000    
   2.826021849       0.000000000    
   2.829696779       0.000000000    
   2.833371710       0.000000000    
   2.837046641       0.000000000    
   2.840721572       0.000000000    
   2.844396503       0.000000000    
   2.848071434       0.000000000    
   2.851746365       0.000000000    
   2.855421296       0.000000000    
   2.859096227       0.000000000    
   2.862771157       0.000000000    
   2.866446088       0.000000000    
   2.870121019       0.000000000    
   2.873795950       0.000000000    
   2.877470881       0.000000000    
   2.881145812       0.000000000    
   2.884820743       0.000000000    
   2.888495674       0.000000000    
   2.892170604       0.000000000    
   2.895845535       0.000000000    
   2.899520466       0.000000000    
   2.903195397       0.000000000    
   2.906870328       0.000000000    
   2.910545259       0.000000000    
   2.914220190       0.000000000    
   2.917895121       0.000000000    
   2.921570052       0.000000000    
   2.925244982       0.000000000    
   2.928919913       0.000000000    
   2.932594844       0.000000000    
   2.936269775       0.000000000    
   2.939944706       0.000000000    
   2.943619637       0.000000000    
   2.947294568       0.000000000    
   2.950969499       0.000000000    
   2.954644429       0.000000000    
   2.958319360       0.000000000    
   2.961994291       0.000000000    
   2.965669222       0.000000000    
   2.969344153       0.000000000    
   2.973019084       0.000000000    
   2.976694015       0.000000000    
   2.980368946       0.000000000    
   2.984043877       0.000000000    
   2.987718807       0.000000000    
   2.991393738       0.000000000    
   2.995068669       0.000000000    
   2.998743600       0.000000000    
   3.002418531       0.000000000    
   3.006093462       0.000000000    
   3.009768393       0.000000000    
   3.013443324       0.000000000    
   3.017118254       0.000000000    
   3.020793185       0.000000000    
   3.024468116       0.000000000    
   3.028143047       0.000000000    
   3.031817978       0.000000000    
   3.035492909       0.000000000    
   3.039167840       0.000000000    
   3.042842771       0.000000000    
   3.046517702       0.000000000    
   3.050192632       0.000000000    
   3.053867563       0.000000000    
   3.057542494       0.000000000    
   3.061217425       0.000000000    
   3.064892356       0.000000000    
   3.068567287       0.000000000    
   3.072242218       0.000000000    
   3.075917149       0.000000000    
   3.079592079       0.000000000    
   3.083267010       0.000000000    
   3.086941941       0.000000000    
   3.090616872       0.000000000    
   3.094291803       0.000000000    
   3.097966734       0.000000000    
   3.101641665       0.000000000    
   3.105316596       0.000000000    
   3.108991527       0.000000000    
   3.112666457       0.000000000    
   3.116341388       0.000000000    
   3.120016319       0.000000000    
   3.123691250       0.000000000    
   3.127366181       0.000000000    
   3.131041112       0.000000000    
   3.134716043       0.000000000    
   3.138390974       0.000000000    
   3.142065904       0.000000000    
   3.145740835       0.000000000    
   3.149415766       0.000000000    
   3.153090697       0.000000000    
   3.156765628       0.000000000    
   3.160440559       0.000000000    
   3.164115490       0.000000000    
   3.167790421       0.000000000    
   3.171465352       0.000000000    
   3.175140282       0.000000000    
   3.178815213       0.000000000    
   3.182490144       0.000000000    
   3.186165075       0.000000000    
   3.189840006       0.000000000    
   3.193514937       0.000000000    
   3.197189868       0.000000000    
   3.200864799       0.000000000    
   3.204539729       0.000000000    
   3.208214660       0.000000000    
   3.211889591       0.000000000    
   3.215564522       0.000000000    
   3.219239453       0.000000000    
   3.222914384       0.000000000    
   3.226589315       0.000000000    
   3.230264246       0.000000000    
   3.233939177       0.000000000    
   3.237614107       0.000000000    
   3.241289038       0.000000000    
   3.244963969       0.000000000    
   3.248638900       0.000000000    
   3.252313831       0.000000000    
   3.255988762       0.000000000    
   3.259663693       0.000000000    
   3.263338624       0.000000000    
   3.267013554       0.000000000    
   3.270688485       0.000000000    
   3.274363416       0.000000000    
   3.278038347       0.000000000    
   3.281713278       0.000000000    
   3.285388209       0.000000000    
   3.289063140       0.000000000    
   3.292738071       0.000000000    
   3.296413002       0.000000000    
   3.300087932       0.000000000    
   3.303762863       0.000000000    
   3.307437794       0.000000000    
     
  -1.102479265       0.000000000    
  -1.098804334       0.000000000    
  -1.095129403       0.000000000    
  -1.091454472       0.000000000    
  -1.087779541       0.000000000    
  -1.084104610       0.000000000    
  -1.080429679       0.000000000    
  -1.076754749       0.000000000    
  -1.073079818       0.000000000    
  -1.069404887       0.000000000    
  -1.065729956       0.000000000    
  -1.062055025       0.000000000    
  -1.058380094       0.000000000    
  -1.054705163       0.000000000    
  -1.051030232       0.000000000    
  -1.047355301       0.000000000    
  -1.043680371       0.000000000    
  -1.040005440       0.000000000    
  -1.036330509       0.000000000    
  -1.032655578       0.000000000    
  -1.028980647       0.000000000    
  -1.025305716       0.000000000    
  -1.021630785       0.000000000    
  -1.017955854       0.000000000    
  -1.014280924       0.000000000    
  -1.010605993       0.000000000    
  -1.006931062       0.000000000    
  -1.003256131       0.000000000    
 -0.9995812000       0.000000000    
 -0.9959062691       0.000000000    
 -0.9922313383       0.000000000    
 -0.9885564074       0.000000000    
 -0.9848814765       0.000000000    
 -0.9812065456       0.000000000    
 -0.9775316147       0.000000000    
 -0.9738566838       0.000000000    
 -0.9701817530       0.000000000    
 -0.9665068221       0.000000000    
 -0.9628318912       0.000000000    
 -0.9591569603       0.000000000    
 -0.9554820294       0.000000000    
 -0.9518070986       0.000000000    
 -0.9481321677       0.000000000    
 -0.9444572368       0.000000000    
 -0.9407823059       0.000000000    
 -0.9371073750       0.000000000    
 -0.9334324441       0.000000000    
 -0.9297575133       0.000000000    
 -0.9260825824       0.000000000    
 -0.9224076515       0.000000000    
 -0.9187327206       0.000000000    
 -0.9150577897       0.000000000    
 -0.9113828588       0.000000000    
 -0.9077079280       0.000000000    
 -0.9040329971       0.000000000    
 -0.9003580662       0.000000000    
 -0.8966831353       0.000000000    
 -0.8930082044       0.000000000    
 -0.8893332736       0.000000000    
 -0.8856583427       0.000000000    
 -0.8819834118       0.000000000    
 -0.8783084809       0.000000000    
 -0.8746335500       0.000000000    
 -0.8709586191       0.000000000    
 -0.8672836883       0.000000000    
 -0.8636087574       0.000000000    
 -0.8599338265       0.000000000    
 -0.8562588956       0.000000000    
 -0.8525839647       0.000000000    
 -0.8489090338       0.000000000    
 -0.8452341030       0.000000000    
 -0.8415591721       0.000000000    
 -0.8378842412       0.000000000    
 -0.8342093103       0.000000000    
 -0.8305343794       0.000000000    
 -0.8268594486       0.000000000    
 -0.8231845177       0.000000000    
 -0.8195095868       0.000000000    
 -0.8158346559       0.000000000    
 -0.8121597250       0.000000000    
 -0.8084847941       0.000000000    
 -0.8048098633       0.000000000    
 -0.8011349324       0.000000000    
 -0.7974600015       0.000000000    
 -0.7937850706       0.000000000    
 -0.7901101397       0.000000000    
 -0.7864352088       0.000000000    
 -0.7827602780       0.000000000    
 -0.7790853471       0.000000000    
 -0.7754104162       0.000000000    
 -0.7717354853       0.000000000    
 -0.7680605544       0.000000000    
 -0.7643856235       0.000000000    
 -0.7607106927       0.000000000    
 -0.7570357618       0.000000000    
 -0.7533608309       0.000000000    
 -0.7496859000       0.000000000    
 -0.7460109691       0.000000000    
 -0.7423360383       0.000000000    
 -0.7386611074       0.000000000    
 -0.7349861765       0.000000000    
 -0.7313112456       0.000000000    
 -0.7276363147       0.000000000    
 -0.7239613838       0.000000000    
 -0.7202864530       0.000000000    
 -0.7166115221       0.000000000    
 -0.7129365912       0.000000000    
 -0.7092616603       0.000000000    
 -0.7055867294       0.000000000    
 -0.7019117985       0.000000000    
 -0.6982368677       0.000000000    
 -0.6945619368       0.000000000    
 -0.6908870059       0.000000000    
 -0.6872120750       0.000000000    
 -0.6835371441       0.000000000    
 -0.6798622133       0.000000000    
 -0.6761872824       0.000000000    
 -0.6725123515       0.000000000    
 -0.6688374206       0.000000000    
 -0.6651624897       0.000000000    
 -0.6614875588       0.000000000    
 -0.6578126280       0.000000000    
 -0.6541376971       0.000000000    
 -0.6504627662       0.000000000    
 -0.6467878353       0.000000000    
 -0.6431129044       0.000000000    
 -0.6394379735       0.000000000    
 -0.6357630427       0.000000000    
 -0.6320881118       0.000000000    
 -0.6284131809       0.000000000    
 -0.6247382500       0.000000000    
 -0.6210633191       0.000000000    
 -0.6173883883       0.000000000    
 -0.6137134574       0.000000000    
 -0.6100385265       0.000000000    
 -0.6063635956       0.000000000    
 -0.6026886647      -3.678581726    
 -0.5990137338      -13.70418043    
 -0.5953388030      -30.79003969    
 -0.5916638721      -54.83620084    
 -0.5879889412      -74.28867141    
 -0.5843140103      -87.76012754    
 -0.5806390794      -99.89531561    
 -0.5769641485      -212.2396383    
 -0.5732892177      -213.9720502    
 -0.5696142868      -204.4085169    
 -0.5659393559      -62.58612499    
 -0.5622644250      -30.29639762    
 -0.5585894941       0.000000000    
 -0.5549145632       0.000000000    
 -0.5512396324       0.000000000    
 -0.5475647015       0.000000000    
 -0.5438897706       0.000000000    
 -0.5402148397       0.000000000    
 -0.5365399088       0.000000000    
 -0.5328649780       0.000000000    
 -0.5291900471       0.000000000    
 -0.5255151162       0.000000000    
 -0.5218401853       0.000000000    
 -0.5181652544       0.000000000    
 -0.5144903235       0.000000000    
 -0.5108153927       0.000000000    
 -0.5071404618       0.000000000    
 -0.5034655309       0.000000000    
 -0.4997906000       0.000000000    
 -0.4961156691       0.000000000    
 -0.4924407382       0.000000000    
 -0.4887658074       0.000000000    
 -0.4850908765       0.000000000    
 -0.4814159456       0.000000000    
 -0.4777410147       0.000000000    
 -0.4740660838       0.000000000    
 -0.4703911530       0.000000000    
 -0.4667162221       0.000000000    
 -0.4630412912       0.000000000    
 -0.4593663603       0.000000000    
 -0.4556914294       0.000000000    
 -0.4520164985       0.000000000    
 -0.4483415677       0.000000000    
 -0.4446666368       0.000000000    
 -0.4409917059       0.000000000    
 -0.4373167750       0.000000000    
 -0.4336418441       0.000000000    
 -0.4299669132       0.000000000    
 -0.4262919824       0.000000000    
 -0.4226170515       0.000000000    
 -0.4189421206       0.000000000    
 -0.4152671897       0.000000000    
 -0.4115922588       0.000000000    
 -0.4079173280       0.000000000    
 -0.4042423971       0.000000000    
 -0.4005674662       0.000000000    
 -0.3968925353       0.000000000    
 -0.3932176044       0.000000000    
 -0.3895426735       0.000000000    
 -0.3858677427       0.000000000    
 -0.3821928118       0.000000000    
 -0.3785178809       0.000000000    
 -0.3748429500       0.000000000    
 -0.3711680191       0.000000000    
 -0.3674930882       0.000000000    
 -0.3638181574       0.000000000    
 -0.3601432265       0.000000000    
 -0.3564682956       0.000000000    
 -0.3527933647       0.000000000    
 -0.3491184338       0.000000000    
 -0.3454435030       0.000000000    
 -0.3417685721       0.000000000    
 -0.3380936412       0.000000000    
 -0.3344187103       0.000000000    
 -0.3307437794       0.000000000    
 -0.3270688485       0.000000000    
 -0.3233939177       0.000000000    
 -0.3197189868       0.000000000    
 -0.3160440559       0.000000000    
 -0.3123691250       0.000000000    
 -0.3086941941       0.000000000    
 -0.3050192632       0.000000000    
 -0.3013443324       0.000000000    
 -0.2976694015       0.000000000    
 -0.2939944706       0.000000000    
 -0.2903195397       0.000000000    
 -0.2866446088       0.000000000    
 -0.2829696779       0.000000000    
 -0.2792947471       0.000000000    
 -0.2756198162       0.000000000    
 -0.2719448853       0.000000000    
 -0.2682699544       0.000000000    
 -0.2645950235       0.000000000    
 -0.2609200927       0.000000000    
 -0.2572451618       0.000000000    
 -0.2535702309       0.000000000    
 -0.2498953000       0.000000000    
 -0.2462203691       0.000000000    
 -0.2425454382       0.000000000    
 -0.2388705074       0.000000000    
 -0.2351955765     -0.9953833499    
 -0.2315206456      -4.318317240    
 -0.2278457147      -14.03522305    
 -0.2241707838      -32.19550991    
 -0.2204958529      -49.04444148    
 -0.2168209221      -64.32612357    
 -0.2131459912      -77.35027744    
 -0.2094710603      -82.24753482    
 -0.2057961294      -76.39139183    
 -0.2021211985      -57.67861544    
 -0.1984462677      -47.90655294    
 -0.1947713368      -62.81454337    
 -0.1910964059      -80.86574712    
 -0.1874214750      -91.71008425    
 -0.1837465441      -89.13914716    
 -0.1800716132      -103.4144761    
 -0.1763966824      -129.9340762    
 -0.1727217515      -135.0499098    
 -0.1690468206      -113.6310727    
 -0.1653718897      -89.35095702    
 -0.1616969588      -95.55946716    
 -0.1580220279      -118.6996439    
 -0.1543470971      -131.4195133    
 -0.1506721662      -124.6757373    
 -0.1469972353      -123.9393238    
 -0.1433223044      -128.2930110    
 -0.1396473735      -123.1268392    
 -0.1359724427      -113.3907618    
 -0.1322975118      -100.1023070    
 -0.1286225809      -95.64794340    
 -0.1249476500      -92.02257044    
 -0.1212727191      -105.2324937    
 -0.1175977882      -133.0586305    
 -0.1139228574      -149.2925343    
 -0.1102479265      -122.9310227    
 -0.1065729956      -73.93661183    
 -0.1028980647      -24.97992895    
 -0.9922313383E-01  -5.965533666    
 -0.9554820294E-01 -0.6942770672    
 -0.9187327206E-01   0.000000000    
 -0.8819834118E-01   0.000000000    
 -0.8452341030E-01   0.000000000    
 -0.8084847941E-01   0.000000000    
 -0.7717354853E-01   0.000000000    
 -0.7349861765E-01   0.000000000    
 -0.6982368677E-01   0.000000000    
 -0.6614875588E-01   0.000000000    
 -0.6247382500E-01  -9.372330321    
 -0.5879889412E-01  -17.37353520    
 -0.5512396324E-01  -24.61382389    
 -0.5144903235E-01  -37.85552886    
 -0.4777410147E-01  -70.21773907    
 -0.4409917059E-01  -133.5782106    
 -0.4042423971E-01  -134.1839089    
 -0.3674930882E-01  -116.1634617    
 -0.3307437794E-01  -69.65171667    
 -0.2939944706E-01  -60.12939708    
 -0.2572451618E-01  -55.23336997    
 -0.2204958529E-01  -45.88708016    
 -0.1837465441E-01  -55.07733191    
 -0.1469972353E-01  -92.37227202    
 -0.1102479265E-01  -89.07681395    
 -0.7349861765E-02  -66.20011803    
 -0.3674930882E-02  -11.45823717    
   0.000000000     -0.1096982371E-01
  0.3674930882E-02   0.000000000    
  0.7349861765E-02   0.000000000    
  0.1102479265E-01 -0.3895825244E-02
  0.1469972353E-01  -8.185538925    
  0.1837465441E-01  -37.66934942    
  0.2204958529E-01  -60.57762203    
  0.2572451618E-01  -77.05542499    
  0.2939944706E-01  -53.03530436    
  0.3307437794E-01  -30.12313592    
  0.3674930882E-01  -5.463689862    
  0.4042423971E-01   0.000000000    
  0.4409917059E-01   0.000000000    
  0.4777410147E-01   0.000000000    
  0.5144903235E-01   0.000000000    
  0.5512396324E-01   0.000000000    
  0.5879889412E-01  -3.787562311    
  0.6247382500E-01  -14.64010118    
  0.6614875588E-01  -21.04893875    
  0.6982368677E-01  -22.71409648    
  0.7349861765E-01  -17.23472079    
  0.7717354853E-01  -16.17403111    
  0.8084847941E-01  -15.91229317    
  0.8452341030E-01  -28.20526216    
  0.8819834118E-01  -45.00334296    
  0.9187327206E-01  -70.33164070    
  0.9554820294E-01  -114.2020162    
  0.9922313383E-01  -165.0158800    
  0.1028980647      -198.7202020    
  0.1065729956      -176.6900279    
  0.1102479265      -156.8476672    
  0.1139228574      -124.6194529    
  0.1175977882      -97.35903086    
  0.1212727191      -48.90337160    
  0.1249476500      -17.43802136    
  0.1286225809      -5.192109834    
  0.1322975118     -0.5300372767    
  0.1359724427       0.000000000    
  0.1396473735     -0.1958164794E-01
  0.1433223044     -0.8824044178    
  0.1469972353      -2.229129692    
  0.1506721662      -3.856046818    
  0.1543470971      -5.050527342    
  0.1580220279      -6.765408102    
  0.1616969588      -9.769396931    
  0.1653718897      -12.71617864    
  0.1690468206      -15.24405662    
  0.1727217515      -16.77347559    
  0.1763966824      -19.71584887    
  0.1800716132      -25.85320893    
  0.1837465441      -33.48728354    
  0.1874214750      -42.44788665    
  0.1910964059      -53.15187155    
  0.1947713368      -58.04615579    
  0.1984462677      -64.66823854    
  0.2021211985      -66.36066704    
  0.2057961294      -62.99344377    
  0.2094710603      -52.22005166    
  0.2131459912      -40.16944401    
  0.2168209221      -37.59040770    
  0.2204958529      -38.28263433    
  0.2241707838      -40.84280664    
  0.2278457147      -44.99083531    
  0.2315206456      -51.75737115    
  0.2351955765      -60.39103250    
  0.2388705074      -57.94199373    
  0.2425454382      -54.19400480    
  0.2462203691      -46.33099920    
  0.2498953000      -37.40925182    
  0.2535702309      -28.60653216    
  0.2572451618      -27.50227075    
  0.2609200927      -44.15179758    
  0.2645950235      -57.27273196    
  0.2682699544      -66.97846290    
  0.2719448853      -72.58732352    
  0.2756198162      -76.89385076    
  0.2792947471      -75.10740984    
  0.2829696779      -60.80060676    
  0.2866446088      -49.34021663    
  0.2903195397      -45.06403582    
  0.2939944706      -65.29741431    
  0.2976694015      -80.72836802    
  0.3013443324      -90.02165409    
  0.3050192632      -84.21144083    
  0.3086941941      -79.61354687    
  0.3123691250      -77.09438324    
  0.3160440559      -73.41641664    
  0.3197189868      -73.67497641    
  0.3233939177      -67.98184295    
  0.3270688485      -74.58362639    
  0.3307437794      -86.44538904    
  0.3344187103      -89.49479499    
  0.3380936412      -79.12964436    
  0.3417685721      -74.46572642    
  0.3454435030      -87.29857477    
  0.3491184338      -99.54366612    
  0.3527933647      -96.40588645    
  0.3564682956      -86.31979994    
  0.3601432265      -77.82433786    
  0.3638181574      -75.82988038    
  0.3674930882      -75.89457159    
  0.3711680191      -76.40359191    
  0.3748429500      -72.86710528    
  0.3785178809      -75.31829701    
  0.3821928118      -74.06220094    
  0.3858677427      -65.42187568    
  0.3895426735      -46.55911002    
  0.3932176044      -32.33360666    
  0.3968925353      -27.42773746    
  0.4005674662      -30.26605119    
  0.4042423971      -36.36465805    
  0.4079173280      -41.71485637    
  0.4115922588      -45.83294870    
  0.4152671897      -48.62830583    
  0.4189421206      -52.94477768    
  0.4226170515      -52.70364660    
  0.4262919824      -46.16532410    
  0.4299669132      -38.55503453    
  0.4336418441      -41.01524817    
  0.4373167750      -47.58340449    
  0.4409917059      -51.50362990    
  0.4446666368      -51.04351244    
  0.4483415677      -52.97584176    
  0.4520164985      -58.43727614    
  0.4556914294      -64.27619549    
  0.4593663603      -70.05883041    
  0.4630412912      -69.82385064    
  0.4667162221      -64.92003187    
  0.4703911530      -59.69326970    
  0.4740660838      -60.83710449    
  0.4777410147      -64.72575322    
  0.4814159456      -69.67652693    
  0.4850908765      -69.70625823    
  0.4887658074      -67.97907486    
  0.4924407382      -62.32213156    
  0.4961156691      -63.94535791    
  0.4997906000      -68.57349578    
  0.5034655309      -73.17907887    
  0.5071404618      -74.77923783    
  0.5108153927      -71.23834277    
  0.5144903235      -68.99834577    
  0.5181652544      -65.21119355    
  0.5218401853      -62.91880796    
  0.5255151162      -62.70330731    
  0.5291900471      -66.27219080    
  0.5328649780      -68.67335193    
  0.5365399088      -67.11984035    
  0.5402148397      -64.09401440    
  0.5438897706      -63.78019542    
  0.5475647015      -64.83073546    
  0.5512396324      -61.59504755    
  0.5549145632      -55.65893761    
  0.5585894941      -50.03459622    
  0.5622644250      -46.09858246    
  0.5659393559      -48.18941036    
  0.5696142868      -50.59938836    
  0.5732892177      -54.96035463    
  0.5769641485      -57.15965051    
  0.5806390794      -59.95552025    
  0.5843140103      -61.84653332    
  0.5879889412      -62.75877156    
  0.5916638721      -63.92126531    
  0.5953388030      -68.03679459    
  0.5990137338      -70.63582264    
  0.6026886647      -71.88074384    
  0.6063635956      -69.07103367    
  0.6100385265      -66.79658938    
  0.6137134574      -64.83288841    
  0.6173883883      -65.24318032    
  0.6210633191      -68.26070202    
  0.6247382500      -69.63039216    
  0.6284131809      -68.64167272    
  0.6320881118      -67.95877556    
  0.6357630427      -67.44145098    
  0.6394379735      -68.77730895    
  0.6431129044      -68.55094100    
  0.6467878353      -69.81124047    
  0.6504627662      -71.23926546    
  0.6541376971      -72.34885800    
  0.6578126280      -71.91170540    
  0.6614875588      -70.00234095    
  0.6651624897      -69.82015986    
  0.6688374206      -72.42923503    
  0.6725123515      -76.27533724    
  0.6761872824      -78.42573026    
  0.6798622133      -76.91343241    
  0.6835371441      -75.17999522    
  0.6872120750      -74.17784543    
  0.6908870059      -72.47629250    
  0.6945619368      -69.04202002    
  0.6982368677      -68.73424983    
  0.7019117985      -69.55503870    
  0.7055867294      -71.96798983    
  0.7092616603      -73.78826291    
  0.7129365912      -77.06865029    
  0.7166115221      -81.44120152    
  0.7202864530      -86.11045059    
  0.7239613838      -83.33303476    
  0.7276363147      -81.24661530    
  0.7313112456      -79.14963610    
  0.7349861765      -79.21258443    
  0.7386611074      -74.14985701    
  0.7423360383      -68.11973466    
  0.7460109691      -66.63245211    
  0.7496859000      -65.88250575    
  0.7533608309      -64.26768619    
  0.7570357618      -67.34405535    
  0.7607106927      -72.29513662    
  0.7643856235      -74.54897405    
  0.7680605544      -70.80498347    
  0.7717354853      -65.18402529    
  0.7754104162      -60.07618831    
  0.7790853471      -54.42693414    
  0.7827602780      -51.98394415    
  0.7864352088      -53.77346072    
  0.7901101397      -56.84183318    
  0.7937850706      -59.20096041    
  0.7974600015      -61.61483424    
  0.8011349324      -62.32664252    
  0.8048098633      -62.42393563    
  0.8084847941      -57.08101635    
  0.8121597250      -55.79826463    
  0.8158346559      -56.87597292    
  0.8195095868      -57.15021851    
  0.8231845177      -56.42415971    
  0.8268594486      -55.79857219    
  0.8305343794      -61.36673168    
  0.8342093103      -68.86158180    
  0.8378842412      -72.76335331    
  0.8415591721      -68.08887562    
  0.8452341030      -61.46187184    
  0.8489090338      -58.35566886    
  0.8525839647      -60.04389397    
  0.8562588956      -62.70628044    
  0.8599338265      -66.43314989    
  0.8636087574      -72.71014453    
  0.8672836883      -76.21966795    
  0.8709586191      -76.36176305    
  0.8746335500      -78.80454800    
  0.8783084809      -77.43629316    
  0.8819834118      -74.70470454    
  0.8856583427      -70.76448739    
  0.8893332736      -74.95957353    
  0.8930082044      -82.07837399    
  0.8966831353      -83.07775568    
  0.9003580662      -80.73226384    
  0.9040329971      -75.41446238    
  0.9077079280      -76.77636087    
  0.9113828588      -81.59119079    
  0.9150577897      -87.01161649    
  0.9187327206      -86.49080616    
  0.9224076515      -84.60645701    
  0.9260825824      -83.40654283    
  0.9297575133      -80.00774287    
  0.9334324441      -77.49719106    
  0.9371073750      -74.34557096    
  0.9407823059      -76.46079903    
  0.9444572368      -74.57839778    
  0.9481321677      -73.69558328    
  0.9518070986      -73.54969487    
  0.9554820294      -70.71240636    
  0.9591569603      -65.45499019    
  0.9628318912      -57.87740505    
  0.9665068221      -59.23674049    
  0.9701817530      -68.94175378    
  0.9738566838      -75.64154799    
  0.9775316147      -80.53501206    
  0.9812065456      -82.98722901    
  0.9848814765      -87.58327758    
  0.9885564074      -84.62839665    
  0.9922313383      -78.46345825    
  0.9959062691      -74.48059206    
  0.9995812000      -79.58976183    
   1.003256131      -85.66150799    
   1.006931062      -87.71963146    
   1.010605993      -83.43524891    
   1.014280924      -75.58270052    
   1.017955854      -70.85655189    
   1.021630785      -68.80611755    
   1.025305716      -73.20757991    
   1.028980647      -77.88943915    
   1.032655578      -79.84073499    
   1.036330509      -76.93065606    
   1.040005440      -76.14134136    
   1.043680371      -79.62338895    
   1.047355301      -81.48190264    
   1.051030232      -80.38533035    
   1.054705163      -75.53256740    
   1.058380094      -74.68348254    
   1.062055025      -75.25852685    
   1.065729956      -76.71156715    
   1.069404887      -79.34658032    
   1.073079818      -80.38779087    
   1.076754749      -80.56935684    
   1.080429679      -82.02444756    
   1.084104610      -81.39968022    
   1.087779541      -80.27388925    
   1.091454472      -72.92964353    
   1.095129403      -72.84342277    
   1.098804334      -75.76303622    
   1.102479265      -78.33930445    
   1.106154196      -77.65989303    
   1.109829126      -74.17210422    
   1.113504057      -73.13407183    
   1.117178988      -73.86423150    
   1.120853919      -75.58341817    
   1.124528850      -75.61673773    
   1.128203781      -75.21833834    
   1.131878712      -76.42163573    
   1.135553643      -76.86514468    
   1.139228574      -73.40257621    
   1.142903504      -70.61993177    
   1.146578435      -72.27206924    
   1.150253366      -78.11754997    
   1.153928297      -80.39363461    
   1.157603228      -80.72385706    
   1.161278159      -78.20161778    
   1.164953090      -76.05348025    
   1.168628021      -75.19168269    
   1.172302952      -75.90666915    
   1.175977882      -76.85776312    
   1.179652813      -74.55061440    
   1.183327744      -73.10146993    
   1.187002675      -72.05872155    
   1.190677606      -74.44183886    
   1.194352537      -74.03626294    
   1.198027468      -79.88071846    
   1.201702399      -83.74978554    
   1.205377329      -88.46373408    
   1.209052260      -84.49194025    
   1.212727191      -80.94315102    
   1.216402122      -79.15588992    
   1.220077053      -83.99224940    
   1.223751984      -87.44928169    
   1.227426915      -86.88161895    
   1.231101846      -83.92427750    
   1.234776777      -87.10388603    
   1.238451707      -91.14990559    
   1.242126638      -94.46679070    
   1.245801569      -94.45612844    
   1.249476500      -92.30214717    
   1.253151431      -91.48125578    
   1.256826362      -93.95079890    
   1.260501293      -97.83606440    
   1.264176224      -99.23630602    
   1.267851154      -96.19059085    
   1.271526085      -89.80174501    
   1.275201016      -89.78001041    
   1.278875947      -85.80749892    
   1.282550878      -85.20354348    
   1.286225809      -81.28577859    
   1.289900740      -79.85478047    
   1.293575671      -79.26528060    
   1.297250602      -80.60144613    
   1.300925532      -86.06667382    
   1.304600463      -88.09178529    
   1.308275394      -87.53088898    
   1.311950325      -87.29478147    
   1.315625256      -92.04051175    
   1.319300187      -90.14262972    
   1.322975118      -84.13475459    
   1.326650049      -78.44500434    
   1.330324979      -76.08546702    
   1.333999910      -74.58167848    
   1.337674841      -78.20643630    
   1.341349772      -81.17546523    
   1.345024703      -85.81467544    
   1.348699634      -80.79254661    
   1.352374565      -78.25390386    
   1.356049496      -75.02590508    
   1.359724427      -76.25114212    
   1.363399357      -81.28639372    
   1.367074288      -86.53478798    
   1.370749219      -87.62182574    
   1.374424150      -86.20179744    
   1.378099081      -86.10829764    
   1.381774012      -88.87925460    
   1.385448943      -91.93870768    
   1.389123874      -91.14303664    
   1.392798804      -92.61924684    
   1.396473735      -90.51785921    
   1.400148666      -87.37474841    
   1.403823597      -81.63373730    
   1.407498528      -79.69279616    
   1.411173459      -82.25419873    
   1.414848390      -82.40049722    
   1.418523321      -80.25328238    
   1.422198252      -79.09765759    
   1.425873182      -79.55931288    
   1.429548113      -81.44345699    
   1.433223044      -81.56556036    
   1.436897975      -84.77982123    
   1.440572906      -88.75551089    
   1.444247837      -90.51416842    
   1.447922768      -88.19153893    
   1.451597699      -85.73973206    
   1.455272629      -83.29971520    
   1.458947560      -84.06257930    
   1.462622491      -82.90367381    
   1.466297422      -84.72579228    
   1.469972353      -87.17800923    
   1.473647284      -90.79446280    
   1.477322215      -93.16978846    
   1.480997146      -94.37575141    
   1.484672077      -94.28307178    
   1.488347007      -91.64447035    
   1.492021938      -88.05374974    
   1.495696869      -85.19523923    
   1.499371800      -84.83702835    
   1.503046731      -86.94743789    
   1.506721662      -93.18567932    
   1.510396593      -95.77240476    
   1.514071524      -95.94576899    
   1.517746454      -90.19491580    
   1.521421385      -87.45799604    
   1.525096316      -86.48198930    
   1.528771247      -86.72445316    
   1.532446178      -87.34758015    
   1.536121109      -88.15842441    
   1.539796040      -86.65330308    
   1.543470971      -88.60439388    
   1.547145902      -87.56472115    
   1.550820832      -87.94907506    
   1.554495763      -85.95051671    
   1.558170694      -83.59067183    
   1.561845625      -83.53736054    
   1.565520556      -84.96241241    
   1.569195487      -87.36900719    
   1.572870418      -89.29477512    
   1.576545349      -89.32881233    
   1.580220279      -91.13862820    
   1.583895210      -91.07055378    
   1.587570141      -86.76043828    
   1.591245072      -85.63956835    
   1.594920003      -87.09917003    
   1.598594934      -92.57485493    
   1.602269865      -93.15666568    
   1.605944796      -92.54614885    
   1.609619727      -94.29886013    
   1.613294657      -96.31853795    
   1.616969588      -96.99569389    
   1.620644519      -93.40138502    
   1.624319450      -90.41697784    
   1.627994381      -87.41862770    
   1.631669312      -86.42273174    
   1.635344243      -88.67390360    
   1.639019174      -93.39677154    
   1.642694104      -94.37892959    
   1.646369035      -91.95695655    
   1.650043966      -88.09578364    
   1.653718897      -86.17883258    
   1.657393828      -88.42641618    
   1.661068759      -92.27446630    
   1.664743690      -96.13358877    
   1.668418621      -97.26030244    
   1.672093552      -94.63308092    
   1.675768482      -91.40713258    
   1.679443413      -91.43501848    
   1.683118344      -97.24113088    
   1.686793275      -101.9097648    
   1.690468206      -99.16413073    
   1.694143137      -93.83043840    
   1.697818068      -91.33352199    
   1.701492999      -91.25632313    
   1.705167929      -90.30748464    
   1.708842860      -87.40683770    
   1.712517791      -88.00013088    
   1.716192722      -85.52576924    
   1.719867653      -85.43114170    
   1.723542584      -87.11629116    
   1.727217515      -90.22926057    
   1.730892446      -90.51662894    
   1.734567377      -89.69399469    
   1.738242307      -92.59587189    
   1.741917238      -97.46186014    
   1.745592169      -96.67459587    
   1.749267100      -93.88139169    
   1.752942031      -91.78769319    
   1.756616962      -93.05506666    
   1.760291893      -94.57761667    
   1.763966824      -95.52399464    
   1.767641754      -95.30746878    
   1.771316685      -91.93891272    
   1.774991616      -89.81691823    
   1.778666547      -91.09228839    
   1.782341478      -93.67706591    
   1.786016409      -94.12057486    
   1.789691340      -92.24760561    
   1.793366271      -91.48392134    
   1.797041202      -94.47447983    
   1.800716132      -96.01937958    
   1.804391063      -99.02623902    
   1.808065994      -97.57873490    
   1.811740925      -94.91142739    
   1.815415856      -91.89595612    
   1.819090787      -91.63698627    
   1.822765718      -90.50299356    
   1.826440649      -88.65678248    
   1.830115579      -88.44897096    
   1.833790510      -90.68845534    
   1.837465441      -93.27753878    
   1.841140372      -94.70330830    
   1.844815303      -97.41634050    
   1.848490234      -96.36128951    
   1.852165165      -91.86212396    
   1.855840096      -91.43973448    
   1.859515027      -92.50349982    
   1.863189957      -94.20771832    
   1.866864888      -92.37145185    
   1.870539819      -91.76770146    
   1.874214750      -93.83587205    
   1.877889681      -91.92804542    
   1.881564612      -94.74011360    
   1.885239543      -95.86703231    
   1.888914474      -97.96124342    
   1.892589404      -97.94935090    
   1.896264335      -96.52327382    
   1.899939266      -96.37359211    
   1.903614197      -92.17143198    
   1.907289128      -93.88149422    
   1.910964059      -90.31968473    
   1.914638990      -88.34070802    
   1.918313921      -89.22547044    
   1.921988852      -93.39062024    
   1.925663782      -94.37462368    
   1.929338713      -88.70671055    
   1.933013644      -86.34163706    
   1.936688575      -91.55353359    
   1.940363506      -94.22658232    
   1.944038437      -93.23191662    
   1.947713368      -92.14918477    
   1.951388299      -92.74955194    
   1.955063229      -97.42208171    
   1.958738160      -95.29731913    
   1.962413091      -92.57331711    
   1.966088022      -90.48166904    
   1.969762953      -94.79557785    
   1.973437884      -97.80387259    
   1.977112815      -98.17202807    
   1.980787746      -94.99795571    
   1.984462677      -94.83474114    
   1.988137607      -94.89369113    
   1.991812538      -93.07444326    
   1.995487469      -90.13945155    
   1.999162400      -89.71706207    
   2.002837331      -93.61811593    
   2.006512262      -95.79188389    
   2.010187193      -95.77260981    
   2.013862124      -90.57434867    
   2.017537054      -86.49849529    
   2.021211985      -82.90962007    
   2.024886916      -86.57897484    
   2.028561847      -91.46813300    
   2.032236778      -95.83104719    
   2.035911709      -94.71099743    
   2.039586640      -93.98432350    
   2.043261571      -92.17286728    
   2.046936502      -98.24984205    
   2.050611432      -100.9724088    
   2.054286363      -101.2577267    
   2.057961294      -98.22944023    
   2.061636225      -99.16002986    
   2.065311156      -101.6899583    
   2.068986087      -99.23056480    
   2.072661018      -96.09104226    
   2.076335949      -94.62918510    
   2.080010879      -99.04602571    
   2.083685810      -102.4362138    
   2.087360741      -103.2870416    
   2.091035672      -101.9004354    
   2.094710603      -100.5974869    
   2.098385534      -102.3936673    
   2.102060465      -104.2119925    
   2.105735396      -103.1759080    
   2.109410327      -99.85953553    
   2.113085257      -93.49191169    
   2.116760188      -95.11154978    
   2.120435119      -105.1426847    
   2.124110050      -112.3562152    
   2.127784981      -112.1302573    
   2.131459912      -105.5312420    
   2.135134843      -100.1169676    
   2.138809774      -99.77187946    
   2.142484704      -100.9185849    
   2.146159635      -104.9913626    
   2.149834566      -108.2552440    
   2.153509497      -105.4851072    
   2.157184428      -102.4693284    
   2.160859359      -101.9585652    
   2.164534290      -104.6182861    
   2.168209221      -105.7000952    
   2.171884152      -105.3592105    
   2.175559082      -106.4777224    
   2.179234013      -107.6271959    
   2.182908944      -105.1719033    
   2.186583875      -102.8557327    
   2.190258806      -101.6626875    
   2.193933737      -100.2107749    
   2.197608668      -101.5829256    
   2.201283599      -101.6771431    
   2.204958529      -101.7978111    
   2.208633460      -100.9947585    
   2.212308391      -97.82499206    
   2.215983322      -96.35124238    
   2.219658253      -95.30962173    
   2.223333184      -98.08662748    
   2.227008115      -102.6040419    
   2.230683046      -102.7406008    
   2.234357977      -104.2605878    
   2.238032907      -103.0147439    
   2.241707838      -103.8219999    
   2.245382769      -104.1015766    
   2.249057700      -102.6838038    
   2.252732631      -102.0161824    
   2.256407562      -99.30356026    
   2.260082493      -100.5105484    
   2.263757424      -104.3875097    
   2.267432354      -110.5066209    
   2.271107285      -113.4561707    
   2.274782216      -112.1632693    
   2.278457147      -106.7553513    
   2.282132078      -101.7085147    
   2.285807009      -98.73425717    
   2.289481940      -99.62301793    
   2.293156871      -102.1306991    
   2.296831802      -103.6968209    
   2.300506732      -103.6925150    
   2.304181663      -103.3899734    
   2.307856594      -97.60569811    
   2.311531525      -97.68843313    
   2.315206456      -97.45509370    
   2.318881387      -98.51957669    
   2.322556318      -99.26029610    
   2.326231249      -99.60681950    
   2.329906179      -101.7207148    
   2.333581110      -101.7259434    
   2.337256041      -98.92894591    
   2.340930972      -102.1787818    
   2.344605903      -102.2314780    
   2.348280834      -105.0910137    
   2.351955765      -101.9480054    
   2.355630696      -100.1729444    
   2.359305627      -102.0983023    
   2.362980557      -104.8948897    
   2.366655488      -105.4183655    
   2.370330419      -103.2549523    
   2.374005350      -102.7707422    
   2.377680281      -104.9019637    
   2.381355212      -105.8765351    
   2.385030143      -105.0194535    
   2.388705074      -104.2506432    
   2.392380004      -106.7164955    
   2.396054935      -107.1794836    
   2.399729866      -107.6712803    
   2.403404797      -106.4375339    
   2.407079728      -104.2839627    
   2.410754659      -100.1105087    
   2.414429590      -98.08201400    
   2.418104521      -97.85195527    
   2.421779452      -101.3652720    
   2.425454382      -102.8021139    
   2.429129313      -105.4992552    
   2.432804244      -102.6749869    
   2.436479175      -98.87378922    
   2.440154106      -98.09175357    
   2.443829037      -101.0051132    
   2.447503968      -102.8409696    
   2.451178899      -102.9879857    
   2.454853829      -104.1022943    
   2.458528760      -105.7148584    
   2.462203691      -109.7486778    
   2.465878622      -107.5975672    
   2.469553553      -104.7242935    
   2.473228484      -97.55187421    
   2.476903415      -97.66311027    
   2.480578346      -102.2008240    
   2.484253277      -108.4890960    
   2.487928207      -112.2503102    
   2.491603138      -109.8860569    
   2.495278069      -104.8856627    
   2.498953000      -96.68546318    
   2.502627931      -88.33383907    
   2.506302862      -82.15793084    
   2.509977793      -76.16563900    
   2.513652724      -70.03258485    
   2.517327654      -61.83699880    
   2.521002585      -54.31375017    
   2.524677516      -48.26261087    
   2.528352447      -44.35099728    
   2.532027378      -39.92093137    
   2.535702309      -37.20718152    
   2.539377240      -31.72637053    
   2.543052171      -25.96864838    
   2.546727102      -19.37147842    
   2.550402032      -14.42419045    
   2.554076963      -11.05522430    
   2.557751894      -8.000692270    
   2.561426825      -5.743061540    
   2.565101756      -4.013315132    
   2.568776687      -2.641472037    
   2.572451618      -1.524087844    
   2.576126549     -0.7679901817    
   2.579801479     -0.2950575014    
   2.583476410     -0.2870608075E-01
   2.587151341     -0.8201737357E-03
   2.590826272       0.000000000    
   2.594501203       0.000000000    
   2.598176134       0.000000000    
   2.601851065       0.000000000    
   2.605525996       0.000000000    
   2.609200927       0.000000000    
   2.612875857       0.000000000    
   2.616550788       0.000000000    
   2.620225719       0.000000000    
   2.623900650       0.000000000    
   2.627575581       0.000000000    
   2.631250512       0.000000000    
   2.634925443       0.000000000    
   2.638600374       0.000000000    
   2.642275304       0.000000000    
   2.645950235       0.000000000    
   2.649625166       0.000000000    
   2.653300097       0.000000000    
   2.656975028       0.000000000    
   2.660649959       0.000000000    
   2.664324890       0.000000000    
   2.667999821       0.000000000    
   2.671674752       0.000000000    
   2.675349682       0.000000000    
   2.679024613       0.000000000    
   2.682699544       0.000000000    
   2.686374475       0.000000000    
   2.690049406       0.000000000    
   2.693724337       0.000000000    
   2.697399268       0.000000000    
   2.701074199       0.000000000    
   2.704749129       0.000000000    
   2.708424060       0.000000000    
   2.712098991       0.000000000    
   2.715773922       0.000000000    
   2.719448853       0.000000000    
   2.723123784       0.000000000    
   2.726798715       0.000000000    
   2.730473646       0.000000000    
   2.734148577       0.000000000    
   2.737823507       0.000000000    
   2.741498438       0.000000000    
   2.745173369       0.000000000    
   2.748848300       0.000000000    
   2.752523231       0.000000000    
   2.756198162       0.000000000    
   2.759873093       0.000000000    
   2.763548024       0.000000000    
   2.767222954       0.000000000    
   2.770897885       0.000000000    
   2.774572816       0.000000000    
   2.778247747       0.000000000    
   2.781922678       0.000000000    
   2.785597609       0.000000000    
   2.789272540       0.000000000    
   2.792947471       0.000000000    
   2.796622402       0.000000000    
   2.800297332       0.000000000    
   2.803972263       0.000000000    
   2.807647194       0.000000000    
   2.811322125       0.000000000    
   2.814997056       0.000000000    
   2.818671987       0.000000000    
   2.822346918       0.000000000    
   2.826021849       0.000000000    
   2.829696779       0.000000000    
   2.833371710       0.000000000    
   2.837046641       0.000000000    
   2.840721572       0.000000000    
   2.844396503       0.000000000    
   2.848071434       0.000000000    
   2.851746365       0.000000000    
   2.855421296       0.000000000    
   2.859096227       0.000000000    
   2.862771157       0.000000000    
   2.866446088       0.000000000    
   2.870121019       0.000000000    
   2.873795950       0.000000000    
   2.877470881       0.000000000    
   2.881145812       0.000000000    
   2.884820743       0.000000000    
   2.888495674       0.000000000    
   2.892170604       0.000000000    
   2.895845535       0.000000000    
   2.899520466       0.000000000    
   2.903195397       0.000000000    
   2.906870328       0.000000000    
   2.910545259       0.000000000    
   2.914220190       0.000000000    
   2.917895121       0.000000000    
   2.921570052       0.000000000    
   2.925244982       0.000000000    
   2.928919913       0.000000000    
   2.932594844       0.000000000    
   2.936269775       0.000000000    
   2.939944706       0.000000000    
   2.943619637       0.000000000    
   2.947294568       0.000000000    
   2.950969499       0.000000000    
   2.954644429       0.000000000    
   2.958319360       0.000000000    
   2.961994291       0.000000000    
   2.965669222       0.000000000    
   2.969344153       0.000000000    
   2.973019084       0.000000000    
   2.976694015       0.000000000    
   2.980368946       0.000000000    
   2.984043877       0.000000000    
   2.987718807       0.000000000    
   2.991393738       0.000000000    
   2.995068669       0.000000000    
   2.998743600       0.000000000    
   3.002418531       0.000000000    
   3.006093462       0.000000000    
   3.009768393       0.000000000    
   3.013443324       0.000000000    
   3.017118254       0.000000000    
   3.020793185       0.000000000    
   3.024468116       0.000000000    
   3.028143047       0.000000000    
   3.031817978       0.000000000    
   3.035492909       0.000000000    
   3.039167840       0.000000000    
   3.042842771       0.000000000    
   3.046517702       0.000000000    
   3.050192632       0.000000000    
   3.053867563       0.000000000    
   3.057542494       0.000000000    
   3.061217425       0.000000000    
   3.064892356       0.000000000    
   3.068567287       0.000000000    
   3.072242218       0.000000000    
   3.075917149       0.000000000    
   3.079592079       0.000000000    
   3.083267010       0.000000000    
   3.086941941       0.000000000    
   3.090616872       0.000000000    
   3.094291803       0.000000000    
   3.097966734       0.000000000    
   3.101641665       0.000000000    
   3.105316596       0.000000000    
   3.108991527       0.000000000    
   3.112666457       0.000000000    
   3.116341388       0.000000000    
   3.120016319       0.000000000    
   3.123691250       0.000000000    
   3.127366181       0.000000000    
   3.131041112       0.000000000    
   3.134716043       0.000000000    
   3.138390974       0.000000000    
   3.142065904       0.000000000    
   3.145740835       0.000000000    
   3.149415766       0.000000000    
   3.153090697       0.000000000    
   3.156765628       0.000000000    
   3.160440559       0.000000000    
   3.164115490       0.000000000    
   3.167790421       0.000000000    
   3.171465352       0.000000000    
   3.175140282       0.000000000    
   3.178815213       0.000000000    
   3.182490144       0.000000000    
   3.186165075       0.000000000    
   3.189840006       0.000000000    
   3.193514937       0.000000000    
   3.197189868       0.000000000    
   3.200864799       0.000000000    
   3.204539729       0.000000000    
   3.208214660       0.000000000    
   3.211889591       0.000000000    
   3.215564522       0.000000000    
   3.219239453       0.000000000    
   3.222914384       0.000000000    
   3.226589315       0.000000000    
   3.230264246       0.000000000    
   3.233939177       0.000000000    
   3.237614107       0.000000000    
   3.241289038       0.000000000    
   3.244963969       0.000000000    
   3.248638900       0.000000000    
   3.252313831       0.000000000    
   3.255988762       0.000000000    
   3.259663693       0.000000000    
   3.263338624       0.000000000    
   3.267013554       0.000000000    
   3.270688485       0.000000000    
   3.274363416       0.000000000    
   3.278038347       0.000000000    
   3.281713278       0.000000000    
   3.285388209       0.000000000    
   3.289063140       0.000000000    
   3.292738071       0.000000000    
   3.296413002       0.000000000    
   3.300087932       0.000000000    
   3.303762863       0.000000000    
   3.307437794       0.000000000    
     
