  -1.102479265       0.000000000    
  -1.098804334       0.000000000    
  -1.095129403       0.000000000    
  -1.091454472       0.000000000    
  -1.087779541       0.000000000    
  -1.084104610       0.000000000    
  -1.080429679       0.000000000    
  -1.076754749       0.000000000    
  -1.073079818       0.000000000    
  -1.069404887       0.000000000    
  -1.065729956       0.000000000    
  -1.062055025       0.000000000    
  -1.058380094       0.000000000    
  -1.054705163       0.000000000    
  -1.051030232       0.000000000    
  -1.047355301       0.000000000    
  -1.043680371       0.000000000    
  -1.040005440       0.000000000    
  -1.036330509       0.000000000    
  -1.032655578       0.000000000    
  -1.028980647       0.000000000    
  -1.025305716       0.000000000    
  -1.021630785       0.000000000    
  -1.017955854       0.000000000    
  -1.014280924       0.000000000    
  -1.010605993       0.000000000    
  -1.006931062       0.000000000    
  -1.003256131       0.000000000    
 -0.9995812000       0.000000000    
 -0.9959062691       0.000000000    
 -0.9922313383       0.000000000    
 -0.9885564074       0.000000000    
 -0.9848814765       0.000000000    
 -0.9812065456       0.000000000    
 -0.9775316147       0.000000000    
 -0.9738566838       0.000000000    
 -0.9701817530       0.000000000    
 -0.9665068221       0.000000000    
 -0.9628318912       0.000000000    
 -0.9591569603       0.000000000    
 -0.9554820294       0.000000000    
 -0.9518070986       0.000000000    
 -0.9481321677       0.000000000    
 -0.9444572368       0.000000000    
 -0.9407823059       0.000000000    
 -0.9371073750       0.000000000    
 -0.9334324441       0.000000000    
 -0.9297575133       0.000000000    
 -0.9260825824       0.000000000    
 -0.9224076515       0.000000000    
 -0.9187327206       0.000000000    
 -0.9150577897       0.000000000    
 -0.9113828588       0.000000000    
 -0.9077079280       0.000000000    
 -0.9040329971       0.000000000    
 -0.9003580662       0.000000000    
 -0.8966831353       0.000000000    
 -0.8930082044       0.000000000    
 -0.8893332736       0.000000000    
 -0.8856583427       0.000000000    
 -0.8819834118       0.000000000    
 -0.8783084809       0.000000000    
 -0.8746335500       0.000000000    
 -0.8709586191       0.000000000    
 -0.8672836883       0.000000000    
 -0.8636087574       0.000000000    
 -0.8599338265       0.000000000    
 -0.8562588956       0.000000000    
 -0.8525839647       0.000000000    
 -0.8489090338       0.000000000    
 -0.8452341030       0.000000000    
 -0.8415591721       0.000000000    
 -0.8378842412       0.000000000    
 -0.8342093103       0.000000000    
 -0.8305343794       0.000000000    
 -0.8268594486       0.000000000    
 -0.8231845177       0.000000000    
 -0.8195095868       0.000000000    
 -0.8158346559       0.000000000    
 -0.8121597250       0.000000000    
 -0.8084847941       0.000000000    
 -0.8048098633       0.000000000    
 -0.8011349324       0.000000000    
 -0.7974600015       0.000000000    
 -0.7937850706       0.000000000    
 -0.7901101397       0.000000000    
 -0.7864352088       0.000000000    
 -0.7827602780       0.000000000    
 -0.7790853471       0.000000000    
 -0.7754104162       0.000000000    
 -0.7717354853       0.000000000    
 -0.7680605544       0.000000000    
 -0.7643856235       0.000000000    
 -0.7607106927       0.000000000    
 -0.7570357618       0.000000000    
 -0.7533608309       0.000000000    
 -0.7496859000       0.000000000    
 -0.7460109691       0.000000000    
 -0.7423360383       0.000000000    
 -0.7386611074       0.000000000    
 -0.7349861765       0.000000000    
 -0.7313112456       0.000000000    
 -0.7276363147       0.000000000    
 -0.7239613838       0.000000000    
 -0.7202864530       0.000000000    
 -0.7166115221       0.000000000    
 -0.7129365912       0.000000000    
 -0.7092616603       0.000000000    
 -0.7055867294       0.000000000    
 -0.7019117985       0.000000000    
 -0.6982368677       0.000000000    
 -0.6945619368       0.000000000    
 -0.6908870059       0.000000000    
 -0.6872120750       0.000000000    
 -0.6835371441       0.000000000    
 -0.6798622133       0.000000000    
 -0.6761872824       0.000000000    
 -0.6725123515       0.000000000    
 -0.6688374206       0.000000000    
 -0.6651624897       0.000000000    
 -0.6614875588       0.000000000    
 -0.6578126280       0.000000000    
 -0.6541376971       0.000000000    
 -0.6504627662       0.000000000    
 -0.6467878353       0.000000000    
 -0.6431129044       0.000000000    
 -0.6394379735       0.000000000    
 -0.6357630427       0.000000000    
 -0.6320881118       0.000000000    
 -0.6284131809       0.000000000    
 -0.6247382500       5.266130513    
 -0.6210633191       24.06410245    
 -0.6173883883       55.65637457    
 -0.6137134574       103.3759279    
 -0.6100385265       143.4713512    
 -0.6063635956       172.8030195    
 -0.6026886647       188.8821155    
 -0.5990137338       345.3208236    
 -0.5953388030       497.1778361    
 -0.5916638721       428.1130563    
 -0.5879889412       212.7809529    
 -0.5843140103       0.000000000    
 -0.5806390794       0.000000000    
 -0.5769641485       0.000000000    
 -0.5732892177       0.000000000    
 -0.5696142868       0.000000000    
 -0.5659393559       0.000000000    
 -0.5622644250       0.000000000    
 -0.5585894941       0.000000000    
 -0.5549145632       0.000000000    
 -0.5512396324       0.000000000    
 -0.5475647015       0.000000000    
 -0.5438897706       0.000000000    
 -0.5402148397       0.000000000    
 -0.5365399088       0.000000000    
 -0.5328649780       0.000000000    
 -0.5291900471       0.000000000    
 -0.5255151162       0.000000000    
 -0.5218401853       0.000000000    
 -0.5181652544       0.000000000    
 -0.5144903235       0.000000000    
 -0.5108153927       0.000000000    
 -0.5071404618       0.000000000    
 -0.5034655309       0.000000000    
 -0.4997906000       0.000000000    
 -0.4961156691       0.000000000    
 -0.4924407382       0.000000000    
 -0.4887658074       0.000000000    
 -0.4850908765       0.000000000    
 -0.4814159456       0.000000000    
 -0.4777410147       0.000000000    
 -0.4740660838       0.000000000    
 -0.4703911530       0.000000000    
 -0.4667162221       0.000000000    
 -0.4630412912       0.000000000    
 -0.4593663603       0.000000000    
 -0.4556914294       0.000000000    
 -0.4520164985       0.000000000    
 -0.4483415677       0.000000000    
 -0.4446666368       0.000000000    
 -0.4409917059       0.000000000    
 -0.4373167750       0.000000000    
 -0.4336418441       0.000000000    
 -0.4299669132       0.000000000    
 -0.4262919824       0.000000000    
 -0.4226170515       0.000000000    
 -0.4189421206       0.000000000    
 -0.4152671897       0.000000000    
 -0.4115922588       0.000000000    
 -0.4079173280       0.000000000    
 -0.4042423971       0.000000000    
 -0.4005674662       0.000000000    
 -0.3968925353       0.000000000    
 -0.3932176044       0.000000000    
 -0.3895426735       0.000000000    
 -0.3858677427       0.000000000    
 -0.3821928118       0.000000000    
 -0.3785178809       0.000000000    
 -0.3748429500       0.000000000    
 -0.3711680191       0.000000000    
 -0.3674930882       0.000000000    
 -0.3638181574       0.000000000    
 -0.3601432265       0.000000000    
 -0.3564682956       0.000000000    
 -0.3527933647       0.000000000    
 -0.3491184338       0.000000000    
 -0.3454435030       0.000000000    
 -0.3417685721       0.000000000    
 -0.3380936412       0.000000000    
 -0.3344187103       0.000000000    
 -0.3307437794       0.000000000    
 -0.3270688485       0.000000000    
 -0.3233939177       0.000000000    
 -0.3197189868       0.000000000    
 -0.3160440559       0.000000000    
 -0.3123691250       0.000000000    
 -0.3086941941       0.000000000    
 -0.3050192632       0.000000000    
 -0.3013443324       0.000000000    
 -0.2976694015       0.000000000    
 -0.2939944706       0.000000000    
 -0.2903195397       0.000000000    
 -0.2866446088       0.000000000    
 -0.2829696779       0.000000000    
 -0.2792947471       0.000000000    
 -0.2756198162       0.000000000    
 -0.2719448853       0.000000000    
 -0.2682699544       0.000000000    
 -0.2645950235       0.000000000    
 -0.2609200927       0.000000000    
 -0.2572451618      0.9083424122E-01
 -0.2535702309       4.270439598    
 -0.2498953000       12.55419433    
 -0.2462203691       24.78442003    
 -0.2425454382       54.69082504    
 -0.2388705074       104.3265093    
 -0.2351955765       165.1489532    
 -0.2315206456       194.5907297    
 -0.2278457147       181.3067858    
 -0.2241707838       135.2470591    
 -0.2204958529       90.26791126    
 -0.2168209221       66.95078204    
 -0.2131459912       127.1496888    
 -0.2094710603       172.3203473    
 -0.2057961294       190.0553740    
 -0.2021211985       171.9381463    
 -0.1984462677       207.5691589    
 -0.1947713368       281.1149580    
 -0.1910964059       260.4402235    
 -0.1874214750       200.5542130    
 -0.1837465441       127.4016872    
 -0.1800716132       193.7605089    
 -0.1763966824       275.7887497    
 -0.1727217515       314.4494842    
 -0.1690468206       280.5510885    
 -0.1653718897       243.6131290    
 -0.1616969588       236.5003774    
 -0.1580220279       248.9432331    
 -0.1543470971       248.8421467    
 -0.1506721662       224.3045990    
 -0.1469972353       194.3120757    
 -0.1433223044       219.9304074    
 -0.1396473735       287.9828878    
 -0.1359724427       333.8748890    
 -0.1322975118       254.8324906    
 -0.1286225809       149.3739366    
 -0.1249476500       40.67057016    
 -0.1212727191       9.641142263    
 -0.1175977882      0.5901150028    
 -0.1139228574       0.000000000    
 -0.1102479265       0.000000000    
 -0.1065729956       0.000000000    
 -0.1028980647       0.000000000    
 -0.9922313383E-01   0.000000000    
 -0.9554820294E-01   0.000000000    
 -0.9187327206E-01   0.000000000    
 -0.8819834118E-01   0.000000000    
 -0.8452341030E-01   0.000000000    
 -0.8084847941E-01   0.000000000    
 -0.7717354853E-01   0.000000000    
 -0.7349861765E-01   0.000000000    
 -0.6982368677E-01   0.000000000    
 -0.6614875588E-01   0.000000000    
 -0.6247382500E-01   0.000000000    
 -0.5879889412E-01   0.000000000    
 -0.5512396324E-01   0.000000000    
 -0.5144903235E-01   0.000000000    
 -0.4777410147E-01   0.000000000    
 -0.4409917059E-01   0.000000000    
 -0.4042423971E-01   0.000000000    
 -0.3674930882E-01   0.000000000    
 -0.3307437794E-01   15.57468915    
 -0.2939944706E-01   54.77694328    
 -0.2572451618E-01   89.31856016    
 -0.2204958529E-01   120.1025511    
 -0.1837465441E-01   180.3242177    
 -0.1469972353E-01   232.9851127    
 -0.1102479265E-01   242.9576052    
 -0.7349861765E-02   377.4378018    
 -0.3674930882E-02   496.2879476    
   0.000000000       662.5129687    
  0.3674930882E-02   475.9168825    
  0.7349861765E-02   350.9051815    
  0.1102479265E-01   308.5432080    
  0.1469972353E-01   326.6360356    
  0.1837465441E-01   262.9048456    
  0.2204958529E-01   94.09504695    
  0.2572451618E-01   36.18257948    
  0.2939944706E-01   18.87281279    
  0.3307437794E-01   7.488391250    
  0.3674930882E-01   61.13575026    
  0.4042423971E-01   179.6783309    
  0.4409917059E-01   278.3604045    
  0.4777410147E-01   259.1576768    
  0.5144903235E-01   169.7255226    
  0.5512396324E-01   84.45821060    
  0.5879889412E-01   42.52518802    
  0.6247382500E-01   13.41476162    
  0.6614875588E-01   0.000000000    
  0.6982368677E-01   0.000000000    
  0.7349861765E-01   0.000000000    
  0.7717354853E-01   0.000000000    
  0.8084847941E-01   0.000000000    
  0.8452341030E-01   0.000000000    
  0.8819834118E-01   0.000000000    
  0.9187327206E-01   0.000000000    
  0.9554820294E-01   0.000000000    
  0.9922313383E-01   0.000000000    
  0.1028980647       0.000000000    
  0.1065729956      0.2200116046    
  0.1102479265       1.402702131    
  0.1139228574       2.997119874    
  0.1175977882       4.861579818    
  0.1212727191       6.179188924    
  0.1249476500       7.480804643    
  0.1286225809       8.715166115    
  0.1322975118       10.02498357    
  0.1359724427       11.51605942    
  0.1396473735       13.24867644    
  0.1433223044       15.14942907    
  0.1469972353       17.23923175    
  0.1506721662       23.68087627    
  0.1543470971       34.06899176    
  0.1580220279       48.03450005    
  0.1616969588       61.61698719    
  0.1653718897       75.84351577    
  0.1690468206       95.01630710    
  0.1727217515       117.1302414    
  0.1763966824       129.2733237    
  0.1800716132       126.3342311    
  0.1837465441       113.3935299    
  0.1874214750       105.9078042    
  0.1910964059       112.3728237    
  0.1947713368       115.6494178    
  0.1984462677       112.9010156    
  0.2021211985       100.4099746    
  0.2057961294       95.42536875    
  0.2094710603       99.33759747    
  0.2131459912       110.5432211    
  0.2168209221       115.3596914    
  0.2204958529       105.9637811    
  0.2241707838       86.05385861    
  0.2278457147       67.15295487    
  0.2315206456       68.11788927    
  0.2351955765       83.81560448    
  0.2388705074       116.4127945    
  0.2425454382       133.6639187    
  0.2462203691       135.2946292    
  0.2498953000       123.0590723    
  0.2535702309       115.0648389    
  0.2572451618       116.8604043    
  0.2609200927       112.5930403    
  0.2645950235       94.36426898    
  0.2682699544       79.26487051    
  0.2719448853       89.70855277    
  0.2756198162       141.4606953    
  0.2792947471       184.5181761    
  0.2829696779       188.6733813    
  0.2866446088       165.1590003    
  0.2903195397       143.6934133    
  0.2939944706       143.6415373    
  0.2976694015       140.8152186    
  0.3013443324       139.3957029    
  0.3050192632       146.4623198    
  0.3086941941       180.2436356    
  0.3123691250       183.4925488    
  0.3160440559       171.4302537    
  0.3197189868       157.0370248    
  0.3233939177       177.8259685    
  0.3270688485       194.0490050    
  0.3307437794       195.6266092    
  0.3344187103       173.8019911    
  0.3380936412       164.1715111    
  0.3417685721       153.9140083    
  0.3454435030       155.9785906    
  0.3491184338       152.9447680    
  0.3527933647       147.5070161    
  0.3564682956       151.6784197    
  0.3601432265       153.7009681    
  0.3638181574       130.8334992    
  0.3674930882       93.44792988    
  0.3711680191       63.18823503    
  0.3748429500       55.53744938    
  0.3785178809       61.58951137    
  0.3821928118       71.00818151    
  0.3858677427       84.21974509    
  0.3895426735       91.81660432    
  0.3932176044       95.12764569    
  0.3968925353       97.57258359    
  0.4005674662       97.42413215    
  0.4042423971       90.54923085    
  0.4079173280       77.74980458    
  0.4115922588       75.79553561    
  0.4152671897       87.48362647    
  0.4189421206       99.62916923    
  0.4226170515       103.7454162    
  0.4262919824       105.3082572    
  0.4299669132       113.4488916    
  0.4336418441       124.3096322    
  0.4373167750       136.9710643    
  0.4409917059       145.3835863    
  0.4446666368       135.9474875    
  0.4483415677       121.1894863    
  0.4520164985       113.5309090    
  0.4556914294       125.0506592    
  0.4593663603       135.6926185    
  0.4630412912       140.9788432    
  0.4667162221       136.0323754    
  0.4703911530       126.7369364    
  0.4740660838       121.8519816    
  0.4777410147       131.8232438    
  0.4814159456       144.4051190    
  0.4850908765       149.8797787    
  0.4887658074       144.6618334    
  0.4924407382       138.9444023    
  0.4961156691       131.8644576    
  0.4997906000       126.3401774    
  0.5034655309       126.2101798    
  0.5071404618       130.0569997    
  0.5108153927       132.6077400    
  0.5144903235       133.4190969    
  0.5181652544       133.7352739    
  0.5218401853       136.2667401    
  0.5255151162       136.4178571    
  0.5291900471       128.9606325    
  0.5328649780       115.3391871    
  0.5365399088       102.7796616    
  0.5402148397       93.79055745    
  0.5438897706       93.77763972    
  0.5475647015       97.46903666    
  0.5512396324       105.8384995    
  0.5549145632       112.1683954    
  0.5585894941       115.0096823    
  0.5622644250       116.8618396    
  0.5659393559       120.3565999    
  0.5696142868       128.4888275    
  0.5732892177       137.7912380    
  0.5769641485       141.6013551    
  0.5806390794       137.4354877    
  0.5843140103       135.2685887    
  0.5879889412       134.6153203    
  0.5916638721       134.0155682    
  0.5953388030       132.2337408    
  0.5990137338       135.3216949    
  0.6026886647       139.6729216    
  0.6063635956       139.0422080    
  0.6100385265       135.9136553    
  0.6137134574       131.3598457    
  0.6173883883       130.2302614    
  0.6210633191       130.9208477    
  0.6247382500       134.0846679    
  0.6284131809       140.0479461    
  0.6320881118       142.9150684    
  0.6357630427       146.0050729    
  0.6394379735       144.3762079    
  0.6431129044       141.4598751    
  0.6467878353       141.9679728    
  0.6504627662       147.1200991    
  0.6541376971       152.2679196    
  0.6578126280       153.7483332    
  0.6614875588       147.9802563    
  0.6651624897       144.9915432    
  0.6688374206       146.6724893    
  0.6725123515       148.8463598    
  0.6761872824       150.1992364    
  0.6798622133       146.2718345    
  0.6835371441       148.3739397    
  0.6872120750       151.1580195    
  0.6908870059       160.1713187    
  0.6945619368       175.2891711    
  0.6982368677       176.9654012    
  0.7019117985       165.0683711    
  0.7055867294       152.2539766    
  0.7092616603       153.2642256    
  0.7129365912       161.7487179    
  0.7166115221       158.3171110    
  0.7202864530       149.2160531    
  0.7239613838       135.3955105    
  0.7276363147       125.2979416    
  0.7313112456       123.7043440    
  0.7349861765       133.1732498    
  0.7386611074       141.3979520    
  0.7423360383       147.1239950    
  0.7460109691       141.7167946    
  0.7496859000       131.9587775    
  0.7533608309       120.6934862    
  0.7570357618       110.0211806    
  0.7607106927       103.9978246    
  0.7643856235       104.2510533    
  0.7680605544       112.4638630    
  0.7717354853       123.2688318    
  0.7754104162       131.9659541    
  0.7790853471       128.9753956    
  0.7827602780       118.5144897    
  0.7864352088       106.6867642    
  0.7901101397       99.25947592    
  0.7937850706       100.3211908    
  0.7974600015       100.1017943    
  0.8011349324       107.1216614    
  0.8048098633       115.9282768    
  0.8084847941       122.1611871    
  0.8121597250       131.5667345    
  0.8158346559       143.6593761    
  0.8195095868       151.4924453    
  0.8231845177       140.0290821    
  0.8268594486       120.0830719    
  0.8305343794       107.1632852    
  0.8342093103       112.7978787    
  0.8378842412       129.0004109    
  0.8415591721       148.9212007    
  0.8452341030       168.1632967    
  0.8489090338       174.5698788    
  0.8525839647       173.9734074    
  0.8562588956       157.4337839    
  0.8599338265       141.1834766    
  0.8636087574       128.3352500    
  0.8672836883       135.9427715    
  0.8709586191       155.0173470    
  0.8746335500       168.3921251    
  0.8783084809       167.7355761    
  0.8819834118       155.4901772    
  0.8856583427       146.0827844    
  0.8893332736       157.5426619    
  0.8930082044       170.0328827    
  0.8966831353       174.9639722    
  0.9003580662       167.0056214    
  0.9040329971       161.4870825    
  0.9077079280       165.1614608    
  0.9113828588       157.7351977    
  0.9150577897       150.3433819    
  0.9187327206       147.5709896    
  0.9224076515       150.0009594    
  0.9260825824       154.6878422    
  0.9297575133       152.9492789    
  0.9334324441       144.4112703    
  0.9371073750       130.3301176    
  0.9407823059       118.0125433    
  0.9444572368       117.6731965    
  0.9481321677       135.9725028    
  0.9518070986       146.2162677    
  0.9554820294       161.6201557    
  0.9591569603       168.0302235    
  0.9628318912       172.5643489    
  0.9665068221       163.5153721    
  0.9701817530       148.6784292    
  0.9738566838       145.2556392    
  0.9775316147       157.8506372    
  0.9812065456       173.9814041    
  0.9848814765       181.4199698    
  0.9885564074       173.3023003    
  0.9922313383       153.2010723    
  0.9959062691       135.8607541    
  0.9995812000       128.7227821    
   1.003256131       135.8388144    
   1.006931062       156.1147395    
   1.010605993       166.0462232    
   1.014280924       162.0368039    
   1.017955854       153.1047018    
   1.021630785       155.6029510    
   1.025305716       167.3324607    
   1.028980647       168.4493323    
   1.032655578       156.9304022    
   1.036330509       137.9692157    
   1.040005440       134.9280115    
   1.043680371       143.8338680    
   1.047355301       162.9307933    
   1.051030232       171.9805903    
   1.054705163       168.3820780    
   1.058380094       163.9588811    
   1.062055025       154.3072816    
   1.065729956       157.0405106    
   1.069404887       150.5660591    
   1.073079818       148.2299992    
   1.076754749       147.9363770    
   1.080429679       154.3886838    
   1.084104610       159.8446846    
   1.087779541       157.2422733    
   1.091454472       149.2029303    
   1.095129403       144.0774596    
   1.098804334       147.4284845    
   1.102479265       151.2685379    
   1.106154196       149.4260176    
   1.109829126       140.9624398    
   1.113504057       142.8287451    
   1.117178988       152.4801395    
   1.120853919       157.7284313    
   1.124528850       153.9070368    
   1.128203781       146.6710540    
   1.131878712       140.9466514    
   1.135553643       147.2326680    
   1.139228574       164.9074120    
   1.142903504       170.1825644    
   1.146578435       165.6283447    
   1.150253366       149.4342193    
   1.153928297       149.7460904    
   1.157603228       144.6813125    
   1.161278159       141.5099057    
   1.164953090       140.9911459    
   1.168628021       147.2466109    
   1.172302952       153.8672584    
   1.175977882       158.3741131    
   1.179652813       164.7659320    
   1.183327744       172.6992675    
   1.187002675       172.4581364    
   1.190677606       167.5516521    
   1.194352537       161.8994248    
   1.198027468       168.1639118    
   1.201702399       178.7843415    
   1.205377329       177.3949672    
   1.209052260       165.6537701    
   1.212727191       158.9426985    
   1.216402122       167.4868584    
   1.220077053       182.4915268    
   1.223751984       194.3311448    
   1.227426915       195.4646249    
   1.231101846       189.4459849    
   1.234776777       183.9327771    
   1.238451707       186.6196662    
   1.242126638       192.6862863    
   1.245801569       190.6834221    
   1.249476500       182.5159270    
   1.253151431       173.6309849    
   1.256826362       173.4489063    
   1.260501293       170.2541246    
   1.264176224       168.1466882    
   1.267851154       163.1682336    
   1.271526085       160.2660488    
   1.275201016       161.4005541    
   1.278875947       169.6670852    
   1.282550878       180.2907956    
   1.286225809       183.9333922    
   1.289900740       178.2940827    
   1.293575671       180.3625608    
   1.297250602       181.4927602    
   1.300925532       172.8594064    
   1.304600463       157.9027182    
   1.308275394       149.1973942    
   1.311950325       148.0393089    
   1.315625256       154.7891337    
   1.319300187       159.6880314    
   1.322975118       173.0779827    
   1.326650049       176.0595193    
   1.330324979       169.5083816    
   1.333999910       157.8479716    
   1.337674841       151.0688256    
   1.341349772       160.1973593    
   1.345024703       166.9002291    
   1.348699634       170.9650102    
   1.352374565       168.4745526    
   1.356049496       168.2518754    
   1.359724427       171.0822950    
   1.363399357       180.8046345    
   1.367074288       186.7264939    
   1.370749219       189.4578775    
   1.374424150       179.6338365    
   1.378099081       168.5918374    
   1.381774012       159.9031219    
   1.385448943       157.8727819    
   1.389123874       162.2996696    
   1.392798804       169.1827726    
   1.396473735       168.2248097    
   1.400148666       164.2875657    
   1.403823597       160.9066045    
   1.407498528       166.0427375    
   1.411173459       169.0745097    
   1.414848390       165.7884836    
   1.418523321       164.0187537    
   1.422198252       172.4833568    
   1.425873182       180.5907742    
   1.429548113       184.0293525    
   1.433223044       171.9084150    
   1.436897975       163.0499235    
   1.440572906       161.1721357    
   1.444247837       167.0371981    
   1.447922768       175.6543535    
   1.451597699       175.8294606    
   1.455272629       174.7974770    
   1.458947560       174.9984195    
   1.462622491       182.6297261    
   1.466297422       187.4900756    
   1.469972353       185.0031038    
   1.473647284       173.5641407    
   1.477322215       169.5118673    
   1.480997146       169.2584337    
   1.484672077       178.1872550    
   1.488347007       190.8724721    
   1.492021938       197.0565821    
   1.495696869       187.8222460    
   1.499371800       171.2694997    
   1.503046731       163.0819103    
   1.506721662       166.3498925    
   1.510396593       172.0072459    
   1.514071524       175.0195390    
   1.517746454       174.4698176    
   1.521421385       173.7417083    
   1.525096316       181.0724212    
   1.528771247       182.0139806    
   1.532446178       182.2643387    
   1.536121109       171.6705646    
   1.539796040       168.6738548    
   1.543470971       168.5448825    
   1.547145902       171.8674063    
   1.550820832       178.1444009    
   1.554495763       184.0205357    
   1.558170694       189.5554781    
   1.561845625       192.3988154    
   1.565520556       183.4954194    
   1.569195487       178.5961116    
   1.572870418       176.1839807    
   1.576545349       188.2397144    
   1.580220279       191.6639398    
   1.583895210       188.8199873    
   1.587570141       180.4099258    
   1.591245072       179.8643053    
   1.594920003       181.5581691    
   1.598594934       184.9405656    
   1.602269865       177.5247597    
   1.605944796       173.1056636    
   1.609619727       170.5333937    
   1.613294657       179.5073247    
   1.616969588       187.2448437    
   1.620644519       189.1474417    
   1.624319450       185.9524549    
   1.627994381       180.7396357    
   1.631669312       176.7978807    
   1.635344243       176.7650738    
   1.639019174       183.9288813    
   1.642694104       188.7383800    
   1.646369035       193.9805205    
   1.650043966       193.1238490    
   1.653718897       188.5835723    
   1.657393828       181.0607337    
   1.661068759       184.3385580    
   1.664743690       194.8595417    
   1.668418621       201.9171367    
   1.672093552       193.5706387    
   1.675768482       185.9331808    
   1.679443413       185.3559836    
   1.683118344       187.1695927    
   1.686793275       179.6502399    
   1.690468206       170.3617724    
   1.694143137       167.9494364    
   1.697818068       173.5216967    
   1.701492999       181.4234555    
   1.705167929       179.4784135    
   1.708842860       178.0994964    
   1.712517791       178.2973634    
   1.716192722       187.2405378    
   1.719867653       194.5534118    
   1.723542584       189.9676154    
   1.727217515       184.1562744    
   1.730892446       182.8956674    
   1.734567377       192.0793578    
   1.738242307       197.8283656    
   1.741917238       198.7707452    
   1.745592169       193.6040607    
   1.749267100       184.6881571    
   1.752942031       177.6643943    
   1.756616962       178.8253502    
   1.760291893       187.8089182    
   1.763966824       191.4929335    
   1.767641754       187.9788992    
   1.771316685       181.9539029    
   1.774991616       186.2717075    
   1.778666547       194.3176119    
   1.782341478       199.9261649    
   1.786016409       195.8636394    
   1.789691340       186.4638332    
   1.793366271       179.1558802    
   1.797041202       176.4788331    
   1.800716132       176.0299931    
   1.804391063       174.7341186    
   1.808065994       176.5038484    
   1.811740925       176.2133019    
   1.815415856       181.9274523    
   1.819090787       185.5944491    
   1.822765718       194.3627214    
   1.826440649       191.4640224    
   1.830115579       179.1737190    
   1.833790510       178.0718156    
   1.837465441       191.9926244    
   1.841140372       205.4795613    
   1.844815303       202.6483216    
   1.848490234       186.5882946    
   1.852165165       181.5745726    
   1.855840096       179.7541969    
   1.859515027       181.4587230    
   1.863189957       185.6055214    
   1.866864888       188.5212391    
   1.870539819       195.2134466    
   1.874214750       199.6879045    
   1.877889681       202.3555195    
   1.881564612       199.3793141    
   1.885239543       194.2220616    
   1.888914474       179.0207566    
   1.892589404       168.0552388    
   1.896264335       167.7940134    
   1.899939266       183.3635765    
   1.903614197       192.8613934    
   1.907289128       190.8855949    
   1.910964059       177.6324075    
   1.914638990       187.7389984    
   1.918313921       188.1599525    
   1.921988852       189.0762916    
   1.925663782       179.9742086    
   1.929338713       179.3756868    
   1.933013644       187.9341997    
   1.936688575       187.1880466    
   1.940363506       186.8794563    
   1.944038437       188.4945834    
   1.947713368       191.5218447    
   1.951388299       196.4590855    
   1.955063229       192.1531734    
   1.958738160       192.6354356    
   1.962413091       190.8659107    
   1.966088022       191.6711163    
   1.969762953       189.8691946    
   1.973437884       185.1347417    
   1.977112815       184.0108986    
   1.980787746       188.3561791    
   1.984462677       186.3732040    
   1.988137607       187.2249545    
   1.991812538       177.7613798    
   1.995487469       174.2733860    
   1.999162400       166.1860628    
   2.002837331       167.3230287    
   2.006512262       176.1770092    
   2.010187193       187.2698590    
   2.013862124       187.7912844    
   2.017537054       187.5097598    
   2.021211985       181.5952819    
   2.024886916       189.2200271    
   2.028561847       199.3471223    
   2.032236778       202.9546565    
   2.035911709       199.8183121    
   2.039586640       195.6573657    
   2.043261571       204.2755463    
   2.046936502       204.1213536    
   2.050611432       199.7594646    
   2.054286363       189.3871375    
   2.057961294       195.9760032    
   2.061636225       204.5451784    
   2.065311156       208.6115998    
   2.068986087       201.8601346    
   2.072661018       192.8025460    
   2.076335949       197.8806516    
   2.080010879       210.1075966    
   2.083685810       211.1984277    
   2.087360741       206.7633382    
   2.091035672       189.6918320    
   2.094710603       192.6071396    
   2.098385534       207.9730945    
   2.102060465       222.2824606    
   2.105735396       221.2088532    
   2.109410327       207.3645256    
   2.113085257       201.7533070    
   2.116760188       200.2778144    
   2.120435119       203.3446491    
   2.124110050       208.6312839    
   2.127784981       214.5586795    
   2.131459912       212.3942410    
   2.135134843       203.4572179    
   2.138809774       198.4231966    
   2.142484704       201.2802718    
   2.146159635       204.3639200    
   2.149834566       210.1584474    
   2.153509497       210.7495876    
   2.157184428       217.6224385    
   2.160859359       214.2123611    
   2.164534290       209.8709765    
   2.168209221       203.9115942    
   2.171884152       202.4707539    
   2.175559082       202.4399974    
   2.179234013       204.1689237    
   2.182908944       203.7828269    
   2.186583875       200.3680335    
   2.190258806       195.6846365    
   2.193933737       190.2200239    
   2.197608668       190.8737024    
   2.201283599       193.1289751    
   2.204958529       203.7200836    
   2.208633460       207.9267547    
   2.212308391       209.5978587    
   2.215983322       209.3349930    
   2.219658253       207.5347116    
   2.223333184       208.1436906    
   2.227008115       204.6032057    
   2.230683046       210.5027153    
   2.234357977       208.7832211    
   2.238032907       207.4539245    
   2.241707838       207.4779146    
   2.245382769       217.8633645    
   2.249057700       224.5871488    
   2.252732631       218.6816929    
   2.256407562       207.3891308    
   2.260082493       203.0594336    
   2.263757424       202.0284753    
   2.267432354       204.4766939    
   2.271107285       203.5433362    
   2.274782216       205.5287717    
   2.278457147       206.9007173    
   2.282132078       208.4233699    
   2.285807009       201.5857865    
   2.289481940       197.4666689    
   2.293156871       197.3682481    
   2.296831802       196.1806365    
   2.300506732       197.5819034    
   2.304181663       200.3245643    
   2.307856594       205.6384700    
   2.311531525       205.9638739    
   2.315206456       197.9150989    
   2.318881387       198.6179878    
   2.322556318       200.5583138    
   2.326231249       204.7608841    
   2.329906179       207.2173044    
   2.333581110       205.3501789    
   2.337256041       209.4881604    
   2.340930972       209.7536917    
   2.344605903       210.0534652    
   2.348280834       205.6550785    
   2.351955765       204.8301887    
   2.355630696       210.8857365    
   2.359305627       217.6298201    
   2.362980557       216.8231792    
   2.366655488       209.1010384    
   2.370330419       205.4039003    
   2.374005350       207.2517517    
   2.377680281       212.4323791    
   2.381355212       213.9734855    
   2.385030143       211.2312347    
   2.388705074       202.0637427    
   2.392380004       197.9860440    
   2.396054935       197.6290633    
   2.399729866       203.9189757    
   2.403404797       209.1699330    
   2.407079728       209.3975312    
   2.410754659       205.5084724    
   2.414429590       196.5222389    
   2.418104521       197.6833999    
   2.421779452       203.0707110    
   2.425454382       210.1906392    
   2.429129313       210.8123309    
   2.432804244       209.4834444    
   2.436479175       208.8441190    
   2.440154106       216.5570328    
   2.443829037       214.2301999    
   2.447503968       208.6394857    
   2.451178899       194.6026223    
   2.454853829       192.8371983    
   2.458528760       203.1828698    
   2.462203691       219.9142090    
   2.465878622       231.6221890    
   2.469553553       225.6605512    
   2.473228484       215.3265672    
   2.476903415       198.5831304    
   2.480578346       182.6079915    
   2.484253277       166.6537669    
   2.487928207       153.9742910    
   2.491603138       139.5250853    
   2.495278069       125.5128271    
   2.498953000       109.0461990    
   2.502627931       97.48236448    
   2.506302862       88.14878737    
   2.509977793       83.00588796    
   2.513652724       77.34750936    
   2.517327654       64.72442044    
   2.521002585       50.11548586    
   2.524677516       36.16228018    
   2.528352447       27.17235586    
   2.532027378       20.13526521    
   2.535702309       14.76784324    
   2.539377240       10.71659507    
   2.543052171       7.503974551    
   2.546727102       4.661867513    
   2.550402032       1.996097829    
   2.554076963      0.6366598623    
   2.557751894      0.6786937663E-01
   2.561426825       0.000000000    
   2.565101756       0.000000000    
   2.568776687       0.000000000    
   2.572451618       0.000000000    
   2.576126549       0.000000000    
   2.579801479       0.000000000    
   2.583476410       0.000000000    
   2.587151341       0.000000000    
   2.590826272       0.000000000    
   2.594501203       0.000000000    
   2.598176134       0.000000000    
   2.601851065       0.000000000    
   2.605525996       0.000000000    
   2.609200927       0.000000000    
   2.612875857       0.000000000    
   2.616550788       0.000000000    
   2.620225719       0.000000000    
   2.623900650       0.000000000    
   2.627575581       0.000000000    
   2.631250512       0.000000000    
   2.634925443       0.000000000    
   2.638600374       0.000000000    
   2.642275304       0.000000000    
   2.645950235       0.000000000    
   2.649625166       0.000000000    
   2.653300097       0.000000000    
   2.656975028       0.000000000    
   2.660649959       0.000000000    
   2.664324890       0.000000000    
   2.667999821       0.000000000    
   2.671674752       0.000000000    
   2.675349682       0.000000000    
   2.679024613       0.000000000    
   2.682699544       0.000000000    
   2.686374475       0.000000000    
   2.690049406       0.000000000    
   2.693724337       0.000000000    
   2.697399268       0.000000000    
   2.701074199       0.000000000    
   2.704749129       0.000000000    
   2.708424060       0.000000000    
   2.712098991       0.000000000    
   2.715773922       0.000000000    
   2.719448853       0.000000000    
   2.723123784       0.000000000    
   2.726798715       0.000000000    
   2.730473646       0.000000000    
   2.734148577       0.000000000    
   2.737823507       0.000000000    
   2.741498438       0.000000000    
   2.745173369       0.000000000    
   2.748848300       0.000000000    
   2.752523231       0.000000000    
   2.756198162       0.000000000    
   2.759873093       0.000000000    
   2.763548024       0.000000000    
   2.767222954       0.000000000    
   2.770897885       0.000000000    
   2.774572816       0.000000000    
   2.778247747       0.000000000    
   2.781922678       0.000000000    
   2.785597609       0.000000000    
   2.789272540       0.000000000    
   2.792947471       0.000000000    
   2.796622402       0.000000000    
   2.800297332       0.000000000    
   2.803972263       0.000000000    
   2.807647194       0.000000000    
   2.811322125       0.000000000    
   2.814997056       0.000000000    
   2.818671987       0.000000000    
   2.822346918       0.000000000    
   2.826021849       0.000000000    
   2.829696779       0.000000000    
   2.833371710       0.000000000    
   2.837046641       0.000000000    
   2.840721572       0.000000000    
   2.844396503       0.000000000    
   2.848071434       0.000000000    
   2.851746365       0.000000000    
   2.855421296       0.000000000    
   2.859096227       0.000000000    
   2.862771157       0.000000000    
   2.866446088       0.000000000    
   2.870121019       0.000000000    
   2.873795950       0.000000000    
   2.877470881       0.000000000    
   2.881145812       0.000000000    
   2.884820743       0.000000000    
   2.888495674       0.000000000    
   2.892170604       0.000000000    
   2.895845535       0.000000000    
   2.899520466       0.000000000    
   2.903195397       0.000000000    
   2.906870328       0.000000000    
   2.910545259       0.000000000    
   2.914220190       0.000000000    
   2.917895121       0.000000000    
   2.921570052       0.000000000    
   2.925244982       0.000000000    
   2.928919913       0.000000000    
   2.932594844       0.000000000    
   2.936269775       0.000000000    
   2.939944706       0.000000000    
   2.943619637       0.000000000    
   2.947294568       0.000000000    
   2.950969499       0.000000000    
   2.954644429       0.000000000    
   2.958319360       0.000000000    
   2.961994291       0.000000000    
   2.965669222       0.000000000    
   2.969344153       0.000000000    
   2.973019084       0.000000000    
   2.976694015       0.000000000    
   2.980368946       0.000000000    
   2.984043877       0.000000000    
   2.987718807       0.000000000    
   2.991393738       0.000000000    
   2.995068669       0.000000000    
   2.998743600       0.000000000    
   3.002418531       0.000000000    
   3.006093462       0.000000000    
   3.009768393       0.000000000    
   3.013443324       0.000000000    
   3.017118254       0.000000000    
   3.020793185       0.000000000    
   3.024468116       0.000000000    
   3.028143047       0.000000000    
   3.031817978       0.000000000    
   3.035492909       0.000000000    
   3.039167840       0.000000000    
   3.042842771       0.000000000    
   3.046517702       0.000000000    
   3.050192632       0.000000000    
   3.053867563       0.000000000    
   3.057542494       0.000000000    
   3.061217425       0.000000000    
   3.064892356       0.000000000    
   3.068567287       0.000000000    
   3.072242218       0.000000000    
   3.075917149       0.000000000    
   3.079592079       0.000000000    
   3.083267010       0.000000000    
   3.086941941       0.000000000    
   3.090616872       0.000000000    
   3.094291803       0.000000000    
   3.097966734       0.000000000    
   3.101641665       0.000000000    
   3.105316596       0.000000000    
   3.108991527       0.000000000    
   3.112666457       0.000000000    
   3.116341388       0.000000000    
   3.120016319       0.000000000    
   3.123691250       0.000000000    
   3.127366181       0.000000000    
   3.131041112       0.000000000    
   3.134716043       0.000000000    
   3.138390974       0.000000000    
   3.142065904       0.000000000    
   3.145740835       0.000000000    
   3.149415766       0.000000000    
   3.153090697       0.000000000    
   3.156765628       0.000000000    
   3.160440559       0.000000000    
   3.164115490       0.000000000    
   3.167790421       0.000000000    
   3.171465352       0.000000000    
   3.175140282       0.000000000    
   3.178815213       0.000000000    
   3.182490144       0.000000000    
   3.186165075       0.000000000    
   3.189840006       0.000000000    
   3.193514937       0.000000000    
   3.197189868       0.000000000    
   3.200864799       0.000000000    
   3.204539729       0.000000000    
   3.208214660       0.000000000    
   3.211889591       0.000000000    
   3.215564522       0.000000000    
   3.219239453       0.000000000    
   3.222914384       0.000000000    
   3.226589315       0.000000000    
   3.230264246       0.000000000    
   3.233939177       0.000000000    
   3.237614107       0.000000000    
   3.241289038       0.000000000    
   3.244963969       0.000000000    
   3.248638900       0.000000000    
   3.252313831       0.000000000    
   3.255988762       0.000000000    
   3.259663693       0.000000000    
   3.263338624       0.000000000    
   3.267013554       0.000000000    
   3.270688485       0.000000000    
   3.274363416       0.000000000    
   3.278038347       0.000000000    
   3.281713278       0.000000000    
   3.285388209       0.000000000    
   3.289063140       0.000000000    
   3.292738071       0.000000000    
   3.296413002       0.000000000    
   3.300087932       0.000000000    
   3.303762863       0.000000000    
   3.307437794       0.000000000    
     
