    -3923.40310179    
    -3949.52716788    
    -3943.65258060    
    -3949.57472544    
    -3945.35602850    
    -3943.27420849    
    -3943.28203318    
    -3942.94237752    
    -3942.78867154    
    -3942.93035633    
    -3942.97007862    
    -3942.96962695    
    -3942.96659274    
    -3942.96104011    
    -3942.95976878    
    -3942.96250098    
    -3942.96045322    
    -3942.96264216    
    -3942.96213933    
    -3942.96203797    
    -3942.96206917    
    -3942.96213510    
    -3942.96213861    
    -3942.96213935    
    -3942.96214031    
    -3942.96214034    
 
