### feff starts at Fri Feb  5 16:19:05 UTC 2021
### Serial version
### FeffPath is /content/drive/MyDrive/_others/Colab-stuff/FEFF-on-colab-1/bin
 
Launching FEFF version FEFF 9.9.1
Core hole lifetime is   1.576 eV.
Your calculation:
 xx
Ni K edge EXAFS using FSR corehole.
Using:     * Self-Consistent Field potentials
Using cards:   ATOMS CONTROL EXCHANGE TITLE RPATH PRINT POTENTIALS EXAFS EDGE SCF S02

Calculating atomic potentials ...
    overlapped atomic potential and density for unique potential    0
    overlapped atomic potential and density for unique potential    1
    overlapped atomic potential and density for unique potential    2
    overlapped atomic potential and density for unique potential    3
    overlapped atomic potential and density for unique potential    4
Done with module: atomic potentials.

Calculating SCF potentials ...
FEFF-serial using 1 thread.
Muffin tin radii and interstitial parameters [bohr]:
type, norman radius, muffin tin, overlap factor
    0  1.52735E+00  1.32020E+00  1.15000E+00
    1  1.51912E+00  1.30191E+00  1.15000E+00
    2  1.49711E+00  1.27989E+00  1.15000E+00
    3  2.16968E+00  2.06140E+00  1.13968E+00
    4  1.58166E+00  1.37415E+00  1.15000E+00
Core-valence separation energy:  ecv=   -41.000 eV
Initial Fermi level:              mu=    -1.662 eV
SCF ITERATION NUMBER  1
     point #   1  energy = -41.000
FMS for a cluster of   12 atoms around atom type   0
FMS for a cluster of   12 atoms around atom type   1
FMS for a cluster of   12 atoms around atom type   2
FMS for a cluster of   12 atoms around atom type   3
FMS for a cluster of   12 atoms around atom type   4
     point #  20  energy = -29.893
     point #  40  energy =  -9.643
     point #  60  energy =  -8.043
     point #  80  energy =  -7.456
     point # 100  energy =  -7.171
New Fermi level:    mu=  -7.027 eV  Charge distance=  0.3151 (partial c.d.= 10.1514)
SCF ITERATION NUMBER  2
     point #   1  energy = -41.000
     point #  20  energy = -30.009
     point #  40  energy = -10.024
     point #  60  energy =  -7.014
     point #  80  energy =  -6.695
New Fermi level:    mu=  -6.566 eV  Charge distance=  0.3917 (partial c.d.=  6.9412)
SCF ITERATION NUMBER  3
     point #   1  energy = -41.000
     point #  20  energy = -29.860
     point #  40  energy =  -9.604
     point #  60  energy =  -6.578
     point #  80  energy =  -8.085
     point # 100  energy =  -7.500
New Fermi level:    mu=  -7.290 eV  Charge distance=  0.0644 (partial c.d.=  7.0284)
SCF ITERATION NUMBER  4
     point #   1  energy = -41.000
     point #  20  energy = -29.763
     point #  40  energy =  -9.333
     point #  60  energy =  -7.265
New Fermi level:    mu=  -7.270 eV  Charge distance=  0.2054 (partial c.d.=  0.0267)
SCF ITERATION NUMBER  5
     point #   1  energy = -41.000
     point #  20  energy = -29.757
     point #  40  energy =  -9.314
     point #  60  energy =  -7.245
New Fermi level:    mu=  -7.156 eV  Charge distance=  0.1035 (partial c.d.=  0.0379)
SCF ITERATION NUMBER  6
     point #   1  energy = -41.000
     point #  20  energy = -29.719
     point #  40  energy =  -9.207
     point #  60  energy =  -7.181
New Fermi level:    mu=  -7.189 eV  Charge distance=  0.4501 (partial c.d.=  0.0843)
SCF ITERATION NUMBER  7
     point #   1  energy = -41.000
     point #  20  energy = -29.730
     point #  40  energy =  -9.238
     point #  60  energy =  -7.177
     point #  80  energy =  -6.749
New Fermi level:    mu=  -6.519 eV  Charge distance=  0.3777 (partial c.d.=  7.1549)
SCF ITERATION NUMBER  8
     point #   1  energy = -41.000
     point #  20  energy = -29.844
     point #  40  energy =  -9.562
     point #  60  energy =  -6.532
     point #  80  energy =  -7.657
     point # 100  energy =  -7.307
New Fermi level:    mu=  -7.220 eV  Charge distance=  0.0508 (partial c.d.=  7.1151)
SCF ITERATION NUMBER  9
     point #   1  energy = -41.000
     point #  20  energy = -29.740
     point #  40  energy =  -9.267
New Fermi level:    mu=  -7.224 eV  Charge distance=  0.6063 (partial c.d.=  0.0335)
SCF ITERATION NUMBER 10
     point #   1  energy = -41.000
     point #  20  energy = -29.741
     point #  40  energy =  -9.271
     point #  60  energy =  -7.211
     point #  80  energy =  -6.745
     point # 100  energy =  -6.495
New Fermi level:    mu=  -6.412 eV  Charge distance=  0.5240 (partial c.d.=  8.6030)
SCF ITERATION NUMBER 11
     point #   1  energy = -41.000
     point #  20  energy = -29.810
     point #  40  energy =  -9.464
     point #  60  energy =  -6.425
     point #  80  energy =  -7.740
     point # 100  energy =  -7.340
New Fermi level:    mu=  -7.232 eV  Charge distance=  0.0622 (partial c.d.=  8.5347)
SCF ITERATION NUMBER 12
     point #   1  energy = -41.000
     point #  20  energy = -29.744
     point #  40  energy =  -9.279
     point #  60  energy =  -7.207
New Fermi level:    mu=  -7.218 eV  Charge distance=  0.3801 (partial c.d.=  0.0678)
SCF ITERATION NUMBER 13
     point #   1  energy = -41.000
     point #  20  energy = -29.739
     point #  40  energy =  -9.265
     point #  60  energy =  -7.206
     point #  80  energy =  -6.756
New Fermi level:    mu=  -6.587 eV  Charge distance=  0.3266 (partial c.d.=  5.8864)
SCF ITERATION NUMBER 14
     point #   1  energy = -41.000
     point #  20  energy = -29.867
     point #  40  energy =  -9.624
     point #  60  energy =  -6.600
     point #  80  energy =  -7.612
     point # 100  energy =  -7.266
New Fermi level:    mu=  -7.210 eV  Charge distance=  0.0420 (partial c.d.=  5.8080)
SCF ITERATION NUMBER 15
     point #   1  energy = -41.000
     point #  20  energy = -29.737
     point #  40  energy =  -9.258
     point #  60  energy =  -7.185
New Fermi level:    mu=  -7.191 eV  Charge distance=  0.2136 (partial c.d.=  0.0824)
SCF ITERATION NUMBER 16
     point #   1  energy = -41.000
     point #  20  energy = -29.730
     point #  40  energy =  -9.240
     point #  60  energy =  -7.178
     point #  80  energy =  -6.878
New Fermi level:    mu=  -6.890 eV  Charge distance=  0.1628 (partial c.d.=  2.6255)
SCF ITERATION NUMBER 17
     point #   1  energy = -41.000
     point #  20  energy = -29.965
     point #  40  energy =  -9.900
     point #  60  energy =  -6.903
     point #  80  energy =  -7.400
New Fermi level:    mu=  -7.174 eV  Charge distance=  0.0307 (partial c.d.=  2.4707)
SCF ITERATION NUMBER 18
     point #   1  energy = -41.000
     point #  20  energy = -29.725
     point #  40  energy =  -9.224
     point #  60  energy =  -7.149
New Fermi level:    mu=  -7.151 eV  Charge distance=  0.0491 (partial c.d.=  0.1570)
SCF ITERATION NUMBER 19
     point #   1  energy = -41.000
     point #  20  energy = -29.717
     point #  40  energy =  -9.203
     point #  60  energy =  -7.126
New Fermi level:    mu=  -7.099 eV  Charge distance=  0.0192 (partial c.d.=  0.4703)
SCF ITERATION NUMBER 20
     point #   1  energy = -41.000
     point #  20  energy = -29.700
     point #  40  energy =  -9.154
     point #  60  energy =  -7.124
New Fermi level:    mu=  -7.128 eV  Charge distance=  0.0051 (partial c.d.=  0.2515)
SCF ITERATION NUMBER 21
     point #   1  energy = -41.000
     point #  20  energy = -29.709
     point #  40  energy =  -9.181
New Fermi level:    mu=  -7.124 eV  Charge distance=  0.0033 (partial c.d.=  0.0363)
SCF ITERATION NUMBER 22
     point #   1  energy = -41.000
     point #  20  energy = -29.708
     point #  40  energy =  -9.177
New Fermi level:    mu=  -7.124 eV  Charge distance=  0.0025 (partial c.d.=  0.0140)
SCF ITERATION NUMBER 23
     point #   1  energy = -41.000
     point #  20  energy = -29.708
     point #  40  energy =  -9.177
New Fermi level:    mu=  -7.123 eV  Charge distance=  0.0009 (partial c.d.=  0.0065)
SCF ITERATION NUMBER 24
     point #   1  energy = -41.000
     point #  20  energy = -29.708
     point #  40  energy =  -9.177
New Fermi level:    mu=  -7.124 eV  Charge distance=  0.0013 (partial c.d.=  0.0014)
SCF ITERATION NUMBER 25
     point #   1  energy = -41.000
     point #  20  energy = -29.708
     point #  40  energy =  -9.177
New Fermi level:    mu=  -7.123 eV  Charge distance=  0.0003 (partial c.d.=  0.0038)
SCF ITERATION NUMBER 26
     point #   1  energy = -41.000
     point #  20  energy = -29.708
     point #  40  energy =  -9.177
New Fermi level:    mu=  -7.123 eV  Charge distance=  0.0000 (partial c.d.=  0.0008)
SCF ITERATION NUMBER 27
     point #   1  energy = -41.000
     point #  20  energy = -29.708
     point #  40  energy =  -9.177
New Fermi level:    mu=  -7.123 eV  Charge distance=  0.0000 (partial c.d.=  0.0004)
SCF ITERATION NUMBER 28
     point #   1  energy = -41.000
     point #  20  energy = -29.708
     point #  40  energy =  -9.177
New Fermi level:    mu=  -7.123 eV  Charge distance=  0.0000 (partial c.d.=  0.0001)
Electronic configuration
  type     l     N_el
     0     0    0.638
     0     1    0.797
     0     2    9.964
     0     3    0.000
     1     0    0.628
     1     1    0.779
     1     2    9.115
     1     3    0.000
     2     0    0.790
     2     1    0.847
     2     2   10.237
     2     3    0.000
     3     0    2.165
     3     1    6.212
     3     2    0.247
     3     3    0.000
     4     0    1.963
     4     1    5.059
     4     2    0.121
     4     3    0.000
Charge transfer:  type  charge
       0    0.399
       1    0.522
       2   -0.126
       3   -0.375
       4    0.143
Convergence reached in   28 iterations.
Done with module: potentials.

Calculating cross-section and phases ...
    absorption cross section
 x0,dx,rnrm,inrm,jnrm   8.8000000000000007        5.0000000000000003E-002   2.8862822740001031              198         199
    phase shifts for unique potential    0
    phase shifts for unique potential    1
    phase shifts for unique potential    2
    phase shifts for unique potential    3
      Phase shift calculation is accurate to k=17
      See FEFF document to increase the range.
    phase shifts for unique potential    4
Done with module: cross-section and phases (XSPH).

FMS calculation of full Green's function ...
FEFF-serial using 1 thread.
Using    80 energy points.
xprep done
Done with module: FMS.

MKGTR: Tracing over Green's function ...
Done with module: MKGTR.

Pathfinder: finding scattering paths...
Preparing plane wave scattering amplitudes
Searching for paths
    Rmax  5.0000  keep and heap limits   0.0000000   0.0000000
    Preparing neighbor table
    Paths found       56   (maxheap, maxscatt      15   4)
Eliminating path degeneracies
    Unique paths     33,  total paths      50
Done with module: pathfinder.

Calculating EXAFS parameters ...
Done with module: EXAFS parameters (GENFMT).

Calculating XAS spectra ...
 feffdt, feff.bin to feff.dat conversion FEFF 9.9.1
 # xx                                                               FEFF 9.9.1
 # POT  SCF 100  5.0000   0, core-hole, AFOLP (folp(0)= 1.150)
 # Abs   Z=28 Rmt= 1.320 Rnm= 1.527 K  shell
 # Pot 1 Z=28 Rmt= 1.302 Rnm= 1.519
 # Pot 2 Z=30 Rmt= 1.280 Rnm= 1.497
 # Pot 3 Z=19 Rmt= 2.061 Rnm= 2.170
 # Pot 4 Z=17 Rmt= 1.374 Rnm= 1.582
 # Gam_ch=1.576E+00 H-L exch Vi= 0.000E+00 Vr= 0.000E+00
 # Mu=-7.123E+00eV kf=1.540E+00 Vint=-1.059E+01eV Rs_int= 2.355
 # PATH  Rmax= 5.000,  Keep_limit= 0.00, Heap_limit 0.00  Pwcrit= 2.50%
      33 paths to process
    path     filename
       1     feff0001.dat
       2     feff0002.dat
       3     feff0003.dat
       4     feff0004.dat
       5     feff0005.dat
       6     feff0006.dat
       7     feff0007.dat
       8     feff0008.dat
       9     feff0009.dat
      10     feff0010.dat
      11     feff0011.dat
      12     feff0012.dat
      13     feff0013.dat
      14     feff0014.dat
      15     feff0015.dat
      16     feff0016.dat
      17     feff0017.dat
      18     feff0018.dat
      19     feff0019.dat
      20     feff0020.dat
      21     feff0021.dat
      22     feff0022.dat
      23     feff0023.dat
      24     feff0024.dat
      25     feff0025.dat
      26     feff0026.dat
      27     feff0027.dat
      28     feff0028.dat
      29     feff0029.dat
      30     feff0030.dat
      31     feff0031.dat
      32     feff0032.dat
      33     feff0033.dat
    Use all paths with cw amplitude ratio   4.00%
    S02  1.000  Global sig2  0.00000
Done with module: XAS spectra (FF2X: DW + final sum over paths).

 
### feff ends at Fri Feb  5 16:20:04 UTC 2021
 
